{"obj": {"type": "AssignString", "path": ["sys", "name"], "value": "Untitled"}, "version": 1, "at": 1718378849.4197237}
{"obj": {"type": "AssignString", "path": ["sys", "description"], "value": ""}, "version": 2, "at": 1718378849.4204311}
{"obj": {"type": "AssignString", "path": ["monitoring", "1a61485e", "hostname"], "value": "Precision-7920-Tower-2"}, "version": 3, "at": 1718378849.421341}
{"obj": {"type": "AssignString", "path": ["sys", "hostname"], "value": "Precision-7920-Tower-2"}, "version": 4, "at": 1718378849.4215589}
{"obj": {"type": "AssignString", "path": ["monitoring", "1a61485e", "pid"], "value": "4694"}, "version": 5, "at": 1718378849.4219306}
{"obj": {"type": "AssignString", "path": ["monitoring", "1a61485e", "tid"], "value": "140195496599808"}, "version": 6, "at": 1718378849.4222848}
{"obj": {"type": "AssignBool", "path": ["sys", "failed"], "value": false}, "version": 7, "at": 1718378849.4225898}
{"obj": {"type": "ClearStringLog", "path": ["monitoring", "1a61485e", "stdout"]}, "version": 8, "at": 1718378849.423189}
{"obj": {"type": "ClearStringLog", "path": ["monitoring", "1a61485e", "stderr"]}, "version": 9, "at": 1718378849.4234645}
{"obj": {"type": "AssignString", "path": ["source_code", "entrypoint"], "value": "test.py"}, "version": 10, "at": 1718378849.4243379}
{"obj": {"type": "UploadFileSet", "path": ["source_code", "files"], "file_globs": ["/home/athena/3DVAE-AgeDisentangled_contrastive_loss/test.py"], "reset": "False"}, "version": 11, "at": 1718378849.424719}
{"obj": {"type": "UploadFile", "path": ["source_code", "diff"], "ext": "patch", "file_path": null, "tmp_file_name": "source_code_diff-1718378849.653762-2024-06-14_13.27.29.653762.patch", "clean_after_upload": false}, "version": 12, "at": 1718378849.6552396}
{"obj": {"type": "ConfigFloatSeries", "path": ["monitoring", "1a61485e", "cpu"], "min": 0.0, "max": 100.0, "unit": "%"}, "version": 13, "at": 1718378849.8389227}
{"obj": {"type": "ClearFloatLog", "path": ["monitoring", "1a61485e", "cpu"]}, "version": 14, "at": 1718378849.8406744}
{"obj": {"type": "ConfigFloatSeries", "path": ["monitoring", "1a61485e", "memory"], "min": 0.0, "max": 31.03635025024414, "unit": "GB"}, "version": 15, "at": 1718378849.842102}
{"obj": {"type": "ClearFloatLog", "path": ["monitoring", "1a61485e", "memory"]}, "version": 16, "at": 1718378849.8424542}
{"obj": {"type": "ConfigFloatSeries", "path": ["monitoring", "1a61485e", "gpu"], "min": 0.0, "max": 100.0, "unit": "%"}, "version": 17, "at": 1718378849.8432043}
{"obj": {"type": "ClearFloatLog", "path": ["monitoring", "1a61485e", "gpu"]}, "version": 18, "at": 1718378849.8434079}
{"obj": {"type": "ConfigFloatSeries", "path": ["monitoring", "1a61485e", "gpu_memory"], "min": 0.0, "max": 15.89703369140625, "unit": "GB"}, "version": 19, "at": 1718378849.8440142}
{"obj": {"type": "ClearFloatLog", "path": ["monitoring", "1a61485e", "gpu_memory"]}, "version": 20, "at": 1718378849.8441846}
{"obj": {"type": "LogFloats", "path": ["monitoring", "1a61485e", "cpu"], "values": [{"value": 78.3, "step": null, "ts": 1718378849.8472877}]}, "version": 21, "at": 1718378849.878599}
{"obj": {"type": "LogStrings", "path": ["monitoring", "1a61485e", "stderr"], "values": [{"value": "\r  0%|                                                                                                                                                    | 0/73 [00:00<?, ?it/s]", "step": null, "ts": 1718378849.884943}]}, "version": 22, "at": 1718378849.8853445}
{"obj": {"type": "LogFloats", "path": ["monitoring", "1a61485e", "memory"], "values": [{"value": 14.611457824707031, "step": null, "ts": 1718378849.8472877}]}, "version": 23, "at": 1718378849.8886917}
{"obj": {"type": "LogFloats", "path": ["monitoring", "1a61485e", "gpu_memory"], "values": [{"value": 4.4649658203125, "step": null, "ts": 1718378849.8472877}]}, "version": 24, "at": 1718378849.890849}
{"obj": {"type": "LogFloats", "path": ["monitoring", "1a61485e", "cpu"], "values": [{"value": 46.0, "step": null, "ts": 1718378850.2837222}]}, "version": 25, "at": 1718378850.3411133}
{"obj": {"type": "LogFloats", "path": ["monitoring", "1a61485e", "memory"], "values": [{"value": 14.632537841796875, "step": null, "ts": 1718378850.2837222}]}, "version": 26, "at": 1718378850.344249}
{"obj": {"type": "LogFloats", "path": ["monitoring", "1a61485e", "gpu_memory"], "values": [{"value": 4.4649658203125, "step": null, "ts": 1718378850.2837222}]}, "version": 27, "at": 1718378850.3452175}
{"obj": {"type": "LogFloats", "path": ["monitoring", "1a61485e", "cpu"], "values": [{"value": 39.8, "step": null, "ts": 1718378850.6865191}]}, "version": 28, "at": 1718378850.73252}
{"obj": {"type": "LogFloats", "path": ["monitoring", "1a61485e", "memory"], "values": [{"value": 14.67745590209961, "step": null, "ts": 1718378850.6865191}]}, "version": 29, "at": 1718378850.733637}
{"obj": {"type": "LogFloats", "path": ["monitoring", "1a61485e", "gpu_memory"], "values": [{"value": 4.4649658203125, "step": null, "ts": 1718378850.6865191}]}, "version": 30, "at": 1718378850.734415}
{"obj": {"type": "LogFloats", "path": ["monitoring", "1a61485e", "cpu"], "values": [{"value": 45.5, "step": null, "ts": 1718378851.0376282}]}, "version": 31, "at": 1718378851.0905879}
{"obj": {"type": "LogFloats", "path": ["monitoring", "1a61485e", "memory"], "values": [{"value": 14.719764709472656, "step": null, "ts": 1718378851.0376282}]}, "version": 32, "at": 1718378851.093041}
{"obj": {"type": "LogFloats", "path": ["monitoring", "1a61485e", "gpu_memory"], "values": [{"value": 4.4649658203125, "step": null, "ts": 1718378851.0376282}]}, "version": 33, "at": 1718378851.0959604}
{"obj": {"type": "LogFloats", "path": ["monitoring", "1a61485e", "cpu"], "values": [{"value": 49.0, "step": null, "ts": 1718378851.3592436}]}, "version": 34, "at": 1718378851.391119}
{"obj": {"type": "LogFloats", "path": ["monitoring", "1a61485e", "memory"], "values": [{"value": 14.783023834228516, "step": null, "ts": 1718378851.3592436}]}, "version": 35, "at": 1718378851.39245}
{"obj": {"type": "LogFloats", "path": ["monitoring", "1a61485e", "gpu_memory"], "values": [{"value": 4.4649658203125, "step": null, "ts": 1718378851.3592436}]}, "version": 36, "at": 1718378851.3939445}
{"obj": {"type": "LogFloats", "path": ["monitoring", "1a61485e", "cpu"], "values": [{"value": 64.3, "step": null, "ts": 1718378851.5846727}]}, "version": 37, "at": 1718378851.6282353}
{"obj": {"type": "LogFloats", "path": ["monitoring", "1a61485e", "memory"], "values": [{"value": 14.802558898925781, "step": null, "ts": 1718378851.5846727}]}, "version": 38, "at": 1718378851.6299455}
{"obj": {"type": "LogFloats", "path": ["monitoring", "1a61485e", "gpu_memory"], "values": [{"value": 4.4649658203125, "step": null, "ts": 1718378851.5846727}]}, "version": 39, "at": 1718378851.632343}
{"obj": {"type": "LogFloats", "path": ["monitoring", "1a61485e", "cpu"], "values": [{"value": 50.5, "step": null, "ts": 1718378851.8814855}]}, "version": 40, "at": 1718378851.930125}
{"obj": {"type": "LogFloats", "path": ["monitoring", "1a61485e", "memory"], "values": [{"value": 14.846366882324219, "step": null, "ts": 1718378851.8814855}]}, "version": 41, "at": 1718378851.9311192}
{"obj": {"type": "LogFloats", "path": ["monitoring", "1a61485e", "gpu_memory"], "values": [{"value": 4.4649658203125, "step": null, "ts": 1718378851.8814855}]}, "version": 42, "at": 1718378851.9317508}
{"obj": {"type": "LogFloats", "path": ["monitoring", "1a61485e", "cpu"], "values": [{"value": 46.0, "step": null, "ts": 1718378852.1956363}]}, "version": 43, "at": 1718378852.2119768}
{"obj": {"type": "LogFloats", "path": ["monitoring", "1a61485e", "memory"], "values": [{"value": 14.886558532714844, "step": null, "ts": 1718378852.1956363}]}, "version": 44, "at": 1718378852.2140756}
{"obj": {"type": "LogFloats", "path": ["monitoring", "1a61485e", "gpu_memory"], "values": [{"value": 4.4649658203125, "step": null, "ts": 1718378852.1956363}]}, "version": 45, "at": 1718378852.2168462}
{"obj": {"type": "LogFloats", "path": ["monitoring", "1a61485e", "cpu"], "values": [{"value": 48.2, "step": null, "ts": 1718378852.4926753}]}, "version": 46, "at": 1718378852.5331302}
{"obj": {"type": "LogFloats", "path": ["monitoring", "1a61485e", "memory"], "values": [{"value": 14.908607482910156, "step": null, "ts": 1718378852.4926753}]}, "version": 47, "at": 1718378852.5411289}
{"obj": {"type": "LogFloats", "path": ["monitoring", "1a61485e", "gpu_memory"], "values": [{"value": 4.4649658203125, "step": null, "ts": 1718378852.4926753}]}, "version": 48, "at": 1718378852.5477633}
{"obj": {"type": "LogFloats", "path": ["monitoring", "1a61485e", "cpu"], "values": [{"value": 39.6, "step": null, "ts": 1718378865.379036}]}, "version": 49, "at": 1718378906.6662095}
{"obj": {"type": "LogFloats", "path": ["monitoring", "1a61485e", "memory"], "values": [{"value": 15.554363250732422, "step": null, "ts": 1718378865.379036}]}, "version": 50, "at": 1718378906.6704636}
{"obj": {"type": "LogFloats", "path": ["monitoring", "1a61485e", "gpu_memory"], "values": [{"value": 4.4649658203125, "step": null, "ts": 1718378865.379036}]}, "version": 51, "at": 1718378906.672571}
{"obj": {"type": "LogStrings", "path": ["monitoring", "1a61485e", "stderr"], "values": [{"value": "\r  1%|\u2588\u2589                                                                                                                                       | 1/73 [02:41<3:13:52, 161.56s/it]", "step": null, "ts": 1718379011.4536104}]}, "version": 52, "at": 1718379011.4540536}
{"obj": {"type": "LogFloats", "path": ["monitoring", "1a61485e", "cpu"], "values": [{"value": 36.2, "step": null, "ts": 1718379011.4421527}]}, "version": 53, "at": 1718379057.7243114}
{"obj": {"type": "LogFloats", "path": ["monitoring", "1a61485e", "memory"], "values": [{"value": 15.745613098144531, "step": null, "ts": 1718379011.4421527}]}, "version": 54, "at": 1718379057.7263591}
{"obj": {"type": "LogFloats", "path": ["monitoring", "1a61485e", "gpu_memory"], "values": [{"value": 4.5899658203125, "step": null, "ts": 1718379011.4421527}]}, "version": 55, "at": 1718379057.7277348}
{"obj": {"type": "LogStrings", "path": ["monitoring", "1a61485e", "stderr"], "values": [{"value": "\r  3%|\u2588\u2588\u2588\u258a                                                                                                                                      | 2/73 [03:27<1:50:57, 93.76s/it]", "step": null, "ts": 1718379057.7491157}]}, "version": 56, "at": 1718379057.749598}
{"obj": {"type": "LogStrings", "path": ["monitoring", "1a61485e", "stderr"], "values": [{"value": "\r  8%|\u2588\u2588\u2588\u2588\u2588\u2588\u2588\u2588\u2588\u2588\u2588\u258c                                                                                                                                | 6/73 [03:28<24:02, 21.53s/it]", "step": null, "ts": 1718379057.8895547}]}, "version": 57, "at": 1718379057.88977}
{"obj": {"type": "LogStrings", "path": ["monitoring", "1a61485e", "stderr"], "values": [{"value": "\r 12%|\u2588\u2588\u2588\u2588\u2588\u2588\u2588\u2588\u2588\u2588\u2588\u2588\u2588\u2588\u2588\u2588\u2588\u258e                                                                                                                          | 9/73 [03:28<12:35, 11.81s/it]", "step": null, "ts": 1718379058.0024674}]}, "version": 58, "at": 1718379058.002655}
{"obj": {"type": "LogStrings", "path": ["monitoring", "1a61485e", "stderr"], "values": [{"value": "\r 25%|\u2588\u2588\u2588\u2588\u2588\u2588\u2588\u2588\u2588\u2588\u2588\u2588\u2588\u2588\u2588\u2588\u2588\u2588\u2588\u2588\u2588\u2588\u2588\u2588\u2588\u2588\u2588\u2588\u2588\u2588\u2588\u2588\u2588\u2588\u258e                                                                                                        | 18/73 [03:28<03:41,  4.03s/it]", "step": null, "ts": 1718379058.1063282}]}, "version": 59, "at": 1718379058.106534}
{"obj": {"type": "LogStrings", "path": ["monitoring", "1a61485e", "stderr"], "values": [{"value": "\r 33%|\u2588\u2588\u2588\u2588\u2588\u2588\u2588\u2588\u2588\u2588\u2588\u2588\u2588\u2588\u2588\u2588\u2588\u2588\u2588\u2588\u2588\u2588\u2588\u2588\u2588\u2588\u2588\u2588\u2588\u2588\u2588\u2588\u2588\u2588\u2588\u2588\u2588\u2588\u2588\u2588\u2588\u2588\u2588\u2588\u2588\u258b                                                                                             | 24/73 [03:28<02:01,  2.48s/it]", "step": null, "ts": 1718379058.223945}]}, "version": 60, "at": 1718379058.2241912}
{"obj": {"type": "LogStrings", "path": ["monitoring", "1a61485e", "stderr"], "values": [{"value": "\r 41%|\u2588\u2588\u2588\u2588\u2588\u2588\u2588\u2588\u2588\u2588\u2588\u2588\u2588\u2588\u2588\u2588\u2588\u2588\u2588\u2588\u2588\u2588\u2588\u2588\u2588\u2588\u2588\u2588\u2588\u2588\u2588\u2588\u2588\u2588\u2588\u2588\u2588\u2588\u2588\u2588\u2588\u2588\u2588\u2588\u2588\u2588\u2588\u2588\u2588\u2588\u2588\u2588\u2588\u2588\u2588\u2588\u2588                                                                                  | 30/73 [03:28<01:09,  1.61s/it]", "step": null, "ts": 1718379058.344346}]}, "version": 61, "at": 1718379058.3446238}
{"obj": {"type": "LogStrings", "path": ["monitoring", "1a61485e", "stderr"], "values": [{"value": "\r 49%|\u2588\u2588\u2588\u2588\u2588\u2588\u2588\u2588\u2588\u2588\u2588\u2588\u2588\u2588\u2588\u2588\u2588\u2588\u2588\u2588\u2588\u2588\u2588\u2588\u2588\u2588\u2588\u2588\u2588\u2588\u2588\u2588\u2588\u2588\u2588\u2588\u2588\u2588\u2588\u2588\u2588\u2588\u2588\u2588\u2588\u2588\u2588\u2588\u2588\u2588\u2588\u2588\u2588\u2588\u2588\u2588\u2588\u2588\u2588\u2588\u2588\u2588\u2588\u2588\u2588\u2588\u2588\u2588\u258c                                                                      | 36/73 [03:28<00:39,  1.07s/it]", "step": null, "ts": 1718379058.4614089}]}, "version": 62, "at": 1718379058.461664}
{"obj": {"type": "LogStrings", "path": ["monitoring", "1a61485e", "stderr"], "values": [{"value": "\r 58%|\u2588\u2588\u2588\u2588\u2588\u2588\u2588\u2588\u2588\u2588\u2588\u2588\u2588\u2588\u2588\u2588\u2588\u2588\u2588\u2588\u2588\u2588\u2588\u2588\u2588\u2588\u2588\u2588\u2588\u2588\u2588\u2588\u2588\u2588\u2588\u2588\u2588\u2588\u2588\u2588\u2588\u2588\u2588\u2588\u2588\u2588\u2588\u2588\u2588\u2588\u2588\u2588\u2588\u2588\u2588\u2588\u2588\u2588\u2588\u2588\u2588\u2588\u2588\u2588\u2588\u2588\u2588\u2588\u2588\u2588\u2588\u2588\u2588\u2588\u2588\u2588\u2588\u2588\u2588\u2589                                                           | 42/73 [03:28<00:22,  1.37it/s]", "step": null, "ts": 1718379058.578132}]}, "version": 63, "at": 1718379058.5783882}
{"obj": {"type": "LogStrings", "path": ["monitoring", "1a61485e", "stderr"], "values": [{"value": "\r 66%|\u2588\u2588\u2588\u2588\u2588\u2588\u2588\u2588\u2588\u2588\u2588\u2588\u2588\u2588\u2588\u2588\u2588\u2588\u2588\u2588\u2588\u2588\u2588\u2588\u2588\u2588\u2588\u2588\u2588\u2588\u2588\u2588\u2588\u2588\u2588\u2588\u2588\u2588\u2588\u2588\u2588\u2588\u2588\u2588\u2588\u2588\u2588\u2588\u2588\u2588\u2588\u2588\u2588\u2588\u2588\u2588\u2588\u2588\u2588\u2588\u2588\u2588\u2588\u2588\u2588\u2588\u2588\u2588\u2588\u2588\u2588\u2588\u2588\u2588\u2588\u2588\u2588\u2588\u2588\u2588\u2588\u2588\u2588\u2588\u2588\u2588\u2588\u2588\u2588\u2588\u2588\u258d                                               | 48/73 [03:28<00:12,  1.97it/s]", "step": null, "ts": 1718379058.7340918}]}, "version": 64, "at": 1718379058.7343664}
{"obj": {"type": "LogStrings", "path": ["monitoring", "1a61485e", "stderr"], "values": [{"value": "\r 73%|\u2588\u2588\u2588\u2588\u2588\u2588\u2588\u2588\u2588\u2588\u2588\u2588\u2588\u2588\u2588\u2588\u2588\u2588\u2588\u2588\u2588\u2588\u2588\u2588\u2588\u2588\u2588\u2588\u2588\u2588\u2588\u2588\u2588\u2588\u2588\u2588\u2588\u2588\u2588\u2588\u2588\u2588\u2588\u2588\u2588\u2588\u2588\u2588\u2588\u2588\u2588\u2588\u2588\u2588\u2588\u2588\u2588\u2588\u2588\u2588\u2588\u2588\u2588\u2588\u2588\u2588\u2588\u2588\u2588\u2588\u2588\u2588\u2588\u2588\u2588\u2588\u2588\u2588\u2588\u2588\u2588\u2588\u2588\u2588\u2588\u2588\u2588\u2588\u2588\u2588\u2588\u2588\u2588\u2588\u2588\u2588\u2588\u2588\u2588\u2588\u2589                                      | 53/73 [03:28<00:07,  2.68it/s]", "step": null, "ts": 1718379058.8407056}]}, "version": 65, "at": 1718379058.8409712}
{"obj": {"type": "LogStrings", "path": ["monitoring", "1a61485e", "stderr"], "values": [{"value": "\r 79%|\u2588\u2588\u2588\u2588\u2588\u2588\u2588\u2588\u2588\u2588\u2588\u2588\u2588\u2588\u2588\u2588\u2588\u2588\u2588\u2588\u2588\u2588\u2588\u2588\u2588\u2588\u2588\u2588\u2588\u2588\u2588\u2588\u2588\u2588\u2588\u2588\u2588\u2588\u2588\u2588\u2588\u2588\u2588\u2588\u2588\u2588\u2588\u2588\u2588\u2588\u2588\u2588\u2588\u2588\u2588\u2588\u2588\u2588\u2588\u2588\u2588\u2588\u2588\u2588\u2588\u2588\u2588\u2588\u2588\u2588\u2588\u2588\u2588\u2588\u2588\u2588\u2588\u2588\u2588\u2588\u2588\u2588\u2588\u2588\u2588\u2588\u2588\u2588\u2588\u2588\u2588\u2588\u2588\u2588\u2588\u2588\u2588\u2588\u2588\u2588\u2588\u2588\u2588\u2588\u2588\u2588\u2588\u2588\u2588\u2588\u258d                            | 58/73 [03:29<00:04,  3.65it/s]", "step": null, "ts": 1718379058.9417033}]}, "version": 66, "at": 1718379058.941936}
{"obj": {"type": "LogStrings", "path": ["monitoring", "1a61485e", "stderr"], "values": [{"value": "\r 90%|\u2588\u2588\u2588\u2588\u2588\u2588\u2588\u2588\u2588\u2588\u2588\u2588\u2588\u2588\u2588\u2588\u2588\u2588\u2588\u2588\u2588\u2588\u2588\u2588\u2588\u2588\u2588\u2588\u2588\u2588\u2588\u2588\u2588\u2588\u2588\u2588\u2588\u2588\u2588\u2588\u2588\u2588\u2588\u2588\u2588\u2588\u2588\u2588\u2588\u2588\u2588\u2588\u2588\u2588\u2588\u2588\u2588\u2588\u2588\u2588\u2588\u2588\u2588\u2588\u2588\u2588\u2588\u2588\u2588\u2588\u2588\u2588\u2588\u2588\u2588\u2588\u2588\u2588\u2588\u2588\u2588\u2588\u2588\u2588\u2588\u2588\u2588\u2588\u2588\u2588\u2588\u2588\u2588\u2588\u2588\u2588\u2588\u2588\u2588\u2588\u2588\u2588\u2588\u2588\u2588\u2588\u2588\u2588\u2588\u2588\u2588\u2588\u2588\u2588\u2588\u2588\u2588\u2588\u2588\u2588\u2588\u2588\u2588\u2588\u2588\u258b             | 66/73 [03:29<00:01,  5.81it/s]", "step": null, "ts": 1718379059.040888}]}, "version": 67, "at": 1718379059.0410986}
{"obj": {"type": "LogStrings", "path": ["monitoring", "1a61485e", "stderr"], "values": [{"value": "", "step": null, "ts": 1718379059.9341917}]}, "version": 68, "at": 1718379059.9344692}
{"obj": {"type": "LogStrings", "path": ["monitoring", "1a61485e", "stderr"], "values": [{"value": "\r100%|\u2588\u2588\u2588\u2588\u2588\u2588\u2588\u2588\u2588\u2588\u2588\u2588\u2588\u2588\u2588\u2588\u2588\u2588\u2588\u2588\u2588\u2588\u2588\u2588\u2588\u2588\u2588\u2588\u2588\u2588\u2588\u2588\u2588\u2588\u2588\u2588\u2588\u2588\u2588\u2588\u2588\u2588\u2588\u2588\u2588\u2588\u2588\u2588\u2588\u2588\u2588\u2588\u2588\u2588\u2588\u2588\u2588\u2588\u2588\u2588\u2588\u2588\u2588\u2588\u2588\u2588\u2588\u2588\u2588\u2588\u2588\u2588\u2588\u2588\u2588\u2588\u2588\u2588\u2588\u2588\u2588\u2588\u2588\u2588\u2588\u2588\u2588\u2588\u2588\u2588\u2588\u2588\u2588\u2588\u2588\u2588\u2588\u2588\u2588\u2588\u2588\u2588\u2588\u2588\u2588\u2588\u2588\u2588\u2588\u2588\u2588\u2588\u2588\u2588\u2588\u2588\u2588\u2588\u2588\u2588\u2588\u2588\u2588\u2588\u2588\u2588\u2588\u2588\u2588\u2588\u2588\u2588\u2588\u2588\u2588\u2588\u2588\u2588\u2588| 73/73 [03:30<00:00,  2.88s/it]", "step": null, "ts": 1718379059.9378104}]}, "version": 69, "at": 1718379059.9380574}
{"obj": {"type": "LogStrings", "path": ["monitoring", "1a61485e", "stderr"], "values": [{"value": "\n", "step": null, "ts": 1718379059.9389474}]}, "version": 70, "at": 1718379059.9391835}
{"obj": {"type": "LogStrings", "path": ["monitoring", "1a61485e", "stderr"], "values": [{"value": "\r  0%|                                                                                                                                                     | 0/5 [00:00<?, ?it/s]", "step": null, "ts": 1718379076.6209667}]}, "version": 71, "at": 1718379076.6213222}
{"obj": {"type": "LogFloats", "path": ["monitoring", "1a61485e", "cpu"], "values": [{"value": 41.8, "step": null, "ts": 1718379076.5570858}]}, "version": 72, "at": 1718379076.6477814}
{"obj": {"type": "LogFloats", "path": ["monitoring", "1a61485e", "memory"], "values": [{"value": 15.24704360961914, "step": null, "ts": 1718379076.5570858}]}, "version": 73, "at": 1718379076.6507292}
{"obj": {"type": "LogFloats", "path": ["monitoring", "1a61485e", "gpu_memory"], "values": [{"value": 4.5899658203125, "step": null, "ts": 1718379076.5570858}]}, "version": 74, "at": 1718379076.6535342}
{"obj": {"type": "LogFloats", "path": ["monitoring", "1a61485e", "cpu"], "values": [{"value": 37.6, "step": null, "ts": 1718379076.8305545}]}, "version": 75, "at": 1718379076.8729405}
{"obj": {"type": "LogFloats", "path": ["monitoring", "1a61485e", "memory"], "values": [{"value": 15.262481689453125, "step": null, "ts": 1718379076.8305545}]}, "version": 76, "at": 1718379076.8750107}
{"obj": {"type": "LogFloats", "path": ["monitoring", "1a61485e", "gpu_memory"], "values": [{"value": 4.5899658203125, "step": null, "ts": 1718379076.8305545}]}, "version": 77, "at": 1718379076.8758156}
{"obj": {"type": "LogFloats", "path": ["monitoring", "1a61485e", "cpu"], "values": [{"value": 41.3, "step": null, "ts": 1718379077.1379578}]}, "version": 78, "at": 1718379077.2060752}
{"obj": {"type": "LogFloats", "path": ["monitoring", "1a61485e", "memory"], "values": [{"value": 15.28713607788086, "step": null, "ts": 1718379077.1379578}]}, "version": 79, "at": 1718379077.2076526}
{"obj": {"type": "LogFloats", "path": ["monitoring", "1a61485e", "gpu_memory"], "values": [{"value": 4.5899658203125, "step": null, "ts": 1718379077.1379578}]}, "version": 80, "at": 1718379077.2081962}
{"obj": {"type": "LogFloats", "path": ["monitoring", "1a61485e", "cpu"], "values": [{"value": 49.6, "step": null, "ts": 1718379077.4667037}]}, "version": 81, "at": 1718379077.5321445}
{"obj": {"type": "LogFloats", "path": ["monitoring", "1a61485e", "memory"], "values": [{"value": 15.329154968261719, "step": null, "ts": 1718379077.4667037}]}, "version": 82, "at": 1718379077.5337963}
{"obj": {"type": "LogFloats", "path": ["monitoring", "1a61485e", "gpu"], "values": [{"value": 6.0, "step": null, "ts": 1718379077.4667037}]}, "version": 83, "at": 1718379077.5355222}
{"obj": {"type": "LogFloats", "path": ["monitoring", "1a61485e", "gpu_memory"], "values": [{"value": 4.5899658203125, "step": null, "ts": 1718379077.4667037}]}, "version": 84, "at": 1718379077.5364032}
{"obj": {"type": "LogFloats", "path": ["monitoring", "1a61485e", "cpu"], "values": [{"value": 46.9, "step": null, "ts": 1718379077.8235788}]}, "version": 85, "at": 1718379077.8423433}
{"obj": {"type": "LogFloats", "path": ["monitoring", "1a61485e", "memory"], "values": [{"value": 15.35498046875, "step": null, "ts": 1718379077.8235788}]}, "version": 86, "at": 1718379077.8433313}
{"obj": {"type": "LogFloats", "path": ["monitoring", "1a61485e", "gpu_memory"], "values": [{"value": 4.5899658203125, "step": null, "ts": 1718379077.8235788}]}, "version": 87, "at": 1718379077.8439627}
{"obj": {"type": "LogFloats", "path": ["monitoring", "1a61485e", "cpu"], "values": [{"value": 47.5, "step": null, "ts": 1718379078.196081}]}, "version": 88, "at": 1718379078.2606068}
{"obj": {"type": "LogFloats", "path": ["monitoring", "1a61485e", "memory"], "values": [{"value": 15.381790161132812, "step": null, "ts": 1718379078.196081}]}, "version": 89, "at": 1718379078.26293}
{"obj": {"type": "LogFloats", "path": ["monitoring", "1a61485e", "gpu_memory"], "values": [{"value": 4.5899658203125, "step": null, "ts": 1718379078.196081}]}, "version": 90, "at": 1718379078.264047}
{"obj": {"type": "LogFloats", "path": ["monitoring", "1a61485e", "cpu"], "values": [{"value": 45.6, "step": null, "ts": 1718379078.5341525}]}, "version": 91, "at": 1718379078.5889575}
{"obj": {"type": "LogFloats", "path": ["monitoring", "1a61485e", "memory"], "values": [{"value": 15.404232025146484, "step": null, "ts": 1718379078.5341525}]}, "version": 92, "at": 1718379078.591353}
{"obj": {"type": "LogFloats", "path": ["monitoring", "1a61485e", "gpu_memory"], "values": [{"value": 4.5899658203125, "step": null, "ts": 1718379078.5341525}]}, "version": 93, "at": 1718379078.5924916}
{"obj": {"type": "LogFloats", "path": ["monitoring", "1a61485e", "cpu"], "values": [{"value": 57.1, "step": null, "ts": 1718379078.896577}]}, "version": 94, "at": 1718379078.9541323}
{"obj": {"type": "LogFloats", "path": ["monitoring", "1a61485e", "memory"], "values": [{"value": 15.431495666503906, "step": null, "ts": 1718379078.896577}]}, "version": 95, "at": 1718379078.9549642}
{"obj": {"type": "LogFloats", "path": ["monitoring", "1a61485e", "gpu_memory"], "values": [{"value": 4.5899658203125, "step": null, "ts": 1718379078.896577}]}, "version": 96, "at": 1718379078.9553866}
{"obj": {"type": "LogFloats", "path": ["monitoring", "1a61485e", "cpu"], "values": [{"value": 47.3, "step": null, "ts": 1718379079.1719344}]}, "version": 97, "at": 1718379079.2388537}
{"obj": {"type": "LogFloats", "path": ["monitoring", "1a61485e", "memory"], "values": [{"value": 15.456310272216797, "step": null, "ts": 1718379079.1719344}]}, "version": 98, "at": 1718379079.247705}
{"obj": {"type": "LogFloats", "path": ["monitoring", "1a61485e", "gpu_memory"], "values": [{"value": 4.5899658203125, "step": null, "ts": 1718379079.1719344}]}, "version": 99, "at": 1718379079.251646}
{"obj": {"type": "LogStrings", "path": ["monitoring", "1a61485e", "stderr"], "values": [{"value": "\r 20%|\u2588\u2588\u2588\u2588\u2588\u2588\u2588\u2588\u2588\u2588\u2588\u2588\u2588\u2588\u2588\u2588\u2588\u2588\u2588\u2588\u2588\u2588\u2588\u2588\u2588\u2588\u2588\u2588\u258f                                                                                                                | 1/5 [00:02<00:10,  2.74s/it]", "step": null, "ts": 1718379079.3633335}]}, "version": 100, "at": 1718379079.3635757}
{"obj": {"type": "LogStrings", "path": ["monitoring", "1a61485e", "stderr"], "values": [{"value": "", "step": null, "ts": 1718379080.2859166}]}, "version": 101, "at": 1718379080.2861476}
{"obj": {"type": "LogStrings", "path": ["monitoring", "1a61485e", "stderr"], "values": [{"value": "\r100%|\u2588\u2588\u2588\u2588\u2588\u2588\u2588\u2588\u2588\u2588\u2588\u2588\u2588\u2588\u2588\u2588\u2588\u2588\u2588\u2588\u2588\u2588\u2588\u2588\u2588\u2588\u2588\u2588\u2588\u2588\u2588\u2588\u2588\u2588\u2588\u2588\u2588\u2588\u2588\u2588\u2588\u2588\u2588\u2588\u2588\u2588\u2588\u2588\u2588\u2588\u2588\u2588\u2588\u2588\u2588\u2588\u2588\u2588\u2588\u2588\u2588\u2588\u2588\u2588\u2588\u2588\u2588\u2588\u2588\u2588\u2588\u2588\u2588\u2588\u2588\u2588\u2588\u2588\u2588\u2588\u2588\u2588\u2588\u2588\u2588\u2588\u2588\u2588\u2588\u2588\u2588\u2588\u2588\u2588\u2588\u2588\u2588\u2588\u2588\u2588\u2588\u2588\u2588\u2588\u2588\u2588\u2588\u2588\u2588\u2588\u2588\u2588\u2588\u2588\u2588\u2588\u2588\u2588\u2588\u2588\u2588\u2588\u2588\u2588\u2588\u2588\u2588\u2588\u2588\u2588\u2588\u2588\u2588\u2588\u2588\u2588\u2588\u2588\u2588\u2588\u2588| 5/5 [00:03<00:00,  1.36it/s]", "step": null, "ts": 1718379080.2871892}]}, "version": 102, "at": 1718379080.2873561}
{"obj": {"type": "LogStrings", "path": ["monitoring", "1a61485e", "stderr"], "values": [{"value": "\n", "step": null, "ts": 1718379080.287936}]}, "version": 103, "at": 1718379080.2880769}
{"obj": {"type": "LogStrings", "path": ["monitoring", "1a61485e", "stderr"], "values": [{"value": "\r  0%|                                                                                                                                                     | 0/6 [00:00<?, ?it/s]", "step": null, "ts": 1718379082.745593}]}, "version": 104, "at": 1718379082.74586}
{"obj": {"type": "LogFloats", "path": ["monitoring", "1a61485e", "cpu"], "values": [{"value": 40.4, "step": null, "ts": 1718379082.8122387}]}, "version": 105, "at": 1718379082.852094}
{"obj": {"type": "LogFloats", "path": ["monitoring", "1a61485e", "memory"], "values": [{"value": 15.30194091796875, "step": null, "ts": 1718379082.8122387}]}, "version": 106, "at": 1718379082.8542976}
{"obj": {"type": "LogFloats", "path": ["monitoring", "1a61485e", "gpu_memory"], "values": [{"value": 4.5899658203125, "step": null, "ts": 1718379082.8122387}]}, "version": 107, "at": 1718379082.855433}
{"obj": {"type": "LogFloats", "path": ["monitoring", "1a61485e", "cpu"], "values": [{"value": 39.1, "step": null, "ts": 1718379083.0872412}]}, "version": 108, "at": 1718379083.1393719}
{"obj": {"type": "LogFloats", "path": ["monitoring", "1a61485e", "memory"], "values": [{"value": 15.325782775878906, "step": null, "ts": 1718379083.0872412}]}, "version": 109, "at": 1718379083.140569}
{"obj": {"type": "LogFloats", "path": ["monitoring", "1a61485e", "gpu_memory"], "values": [{"value": 4.5899658203125, "step": null, "ts": 1718379083.0872412}]}, "version": 110, "at": 1718379083.1417933}
{"obj": {"type": "LogFloats", "path": ["monitoring", "1a61485e", "cpu"], "values": [{"value": 62.5, "step": null, "ts": 1718379083.427112}]}, "version": 111, "at": 1718379083.4599683}
{"obj": {"type": "LogFloats", "path": ["monitoring", "1a61485e", "memory"], "values": [{"value": 15.349475860595703, "step": null, "ts": 1718379083.427112}]}, "version": 112, "at": 1718379083.4610093}
{"obj": {"type": "LogFloats", "path": ["monitoring", "1a61485e", "gpu_memory"], "values": [{"value": 4.5899658203125, "step": null, "ts": 1718379083.427112}]}, "version": 113, "at": 1718379083.4616642}
{"obj": {"type": "LogFloats", "path": ["monitoring", "1a61485e", "cpu"], "values": [{"value": 53.3, "step": null, "ts": 1718379083.7604644}]}, "version": 114, "at": 1718379083.7698014}
{"obj": {"type": "LogFloats", "path": ["monitoring", "1a61485e", "memory"], "values": [{"value": 15.375621795654297, "step": null, "ts": 1718379083.7604644}]}, "version": 115, "at": 1718379083.770861}
{"obj": {"type": "LogFloats", "path": ["monitoring", "1a61485e", "gpu_memory"], "values": [{"value": 4.5899658203125, "step": null, "ts": 1718379083.7604644}]}, "version": 116, "at": 1718379083.785495}
{"obj": {"type": "LogFloats", "path": ["monitoring", "1a61485e", "cpu"], "values": [{"value": 46.6, "step": null, "ts": 1718379084.0741081}]}, "version": 117, "at": 1718379084.1211298}
{"obj": {"type": "LogFloats", "path": ["monitoring", "1a61485e", "memory"], "values": [{"value": 15.401390075683594, "step": null, "ts": 1718379084.0741081}]}, "version": 118, "at": 1718379084.122932}
{"obj": {"type": "LogFloats", "path": ["monitoring", "1a61485e", "gpu_memory"], "values": [{"value": 4.5899658203125, "step": null, "ts": 1718379084.0741081}]}, "version": 119, "at": 1718379084.1257515}
{"obj": {"type": "LogFloats", "path": ["monitoring", "1a61485e", "cpu"], "values": [{"value": 47.2, "step": null, "ts": 1718379084.384394}]}, "version": 120, "at": 1718379084.4395807}
{"obj": {"type": "LogFloats", "path": ["monitoring", "1a61485e", "memory"], "values": [{"value": 15.424018859863281, "step": null, "ts": 1718379084.384394}]}, "version": 121, "at": 1718379084.4419174}
{"obj": {"type": "LogFloats", "path": ["monitoring", "1a61485e", "gpu_memory"], "values": [{"value": 4.5899658203125, "step": null, "ts": 1718379084.384394}]}, "version": 122, "at": 1718379084.4447029}
{"obj": {"type": "LogFloats", "path": ["monitoring", "1a61485e", "cpu"], "values": [{"value": 44.7, "step": null, "ts": 1718379084.6854966}]}, "version": 123, "at": 1718379084.7269673}
{"obj": {"type": "LogFloats", "path": ["monitoring", "1a61485e", "memory"], "values": [{"value": 15.454368591308594, "step": null, "ts": 1718379084.6854966}]}, "version": 124, "at": 1718379084.7280679}
{"obj": {"type": "LogFloats", "path": ["monitoring", "1a61485e", "gpu_memory"], "values": [{"value": 4.5899658203125, "step": null, "ts": 1718379084.6854966}]}, "version": 125, "at": 1718379084.7288327}
{"obj": {"type": "LogFloats", "path": ["monitoring", "1a61485e", "cpu"], "values": [{"value": 63.5, "step": null, "ts": 1718379084.9731064}]}, "version": 126, "at": 1718379085.0202641}
{"obj": {"type": "LogFloats", "path": ["monitoring", "1a61485e", "memory"], "values": [{"value": 15.499305725097656, "step": null, "ts": 1718379084.9731064}]}, "version": 127, "at": 1718379085.0332255}
{"obj": {"type": "LogFloats", "path": ["monitoring", "1a61485e", "gpu"], "values": [{"value": 6.0, "step": null, "ts": 1718379084.9731064}]}, "version": 128, "at": 1718379085.0395527}
{"obj": {"type": "LogFloats", "path": ["monitoring", "1a61485e", "gpu_memory"], "values": [{"value": 4.5899658203125, "step": null, "ts": 1718379084.9731064}]}, "version": 129, "at": 1718379085.041595}
{"obj": {"type": "LogStrings", "path": ["monitoring", "1a61485e", "stderr"], "values": [{"value": "\r 17%|\u2588\u2588\u2588\u2588\u2588\u2588\u2588\u2588\u2588\u2588\u2588\u2588\u2588\u2588\u2588\u2588\u2588\u2588\u2588\u2588\u2588\u2588\u2588\u258c                                                                                                                     | 1/6 [00:02<00:11,  2.37s/it]", "step": null, "ts": 1718379085.1434996}]}, "version": 130, "at": 1718379085.1437762}
{"obj": {"type": "LogStrings", "path": ["monitoring", "1a61485e", "stderr"], "values": [{"value": "\r 83%|\u2588\u2588\u2588\u2588\u2588\u2588\u2588\u2588\u2588\u2588\u2588\u2588\u2588\u2588\u2588\u2588\u2588\u2588\u2588\u2588\u2588\u2588\u2588\u2588\u2588\u2588\u2588\u2588\u2588\u2588\u2588\u2588\u2588\u2588\u2588\u2588\u2588\u2588\u2588\u2588\u2588\u2588\u2588\u2588\u2588\u2588\u2588\u2588\u2588\u2588\u2588\u2588\u2588\u2588\u2588\u2588\u2588\u2588\u2588\u2588\u2588\u2588\u2588\u2588\u2588\u2588\u2588\u2588\u2588\u2588\u2588\u2588\u2588\u2588\u2588\u2588\u2588\u2588\u2588\u2588\u2588\u2588\u2588\u2588\u2588\u2588\u2588\u2588\u2588\u2588\u2588\u2588\u2588\u2588\u2588\u2588\u2588\u2588\u2588\u2588\u2588\u2588\u2588\u2588\u2588\u2588\u2588\u2588\u2588\u2588\u2588\u2588\u2588\u2588\u2588\u2588\u2588\u258c                       | 5/6 [00:02<00:00,  2.66it/s]", "step": null, "ts": 1718379085.2225847}]}, "version": 131, "at": 1718379085.2227902}
{"obj": {"type": "LogStrings", "path": ["monitoring", "1a61485e", "stderr"], "values": [{"value": "", "step": null, "ts": 1718379086.1352592}]}, "version": 132, "at": 1718379086.135582}
{"obj": {"type": "LogStrings", "path": ["monitoring", "1a61485e", "stderr"], "values": [{"value": "\r100%|\u2588\u2588\u2588\u2588\u2588\u2588\u2588\u2588\u2588\u2588\u2588\u2588\u2588\u2588\u2588\u2588\u2588\u2588\u2588\u2588\u2588\u2588\u2588\u2588\u2588\u2588\u2588\u2588\u2588\u2588\u2588\u2588\u2588\u2588\u2588\u2588\u2588\u2588\u2588\u2588\u2588\u2588\u2588\u2588\u2588\u2588\u2588\u2588\u2588\u2588\u2588\u2588\u2588\u2588\u2588\u2588\u2588\u2588\u2588\u2588\u2588\u2588\u2588\u2588\u2588\u2588\u2588\u2588\u2588\u2588\u2588\u2588\u2588\u2588\u2588\u2588\u2588\u2588\u2588\u2588\u2588\u2588\u2588\u2588\u2588\u2588\u2588\u2588\u2588\u2588\u2588\u2588\u2588\u2588\u2588\u2588\u2588\u2588\u2588\u2588\u2588\u2588\u2588\u2588\u2588\u2588\u2588\u2588\u2588\u2588\u2588\u2588\u2588\u2588\u2588\u2588\u2588\u2588\u2588\u2588\u2588\u2588\u2588\u2588\u2588\u2588\u2588\u2588\u2588\u2588\u2588\u2588\u2588\u2588\u2588\u2588\u2588\u2588\u2588\u2588\u2588| 6/6 [00:03<00:00,  1.77it/s]", "step": null, "ts": 1718379086.1406868}]}, "version": 133, "at": 1718379086.140967}
{"obj": {"type": "LogStrings", "path": ["monitoring", "1a61485e", "stderr"], "values": [{"value": "\n", "step": null, "ts": 1718379086.1421368}]}, "version": 134, "at": 1718379086.142361}
