{"obj": {"type": "AssignString", "path": ["sys", "name"], "value": "Untitled"}, "version": 1, "at": 1718378167.2069602}
{"obj": {"type": "AssignString", "path": ["sys", "description"], "value": ""}, "version": 2, "at": 1718378167.207703}
{"obj": {"type": "AssignString", "path": ["monitoring", "d3c237d2", "hostname"], "value": "Precision-7920-Tower-2"}, "version": 3, "at": 1718378167.2098615}
{"obj": {"type": "AssignString", "path": ["sys", "hostname"], "value": "Precision-7920-Tower-2"}, "version": 4, "at": 1718378167.2100859}
{"obj": {"type": "AssignString", "path": ["monitoring", "d3c237d2", "pid"], "value": "5806"}, "version": 5, "at": 1718378167.2106597}
{"obj": {"type": "AssignString", "path": ["monitoring", "d3c237d2", "tid"], "value": "139898446606592"}, "version": 6, "at": 1718378167.2110207}
{"obj": {"type": "AssignBool", "path": ["sys", "failed"], "value": false}, "version": 7, "at": 1718378167.211321}
{"obj": {"type": "ClearStringLog", "path": ["monitoring", "d3c237d2", "stdout"]}, "version": 8, "at": 1718378167.2118797}
{"obj": {"type": "ClearStringLog", "path": ["monitoring", "d3c237d2", "stderr"]}, "version": 9, "at": 1718378167.2121315}
{"obj": {"type": "AssignString", "path": ["source_code", "entrypoint"], "value": "test.py"}, "version": 10, "at": 1718378167.2134466}
{"obj": {"type": "UploadFileSet", "path": ["source_code", "files"], "file_globs": ["/home/athena/3DVAE-AgeDisentangled_contrastive_loss/test.py"], "reset": "False"}, "version": 11, "at": 1718378167.213994}
{"obj": {"type": "UploadFile", "path": ["source_code", "diff"], "ext": "patch", "file_path": null, "tmp_file_name": "source_code_diff-1718378167.441868-2024-06-14_13.16.07.441868.patch", "clean_after_upload": false}, "version": 12, "at": 1718378167.4430518}
{"obj": {"type": "ConfigFloatSeries", "path": ["monitoring", "d3c237d2", "cpu"], "min": 0.0, "max": 100.0, "unit": "%"}, "version": 13, "at": 1718378167.6840096}
{"obj": {"type": "ClearFloatLog", "path": ["monitoring", "d3c237d2", "cpu"]}, "version": 14, "at": 1718378167.6998556}
{"obj": {"type": "ConfigFloatSeries", "path": ["monitoring", "d3c237d2", "memory"], "min": 0.0, "max": 31.03635025024414, "unit": "GB"}, "version": 15, "at": 1718378167.701157}
{"obj": {"type": "ClearFloatLog", "path": ["monitoring", "d3c237d2", "memory"]}, "version": 16, "at": 1718378167.7014985}
{"obj": {"type": "ConfigFloatSeries", "path": ["monitoring", "d3c237d2", "gpu"], "min": 0.0, "max": 100.0, "unit": "%"}, "version": 17, "at": 1718378167.70248}
{"obj": {"type": "ClearFloatLog", "path": ["monitoring", "d3c237d2", "gpu"]}, "version": 18, "at": 1718378167.7027683}
{"obj": {"type": "ConfigFloatSeries", "path": ["monitoring", "d3c237d2", "gpu_memory"], "min": 0.0, "max": 15.89703369140625, "unit": "GB"}, "version": 19, "at": 1718378167.703689}
{"obj": {"type": "ClearFloatLog", "path": ["monitoring", "d3c237d2", "gpu_memory"]}, "version": 20, "at": 1718378167.7039802}
{"obj": {"type": "LogStrings", "path": ["monitoring", "d3c237d2", "stderr"], "values": [{"value": "\r  0%|                                                                                                                                                                     | 0/73 [00:00<?, ?it/s]", "step": null, "ts": 1718378168.1749418}]}, "version": 21, "at": 1718378168.1756454}
{"obj": {"type": "LogFloats", "path": ["monitoring", "d3c237d2", "memory"], "values": [{"value": 14.290973663330078, "step": null, "ts": 1718378167.7087257}]}, "version": 22, "at": 1718378168.1828969}
{"obj": {"type": "LogFloats", "path": ["monitoring", "d3c237d2", "gpu"], "values": [{"value": 16.0, "step": null, "ts": 1718378167.7087257}]}, "version": 23, "at": 1718378168.1854465}
{"obj": {"type": "LogFloats", "path": ["monitoring", "d3c237d2", "gpu_memory"], "values": [{"value": 4.4649658203125, "step": null, "ts": 1718378167.7087257}]}, "version": 24, "at": 1718378168.187558}
{"obj": {"type": "LogFloats", "path": ["monitoring", "d3c237d2", "cpu"], "values": [{"value": 48.7, "step": null, "ts": 1718378168.3257298}]}, "version": 25, "at": 1718378168.4064386}
{"obj": {"type": "LogFloats", "path": ["monitoring", "d3c237d2", "memory"], "values": [{"value": 13.603187561035156, "step": null, "ts": 1718378168.3257298}]}, "version": 26, "at": 1718378168.4078054}
{"obj": {"type": "LogFloats", "path": ["monitoring", "d3c237d2", "gpu"], "values": [{"value": 6.0, "step": null, "ts": 1718378168.3257298}]}, "version": 27, "at": 1718378168.4086225}
{"obj": {"type": "LogFloats", "path": ["monitoring", "d3c237d2", "gpu_memory"], "values": [{"value": 4.4649658203125, "step": null, "ts": 1718378168.3257298}]}, "version": 28, "at": 1718378168.4091864}
{"obj": {"type": "LogFloats", "path": ["monitoring", "d3c237d2", "cpu"], "values": [{"value": 50.3, "step": null, "ts": 1718378168.7154512}]}, "version": 29, "at": 1718378168.730924}
{"obj": {"type": "LogFloats", "path": ["monitoring", "d3c237d2", "memory"], "values": [{"value": 13.823257446289062, "step": null, "ts": 1718378168.7154512}]}, "version": 30, "at": 1718378168.7320747}
{"obj": {"type": "LogFloats", "path": ["monitoring", "d3c237d2", "gpu_memory"], "values": [{"value": 4.4649658203125, "step": null, "ts": 1718378168.7154512}]}, "version": 31, "at": 1718378168.7329648}
{"obj": {"type": "LogFloats", "path": ["monitoring", "d3c237d2", "cpu"], "values": [{"value": 46.7, "step": null, "ts": 1718378169.0551834}]}, "version": 32, "at": 1718378169.1388903}
{"obj": {"type": "LogFloats", "path": ["monitoring", "d3c237d2", "memory"], "values": [{"value": 14.038532257080078, "step": null, "ts": 1718378169.0551834}]}, "version": 33, "at": 1718378169.142224}
{"obj": {"type": "LogFloats", "path": ["monitoring", "d3c237d2", "gpu_memory"], "values": [{"value": 4.4649658203125, "step": null, "ts": 1718378169.0551834}]}, "version": 34, "at": 1718378169.1443617}
{"obj": {"type": "LogFloats", "path": ["monitoring", "d3c237d2", "cpu"], "values": [{"value": 50.8, "step": null, "ts": 1718378169.4553456}]}, "version": 35, "at": 1718378169.493223}
{"obj": {"type": "LogFloats", "path": ["monitoring", "d3c237d2", "memory"], "values": [{"value": 13.367073059082031, "step": null, "ts": 1718378169.4553456}]}, "version": 36, "at": 1718378169.4950397}
{"obj": {"type": "LogFloats", "path": ["monitoring", "d3c237d2", "gpu_memory"], "values": [{"value": 4.4649658203125, "step": null, "ts": 1718378169.4553456}]}, "version": 37, "at": 1718378169.497257}
{"obj": {"type": "LogFloats", "path": ["monitoring", "d3c237d2", "cpu"], "values": [{"value": 47.3, "step": null, "ts": 1718378169.7610762}]}, "version": 38, "at": 1718378169.8301637}
{"obj": {"type": "LogFloats", "path": ["monitoring", "d3c237d2", "memory"], "values": [{"value": 13.410953521728516, "step": null, "ts": 1718378169.7610762}]}, "version": 39, "at": 1718378169.83163}
{"obj": {"type": "LogFloats", "path": ["monitoring", "d3c237d2", "gpu_memory"], "values": [{"value": 4.4649658203125, "step": null, "ts": 1718378169.7610762}]}, "version": 40, "at": 1718378169.8321726}
{"obj": {"type": "LogFloats", "path": ["monitoring", "d3c237d2", "cpu"], "values": [{"value": 51.6, "step": null, "ts": 1718378170.0773172}]}, "version": 41, "at": 1718378170.118812}
{"obj": {"type": "LogFloats", "path": ["monitoring", "d3c237d2", "memory"], "values": [{"value": 13.453075408935547, "step": null, "ts": 1718378170.0773172}]}, "version": 42, "at": 1718378170.12085}
{"obj": {"type": "LogFloats", "path": ["monitoring", "d3c237d2", "gpu_memory"], "values": [{"value": 4.4649658203125, "step": null, "ts": 1718378170.0773172}]}, "version": 43, "at": 1718378170.122106}
{"obj": {"type": "LogFloats", "path": ["monitoring", "d3c237d2", "cpu"], "values": [{"value": 47.5, "step": null, "ts": 1718378170.3737369}]}, "version": 44, "at": 1718378170.4297051}
{"obj": {"type": "LogFloats", "path": ["monitoring", "d3c237d2", "memory"], "values": [{"value": 13.51617431640625, "step": null, "ts": 1718378170.3737369}]}, "version": 45, "at": 1718378170.4304428}
{"obj": {"type": "LogFloats", "path": ["monitoring", "d3c237d2", "gpu"], "values": [{"value": 6.0, "step": null, "ts": 1718378170.3737369}]}, "version": 46, "at": 1718378170.431314}
{"obj": {"type": "LogFloats", "path": ["monitoring", "d3c237d2", "gpu_memory"], "values": [{"value": 4.4649658203125, "step": null, "ts": 1718378170.3737369}]}, "version": 47, "at": 1718378170.4317114}
{"obj": {"type": "LogFloats", "path": ["monitoring", "d3c237d2", "cpu"], "values": [{"value": 69.5, "step": null, "ts": 1718378170.7292247}]}, "version": 48, "at": 1718378170.7777643}
{"obj": {"type": "LogFloats", "path": ["monitoring", "d3c237d2", "memory"], "values": [{"value": 13.556400299072266, "step": null, "ts": 1718378170.7292247}]}, "version": 49, "at": 1718378170.7833292}
{"obj": {"type": "LogFloats", "path": ["monitoring", "d3c237d2", "gpu_memory"], "values": [{"value": 4.4649658203125, "step": null, "ts": 1718378170.7292247}]}, "version": 50, "at": 1718378170.7866416}
{"obj": {"type": "LogStrings", "path": ["monitoring", "d3c237d2", "stderr"], "values": [{"value": "\r  1%|\u2588\u2588\u258f                                                                                                                                                          | 1/73 [00:03<04:15,  3.54s/it]", "step": null, "ts": 1718378171.720157}]}, "version": 51, "at": 1718378171.7205665}
{"obj": {"type": "LogStrings", "path": ["monitoring", "d3c237d2", "stderr"], "values": [{"value": "\r  7%|\u2588\u2588\u2588\u2588\u2588\u2588\u2588\u2588\u2588\u2588\u258a                                                                                                                                                  | 5/73 [00:03<00:37,  1.81it/s]", "step": null, "ts": 1718378171.8351676}]}, "version": 52, "at": 1718378171.8353345}
{"obj": {"type": "LogStrings", "path": ["monitoring", "d3c237d2", "stderr"], "values": [{"value": "\r 11%|\u2588\u2588\u2588\u2588\u2588\u2588\u2588\u2588\u2588\u2588\u2588\u2588\u2588\u2588\u2588\u2588\u2588\u258f                                                                                                                                           | 8/73 [00:03<00:20,  3.24it/s]", "step": null, "ts": 1718378171.9589877}]}, "version": 53, "at": 1718378171.9591923}
{"obj": {"type": "LogStrings", "path": ["monitoring", "d3c237d2", "stderr"], "values": [{"value": "\r 21%|\u2588\u2588\u2588\u2588\u2588\u2588\u2588\u2588\u2588\u2588\u2588\u2588\u2588\u2588\u2588\u2588\u2588\u2588\u2588\u2588\u2588\u2588\u2588\u2588\u2588\u2588\u2588\u2588\u2588\u2588\u2588\u2588                                                                                                                            | 15/73 [00:03<00:07,  7.70it/s]", "step": null, "ts": 1718378172.0987651}]}, "version": 54, "at": 1718378172.098977}
{"obj": {"type": "LogStrings", "path": ["monitoring", "d3c237d2", "stderr"], "values": [{"value": "\r 26%|\u2588\u2588\u2588\u2588\u2588\u2588\u2588\u2588\u2588\u2588\u2588\u2588\u2588\u2588\u2588\u2588\u2588\u2588\u2588\u2588\u2588\u2588\u2588\u2588\u2588\u2588\u2588\u2588\u2588\u2588\u2588\u2588\u2588\u2588\u2588\u2588\u2588\u2588\u2588\u2588\u258c                                                                                                                   | 19/73 [00:04<00:05, 10.45it/s]", "step": null, "ts": 1718378172.1925232}]}, "version": 55, "at": 1718378172.1927178}
{"obj": {"type": "LogStrings", "path": ["monitoring", "d3c237d2", "stderr"], "values": [{"value": "\r 32%|\u2588\u2588\u2588\u2588\u2588\u2588\u2588\u2588\u2588\u2588\u2588\u2588\u2588\u2588\u2588\u2588\u2588\u2588\u2588\u2588\u2588\u2588\u2588\u2588\u2588\u2588\u2588\u2588\u2588\u2588\u2588\u2588\u2588\u2588\u2588\u2588\u2588\u2588\u2588\u2588\u2588\u2588\u2588\u2588\u2588\u2588\u2588\u2588\u2588\u258f                                                                                                          | 23/73 [00:04<00:03, 13.28it/s]", "step": null, "ts": 1718378172.331125}]}, "version": 56, "at": 1718378172.3313339}
{"obj": {"type": "LogStrings", "path": ["monitoring", "d3c237d2", "stderr"], "values": [{"value": "\r 37%|\u2588\u2588\u2588\u2588\u2588\u2588\u2588\u2588\u2588\u2588\u2588\u2588\u2588\u2588\u2588\u2588\u2588\u2588\u2588\u2588\u2588\u2588\u2588\u2588\u2588\u2588\u2588\u2588\u2588\u2588\u2588\u2588\u2588\u2588\u2588\u2588\u2588\u2588\u2588\u2588\u2588\u2588\u2588\u2588\u2588\u2588\u2588\u2588\u2588\u2588\u2588\u2588\u2588\u2588\u2588\u2588\u2588\u258b                                                                                                  | 27/73 [00:04<00:02, 16.24it/s]", "step": null, "ts": 1718378172.4493067}]}, "version": 57, "at": 1718378172.4499316}
{"obj": {"type": "LogStrings", "path": ["monitoring", "d3c237d2", "stderr"], "values": [{"value": "\r 47%|\u2588\u2588\u2588\u2588\u2588\u2588\u2588\u2588\u2588\u2588\u2588\u2588\u2588\u2588\u2588\u2588\u2588\u2588\u2588\u2588\u2588\u2588\u2588\u2588\u2588\u2588\u2588\u2588\u2588\u2588\u2588\u2588\u2588\u2588\u2588\u2588\u2588\u2588\u2588\u2588\u2588\u2588\u2588\u2588\u2588\u2588\u2588\u2588\u2588\u2588\u2588\u2588\u2588\u2588\u2588\u2588\u2588\u2588\u2588\u2588\u2588\u2588\u2588\u2588\u2588\u2588\u2588\u2588\u2588\u2588\u2588\u2588\u258b                                                                                   | 34/73 [00:04<00:01, 24.53it/s]", "step": null, "ts": 1718378172.5493145}]}, "version": 58, "at": 1718378172.5494666}
{"obj": {"type": "LogStrings", "path": ["monitoring", "d3c237d2", "stderr"], "values": [{"value": "\r 53%|\u2588\u2588\u2588\u2588\u2588\u2588\u2588\u2588\u2588\u2588\u2588\u2588\u2588\u2588\u2588\u2588\u2588\u2588\u2588\u2588\u2588\u2588\u2588\u2588\u2588\u2588\u2588\u2588\u2588\u2588\u2588\u2588\u2588\u2588\u2588\u2588\u2588\u2588\u2588\u2588\u2588\u2588\u2588\u2588\u2588\u2588\u2588\u2588\u2588\u2588\u2588\u2588\u2588\u2588\u2588\u2588\u2588\u2588\u2588\u2588\u2588\u2588\u2588\u2588\u2588\u2588\u2588\u2588\u2588\u2588\u2588\u2588\u2588\u2588\u2588\u2588\u2588\u2588\u2588\u2588\u2588\u2588\u2588\u258e                                                                        | 39/73 [00:04<00:01, 26.05it/s]", "step": null, "ts": 1718378172.7157829}]}, "version": 59, "at": 1718378172.7160416}
{"obj": {"type": "LogStrings", "path": ["monitoring", "d3c237d2", "stderr"], "values": [{"value": "\r 63%|\u2588\u2588\u2588\u2588\u2588\u2588\u2588\u2588\u2588\u2588\u2588\u2588\u2588\u2588\u2588\u2588\u2588\u2588\u2588\u2588\u2588\u2588\u2588\u2588\u2588\u2588\u2588\u2588\u2588\u2588\u2588\u2588\u2588\u2588\u2588\u2588\u2588\u2588\u2588\u2588\u2588\u2588\u2588\u2588\u2588\u2588\u2588\u2588\u2588\u2588\u2588\u2588\u2588\u2588\u2588\u2588\u2588\u2588\u2588\u2588\u2588\u2588\u2588\u2588\u2588\u2588\u2588\u2588\u2588\u2588\u2588\u2588\u2588\u2588\u2588\u2588\u2588\u2588\u2588\u2588\u2588\u2588\u2588\u2588\u2588\u2588\u2588\u2588\u2588\u2588\u2588\u2588\u2588\u2588\u2588\u2588\u2588\u2588\u258e                                                         | 46/73 [00:04<00:00, 34.13it/s]", "step": null, "ts": 1718378172.817513}]}, "version": 60, "at": 1718378172.8176935}
{"obj": {"type": "LogStrings", "path": ["monitoring", "d3c237d2", "stderr"], "values": [{"value": "\r 70%|\u2588\u2588\u2588\u2588\u2588\u2588\u2588\u2588\u2588\u2588\u2588\u2588\u2588\u2588\u2588\u2588\u2588\u2588\u2588\u2588\u2588\u2588\u2588\u2588\u2588\u2588\u2588\u2588\u2588\u2588\u2588\u2588\u2588\u2588\u2588\u2588\u2588\u2588\u2588\u2588\u2588\u2588\u2588\u2588\u2588\u2588\u2588\u2588\u2588\u2588\u2588\u2588\u2588\u2588\u2588\u2588\u2588\u2588\u2588\u2588\u2588\u2588\u2588\u2588\u2588\u2588\u2588\u2588\u2588\u2588\u2588\u2588\u2588\u2588\u2588\u2588\u2588\u2588\u2588\u2588\u2588\u2588\u2588\u2588\u2588\u2588\u2588\u2588\u2588\u2588\u2588\u2588\u2588\u2588\u2588\u2588\u2588\u2588\u2588\u2588\u2588\u2588\u2588\u2588\u2588\u2588\u2588\u2588\u2589                                               | 51/73 [00:04<00:00, 33.37it/s]", "step": null, "ts": 1718378172.9778714}]}, "version": 61, "at": 1718378172.9781494}
{"obj": {"type": "LogStrings", "path": ["monitoring", "d3c237d2", "stderr"], "values": [{"value": "\r 78%|\u2588\u2588\u2588\u2588\u2588\u2588\u2588\u2588\u2588\u2588\u2588\u2588\u2588\u2588\u2588\u2588\u2588\u2588\u2588\u2588\u2588\u2588\u2588\u2588\u2588\u2588\u2588\u2588\u2588\u2588\u2588\u2588\u2588\u2588\u2588\u2588\u2588\u2588\u2588\u2588\u2588\u2588\u2588\u2588\u2588\u2588\u2588\u2588\u2588\u2588\u2588\u2588\u2588\u2588\u2588\u2588\u2588\u2588\u2588\u2588\u2588\u2588\u2588\u2588\u2588\u2588\u2588\u2588\u2588\u2588\u2588\u2588\u2588\u2588\u2588\u2588\u2588\u2588\u2588\u2588\u2588\u2588\u2588\u2588\u2588\u2588\u2588\u2588\u2588\u2588\u2588\u2588\u2588\u2588\u2588\u2588\u2588\u2588\u2588\u2588\u2588\u2588\u2588\u2588\u2588\u2588\u2588\u2588\u2588\u2588\u2588\u2588\u2588\u2588\u2588\u2588\u2588\u2588\u2588\u2588\u2588\u258a                                  | 57/73 [00:04<00:00, 36.22it/s]", "step": null, "ts": 1718378173.11537}]}, "version": 62, "at": 1718378173.1155367}
{"obj": {"type": "LogStrings", "path": ["monitoring", "d3c237d2", "stderr"], "values": [{"value": "\r 85%|\u2588\u2588\u2588\u2588\u2588\u2588\u2588\u2588\u2588\u2588\u2588\u2588\u2588\u2588\u2588\u2588\u2588\u2588\u2588\u2588\u2588\u2588\u2588\u2588\u2588\u2588\u2588\u2588\u2588\u2588\u2588\u2588\u2588\u2588\u2588\u2588\u2588\u2588\u2588\u2588\u2588\u2588\u2588\u2588\u2588\u2588\u2588\u2588\u2588\u2588\u2588\u2588\u2588\u2588\u2588\u2588\u2588\u2588\u2588\u2588\u2588\u2588\u2588\u2588\u2588\u2588\u2588\u2588\u2588\u2588\u2588\u2588\u2588\u2588\u2588\u2588\u2588\u2588\u2588\u2588\u2588\u2588\u2588\u2588\u2588\u2588\u2588\u2588\u2588\u2588\u2588\u2588\u2588\u2588\u2588\u2588\u2588\u2588\u2588\u2588\u2588\u2588\u2588\u2588\u2588\u2588\u2588\u2588\u2588\u2588\u2588\u2588\u2588\u2588\u2588\u2588\u2588\u2588\u2588\u2588\u2588\u2588\u2588\u2588\u2588\u2588\u2588\u2588\u2588\u2588\u2588\u2588\u258d                       | 62/73 [00:05<00:00, 39.13it/s]", "step": null, "ts": 1718378173.2137387}]}, "version": 63, "at": 1718378173.2139204}
{"obj": {"type": "LogStrings", "path": ["monitoring", "d3c237d2", "stderr"], "values": [{"value": "\r 93%|\u2588\u2588\u2588\u2588\u2588\u2588\u2588\u2588\u2588\u2588\u2588\u2588\u2588\u2588\u2588\u2588\u2588\u2588\u2588\u2588\u2588\u2588\u2588\u2588\u2588\u2588\u2588\u2588\u2588\u2588\u2588\u2588\u2588\u2588\u2588\u2588\u2588\u2588\u2588\u2588\u2588\u2588\u2588\u2588\u2588\u2588\u2588\u2588\u2588\u2588\u2588\u2588\u2588\u2588\u2588\u2588\u2588\u2588\u2588\u2588\u2588\u2588\u2588\u2588\u2588\u2588\u2588\u2588\u2588\u2588\u2588\u2588\u2588\u2588\u2588\u2588\u2588\u2588\u2588\u2588\u2588\u2588\u2588\u2588\u2588\u2588\u2588\u2588\u2588\u2588\u2588\u2588\u2588\u2588\u2588\u2588\u2588\u2588\u2588\u2588\u2588\u2588\u2588\u2588\u2588\u2588\u2588\u2588\u2588\u2588\u2588\u2588\u2588\u2588\u2588\u2588\u2588\u2588\u2588\u2588\u2588\u2588\u2588\u2588\u2588\u2588\u2588\u2588\u2588\u2588\u2588\u2588\u2588\u2588\u2588\u2588\u2588\u2588\u2588\u2588\u2588\u2588\u2588\u2588\u2588\u258e          | 68/73 [00:05<00:00, 43.82it/s]", "step": null, "ts": 1718378173.316391}]}, "version": 64, "at": 1718378173.3165474}
{"obj": {"type": "LogStrings", "path": ["monitoring", "d3c237d2", "stderr"], "values": [{"value": "\r100%|\u2588\u2588\u2588\u2588\u2588\u2588\u2588\u2588\u2588\u2588\u2588\u2588\u2588\u2588\u2588\u2588\u2588\u2588\u2588\u2588\u2588\u2588\u2588\u2588\u2588\u2588\u2588\u2588\u2588\u2588\u2588\u2588\u2588\u2588\u2588\u2588\u2588\u2588\u2588\u2588\u2588\u2588\u2588\u2588\u2588\u2588\u2588\u2588\u2588\u2588\u2588\u2588\u2588\u2588\u2588\u2588\u2588\u2588\u2588\u2588\u2588\u2588\u2588\u2588\u2588\u2588\u2588\u2588\u2588\u2588\u2588\u2588\u2588\u2588\u2588\u2588\u2588\u2588\u2588\u2588\u2588\u2588\u2588\u2588\u2588\u2588\u2588\u2588\u2588\u2588\u2588\u2588\u2588\u2588\u2588\u2588\u2588\u2588\u2588\u2588\u2588\u2588\u2588\u2588\u2588\u2588\u2588\u2588\u2588\u2588\u2588\u2588\u2588\u2588\u2588\u2588\u2588\u2588\u2588\u2588\u2588\u2588\u2588\u2588\u2588\u2588\u2588\u2588\u2588\u2588\u2588\u2588\u2588\u2588\u2588\u2588\u2588\u2588\u2588\u2588\u2588\u2588\u2588\u2588\u2588\u2588\u2588\u2588\u2588\u2588\u2588\u2588\u2588\u2588\u2588\u2588| 73/73 [00:05<00:00, 42.68it/s]", "step": null, "ts": 1718378173.4422276}]}, "version": 65, "at": 1718378173.4424388}
{"obj": {"type": "LogStrings", "path": ["monitoring", "d3c237d2", "stderr"], "values": [{"value": "", "step": null, "ts": 1718378174.282872}]}, "version": 66, "at": 1718378174.2832491}
{"obj": {"type": "LogStrings", "path": ["monitoring", "d3c237d2", "stderr"], "values": [{"value": "\r100%|\u2588\u2588\u2588\u2588\u2588\u2588\u2588\u2588\u2588\u2588\u2588\u2588\u2588\u2588\u2588\u2588\u2588\u2588\u2588\u2588\u2588\u2588\u2588\u2588\u2588\u2588\u2588\u2588\u2588\u2588\u2588\u2588\u2588\u2588\u2588\u2588\u2588\u2588\u2588\u2588\u2588\u2588\u2588\u2588\u2588\u2588\u2588\u2588\u2588\u2588\u2588\u2588\u2588\u2588\u2588\u2588\u2588\u2588\u2588\u2588\u2588\u2588\u2588\u2588\u2588\u2588\u2588\u2588\u2588\u2588\u2588\u2588\u2588\u2588\u2588\u2588\u2588\u2588\u2588\u2588\u2588\u2588\u2588\u2588\u2588\u2588\u2588\u2588\u2588\u2588\u2588\u2588\u2588\u2588\u2588\u2588\u2588\u2588\u2588\u2588\u2588\u2588\u2588\u2588\u2588\u2588\u2588\u2588\u2588\u2588\u2588\u2588\u2588\u2588\u2588\u2588\u2588\u2588\u2588\u2588\u2588\u2588\u2588\u2588\u2588\u2588\u2588\u2588\u2588\u2588\u2588\u2588\u2588\u2588\u2588\u2588\u2588\u2588\u2588\u2588\u2588\u2588\u2588\u2588\u2588\u2588\u2588\u2588\u2588\u2588\u2588\u2588\u2588\u2588\u2588\u2588| 73/73 [00:06<00:00, 11.96it/s]", "step": null, "ts": 1718378174.2848215}]}, "version": 67, "at": 1718378174.2850745}
{"obj": {"type": "LogStrings", "path": ["monitoring", "d3c237d2", "stderr"], "values": [{"value": "\n", "step": null, "ts": 1718378174.286615}]}, "version": 68, "at": 1718378174.2868629}
{"obj": {"type": "LogStrings", "path": ["monitoring", "d3c237d2", "stderr"], "values": [{"value": "\r  0%|                                                                                                                                                                      | 0/5 [00:00<?, ?it/s]", "step": null, "ts": 1718378174.2961779}]}, "version": 69, "at": 1718378174.2965908}
{"obj": {"type": "LogFloats", "path": ["monitoring", "d3c237d2", "cpu"], "values": [{"value": 69.1, "step": null, "ts": 1718378174.3572302}]}, "version": 70, "at": 1718378174.4209442}
{"obj": {"type": "LogFloats", "path": ["monitoring", "d3c237d2", "memory"], "values": [{"value": 13.546775817871094, "step": null, "ts": 1718378174.3572302}]}, "version": 71, "at": 1718378174.4230444}
{"obj": {"type": "LogFloats", "path": ["monitoring", "d3c237d2", "gpu"], "values": [{"value": 6.0, "step": null, "ts": 1718378174.3572302}]}, "version": 72, "at": 1718378174.4256377}
{"obj": {"type": "LogFloats", "path": ["monitoring", "d3c237d2", "gpu_memory"], "values": [{"value": 4.5899658203125, "step": null, "ts": 1718378174.3572302}]}, "version": 73, "at": 1718378174.4266694}
{"obj": {"type": "LogFloats", "path": ["monitoring", "d3c237d2", "cpu"], "values": [{"value": 59.2, "step": null, "ts": 1718378174.747958}]}, "version": 74, "at": 1718378174.7924628}
{"obj": {"type": "LogFloats", "path": ["monitoring", "d3c237d2", "memory"], "values": [{"value": 13.587627410888672, "step": null, "ts": 1718378174.747958}]}, "version": 75, "at": 1718378174.7946975}
{"obj": {"type": "LogFloats", "path": ["monitoring", "d3c237d2", "gpu_memory"], "values": [{"value": 4.5899658203125, "step": null, "ts": 1718378174.747958}]}, "version": 76, "at": 1718378174.7958283}
{"obj": {"type": "LogFloats", "path": ["monitoring", "d3c237d2", "cpu"], "values": [{"value": 46.6, "step": null, "ts": 1718378175.0651362}]}, "version": 77, "at": 1718378175.080987}
{"obj": {"type": "LogFloats", "path": ["monitoring", "d3c237d2", "memory"], "values": [{"value": 13.626640319824219, "step": null, "ts": 1718378175.0651362}]}, "version": 78, "at": 1718378175.0828671}
{"obj": {"type": "LogFloats", "path": ["monitoring", "d3c237d2", "gpu_memory"], "values": [{"value": 4.5899658203125, "step": null, "ts": 1718378175.0651362}]}, "version": 79, "at": 1718378175.0935647}
{"obj": {"type": "LogFloats", "path": ["monitoring", "d3c237d2", "cpu"], "values": [{"value": 48.2, "step": null, "ts": 1718378175.394718}]}, "version": 80, "at": 1718378175.4263115}
{"obj": {"type": "LogFloats", "path": ["monitoring", "d3c237d2", "memory"], "values": [{"value": 13.670295715332031, "step": null, "ts": 1718378175.394718}]}, "version": 81, "at": 1718378175.42816}
{"obj": {"type": "LogFloats", "path": ["monitoring", "d3c237d2", "gpu_memory"], "values": [{"value": 4.5899658203125, "step": null, "ts": 1718378175.394718}]}, "version": 82, "at": 1718378175.4311597}
{"obj": {"type": "LogFloats", "path": ["monitoring", "d3c237d2", "cpu"], "values": [{"value": 46.4, "step": null, "ts": 1718378175.659402}]}, "version": 83, "at": 1718378175.7187152}
{"obj": {"type": "LogFloats", "path": ["monitoring", "d3c237d2", "memory"], "values": [{"value": 13.72857666015625, "step": null, "ts": 1718378175.659402}]}, "version": 84, "at": 1718378175.7214348}
{"obj": {"type": "LogFloats", "path": ["monitoring", "d3c237d2", "gpu_memory"], "values": [{"value": 4.5899658203125, "step": null, "ts": 1718378175.659402}]}, "version": 85, "at": 1718378175.725653}
{"obj": {"type": "LogFloats", "path": ["monitoring", "d3c237d2", "cpu"], "values": [{"value": 57.2, "step": null, "ts": 1718378176.0038161}]}, "version": 86, "at": 1718378176.0432842}
{"obj": {"type": "LogFloats", "path": ["monitoring", "d3c237d2", "memory"], "values": [{"value": 13.771080017089844, "step": null, "ts": 1718378176.0038161}]}, "version": 87, "at": 1718378176.0462391}
{"obj": {"type": "LogFloats", "path": ["monitoring", "d3c237d2", "gpu_memory"], "values": [{"value": 4.5899658203125, "step": null, "ts": 1718378176.0038161}]}, "version": 88, "at": 1718378176.0487094}
{"obj": {"type": "LogFloats", "path": ["monitoring", "d3c237d2", "cpu"], "values": [{"value": 62.1, "step": null, "ts": 1718378176.3891275}]}, "version": 89, "at": 1718378176.434118}
{"obj": {"type": "LogFloats", "path": ["monitoring", "d3c237d2", "memory"], "values": [{"value": 13.888786315917969, "step": null, "ts": 1718378176.3891275}]}, "version": 90, "at": 1718378176.4361556}
{"obj": {"type": "LogFloats", "path": ["monitoring", "d3c237d2", "gpu_memory"], "values": [{"value": 4.5899658203125, "step": null, "ts": 1718378176.3891275}]}, "version": 91, "at": 1718378176.4369907}
{"obj": {"type": "LogFloats", "path": ["monitoring", "d3c237d2", "cpu"], "values": [{"value": 61.8, "step": null, "ts": 1718378176.6589174}]}, "version": 92, "at": 1718378176.7164853}
{"obj": {"type": "LogFloats", "path": ["monitoring", "d3c237d2", "memory"], "values": [{"value": 13.888069152832031, "step": null, "ts": 1718378176.6589174}]}, "version": 93, "at": 1718378176.7195687}
{"obj": {"type": "LogFloats", "path": ["monitoring", "d3c237d2", "gpu_memory"], "values": [{"value": 4.5899658203125, "step": null, "ts": 1718378176.6589174}]}, "version": 94, "at": 1718378176.7248478}
{"obj": {"type": "LogStrings", "path": ["monitoring", "d3c237d2", "stderr"], "values": [{"value": "\r 20%|\u2588\u2588\u2588\u2588\u2588\u2588\u2588\u2588\u2588\u2588\u2588\u2588\u2588\u2588\u2588\u2588\u2588\u2588\u2588\u2588\u2588\u2588\u2588\u2588\u2588\u2588\u2588\u2588\u2588\u2588\u2588\u258c                                                                                                                              | 1/5 [00:02<00:10,  2.51s/it]", "step": null, "ts": 1718378176.8076098}]}, "version": 95, "at": 1718378176.8079562}
{"obj": {"type": "LogStrings", "path": ["monitoring", "d3c237d2", "stderr"], "values": [{"value": "\r 80%|\u2588\u2588\u2588\u2588\u2588\u2588\u2588\u2588\u2588\u2588\u2588\u2588\u2588\u2588\u2588\u2588\u2588\u2588\u2588\u2588\u2588\u2588\u2588\u2588\u2588\u2588\u2588\u2588\u2588\u2588\u2588\u2588\u2588\u2588\u2588\u2588\u2588\u2588\u2588\u2588\u2588\u2588\u2588\u2588\u2588\u2588\u2588\u2588\u2588\u2588\u2588\u2588\u2588\u2588\u2588\u2588\u2588\u2588\u2588\u2588\u2588\u2588\u2588\u2588\u2588\u2588\u2588\u2588\u2588\u2588\u2588\u2588\u2588\u2588\u2588\u2588\u2588\u2588\u2588\u2588\u2588\u2588\u2588\u2588\u2588\u2588\u2588\u2588\u2588\u2588\u2588\u2588\u2588\u2588\u2588\u2588\u2588\u2588\u2588\u2588\u2588\u2588\u2588\u2588\u2588\u2588\u2588\u2588\u2588\u2588\u2588\u2588\u2588\u2588\u2588\u2588\u2588\u2588\u2588\u2588\u2588\u2588\u2588\u2588\u2588\u2588\u258d                               | 4/5 [00:02<00:00,  1.97it/s]", "step": null, "ts": 1718378176.9298692}]}, "version": 96, "at": 1718378176.9301238}
{"obj": {"type": "LogStrings", "path": ["monitoring", "d3c237d2", "stderr"], "values": [{"value": "", "step": null, "ts": 1718378178.0258098}]}, "version": 97, "at": 1718378178.0260353}
{"obj": {"type": "LogStrings", "path": ["monitoring", "d3c237d2", "stderr"], "values": [{"value": "\r100%|\u2588\u2588\u2588\u2588\u2588\u2588\u2588\u2588\u2588\u2588\u2588\u2588\u2588\u2588\u2588\u2588\u2588\u2588\u2588\u2588\u2588\u2588\u2588\u2588\u2588\u2588\u2588\u2588\u2588\u2588\u2588\u2588\u2588\u2588\u2588\u2588\u2588\u2588\u2588\u2588\u2588\u2588\u2588\u2588\u2588\u2588\u2588\u2588\u2588\u2588\u2588\u2588\u2588\u2588\u2588\u2588\u2588\u2588\u2588\u2588\u2588\u2588\u2588\u2588\u2588\u2588\u2588\u2588\u2588\u2588\u2588\u2588\u2588\u2588\u2588\u2588\u2588\u2588\u2588\u2588\u2588\u2588\u2588\u2588\u2588\u2588\u2588\u2588\u2588\u2588\u2588\u2588\u2588\u2588\u2588\u2588\u2588\u2588\u2588\u2588\u2588\u2588\u2588\u2588\u2588\u2588\u2588\u2588\u2588\u2588\u2588\u2588\u2588\u2588\u2588\u2588\u2588\u2588\u2588\u2588\u2588\u2588\u2588\u2588\u2588\u2588\u2588\u2588\u2588\u2588\u2588\u2588\u2588\u2588\u2588\u2588\u2588\u2588\u2588\u2588\u2588\u2588\u2588\u2588\u2588\u2588\u2588\u2588\u2588\u2588\u2588\u2588\u2588\u2588\u2588\u2588\u2588\u2588| 5/5 [00:03<00:00,  1.34it/s]", "step": null, "ts": 1718378178.0274746}]}, "version": 98, "at": 1718378178.027655}
{"obj": {"type": "LogStrings", "path": ["monitoring", "d3c237d2", "stderr"], "values": [{"value": "\n", "step": null, "ts": 1718378178.0283265}]}, "version": 99, "at": 1718378178.0284753}
{"obj": {"type": "LogStrings", "path": ["monitoring", "d3c237d2", "stderr"], "values": [{"value": "\r  0%|                                                                                                                                                                      | 0/6 [00:00<?, ?it/s]", "step": null, "ts": 1718378178.0377605}]}, "version": 100, "at": 1718378178.0379274}
{"obj": {"type": "LogFloats", "path": ["monitoring", "d3c237d2", "cpu"], "values": [{"value": 49.8, "step": null, "ts": 1718378178.120605}]}, "version": 101, "at": 1718378178.196047}
{"obj": {"type": "LogFloats", "path": ["monitoring", "d3c237d2", "memory"], "values": [{"value": 13.623729705810547, "step": null, "ts": 1718378178.120605}]}, "version": 102, "at": 1718378178.1980464}
{"obj": {"type": "LogFloats", "path": ["monitoring", "d3c237d2", "gpu_memory"], "values": [{"value": 4.5899658203125, "step": null, "ts": 1718378178.120605}]}, "version": 103, "at": 1718378178.1996696}
{"obj": {"type": "LogFloats", "path": ["monitoring", "d3c237d2", "cpu"], "values": [{"value": 53.8, "step": null, "ts": 1718378178.445253}]}, "version": 104, "at": 1718378178.498699}
{"obj": {"type": "LogFloats", "path": ["monitoring", "d3c237d2", "memory"], "values": [{"value": 13.662284851074219, "step": null, "ts": 1718378178.445253}]}, "version": 105, "at": 1718378178.5000515}
{"obj": {"type": "LogFloats", "path": ["monitoring", "d3c237d2", "gpu_memory"], "values": [{"value": 4.5899658203125, "step": null, "ts": 1718378178.445253}]}, "version": 106, "at": 1718378178.5009055}
{"obj": {"type": "LogFloats", "path": ["monitoring", "d3c237d2", "cpu"], "values": [{"value": 49.4, "step": null, "ts": 1718378178.7440526}]}, "version": 107, "at": 1718378178.8676486}
{"obj": {"type": "LogFloats", "path": ["monitoring", "d3c237d2", "memory"], "values": [{"value": 13.70412826538086, "step": null, "ts": 1718378178.7440526}]}, "version": 108, "at": 1718378178.8767903}
{"obj": {"type": "LogFloats", "path": ["monitoring", "d3c237d2", "gpu_memory"], "values": [{"value": 4.5899658203125, "step": null, "ts": 1718378178.7440526}]}, "version": 109, "at": 1718378178.8785686}
{"obj": {"type": "LogFloats", "path": ["monitoring", "d3c237d2", "cpu"], "values": [{"value": 50.5, "step": null, "ts": 1718378179.1487148}]}, "version": 110, "at": 1718378179.2093709}
{"obj": {"type": "LogFloats", "path": ["monitoring", "d3c237d2", "memory"], "values": [{"value": 13.751895904541016, "step": null, "ts": 1718378179.1487148}]}, "version": 111, "at": 1718378179.2152226}
{"obj": {"type": "LogFloats", "path": ["monitoring", "d3c237d2", "gpu_memory"], "values": [{"value": 4.5899658203125, "step": null, "ts": 1718378179.1487148}]}, "version": 112, "at": 1718378179.2168272}
{"obj": {"type": "LogFloats", "path": ["monitoring", "d3c237d2", "cpu"], "values": [{"value": 53.7, "step": null, "ts": 1718378179.4863298}]}, "version": 113, "at": 1718378179.5370185}
{"obj": {"type": "LogFloats", "path": ["monitoring", "d3c237d2", "memory"], "values": [{"value": 13.766368865966797, "step": null, "ts": 1718378179.4863298}]}, "version": 114, "at": 1718378179.5395148}
{"obj": {"type": "LogFloats", "path": ["monitoring", "d3c237d2", "gpu_memory"], "values": [{"value": 4.5899658203125, "step": null, "ts": 1718378179.4863298}]}, "version": 115, "at": 1718378179.5412095}
{"obj": {"type": "LogFloats", "path": ["monitoring", "d3c237d2", "cpu"], "values": [{"value": 60.5, "step": null, "ts": 1718378179.8354847}]}, "version": 116, "at": 1718378179.8682852}
{"obj": {"type": "LogFloats", "path": ["monitoring", "d3c237d2", "memory"], "values": [{"value": 13.808841705322266, "step": null, "ts": 1718378179.8354847}]}, "version": 117, "at": 1718378179.8702736}
{"obj": {"type": "LogFloats", "path": ["monitoring", "d3c237d2", "gpu_memory"], "values": [{"value": 4.5899658203125, "step": null, "ts": 1718378179.8354847}]}, "version": 118, "at": 1718378179.8728504}
{"obj": {"type": "LogFloats", "path": ["monitoring", "d3c237d2", "cpu"], "values": [{"value": 53.8, "step": null, "ts": 1718378180.1073089}]}, "version": 119, "at": 1718378180.1872177}
{"obj": {"type": "LogFloats", "path": ["monitoring", "d3c237d2", "memory"], "values": [{"value": 13.831977844238281, "step": null, "ts": 1718378180.1073089}]}, "version": 120, "at": 1718378180.1898215}
{"obj": {"type": "LogFloats", "path": ["monitoring", "d3c237d2", "gpu_memory"], "values": [{"value": 4.5899658203125, "step": null, "ts": 1718378180.1073089}]}, "version": 121, "at": 1718378180.1912286}
