{"obj": {"type": "AssignString", "path": ["sys", "name"], "value": "Untitled"}, "version": 1, "at": 1718230947.846685}
{"obj": {"type": "AssignString", "path": ["sys", "description"], "value": ""}, "version": 2, "at": 1718230947.8472605}
{"obj": {"type": "AssignString", "path": ["monitoring", "16b42f7e", "hostname"], "value": "Precision-7920-Tower-2"}, "version": 3, "at": 1718230947.8480213}
{"obj": {"type": "AssignString", "path": ["sys", "hostname"], "value": "Precision-7920-Tower-2"}, "version": 4, "at": 1718230947.8482313}
{"obj": {"type": "AssignString", "path": ["monitoring", "16b42f7e", "pid"], "value": "17801"}, "version": 5, "at": 1718230947.8485985}
{"obj": {"type": "AssignString", "path": ["monitoring", "16b42f7e", "tid"], "value": "140671057715456"}, "version": 6, "at": 1718230947.8489478}
{"obj": {"type": "AssignBool", "path": ["sys", "failed"], "value": false}, "version": 7, "at": 1718230947.8491993}
{"obj": {"type": "ClearStringLog", "path": ["monitoring", "16b42f7e", "stdout"]}, "version": 8, "at": 1718230947.8496788}
{"obj": {"type": "ClearStringLog", "path": ["monitoring", "16b42f7e", "stderr"]}, "version": 9, "at": 1718230947.8499131}
{"obj": {"type": "AssignString", "path": ["source_code", "entrypoint"], "value": "train.py"}, "version": 10, "at": 1718230947.850617}
{"obj": {"type": "UploadFileSet", "path": ["source_code", "files"], "file_globs": ["/home/athena/3DVAE-AgeDisentangled_contrastive_loss/train.py"], "reset": "False"}, "version": 11, "at": 1718230947.8509293}
{"obj": {"type": "UploadFile", "path": ["source_code", "diff"], "ext": "patch", "file_path": null, "tmp_file_name": "source_code_diff-1718230947.941679-2024-06-12_20.22.27.941679.patch", "clean_after_upload": false}, "version": 12, "at": 1718230947.9427686}
{"obj": {"type": "ConfigFloatSeries", "path": ["monitoring", "16b42f7e", "cpu"], "min": 0.0, "max": 100.0, "unit": "%"}, "version": 13, "at": 1718230948.1581132}
{"obj": {"type": "ClearFloatLog", "path": ["monitoring", "16b42f7e", "cpu"]}, "version": 14, "at": 1718230948.182072}
{"obj": {"type": "ConfigFloatSeries", "path": ["monitoring", "16b42f7e", "memory"], "min": 0.0, "max": 31.03635025024414, "unit": "GB"}, "version": 15, "at": 1718230948.1848028}
{"obj": {"type": "ClearFloatLog", "path": ["monitoring", "16b42f7e", "memory"]}, "version": 16, "at": 1718230948.2014809}
{"obj": {"type": "ConfigFloatSeries", "path": ["monitoring", "16b42f7e", "gpu"], "min": 0.0, "max": 100.0, "unit": "%"}, "version": 17, "at": 1718230948.2032819}
{"obj": {"type": "ClearFloatLog", "path": ["monitoring", "16b42f7e", "gpu"]}, "version": 18, "at": 1718230948.203633}
{"obj": {"type": "ConfigFloatSeries", "path": ["monitoring", "16b42f7e", "gpu_memory"], "min": 0.0, "max": 15.89703369140625, "unit": "GB"}, "version": 19, "at": 1718230948.2045782}
{"obj": {"type": "ClearFloatLog", "path": ["monitoring", "16b42f7e", "gpu_memory"]}, "version": 20, "at": 1718230948.2048721}
{"obj": {"type": "LogFloats", "path": ["monitoring", "16b42f7e", "cpu"], "values": [{"value": 45.5, "step": null, "ts": 1718230948.2089474}]}, "version": 21, "at": 1718230948.2308521}
{"obj": {"type": "LogFloats", "path": ["monitoring", "16b42f7e", "memory"], "values": [{"value": 13.548667907714844, "step": null, "ts": 1718230948.2089474}]}, "version": 22, "at": 1718230948.2338183}
{"obj": {"type": "LogFloats", "path": ["monitoring", "16b42f7e", "gpu_memory"], "values": [{"value": 3.7921142578125, "step": null, "ts": 1718230948.2089474}]}, "version": 23, "at": 1718230948.2354248}
{"obj": {"type": "LogFloats", "path": ["monitoring", "16b42f7e", "cpu"], "values": [{"value": 40.3, "step": null, "ts": 1718230958.241303}]}, "version": 24, "at": 1718230958.3340404}
{"obj": {"type": "LogFloats", "path": ["monitoring", "16b42f7e", "memory"], "values": [{"value": 13.625762939453125, "step": null, "ts": 1718230958.241303}]}, "version": 25, "at": 1718230958.3870358}
{"obj": {"type": "LogFloats", "path": ["monitoring", "16b42f7e", "gpu_memory"], "values": [{"value": 3.7921142578125, "step": null, "ts": 1718230958.241303}]}, "version": 26, "at": 1718230958.4087293}
{"obj": {"type": "LogFloats", "path": ["monitoring", "16b42f7e", "cpu"], "values": [{"value": 43.1, "step": null, "ts": 1718230966.664506}]}, "version": 27, "at": 1718230966.6836047}
{"obj": {"type": "LogFloats", "path": ["monitoring", "16b42f7e", "memory"], "values": [{"value": 14.846698760986328, "step": null, "ts": 1718230966.664506}]}, "version": 28, "at": 1718230966.6847088}
{"obj": {"type": "LogFloats", "path": ["monitoring", "16b42f7e", "gpu_memory"], "values": [{"value": 4.3145751953125, "step": null, "ts": 1718230966.664506}]}, "version": 29, "at": 1718230966.6852496}
{"obj": {"type": "LogFloats", "path": ["monitoring", "16b42f7e", "cpu"], "values": [{"value": 41.6, "step": null, "ts": 1718230966.7211423}]}, "version": 30, "at": 1718230966.7784667}
{"obj": {"type": "LogFloats", "path": ["monitoring", "16b42f7e", "memory"], "values": [{"value": 14.911094665527344, "step": null, "ts": 1718230966.7211423}]}, "version": 31, "at": 1718230966.7808323}
{"obj": {"type": "LogFloats", "path": ["monitoring", "16b42f7e", "gpu_memory"], "values": [{"value": 4.3145751953125, "step": null, "ts": 1718230966.7211423}]}, "version": 32, "at": 1718230966.7821035}
{"obj": {"type": "LogFloats", "path": ["monitoring", "16b42f7e", "cpu"], "values": [{"value": 48.9, "step": null, "ts": 1718230967.0080156}]}, "version": 33, "at": 1718230967.0700045}
{"obj": {"type": "LogFloats", "path": ["monitoring", "16b42f7e", "memory"], "values": [{"value": 14.924575805664062, "step": null, "ts": 1718230967.0080156}]}, "version": 34, "at": 1718230967.0713675}
{"obj": {"type": "LogFloats", "path": ["monitoring", "16b42f7e", "gpu_memory"], "values": [{"value": 4.3145751953125, "step": null, "ts": 1718230967.0080156}]}, "version": 35, "at": 1718230967.0721197}
{"obj": {"type": "LogFloats", "path": ["monitoring", "16b42f7e", "cpu"], "values": [{"value": 57.5, "step": null, "ts": 1718230967.3017504}]}, "version": 36, "at": 1718230967.3417423}
{"obj": {"type": "LogFloats", "path": ["monitoring", "16b42f7e", "memory"], "values": [{"value": 14.965198516845703, "step": null, "ts": 1718230967.3017504}]}, "version": 37, "at": 1718230967.3438091}
{"obj": {"type": "LogFloats", "path": ["monitoring", "16b42f7e", "gpu_memory"], "values": [{"value": 4.3145751953125, "step": null, "ts": 1718230967.3017504}]}, "version": 38, "at": 1718230967.345762}
{"obj": {"type": "LogFloats", "path": ["monitoring", "16b42f7e", "cpu"], "values": [{"value": 42.9, "step": null, "ts": 1718230967.6162128}]}, "version": 39, "at": 1718230967.6686554}
{"obj": {"type": "LogFloats", "path": ["monitoring", "16b42f7e", "memory"], "values": [{"value": 14.987987518310547, "step": null, "ts": 1718230967.6162128}]}, "version": 40, "at": 1718230967.6704915}
{"obj": {"type": "LogFloats", "path": ["monitoring", "16b42f7e", "gpu_memory"], "values": [{"value": 4.3145751953125, "step": null, "ts": 1718230967.6162128}]}, "version": 41, "at": 1718230967.6713154}
{"obj": {"type": "LogFloats", "path": ["monitoring", "16b42f7e", "cpu"], "values": [{"value": 42.0, "step": null, "ts": 1718230967.8771088}]}, "version": 42, "at": 1718230967.9249752}
{"obj": {"type": "LogFloats", "path": ["monitoring", "16b42f7e", "memory"], "values": [{"value": 15.030220031738281, "step": null, "ts": 1718230967.8771088}]}, "version": 43, "at": 1718230967.928337}
{"obj": {"type": "LogFloats", "path": ["monitoring", "16b42f7e", "gpu_memory"], "values": [{"value": 4.3145751953125, "step": null, "ts": 1718230967.8771088}]}, "version": 44, "at": 1718230967.9291115}
{"obj": {"type": "LogFloats", "path": ["monitoring", "16b42f7e", "cpu"], "values": [{"value": 52.7, "step": null, "ts": 1718230968.1721013}]}, "version": 45, "at": 1718230968.2440815}
{"obj": {"type": "LogFloats", "path": ["monitoring", "16b42f7e", "memory"], "values": [{"value": 15.042736053466797, "step": null, "ts": 1718230968.1721013}]}, "version": 46, "at": 1718230968.2457585}
{"obj": {"type": "LogFloats", "path": ["monitoring", "16b42f7e", "gpu_memory"], "values": [{"value": 4.3145751953125, "step": null, "ts": 1718230968.1721013}]}, "version": 47, "at": 1718230968.248034}
{"obj": {"type": "LogFloats", "path": ["monitoring", "16b42f7e", "cpu"], "values": [{"value": 43.5, "step": null, "ts": 1718230968.474625}]}, "version": 48, "at": 1718230968.513067}
{"obj": {"type": "LogFloats", "path": ["monitoring", "16b42f7e", "memory"], "values": [{"value": 15.129180908203125, "step": null, "ts": 1718230968.474625}]}, "version": 49, "at": 1718230968.5140586}
{"obj": {"type": "LogFloats", "path": ["monitoring", "16b42f7e", "gpu_memory"], "values": [{"value": 4.3145751953125, "step": null, "ts": 1718230968.474625}]}, "version": 50, "at": 1718230968.5147514}
{"obj": {"type": "LogFloats", "path": ["monitoring", "16b42f7e", "cpu"], "values": [{"value": 47.5, "step": null, "ts": 1718230970.4815233}]}, "version": 51, "at": 1718230970.5276816}
{"obj": {"type": "LogFloats", "path": ["monitoring", "16b42f7e", "memory"], "values": [{"value": 14.915950775146484, "step": null, "ts": 1718230970.4815233}]}, "version": 52, "at": 1718230970.5291524}
{"obj": {"type": "LogFloats", "path": ["monitoring", "16b42f7e", "gpu_memory"], "values": [{"value": 4.3145751953125, "step": null, "ts": 1718230970.4815233}]}, "version": 53, "at": 1718230970.5312383}
{"obj": {"type": "LogFloats", "path": ["monitoring", "16b42f7e", "cpu"], "values": [{"value": 47.6, "step": null, "ts": 1718230970.7460024}]}, "version": 54, "at": 1718230970.785394}
{"obj": {"type": "LogFloats", "path": ["monitoring", "16b42f7e", "memory"], "values": [{"value": 14.954208374023438, "step": null, "ts": 1718230970.7460024}]}, "version": 55, "at": 1718230970.7868433}
{"obj": {"type": "LogFloats", "path": ["monitoring", "16b42f7e", "gpu_memory"], "values": [{"value": 4.3145751953125, "step": null, "ts": 1718230970.7460024}]}, "version": 56, "at": 1718230970.7889323}
{"obj": {"type": "LogFloats", "path": ["monitoring", "16b42f7e", "cpu"], "values": [{"value": 50.6, "step": null, "ts": 1718230971.008377}]}, "version": 57, "at": 1718230971.054611}
{"obj": {"type": "LogFloats", "path": ["monitoring", "16b42f7e", "memory"], "values": [{"value": 14.976062774658203, "step": null, "ts": 1718230971.008377}]}, "version": 58, "at": 1718230971.0563414}
{"obj": {"type": "LogFloats", "path": ["monitoring", "16b42f7e", "gpu_memory"], "values": [{"value": 4.3145751953125, "step": null, "ts": 1718230971.008377}]}, "version": 59, "at": 1718230971.0571084}
{"obj": {"type": "LogFloats", "path": ["monitoring", "16b42f7e", "cpu"], "values": [{"value": 40.2, "step": null, "ts": 1718230971.289469}]}, "version": 60, "at": 1718230971.3501463}
{"obj": {"type": "LogFloats", "path": ["monitoring", "16b42f7e", "memory"], "values": [{"value": 15.016357421875, "step": null, "ts": 1718230971.289469}]}, "version": 61, "at": 1718230971.3517776}
{"obj": {"type": "LogFloats", "path": ["monitoring", "16b42f7e", "gpu_memory"], "values": [{"value": 4.3145751953125, "step": null, "ts": 1718230971.289469}]}, "version": 62, "at": 1718230971.3542824}
{"obj": {"type": "LogFloats", "path": ["monitoring", "16b42f7e", "cpu"], "values": [{"value": 44.2, "step": null, "ts": 1718230971.5818653}]}, "version": 63, "at": 1718230971.6334412}
{"obj": {"type": "LogFloats", "path": ["monitoring", "16b42f7e", "memory"], "values": [{"value": 15.040809631347656, "step": null, "ts": 1718230971.5818653}]}, "version": 64, "at": 1718230971.6353676}
{"obj": {"type": "LogFloats", "path": ["monitoring", "16b42f7e", "gpu_memory"], "values": [{"value": 4.3145751953125, "step": null, "ts": 1718230971.5818653}]}, "version": 65, "at": 1718230971.6368036}
{"obj": {"type": "LogFloats", "path": ["monitoring", "16b42f7e", "cpu"], "values": [{"value": 51.1, "step": null, "ts": 1718230971.8482304}]}, "version": 66, "at": 1718230971.8778563}
{"obj": {"type": "LogFloats", "path": ["monitoring", "16b42f7e", "memory"], "values": [{"value": 15.078628540039062, "step": null, "ts": 1718230971.8482304}]}, "version": 67, "at": 1718230971.8796127}
{"obj": {"type": "LogFloats", "path": ["monitoring", "16b42f7e", "gpu_memory"], "values": [{"value": 4.3145751953125, "step": null, "ts": 1718230971.8482304}]}, "version": 68, "at": 1718230971.880983}
{"obj": {"type": "LogFloats", "path": ["monitoring", "16b42f7e", "cpu"], "values": [{"value": 45.1, "step": null, "ts": 1718230972.1061091}]}, "version": 69, "at": 1718230972.146653}
{"obj": {"type": "LogFloats", "path": ["monitoring", "16b42f7e", "memory"], "values": [{"value": 15.13546371459961, "step": null, "ts": 1718230972.1061091}]}, "version": 70, "at": 1718230972.149032}
{"obj": {"type": "LogFloats", "path": ["monitoring", "16b42f7e", "gpu_memory"], "values": [{"value": 4.3145751953125, "step": null, "ts": 1718230972.1061091}]}, "version": 71, "at": 1718230972.1503024}
{"obj": {"type": "LogFloats", "path": ["monitoring", "16b42f7e", "cpu"], "values": [{"value": 55.9, "step": null, "ts": 1718230972.354937}]}, "version": 72, "at": 1718230972.4115283}
{"obj": {"type": "LogFloats", "path": ["monitoring", "16b42f7e", "memory"], "values": [{"value": 15.167495727539062, "step": null, "ts": 1718230972.354937}]}, "version": 73, "at": 1718230972.4165964}
{"obj": {"type": "LogFloats", "path": ["monitoring", "16b42f7e", "gpu_memory"], "values": [{"value": 4.3145751953125, "step": null, "ts": 1718230972.354937}]}, "version": 74, "at": 1718230972.4179862}
{"obj": {"type": "LogStrings", "path": ["monitoring", "16b42f7e", "stderr"], "values": [{"value": "\r  0%|                                                                                                                                                                          | 0/600 [00:00<?, ?it/s]", "step": null, "ts": 1718230974.7878659}]}, "version": 75, "at": 1718230974.7882147}
{"obj": {"type": "LogFloats", "path": ["monitoring", "16b42f7e", "cpu"], "values": [{"value": 43.0, "step": null, "ts": 1718230974.826773}]}, "version": 76, "at": 1718230974.8938994}
{"obj": {"type": "LogFloats", "path": ["monitoring", "16b42f7e", "memory"], "values": [{"value": 14.94387435913086, "step": null, "ts": 1718230974.826773}]}, "version": 77, "at": 1718230974.8964853}
{"obj": {"type": "LogFloats", "path": ["monitoring", "16b42f7e", "gpu_memory"], "values": [{"value": 4.3145751953125, "step": null, "ts": 1718230974.826773}]}, "version": 78, "at": 1718230974.898276}
{"obj": {"type": "LogFloats", "path": ["monitoring", "16b42f7e", "cpu"], "values": [{"value": 40.3, "step": null, "ts": 1718230975.0960925}]}, "version": 79, "at": 1718230975.1423519}
{"obj": {"type": "LogFloats", "path": ["monitoring", "16b42f7e", "memory"], "values": [{"value": 14.98116683959961, "step": null, "ts": 1718230975.0960925}]}, "version": 80, "at": 1718230975.143932}
{"obj": {"type": "LogFloats", "path": ["monitoring", "16b42f7e", "gpu_memory"], "values": [{"value": 4.3145751953125, "step": null, "ts": 1718230975.0960925}]}, "version": 81, "at": 1718230975.1464415}
{"obj": {"type": "LogFloats", "path": ["monitoring", "16b42f7e", "cpu"], "values": [{"value": 53.7, "step": null, "ts": 1718230975.4132633}]}, "version": 82, "at": 1718230975.4536867}
{"obj": {"type": "LogFloats", "path": ["monitoring", "16b42f7e", "memory"], "values": [{"value": 15.002117156982422, "step": null, "ts": 1718230975.4132633}]}, "version": 83, "at": 1718230975.4556}
{"obj": {"type": "LogFloats", "path": ["monitoring", "16b42f7e", "gpu_memory"], "values": [{"value": 4.3145751953125, "step": null, "ts": 1718230975.4132633}]}, "version": 84, "at": 1718230975.4585292}
{"obj": {"type": "LogFloats", "path": ["monitoring", "16b42f7e", "cpu"], "values": [{"value": 69.5, "step": null, "ts": 1718230975.6605191}]}, "version": 85, "at": 1718230975.6921413}
{"obj": {"type": "LogFloats", "path": ["monitoring", "16b42f7e", "memory"], "values": [{"value": 15.040519714355469, "step": null, "ts": 1718230975.6605191}]}, "version": 86, "at": 1718230975.6929421}
{"obj": {"type": "LogFloats", "path": ["monitoring", "16b42f7e", "gpu_memory"], "values": [{"value": 4.3145751953125, "step": null, "ts": 1718230975.6605191}]}, "version": 87, "at": 1718230975.6933832}
{"obj": {"type": "LogFloats", "path": ["monitoring", "16b42f7e", "cpu"], "values": [{"value": 66.8, "step": null, "ts": 1718230975.9203966}]}, "version": 88, "at": 1718230975.9520288}
{"obj": {"type": "LogFloats", "path": ["monitoring", "16b42f7e", "memory"], "values": [{"value": 15.098159790039062, "step": null, "ts": 1718230975.9203966}]}, "version": 89, "at": 1718230975.9535434}
{"obj": {"type": "LogFloats", "path": ["monitoring", "16b42f7e", "gpu_memory"], "values": [{"value": 4.3145751953125, "step": null, "ts": 1718230975.9203966}]}, "version": 90, "at": 1718230975.954237}
{"obj": {"type": "LogFloats", "path": ["monitoring", "16b42f7e", "cpu"], "values": [{"value": 59.1, "step": null, "ts": 1718230976.137442}]}, "version": 91, "at": 1718230976.1879177}
{"obj": {"type": "LogFloats", "path": ["monitoring", "16b42f7e", "memory"], "values": [{"value": 15.121337890625, "step": null, "ts": 1718230976.137442}]}, "version": 92, "at": 1718230976.1899989}
{"obj": {"type": "LogFloats", "path": ["monitoring", "16b42f7e", "gpu"], "values": [{"value": 6.0, "step": null, "ts": 1718230976.137442}]}, "version": 93, "at": 1718230976.1909533}
{"obj": {"type": "LogFloats", "path": ["monitoring", "16b42f7e", "gpu_memory"], "values": [{"value": 4.3145751953125, "step": null, "ts": 1718230976.137442}]}, "version": 94, "at": 1718230976.1918976}
{"obj": {"type": "LogFloats", "path": ["monitoring", "16b42f7e", "cpu"], "values": [{"value": 40.3, "step": null, "ts": 1718230976.3907194}]}, "version": 95, "at": 1718230976.4656513}
{"obj": {"type": "LogFloats", "path": ["monitoring", "16b42f7e", "memory"], "values": [{"value": 15.158451080322266, "step": null, "ts": 1718230976.3907194}]}, "version": 96, "at": 1718230976.4682696}
{"obj": {"type": "LogFloats", "path": ["monitoring", "16b42f7e", "gpu_memory"], "values": [{"value": 4.3145751953125, "step": null, "ts": 1718230976.3907194}]}, "version": 97, "at": 1718230976.46963}
{"obj": {"type": "LogFloats", "path": ["monitoring", "16b42f7e", "cpu"], "values": [{"value": 55.4, "step": null, "ts": 1718230976.6857212}]}, "version": 98, "at": 1718230976.7402334}
{"obj": {"type": "LogFloats", "path": ["monitoring", "16b42f7e", "memory"], "values": [{"value": 15.191516876220703, "step": null, "ts": 1718230976.6857212}]}, "version": 99, "at": 1718230976.7431326}
{"obj": {"type": "LogFloats", "path": ["monitoring", "16b42f7e", "gpu_memory"], "values": [{"value": 4.3145751953125, "step": null, "ts": 1718230976.6857212}]}, "version": 100, "at": 1718230976.7440493}
{"obj": {"type": "LogFloats", "path": ["monitoring", "16b42f7e", "cpu"], "values": [{"value": 41.9, "step": null, "ts": 1718230986.744707}]}, "version": 101, "at": 1718230986.7482848}
{"obj": {"type": "LogFloats", "path": ["monitoring", "16b42f7e", "memory"], "values": [{"value": 15.235870361328125, "step": null, "ts": 1718230986.744707}]}, "version": 102, "at": 1718230986.7496347}
{"obj": {"type": "LogFloats", "path": ["monitoring", "16b42f7e", "gpu"], "values": [{"value": 59.0, "step": null, "ts": 1718230986.744707}]}, "version": 103, "at": 1718230986.7506945}
{"obj": {"type": "LogFloats", "path": ["monitoring", "16b42f7e", "gpu_memory"], "values": [{"value": 7.0157470703125, "step": null, "ts": 1718230986.744707}]}, "version": 104, "at": 1718230986.7517548}
{"obj": {"type": "LogFloats", "path": ["train", "reconstruction"], "values": [{"value": 1.0793550835080343, "step": null, "ts": 1718230993.761166}, {"value": 1.0, "step": null, "ts": 1718230993.761166}]}, "version": 105, "at": 1718230993.7619042}
{"obj": {"type": "LogFloats", "path": ["train", "kl"], "values": [{"value": 189.57472720211499, "step": null, "ts": 1718230993.7645326}, {"value": 1.0, "step": null, "ts": 1718230993.7645326}]}, "version": 106, "at": 1718230993.7648668}
{"obj": {"type": "LogFloats", "path": ["train", "dip"], "values": [{"value": 0.0, "step": null, "ts": 1718230993.7662847}, {"value": 1.0, "step": null, "ts": 1718230993.7662847}]}, "version": 107, "at": 1718230993.766566}
{"obj": {"type": "LogFloats", "path": ["train", "factor"], "values": [{"value": 0.0, "step": null, "ts": 1718230993.7679062}, {"value": 1.0, "step": null, "ts": 1718230993.7679062}]}, "version": 108, "at": 1718230993.7681367}
{"obj": {"type": "LogFloats", "path": ["train", "latent_consistency"], "values": [{"value": 6.590661217905071, "step": null, "ts": 1718230993.7692242}, {"value": 1.0, "step": null, "ts": 1718230993.7692242}]}, "version": 109, "at": 1718230993.769455}
{"obj": {"type": "LogFloats", "path": ["train", "laplacian"], "values": [{"value": 0.25503770772316686, "step": null, "ts": 1718230993.7714288}, {"value": 1.0, "step": null, "ts": 1718230993.7714288}]}, "version": 110, "at": 1718230993.7718441}
{"obj": {"type": "LogFloats", "path": ["train", "age"], "values": [{"value": 3.8139651624409305, "step": null, "ts": 1718230993.7738056}, {"value": 1.0, "step": null, "ts": 1718230993.7738056}]}, "version": 111, "at": 1718230993.7740734}
{"obj": {"type": "LogFloats", "path": ["train", "contrastive"], "values": [{"value": 10.209014221413495, "step": null, "ts": 1718230993.7752655}, {"value": 1.0, "step": null, "ts": 1718230993.7752655}]}, "version": 112, "at": 1718230993.7755144}
{"obj": {"type": "LogFloats", "path": ["train", "tot"], "values": [{"value": 49.42561674118042, "step": null, "ts": 1718230993.7767746}, {"value": 1.0, "step": null, "ts": 1718230993.7767746}]}, "version": 113, "at": 1718230993.777026}
{"obj": {"type": "LogFloats", "path": ["monitoring", "16b42f7e", "cpu"], "values": [{"value": 49.7, "step": null, "ts": 1718230993.84705}]}, "version": 114, "at": 1718230993.8988028}
{"obj": {"type": "LogFloats", "path": ["monitoring", "16b42f7e", "memory"], "values": [{"value": 14.51113510131836, "step": null, "ts": 1718230993.84705}]}, "version": 115, "at": 1718230993.9015405}
{"obj": {"type": "LogFloats", "path": ["monitoring", "16b42f7e", "gpu_memory"], "values": [{"value": 7.0157470703125, "step": null, "ts": 1718230993.84705}]}, "version": 116, "at": 1718230993.9037266}
{"obj": {"type": "LogFloats", "path": ["monitoring", "16b42f7e", "cpu"], "values": [{"value": 44.7, "step": null, "ts": 1718230994.147587}]}, "version": 117, "at": 1718230994.2025542}
{"obj": {"type": "LogFloats", "path": ["monitoring", "16b42f7e", "memory"], "values": [{"value": 14.567249298095703, "step": null, "ts": 1718230994.147587}]}, "version": 118, "at": 1718230994.2063906}
{"obj": {"type": "LogFloats", "path": ["monitoring", "16b42f7e", "gpu_memory"], "values": [{"value": 7.0157470703125, "step": null, "ts": 1718230994.147587}]}, "version": 119, "at": 1718230994.207618}
{"obj": {"type": "LogFloats", "path": ["monitoring", "16b42f7e", "cpu"], "values": [{"value": 55.1, "step": null, "ts": 1718230994.4240282}]}, "version": 120, "at": 1718230994.4717996}
{"obj": {"type": "LogFloats", "path": ["monitoring", "16b42f7e", "memory"], "values": [{"value": 14.636554718017578, "step": null, "ts": 1718230994.4240282}]}, "version": 121, "at": 1718230994.4736147}
{"obj": {"type": "LogFloats", "path": ["monitoring", "16b42f7e", "gpu_memory"], "values": [{"value": 7.0157470703125, "step": null, "ts": 1718230994.4240282}]}, "version": 122, "at": 1718230994.474337}
{"obj": {"type": "LogFloats", "path": ["monitoring", "16b42f7e", "cpu"], "values": [{"value": 57.2, "step": null, "ts": 1718230994.7057052}]}, "version": 123, "at": 1718230994.7400403}
{"obj": {"type": "LogFloats", "path": ["monitoring", "16b42f7e", "memory"], "values": [{"value": 14.64736557006836, "step": null, "ts": 1718230994.7057052}]}, "version": 124, "at": 1718230994.740801}
{"obj": {"type": "LogFloats", "path": ["monitoring", "16b42f7e", "gpu"], "values": [{"value": 6.0, "step": null, "ts": 1718230994.7057052}]}, "version": 125, "at": 1718230994.7416322}
{"obj": {"type": "LogFloats", "path": ["monitoring", "16b42f7e", "gpu_memory"], "values": [{"value": 7.0157470703125, "step": null, "ts": 1718230994.7057052}]}, "version": 126, "at": 1718230994.742022}
{"obj": {"type": "LogFloats", "path": ["monitoring", "16b42f7e", "cpu"], "values": [{"value": 41.0, "step": null, "ts": 1718230994.9679654}]}, "version": 127, "at": 1718230995.0245392}
{"obj": {"type": "LogFloats", "path": ["monitoring", "16b42f7e", "memory"], "values": [{"value": 14.686840057373047, "step": null, "ts": 1718230994.9679654}]}, "version": 128, "at": 1718230995.0266497}
{"obj": {"type": "LogFloats", "path": ["monitoring", "16b42f7e", "gpu_memory"], "values": [{"value": 7.0157470703125, "step": null, "ts": 1718230994.9679654}]}, "version": 129, "at": 1718230995.0297706}
{"obj": {"type": "LogFloats", "path": ["monitoring", "16b42f7e", "cpu"], "values": [{"value": 44.6, "step": null, "ts": 1718230995.2935169}]}, "version": 130, "at": 1718230995.3460343}
{"obj": {"type": "LogFloats", "path": ["monitoring", "16b42f7e", "memory"], "values": [{"value": 14.70977783203125, "step": null, "ts": 1718230995.2935169}]}, "version": 131, "at": 1718230995.3477077}
{"obj": {"type": "LogFloats", "path": ["monitoring", "16b42f7e", "gpu_memory"], "values": [{"value": 7.0157470703125, "step": null, "ts": 1718230995.2935169}]}, "version": 132, "at": 1718230995.3487291}
{"obj": {"type": "LogFloats", "path": ["monitoring", "16b42f7e", "cpu"], "values": [{"value": 55.7, "step": null, "ts": 1718230995.5997767}]}, "version": 133, "at": 1718230995.6288738}
{"obj": {"type": "LogFloats", "path": ["monitoring", "16b42f7e", "memory"], "values": [{"value": 14.75140380859375, "step": null, "ts": 1718230995.5997767}]}, "version": 134, "at": 1718230995.630119}
{"obj": {"type": "LogFloats", "path": ["monitoring", "16b42f7e", "gpu_memory"], "values": [{"value": 7.0157470703125, "step": null, "ts": 1718230995.5997767}]}, "version": 135, "at": 1718230995.6318529}
{"obj": {"type": "LogFloats", "path": ["monitoring", "16b42f7e", "cpu"], "values": [{"value": 42.2, "step": null, "ts": 1718230995.8504894}]}, "version": 136, "at": 1718230995.9177048}
{"obj": {"type": "LogFloats", "path": ["monitoring", "16b42f7e", "memory"], "values": [{"value": 14.794601440429688, "step": null, "ts": 1718230995.8504894}]}, "version": 137, "at": 1718230995.9199846}
{"obj": {"type": "LogFloats", "path": ["monitoring", "16b42f7e", "gpu_memory"], "values": [{"value": 7.0157470703125, "step": null, "ts": 1718230995.8504894}]}, "version": 138, "at": 1718230995.9279966}
{"obj": {"type": "LogFloats", "path": ["validation", "reconstruction"], "values": [{"value": 0.852336311340332, "step": null, "ts": 1718230997.788902}, {"value": 1.0, "step": null, "ts": 1718230997.788902}]}, "version": 139, "at": 1718230997.7891614}
{"obj": {"type": "LogFloats", "path": ["validation", "kl"], "values": [{"value": 99.15836181640626, "step": null, "ts": 1718230997.790349}, {"value": 1.0, "step": null, "ts": 1718230997.790349}]}, "version": 140, "at": 1718230997.7905219}
{"obj": {"type": "LogFloats", "path": ["validation", "dip"], "values": [{"value": 0.0, "step": null, "ts": 1718230997.79124}, {"value": 1.0, "step": null, "ts": 1718230997.79124}]}, "version": 141, "at": 1718230997.7914138}
{"obj": {"type": "LogFloats", "path": ["validation", "factor"], "values": [{"value": 0.0, "step": null, "ts": 1718230997.7933059}, {"value": 1.0, "step": null, "ts": 1718230997.7933059}]}, "version": 142, "at": 1718230997.793495}
{"obj": {"type": "LogFloats", "path": ["validation", "latent_consistency"], "values": [{"value": 0.3870109021663666, "step": null, "ts": 1718230997.79409}, {"value": 1.0, "step": null, "ts": 1718230997.79409}]}, "version": 143, "at": 1718230997.7942612}
{"obj": {"type": "LogFloats", "path": ["validation", "laplacian"], "values": [{"value": 0.046571094542741776, "step": null, "ts": 1718230997.7947986}, {"value": 1.0, "step": null, "ts": 1718230997.7947986}]}, "version": 144, "at": 1718230997.7949357}
{"obj": {"type": "LogFloats", "path": ["validation", "age"], "values": [{"value": 3.568964922428131, "step": null, "ts": 1718230997.7953434}, {"value": 1.0, "step": null, "ts": 1718230997.7953434}]}, "version": 145, "at": 1718230997.795463}
{"obj": {"type": "LogFloats", "path": ["validation", "contrastive"], "values": [{"value": 8.745734596252442, "step": null, "ts": 1718230997.7958453}, {"value": 1.0, "step": null, "ts": 1718230997.7958453}]}, "version": 146, "at": 1718230997.7959628}
{"obj": {"type": "LogFloats", "path": ["validation", "tot"], "values": [{"value": 15.384524917602539, "step": null, "ts": 1718230997.7963393}, {"value": 1.0, "step": null, "ts": 1718230997.7963393}]}, "version": 147, "at": 1718230997.7964563}
{"obj": {"type": "LogStrings", "path": ["monitoring", "16b42f7e", "stderr"], "values": [{"value": "\r  0%|\u258e                                                                                                                                                               | 1/600 [00:23<3:49:44, 23.01s/it]", "step": null, "ts": 1718230997.8045077}]}, "version": 148, "at": 1718230997.804656}
{"obj": {"type": "LogFloats", "path": ["monitoring", "16b42f7e", "cpu"], "values": [{"value": 55.0, "step": null, "ts": 1718230997.8909812}]}, "version": 149, "at": 1718230997.9339952}
{"obj": {"type": "LogFloats", "path": ["monitoring", "16b42f7e", "memory"], "values": [{"value": 14.60452651977539, "step": null, "ts": 1718230997.8909812}]}, "version": 150, "at": 1718230997.9384117}
{"obj": {"type": "LogFloats", "path": ["monitoring", "16b42f7e", "gpu_memory"], "values": [{"value": 7.0157470703125, "step": null, "ts": 1718230997.8909812}]}, "version": 151, "at": 1718230997.9399738}
{"obj": {"type": "LogFloats", "path": ["monitoring", "16b42f7e", "cpu"], "values": [{"value": 65.5, "step": null, "ts": 1718230998.1714942}]}, "version": 152, "at": 1718230998.2206888}
{"obj": {"type": "LogFloats", "path": ["monitoring", "16b42f7e", "memory"], "values": [{"value": 14.63577651977539, "step": null, "ts": 1718230998.1714942}]}, "version": 153, "at": 1718230998.2219198}
{"obj": {"type": "LogFloats", "path": ["monitoring", "16b42f7e", "gpu_memory"], "values": [{"value": 7.0157470703125, "step": null, "ts": 1718230998.1714942}]}, "version": 154, "at": 1718230998.222697}
{"obj": {"type": "LogFloats", "path": ["monitoring", "16b42f7e", "cpu"], "values": [{"value": 57.3, "step": null, "ts": 1718230998.480596}]}, "version": 155, "at": 1718230998.529659}
{"obj": {"type": "LogFloats", "path": ["monitoring", "16b42f7e", "memory"], "values": [{"value": 14.689891815185547, "step": null, "ts": 1718230998.480596}]}, "version": 156, "at": 1718230998.5315557}
{"obj": {"type": "LogFloats", "path": ["monitoring", "16b42f7e", "gpu_memory"], "values": [{"value": 7.0157470703125, "step": null, "ts": 1718230998.480596}]}, "version": 157, "at": 1718230998.5326974}
{"obj": {"type": "LogFloats", "path": ["monitoring", "16b42f7e", "cpu"], "values": [{"value": 57.3, "step": null, "ts": 1718230998.750951}]}, "version": 158, "at": 1718230998.830702}
{"obj": {"type": "LogFloats", "path": ["monitoring", "16b42f7e", "memory"], "values": [{"value": 14.725776672363281, "step": null, "ts": 1718230998.750951}]}, "version": 159, "at": 1718230998.8334482}
{"obj": {"type": "LogFloats", "path": ["monitoring", "16b42f7e", "gpu_memory"], "values": [{"value": 7.0157470703125, "step": null, "ts": 1718230998.750951}]}, "version": 160, "at": 1718230998.834475}
{"obj": {"type": "LogFloats", "path": ["monitoring", "16b42f7e", "cpu"], "values": [{"value": 46.2, "step": null, "ts": 1718230999.0567887}]}, "version": 161, "at": 1718230999.1019864}
{"obj": {"type": "LogFloats", "path": ["monitoring", "16b42f7e", "memory"], "values": [{"value": 14.784996032714844, "step": null, "ts": 1718230999.0567887}]}, "version": 162, "at": 1718230999.1084385}
{"obj": {"type": "LogFloats", "path": ["monitoring", "16b42f7e", "gpu_memory"], "values": [{"value": 7.0157470703125, "step": null, "ts": 1718230999.0567887}]}, "version": 163, "at": 1718230999.1092355}
{"obj": {"type": "LogFloats", "path": ["monitoring", "16b42f7e", "cpu"], "values": [{"value": 56.2, "step": null, "ts": 1718230999.3744323}]}, "version": 164, "at": 1718230999.4302356}
{"obj": {"type": "LogFloats", "path": ["monitoring", "16b42f7e", "memory"], "values": [{"value": 14.843681335449219, "step": null, "ts": 1718230999.3744323}]}, "version": 165, "at": 1718230999.4319897}
{"obj": {"type": "LogFloats", "path": ["monitoring", "16b42f7e", "gpu_memory"], "values": [{"value": 7.0157470703125, "step": null, "ts": 1718230999.3744323}]}, "version": 166, "at": 1718230999.4328659}
{"obj": {"type": "LogFloats", "path": ["monitoring", "16b42f7e", "cpu"], "values": [{"value": 64.1, "step": null, "ts": 1718230999.636766}]}, "version": 167, "at": 1718230999.6808703}
{"obj": {"type": "LogFloats", "path": ["monitoring", "16b42f7e", "memory"], "values": [{"value": 14.866836547851562, "step": null, "ts": 1718230999.636766}]}, "version": 168, "at": 1718230999.684527}
{"obj": {"type": "LogFloats", "path": ["monitoring", "16b42f7e", "gpu_memory"], "values": [{"value": 7.0157470703125, "step": null, "ts": 1718230999.636766}]}, "version": 169, "at": 1718230999.685601}
{"obj": {"type": "LogFloats", "path": ["monitoring", "16b42f7e", "cpu"], "values": [{"value": 46.2, "step": null, "ts": 1718230999.8885522}]}, "version": 170, "at": 1718230999.9568934}
{"obj": {"type": "LogFloats", "path": ["monitoring", "16b42f7e", "memory"], "values": [{"value": 14.925521850585938, "step": null, "ts": 1718230999.8885522}]}, "version": 171, "at": 1718230999.9762857}
{"obj": {"type": "LogFloats", "path": ["monitoring", "16b42f7e", "gpu_memory"], "values": [{"value": 7.0157470703125, "step": null, "ts": 1718230999.8885522}]}, "version": 172, "at": 1718230999.9774988}
{"obj": {"type": "LogFloats", "path": ["monitoring", "16b42f7e", "cpu"], "values": [{"value": 48.6, "step": null, "ts": 1718231009.9805682}]}, "version": 173, "at": 1718231009.9840212}
{"obj": {"type": "LogFloats", "path": ["monitoring", "16b42f7e", "memory"], "values": [{"value": 15.287925720214844, "step": null, "ts": 1718231009.9805682}]}, "version": 174, "at": 1718231009.98519}
{"obj": {"type": "LogFloats", "path": ["monitoring", "16b42f7e", "gpu"], "values": [{"value": 58.0, "step": null, "ts": 1718231009.9805682}]}, "version": 175, "at": 1718231009.9858284}
{"obj": {"type": "LogFloats", "path": ["monitoring", "16b42f7e", "gpu_memory"], "values": [{"value": 7.0157470703125, "step": null, "ts": 1718231009.9805682}]}, "version": 176, "at": 1718231009.986518}
{"obj": {"type": "LogFloats", "path": ["train", "reconstruction"], "values": [{"value": 1.0033543693692717, "step": null, "ts": 1718231016.3781593}, {"value": 2.0, "step": null, "ts": 1718231016.3781593}]}, "version": 177, "at": 1718231016.3788698}
{"obj": {"type": "LogFloats", "path": ["train", "kl"], "values": [{"value": 98.80917243434958, "step": null, "ts": 1718231016.3809445}, {"value": 2.0, "step": null, "ts": 1718231016.3809445}]}, "version": 178, "at": 1718231016.3812432}
{"obj": {"type": "LogFloats", "path": ["train", "dip"], "values": [{"value": 0.0, "step": null, "ts": 1718231016.382588}, {"value": 2.0, "step": null, "ts": 1718231016.382588}]}, "version": 179, "at": 1718231016.3828804}
{"obj": {"type": "LogFloats", "path": ["train", "factor"], "values": [{"value": 0.0, "step": null, "ts": 1718231016.3841949}, {"value": 2.0, "step": null, "ts": 1718231016.3841949}]}, "version": 180, "at": 1718231016.3845103}
{"obj": {"type": "LogFloats", "path": ["train", "latent_consistency"], "values": [{"value": 0.3657746743665983, "step": null, "ts": 1718231016.3857715}, {"value": 2.0, "step": null, "ts": 1718231016.3857715}]}, "version": 181, "at": 1718231016.3860533}
{"obj": {"type": "LogFloats", "path": ["train", "laplacian"], "values": [{"value": 0.05038491889119965, "step": null, "ts": 1718231016.3870986}, {"value": 2.0, "step": null, "ts": 1718231016.3870986}]}, "version": 182, "at": 1718231016.3873072}
{"obj": {"type": "LogFloats", "path": ["train", "age"], "values": [{"value": 3.387769672560365, "step": null, "ts": 1718231016.3881705}, {"value": 2.0, "step": null, "ts": 1718231016.3881705}]}, "version": 183, "at": 1718231016.3883867}
{"obj": {"type": "LogFloats", "path": ["train", "contrastive"], "values": [{"value": 10.252612198868842, "step": null, "ts": 1718231016.3894465}, {"value": 2.0, "step": null, "ts": 1718231016.3894465}]}, "version": 184, "at": 1718231016.389657}
{"obj": {"type": "LogFloats", "path": ["train", "tot"], "values": [{"value": 16.773938793025604, "step": null, "ts": 1718231016.3905401}, {"value": 2.0, "step": null, "ts": 1718231016.3905401}]}, "version": 185, "at": 1718231016.3907487}
{"obj": {"type": "LogFloats", "path": ["monitoring", "16b42f7e", "cpu"], "values": [{"value": 48.8, "step": null, "ts": 1718231016.4515712}]}, "version": 186, "at": 1718231016.4745345}
{"obj": {"type": "LogFloats", "path": ["monitoring", "16b42f7e", "memory"], "values": [{"value": 14.782279968261719, "step": null, "ts": 1718231016.4515712}]}, "version": 187, "at": 1718231016.4755235}
{"obj": {"type": "LogFloats", "path": ["monitoring", "16b42f7e", "gpu_memory"], "values": [{"value": 7.0157470703125, "step": null, "ts": 1718231016.4515712}]}, "version": 188, "at": 1718231016.4762275}
{"obj": {"type": "LogFloats", "path": ["monitoring", "16b42f7e", "cpu"], "values": [{"value": 57.4, "step": null, "ts": 1718231016.7360044}]}, "version": 189, "at": 1718231016.7853253}
{"obj": {"type": "LogFloats", "path": ["monitoring", "16b42f7e", "memory"], "values": [{"value": 14.843753814697266, "step": null, "ts": 1718231016.7360044}]}, "version": 190, "at": 1718231016.7870553}
{"obj": {"type": "LogFloats", "path": ["monitoring", "16b42f7e", "gpu_memory"], "values": [{"value": 7.0157470703125, "step": null, "ts": 1718231016.7360044}]}, "version": 191, "at": 1718231016.7891335}
{"obj": {"type": "LogFloats", "path": ["monitoring", "16b42f7e", "cpu"], "values": [{"value": 44.6, "step": null, "ts": 1718231017.0296376}]}, "version": 192, "at": 1718231017.088209}
{"obj": {"type": "LogFloats", "path": ["monitoring", "16b42f7e", "memory"], "values": [{"value": 14.860919952392578, "step": null, "ts": 1718231017.0296376}]}, "version": 193, "at": 1718231017.0913858}
{"obj": {"type": "LogFloats", "path": ["monitoring", "16b42f7e", "gpu_memory"], "values": [{"value": 7.0157470703125, "step": null, "ts": 1718231017.0296376}]}, "version": 194, "at": 1718231017.0953438}
{"obj": {"type": "LogFloats", "path": ["monitoring", "16b42f7e", "cpu"], "values": [{"value": 41.5, "step": null, "ts": 1718231017.331816}]}, "version": 195, "at": 1718231017.3760753}
{"obj": {"type": "LogFloats", "path": ["monitoring", "16b42f7e", "memory"], "values": [{"value": 14.899951934814453, "step": null, "ts": 1718231017.331816}]}, "version": 196, "at": 1718231017.376895}
{"obj": {"type": "LogFloats", "path": ["monitoring", "16b42f7e", "gpu_memory"], "values": [{"value": 7.0157470703125, "step": null, "ts": 1718231017.331816}]}, "version": 197, "at": 1718231017.3773277}
{"obj": {"type": "LogFloats", "path": ["monitoring", "16b42f7e", "cpu"], "values": [{"value": 49.2, "step": null, "ts": 1718231017.6113672}]}, "version": 198, "at": 1718231017.6527033}
{"obj": {"type": "LogFloats", "path": ["monitoring", "16b42f7e", "memory"], "values": [{"value": 14.937488555908203, "step": null, "ts": 1718231017.6113672}]}, "version": 199, "at": 1718231017.6543906}
{"obj": {"type": "LogFloats", "path": ["monitoring", "16b42f7e", "gpu_memory"], "values": [{"value": 7.0157470703125, "step": null, "ts": 1718231017.6113672}]}, "version": 200, "at": 1718231017.6555297}
{"obj": {"type": "LogFloats", "path": ["monitoring", "16b42f7e", "cpu"], "values": [{"value": 53.0, "step": null, "ts": 1718231017.8821878}]}, "version": 201, "at": 1718231017.9370458}
{"obj": {"type": "LogFloats", "path": ["monitoring", "16b42f7e", "memory"], "values": [{"value": 14.961444854736328, "step": null, "ts": 1718231017.8821878}]}, "version": 202, "at": 1718231017.938178}
{"obj": {"type": "LogFloats", "path": ["monitoring", "16b42f7e", "gpu_memory"], "values": [{"value": 7.0157470703125, "step": null, "ts": 1718231017.8821878}]}, "version": 203, "at": 1718231017.9385724}
{"obj": {"type": "LogFloats", "path": ["monitoring", "16b42f7e", "cpu"], "values": [{"value": 78.1, "step": null, "ts": 1718231018.163255}]}, "version": 204, "at": 1718231018.173853}
{"obj": {"type": "LogFloats", "path": ["monitoring", "16b42f7e", "memory"], "values": [{"value": 14.997028350830078, "step": null, "ts": 1718231018.163255}]}, "version": 205, "at": 1718231018.1746798}
{"obj": {"type": "LogFloats", "path": ["monitoring", "16b42f7e", "gpu_memory"], "values": [{"value": 7.0157470703125, "step": null, "ts": 1718231018.163255}]}, "version": 206, "at": 1718231018.1751473}
{"obj": {"type": "LogFloats", "path": ["monitoring", "16b42f7e", "cpu"], "values": [{"value": 45.8, "step": null, "ts": 1718231018.4328706}]}, "version": 207, "at": 1718231018.505034}
{"obj": {"type": "LogFloats", "path": ["monitoring", "16b42f7e", "memory"], "values": [{"value": 15.201927185058594, "step": null, "ts": 1718231018.4328706}]}, "version": 208, "at": 1718231018.5097873}
{"obj": {"type": "LogFloats", "path": ["monitoring", "16b42f7e", "gpu_memory"], "values": [{"value": 7.0157470703125, "step": null, "ts": 1718231018.4328706}]}, "version": 209, "at": 1718231018.5159817}
{"obj": {"type": "LogFloats", "path": ["validation", "reconstruction"], "values": [{"value": 0.8550234913825989, "step": null, "ts": 1718231020.243341}, {"value": 2.0, "step": null, "ts": 1718231020.243341}]}, "version": 210, "at": 1718231020.2435896}
{"obj": {"type": "LogFloats", "path": ["validation", "kl"], "values": [{"value": 88.76335296630859, "step": null, "ts": 1718231020.2450266}, {"value": 2.0, "step": null, "ts": 1718231020.2450266}]}, "version": 211, "at": 1718231020.2451963}
{"obj": {"type": "LogFloats", "path": ["validation", "dip"], "values": [{"value": 0.0, "step": null, "ts": 1718231020.2460732}, {"value": 2.0, "step": null, "ts": 1718231020.2460732}]}, "version": 212, "at": 1718231020.2462156}
{"obj": {"type": "LogFloats", "path": ["validation", "factor"], "values": [{"value": 0.0, "step": null, "ts": 1718231020.24702}, {"value": 2.0, "step": null, "ts": 1718231020.24702}]}, "version": 213, "at": 1718231020.247172}
{"obj": {"type": "LogFloats", "path": ["validation", "latent_consistency"], "values": [{"value": 0.38731391429901124, "step": null, "ts": 1718231020.247719}, {"value": 2.0, "step": null, "ts": 1718231020.247719}]}, "version": 214, "at": 1718231020.2478554}
{"obj": {"type": "LogFloats", "path": ["validation", "laplacian"], "values": [{"value": 0.013389184325933456, "step": null, "ts": 1718231020.2486582}, {"value": 2.0, "step": null, "ts": 1718231020.2486582}]}, "version": 215, "at": 1718231020.2487917}
{"obj": {"type": "LogFloats", "path": ["validation", "age"], "values": [{"value": 4.21262891292572, "step": null, "ts": 1718231020.2495806}, {"value": 2.0, "step": null, "ts": 1718231020.2495806}]}, "version": 216, "at": 1718231020.2497146}
{"obj": {"type": "LogFloats", "path": ["validation", "contrastive"], "values": [{"value": 6.0952541589736935, "step": null, "ts": 1718231020.2505286}, {"value": 2.0, "step": null, "ts": 1718231020.2505286}]}, "version": 217, "at": 1718231020.2506635}
{"obj": {"type": "LogFloats", "path": ["validation", "tot"], "values": [{"value": 13.210803604125976, "step": null, "ts": 1718231020.251462}, {"value": 2.0, "step": null, "ts": 1718231020.251462}]}, "version": 218, "at": 1718231020.2515945}
{"obj": {"type": "LogStrings", "path": ["monitoring", "16b42f7e", "stderr"], "values": [{"value": "\r  0%|\u258c                                                                                                                                                               | 2/600 [00:45<3:46:05, 22.68s/it]", "step": null, "ts": 1718231020.2595475}]}, "version": 219, "at": 1718231020.2598844}
{"obj": {"type": "LogFloats", "path": ["monitoring", "16b42f7e", "cpu"], "values": [{"value": 45.4, "step": null, "ts": 1718231020.3163447}]}, "version": 220, "at": 1718231020.340517}
{"obj": {"type": "LogFloats", "path": ["monitoring", "16b42f7e", "memory"], "values": [{"value": 15.03317642211914, "step": null, "ts": 1718231020.3163447}]}, "version": 221, "at": 1718231020.3422022}
{"obj": {"type": "LogFloats", "path": ["monitoring", "16b42f7e", "gpu_memory"], "values": [{"value": 7.0157470703125, "step": null, "ts": 1718231020.3163447}]}, "version": 222, "at": 1718231020.3433115}
{"obj": {"type": "LogFloats", "path": ["monitoring", "16b42f7e", "cpu"], "values": [{"value": 38.6, "step": null, "ts": 1718231020.6007357}]}, "version": 223, "at": 1718231020.6619554}
{"obj": {"type": "LogFloats", "path": ["monitoring", "16b42f7e", "memory"], "values": [{"value": 14.804496765136719, "step": null, "ts": 1718231020.6007357}]}, "version": 224, "at": 1718231020.663837}
{"obj": {"type": "LogFloats", "path": ["monitoring", "16b42f7e", "gpu_memory"], "values": [{"value": 7.0157470703125, "step": null, "ts": 1718231020.6007357}]}, "version": 225, "at": 1718231020.6661968}
{"obj": {"type": "LogFloats", "path": ["monitoring", "16b42f7e", "cpu"], "values": [{"value": 60.9, "step": null, "ts": 1718231020.893735}]}, "version": 226, "at": 1718231020.9653199}
{"obj": {"type": "LogFloats", "path": ["monitoring", "16b42f7e", "memory"], "values": [{"value": 14.507423400878906, "step": null, "ts": 1718231020.893735}]}, "version": 227, "at": 1718231020.967212}
{"obj": {"type": "LogFloats", "path": ["monitoring", "16b42f7e", "gpu"], "values": [{"value": 6.0, "step": null, "ts": 1718231020.893735}]}, "version": 228, "at": 1718231020.9700806}
{"obj": {"type": "LogFloats", "path": ["monitoring", "16b42f7e", "gpu_memory"], "values": [{"value": 7.0157470703125, "step": null, "ts": 1718231020.893735}]}, "version": 229, "at": 1718231020.9718893}
{"obj": {"type": "LogFloats", "path": ["monitoring", "16b42f7e", "cpu"], "values": [{"value": 65.5, "step": null, "ts": 1718231021.2019384}]}, "version": 230, "at": 1718231021.2835693}
{"obj": {"type": "LogFloats", "path": ["monitoring", "16b42f7e", "memory"], "values": [{"value": 14.535064697265625, "step": null, "ts": 1718231021.2019384}]}, "version": 231, "at": 1718231021.285963}
{"obj": {"type": "LogFloats", "path": ["monitoring", "16b42f7e", "gpu_memory"], "values": [{"value": 7.0157470703125, "step": null, "ts": 1718231021.2019384}]}, "version": 232, "at": 1718231021.2871618}
{"obj": {"type": "LogFloats", "path": ["monitoring", "16b42f7e", "cpu"], "values": [{"value": 53.1, "step": null, "ts": 1718231021.5592728}]}, "version": 233, "at": 1718231021.5875816}
{"obj": {"type": "LogFloats", "path": ["monitoring", "16b42f7e", "memory"], "values": [{"value": 14.58188247680664, "step": null, "ts": 1718231021.5592728}]}, "version": 234, "at": 1718231021.5893824}
{"obj": {"type": "LogFloats", "path": ["monitoring", "16b42f7e", "gpu_memory"], "values": [{"value": 7.0157470703125, "step": null, "ts": 1718231021.5592728}]}, "version": 235, "at": 1718231021.5917597}
{"obj": {"type": "LogFloats", "path": ["monitoring", "16b42f7e", "cpu"], "values": [{"value": 40.3, "step": null, "ts": 1718231021.8450873}]}, "version": 236, "at": 1718231021.878672}
{"obj": {"type": "LogFloats", "path": ["monitoring", "16b42f7e", "memory"], "values": [{"value": 14.621055603027344, "step": null, "ts": 1718231021.8450873}]}, "version": 237, "at": 1718231021.8802629}
{"obj": {"type": "LogFloats", "path": ["monitoring", "16b42f7e", "gpu_memory"], "values": [{"value": 7.0157470703125, "step": null, "ts": 1718231021.8450873}]}, "version": 238, "at": 1718231021.881861}
{"obj": {"type": "LogFloats", "path": ["monitoring", "16b42f7e", "cpu"], "values": [{"value": 46.0, "step": null, "ts": 1718231022.0486193}]}, "version": 239, "at": 1718231022.099602}
{"obj": {"type": "LogFloats", "path": ["monitoring", "16b42f7e", "memory"], "values": [{"value": 14.645008087158203, "step": null, "ts": 1718231022.0486193}]}, "version": 240, "at": 1718231022.1019194}
{"obj": {"type": "LogFloats", "path": ["monitoring", "16b42f7e", "gpu_memory"], "values": [{"value": 7.0157470703125, "step": null, "ts": 1718231022.0486193}]}, "version": 241, "at": 1718231022.102624}
{"obj": {"type": "LogFloats", "path": ["monitoring", "16b42f7e", "cpu"], "values": [{"value": 46.9, "step": null, "ts": 1718231022.3561761}]}, "version": 242, "at": 1718231022.4136634}
{"obj": {"type": "LogFloats", "path": ["monitoring", "16b42f7e", "memory"], "values": [{"value": 14.705146789550781, "step": null, "ts": 1718231022.3561761}]}, "version": 243, "at": 1718231022.418746}
{"obj": {"type": "LogFloats", "path": ["monitoring", "16b42f7e", "gpu_memory"], "values": [{"value": 7.0157470703125, "step": null, "ts": 1718231022.3561761}]}, "version": 244, "at": 1718231022.4234238}
{"obj": {"type": "LogFloats", "path": ["monitoring", "16b42f7e", "cpu"], "values": [{"value": 49.0, "step": null, "ts": 1718231032.4253788}]}, "version": 245, "at": 1718231032.4290526}
{"obj": {"type": "LogFloats", "path": ["monitoring", "16b42f7e", "memory"], "values": [{"value": 15.075149536132812, "step": null, "ts": 1718231032.4253788}]}, "version": 246, "at": 1718231032.4303021}
{"obj": {"type": "LogFloats", "path": ["monitoring", "16b42f7e", "gpu"], "values": [{"value": 69.0, "step": null, "ts": 1718231032.4253788}]}, "version": 247, "at": 1718231032.4310803}
{"obj": {"type": "LogFloats", "path": ["monitoring", "16b42f7e", "gpu_memory"], "values": [{"value": 7.0157470703125, "step": null, "ts": 1718231032.4253788}]}, "version": 248, "at": 1718231032.431824}
{"obj": {"type": "LogFloats", "path": ["train", "reconstruction"], "values": [{"value": 0.9999805492897557, "step": null, "ts": 1718231038.4084883}, {"value": 3.0, "step": null, "ts": 1718231038.4084883}]}, "version": 249, "at": 1718231038.4093094}
{"obj": {"type": "LogFloats", "path": ["train", "kl"], "values": [{"value": 88.93762645982716, "step": null, "ts": 1718231038.4116795}, {"value": 3.0, "step": null, "ts": 1718231038.4116795}]}, "version": 250, "at": 1718231038.4120445}
{"obj": {"type": "LogFloats", "path": ["train", "dip"], "values": [{"value": 0.0, "step": null, "ts": 1718231038.4135897}, {"value": 3.0, "step": null, "ts": 1718231038.4135897}]}, "version": 251, "at": 1718231038.4139187}
{"obj": {"type": "LogFloats", "path": ["train", "factor"], "values": [{"value": 0.0, "step": null, "ts": 1718231038.4154608}, {"value": 3.0, "step": null, "ts": 1718231038.4154608}]}, "version": 252, "at": 1718231038.4157796}
{"obj": {"type": "LogFloats", "path": ["train", "latent_consistency"], "values": [{"value": 0.35770564659001075, "step": null, "ts": 1718231038.4170866}, {"value": 3.0, "step": null, "ts": 1718231038.4170866}]}, "version": 253, "at": 1718231038.417396}
{"obj": {"type": "LogFloats", "path": ["train", "laplacian"], "values": [{"value": 0.02086107203201072, "step": null, "ts": 1718231038.4186985}, {"value": 3.0, "step": null, "ts": 1718231038.4186985}]}, "version": 254, "at": 1718231038.4190044}
{"obj": {"type": "LogFloats", "path": ["train", "age"], "values": [{"value": 4.716274705243437, "step": null, "ts": 1718231038.4201508}, {"value": 3.0, "step": null, "ts": 1718231038.4201508}]}, "version": 255, "at": 1718231038.4203782}
{"obj": {"type": "LogFloats", "path": ["train", "contrastive"], "values": [{"value": 9.769731152547548, "step": null, "ts": 1718231038.4213648}, {"value": 3.0, "step": null, "ts": 1718231038.4213648}]}, "version": 256, "at": 1718231038.4215913}
{"obj": {"type": "LogFloats", "path": ["train", "tot"], "values": [{"value": 17.42328876338593, "step": null, "ts": 1718231038.4226918}, {"value": 3.0, "step": null, "ts": 1718231038.4226918}]}, "version": 257, "at": 1718231038.4229238}
{"obj": {"type": "LogFloats", "path": ["monitoring", "16b42f7e", "cpu"], "values": [{"value": 45.4, "step": null, "ts": 1718231038.4834175}]}, "version": 258, "at": 1718231038.556007}
{"obj": {"type": "LogFloats", "path": ["monitoring", "16b42f7e", "memory"], "values": [{"value": 14.701648712158203, "step": null, "ts": 1718231038.4834175}]}, "version": 259, "at": 1718231038.5595615}
{"obj": {"type": "LogFloats", "path": ["monitoring", "16b42f7e", "gpu_memory"], "values": [{"value": 7.0157470703125, "step": null, "ts": 1718231038.4834175}]}, "version": 260, "at": 1718231038.5624418}
{"obj": {"type": "LogFloats", "path": ["monitoring", "16b42f7e", "cpu"], "values": [{"value": 49.3, "step": null, "ts": 1718231038.804947}]}, "version": 261, "at": 1718231038.857007}
{"obj": {"type": "LogFloats", "path": ["monitoring", "16b42f7e", "memory"], "values": [{"value": 14.773883819580078, "step": null, "ts": 1718231038.804947}]}, "version": 262, "at": 1718231038.8591027}
{"obj": {"type": "LogFloats", "path": ["monitoring", "16b42f7e", "gpu_memory"], "values": [{"value": 7.0157470703125, "step": null, "ts": 1718231038.804947}]}, "version": 263, "at": 1718231038.8613524}
{"obj": {"type": "LogFloats", "path": ["monitoring", "16b42f7e", "cpu"], "values": [{"value": 59.0, "step": null, "ts": 1718231039.1091797}]}, "version": 264, "at": 1718231039.158419}
{"obj": {"type": "LogFloats", "path": ["monitoring", "16b42f7e", "memory"], "values": [{"value": 14.777297973632812, "step": null, "ts": 1718231039.1091797}]}, "version": 265, "at": 1718231039.1601405}
{"obj": {"type": "LogFloats", "path": ["monitoring", "16b42f7e", "gpu_memory"], "values": [{"value": 7.0157470703125, "step": null, "ts": 1718231039.1091797}]}, "version": 266, "at": 1718231039.1621785}
{"obj": {"type": "LogFloats", "path": ["monitoring", "16b42f7e", "cpu"], "values": [{"value": 52.7, "step": null, "ts": 1718231039.4354887}]}, "version": 267, "at": 1718231039.440946}
{"obj": {"type": "LogFloats", "path": ["monitoring", "16b42f7e", "memory"], "values": [{"value": 14.819427490234375, "step": null, "ts": 1718231039.4354887}]}, "version": 268, "at": 1718231039.442764}
{"obj": {"type": "LogFloats", "path": ["monitoring", "16b42f7e", "gpu_memory"], "values": [{"value": 7.0157470703125, "step": null, "ts": 1718231039.4354887}]}, "version": 269, "at": 1718231039.4431973}
{"obj": {"type": "LogFloats", "path": ["monitoring", "16b42f7e", "cpu"], "values": [{"value": 41.5, "step": null, "ts": 1718231039.6871545}]}, "version": 270, "at": 1718231039.748221}
{"obj": {"type": "LogFloats", "path": ["monitoring", "16b42f7e", "memory"], "values": [{"value": 14.860553741455078, "step": null, "ts": 1718231039.6871545}]}, "version": 271, "at": 1718231039.7506642}
{"obj": {"type": "LogFloats", "path": ["monitoring", "16b42f7e", "gpu_memory"], "values": [{"value": 7.0157470703125, "step": null, "ts": 1718231039.6871545}]}, "version": 272, "at": 1718231039.7540581}
{"obj": {"type": "LogFloats", "path": ["monitoring", "16b42f7e", "cpu"], "values": [{"value": 53.0, "step": null, "ts": 1718231039.9761305}]}, "version": 273, "at": 1718231040.0492387}
{"obj": {"type": "LogFloats", "path": ["monitoring", "16b42f7e", "memory"], "values": [{"value": 14.88357162475586, "step": null, "ts": 1718231039.9761305}]}, "version": 274, "at": 1718231040.0509498}
{"obj": {"type": "LogFloats", "path": ["monitoring", "16b42f7e", "gpu_memory"], "values": [{"value": 7.0157470703125, "step": null, "ts": 1718231039.9761305}]}, "version": 275, "at": 1718231040.0520594}
{"obj": {"type": "LogFloats", "path": ["monitoring", "16b42f7e", "cpu"], "values": [{"value": 46.9, "step": null, "ts": 1718231040.3326578}]}, "version": 276, "at": 1718231040.3733714}
{"obj": {"type": "LogFloats", "path": ["monitoring", "16b42f7e", "memory"], "values": [{"value": 14.9237060546875, "step": null, "ts": 1718231040.3326578}]}, "version": 277, "at": 1718231040.3754075}
{"obj": {"type": "LogFloats", "path": ["monitoring", "16b42f7e", "gpu_memory"], "values": [{"value": 7.0157470703125, "step": null, "ts": 1718231040.3326578}]}, "version": 278, "at": 1718231040.376158}
{"obj": {"type": "LogFloats", "path": ["monitoring", "16b42f7e", "cpu"], "values": [{"value": 58.5, "step": null, "ts": 1718231040.600706}]}, "version": 279, "at": 1718231040.6756716}
{"obj": {"type": "LogFloats", "path": ["monitoring", "16b42f7e", "memory"], "values": [{"value": 14.964515686035156, "step": null, "ts": 1718231040.600706}]}, "version": 280, "at": 1718231040.6788845}
{"obj": {"type": "LogFloats", "path": ["monitoring", "16b42f7e", "gpu_memory"], "values": [{"value": 7.0157470703125, "step": null, "ts": 1718231040.600706}]}, "version": 281, "at": 1718231040.6838472}
{"obj": {"type": "LogFloats", "path": ["validation", "reconstruction"], "values": [{"value": 0.8513601064682007, "step": null, "ts": 1718231043.1391296}, {"value": 3.0, "step": null, "ts": 1718231043.1391296}]}, "version": 282, "at": 1718231043.1396577}
{"obj": {"type": "LogFloats", "path": ["validation", "kl"], "values": [{"value": 82.12696685791016, "step": null, "ts": 1718231043.141343}, {"value": 3.0, "step": null, "ts": 1718231043.141343}]}, "version": 283, "at": 1718231043.141618}
{"obj": {"type": "LogFloats", "path": ["validation", "dip"], "values": [{"value": 0.0, "step": null, "ts": 1718231043.1426601}, {"value": 3.0, "step": null, "ts": 1718231043.1426601}]}, "version": 284, "at": 1718231043.1428573}
{"obj": {"type": "LogFloats", "path": ["validation", "factor"], "values": [{"value": 0.0, "step": null, "ts": 1718231043.1437492}, {"value": 3.0, "step": null, "ts": 1718231043.1437492}]}, "version": 285, "at": 1718231043.1439292}
{"obj": {"type": "LogFloats", "path": ["validation", "latent_consistency"], "values": [{"value": 0.3455701768398285, "step": null, "ts": 1718231043.1447144}, {"value": 3.0, "step": null, "ts": 1718231043.1447144}]}, "version": 286, "at": 1718231043.1448898}
{"obj": {"type": "LogFloats", "path": ["validation", "laplacian"], "values": [{"value": 0.007942313514649867, "step": null, "ts": 1718231043.145628}, {"value": 3.0, "step": null, "ts": 1718231043.145628}]}, "version": 287, "at": 1718231043.145803}
{"obj": {"type": "LogFloats", "path": ["validation", "age"], "values": [{"value": 10.520458793640136, "step": null, "ts": 1718231043.1465287}, {"value": 3.0, "step": null, "ts": 1718231043.1465287}]}, "version": 288, "at": 1718231043.1467037}
{"obj": {"type": "LogFloats", "path": ["validation", "contrastive"], "values": [{"value": 8.274042797088622, "step": null, "ts": 1718231043.1474338}, {"value": 3.0, "step": null, "ts": 1718231043.1474338}]}, "version": 289, "at": 1718231043.147608}
{"obj": {"type": "LogFloats", "path": ["validation", "tot"], "values": [{"value": 21.454487609863282, "step": null, "ts": 1718231043.1483383}, {"value": 3.0, "step": null, "ts": 1718231043.1483383}]}, "version": 290, "at": 1718231043.1485124}
{"obj": {"type": "LogStrings", "path": ["monitoring", "16b42f7e", "stderr"], "values": [{"value": "\r  0%|\u258a                                                                                                                                                               | 3/600 [01:08<3:46:40, 22.78s/it]", "step": null, "ts": 1718231043.1578596}]}, "version": 291, "at": 1718231043.1580656}
{"obj": {"type": "LogFloats", "path": ["monitoring", "16b42f7e", "cpu"], "values": [{"value": 48.3, "step": null, "ts": 1718231043.2285576}]}, "version": 292, "at": 1718231043.2722538}
{"obj": {"type": "LogFloats", "path": ["monitoring", "16b42f7e", "memory"], "values": [{"value": 14.778507232666016, "step": null, "ts": 1718231043.2285576}]}, "version": 293, "at": 1718231043.27329}
{"obj": {"type": "LogFloats", "path": ["monitoring", "16b42f7e", "gpu_memory"], "values": [{"value": 7.0157470703125, "step": null, "ts": 1718231043.2285576}]}, "version": 294, "at": 1718231043.2745278}
{"obj": {"type": "LogFloats", "path": ["monitoring", "16b42f7e", "cpu"], "values": [{"value": 56.1, "step": null, "ts": 1718231043.5548086}]}, "version": 295, "at": 1718231043.613281}
{"obj": {"type": "LogFloats", "path": ["monitoring", "16b42f7e", "memory"], "values": [{"value": 14.830482482910156, "step": null, "ts": 1718231043.5548086}]}, "version": 296, "at": 1718231043.6154952}
{"obj": {"type": "LogFloats", "path": ["monitoring", "16b42f7e", "gpu_memory"], "values": [{"value": 7.0157470703125, "step": null, "ts": 1718231043.5548086}]}, "version": 297, "at": 1718231043.6162891}
{"obj": {"type": "LogFloats", "path": ["monitoring", "16b42f7e", "cpu"], "values": [{"value": 54.5, "step": null, "ts": 1718231043.8569121}]}, "version": 298, "at": 1718231043.927861}
{"obj": {"type": "LogFloats", "path": ["monitoring", "16b42f7e", "memory"], "values": [{"value": 14.853614807128906, "step": null, "ts": 1718231043.8569121}]}, "version": 299, "at": 1718231043.9306436}
{"obj": {"type": "LogFloats", "path": ["monitoring", "16b42f7e", "gpu_memory"], "values": [{"value": 7.0157470703125, "step": null, "ts": 1718231043.8569121}]}, "version": 300, "at": 1718231043.9340658}
{"obj": {"type": "LogFloats", "path": ["monitoring", "16b42f7e", "cpu"], "values": [{"value": 53.9, "step": null, "ts": 1718231044.186125}]}, "version": 301, "at": 1718231044.228139}
{"obj": {"type": "LogFloats", "path": ["monitoring", "16b42f7e", "memory"], "values": [{"value": 14.911506652832031, "step": null, "ts": 1718231044.186125}]}, "version": 302, "at": 1718231044.2301054}
{"obj": {"type": "LogFloats", "path": ["monitoring", "16b42f7e", "gpu_memory"], "values": [{"value": 7.0157470703125, "step": null, "ts": 1718231044.186125}]}, "version": 303, "at": 1718231044.232133}
{"obj": {"type": "LogFloats", "path": ["monitoring", "16b42f7e", "cpu"], "values": [{"value": 40.9, "step": null, "ts": 1718231044.4496899}]}, "version": 304, "at": 1718231044.5130026}
{"obj": {"type": "LogFloats", "path": ["monitoring", "16b42f7e", "memory"], "values": [{"value": 14.954975128173828, "step": null, "ts": 1718231044.4496899}]}, "version": 305, "at": 1718231044.5173063}
{"obj": {"type": "LogFloats", "path": ["monitoring", "16b42f7e", "gpu_memory"], "values": [{"value": 7.0157470703125, "step": null, "ts": 1718231044.4496899}]}, "version": 306, "at": 1718231044.5191283}
{"obj": {"type": "LogFloats", "path": ["monitoring", "16b42f7e", "cpu"], "values": [{"value": 49.3, "step": null, "ts": 1718231044.7544239}]}, "version": 307, "at": 1718231044.8330483}
{"obj": {"type": "LogFloats", "path": ["monitoring", "16b42f7e", "memory"], "values": [{"value": 14.990917205810547, "step": null, "ts": 1718231044.7544239}]}, "version": 308, "at": 1718231044.8364415}
{"obj": {"type": "LogFloats", "path": ["monitoring", "16b42f7e", "gpu_memory"], "values": [{"value": 7.0157470703125, "step": null, "ts": 1718231044.7544239}]}, "version": 309, "at": 1718231044.8384142}
{"obj": {"type": "LogFloats", "path": ["monitoring", "16b42f7e", "cpu"], "values": [{"value": 45.3, "step": null, "ts": 1718231045.0624301}]}, "version": 310, "at": 1718231045.1260707}
{"obj": {"type": "LogFloats", "path": ["monitoring", "16b42f7e", "memory"], "values": [{"value": 15.018108367919922, "step": null, "ts": 1718231045.0624301}]}, "version": 311, "at": 1718231045.1289651}
{"obj": {"type": "LogFloats", "path": ["monitoring", "16b42f7e", "gpu_memory"], "values": [{"value": 7.0157470703125, "step": null, "ts": 1718231045.0624301}]}, "version": 312, "at": 1718231045.1310012}
{"obj": {"type": "LogFloats", "path": ["monitoring", "16b42f7e", "cpu"], "values": [{"value": 58.0, "step": null, "ts": 1718231045.3571687}]}, "version": 313, "at": 1718231045.3987126}
{"obj": {"type": "LogFloats", "path": ["monitoring", "16b42f7e", "memory"], "values": [{"value": 15.052043914794922, "step": null, "ts": 1718231045.3571687}]}, "version": 314, "at": 1718231045.403493}
{"obj": {"type": "LogFloats", "path": ["monitoring", "16b42f7e", "gpu_memory"], "values": [{"value": 7.0157470703125, "step": null, "ts": 1718231045.3571687}]}, "version": 315, "at": 1718231045.4074447}
{"obj": {"type": "LogFloats", "path": ["monitoring", "16b42f7e", "cpu"], "values": [{"value": 44.8, "step": null, "ts": 1718231055.4135282}]}, "version": 316, "at": 1718231055.4204192}
{"obj": {"type": "LogFloats", "path": ["monitoring", "16b42f7e", "memory"], "values": [{"value": 15.41646957397461, "step": null, "ts": 1718231055.4135282}]}, "version": 317, "at": 1718231055.422622}
{"obj": {"type": "LogFloats", "path": ["monitoring", "16b42f7e", "gpu"], "values": [{"value": 64.0, "step": null, "ts": 1718231055.4135282}]}, "version": 318, "at": 1718231055.4242516}
{"obj": {"type": "LogFloats", "path": ["monitoring", "16b42f7e", "gpu_memory"], "values": [{"value": 7.0157470703125, "step": null, "ts": 1718231055.4135282}]}, "version": 319, "at": 1718231055.4251788}
{"obj": {"type": "LogFloats", "path": ["train", "reconstruction"], "values": [{"value": 1.0104708745055002, "step": null, "ts": 1718231061.452435}, {"value": 4.0, "step": null, "ts": 1718231061.452435}]}, "version": 320, "at": 1718231061.4527724}
{"obj": {"type": "LogFloats", "path": ["train", "kl"], "values": [{"value": 79.82048275046152, "step": null, "ts": 1718231061.454175}, {"value": 4.0, "step": null, "ts": 1718231061.454175}]}, "version": 321, "at": 1718231061.4544308}
{"obj": {"type": "LogFloats", "path": ["train", "dip"], "values": [{"value": 0.0, "step": null, "ts": 1718231061.4554284}, {"value": 4.0, "step": null, "ts": 1718231061.4554284}]}, "version": 322, "at": 1718231061.4556744}
{"obj": {"type": "LogFloats", "path": ["train", "factor"], "values": [{"value": 0.0, "step": null, "ts": 1718231061.456619}, {"value": 4.0, "step": null, "ts": 1718231061.456619}]}, "version": 323, "at": 1718231061.4568617}
{"obj": {"type": "LogFloats", "path": ["train", "latent_consistency"], "values": [{"value": 0.3460612427698423, "step": null, "ts": 1718231061.4577749}, {"value": 4.0, "step": null, "ts": 1718231061.4577749}]}, "version": 324, "at": 1718231061.457994}
{"obj": {"type": "LogFloats", "path": ["train", "laplacian"], "values": [{"value": 0.013265553619457434, "step": null, "ts": 1718231061.4588346}, {"value": 4.0, "step": null, "ts": 1718231061.4588346}]}, "version": 325, "at": 1718231061.4590402}
{"obj": {"type": "LogFloats", "path": ["train", "age"], "values": [{"value": 6.011458075209839, "step": null, "ts": 1718231061.4598763}, {"value": 4.0, "step": null, "ts": 1718231061.4598763}]}, "version": 326, "at": 1718231061.460077}
{"obj": {"type": "LogFloats", "path": ["train", "contrastive"], "values": [{"value": 10.283363427201362, "step": null, "ts": 1718231061.4608767}, {"value": 4.0, "step": null, "ts": 1718231061.4608767}]}, "version": 327, "at": 1718231061.4610631}
{"obj": {"type": "LogFloats", "path": ["train", "tot"], "values": [{"value": 19.14183649298263, "step": null, "ts": 1718231061.4618654}, {"value": 4.0, "step": null, "ts": 1718231061.4618654}]}, "version": 328, "at": 1718231061.462057}
{"obj": {"type": "LogFloats", "path": ["monitoring", "16b42f7e", "cpu"], "values": [{"value": 42.1, "step": null, "ts": 1718231061.5329165}]}, "version": 329, "at": 1718231061.567758}
{"obj": {"type": "LogFloats", "path": ["monitoring", "16b42f7e", "memory"], "values": [{"value": 14.626705169677734, "step": null, "ts": 1718231061.5329165}]}, "version": 330, "at": 1718231061.5700133}
{"obj": {"type": "LogFloats", "path": ["monitoring", "16b42f7e", "gpu"], "values": [{"value": 1.0, "step": null, "ts": 1718231061.5329165}]}, "version": 331, "at": 1718231061.5709357}
{"obj": {"type": "LogFloats", "path": ["monitoring", "16b42f7e", "gpu_memory"], "values": [{"value": 7.0157470703125, "step": null, "ts": 1718231061.5329165}]}, "version": 332, "at": 1718231061.5737107}
{"obj": {"type": "LogFloats", "path": ["monitoring", "16b42f7e", "cpu"], "values": [{"value": 41.2, "step": null, "ts": 1718231061.8853314}]}, "version": 333, "at": 1718231061.943567}
{"obj": {"type": "LogFloats", "path": ["monitoring", "16b42f7e", "memory"], "values": [{"value": 14.664562225341797, "step": null, "ts": 1718231061.8853314}]}, "version": 334, "at": 1718231061.9455566}
{"obj": {"type": "LogFloats", "path": ["monitoring", "16b42f7e", "gpu_memory"], "values": [{"value": 7.0157470703125, "step": null, "ts": 1718231061.8853314}]}, "version": 335, "at": 1718231061.9474466}
{"obj": {"type": "LogFloats", "path": ["monitoring", "16b42f7e", "cpu"], "values": [{"value": 44.9, "step": null, "ts": 1718231062.1739507}]}, "version": 336, "at": 1718231062.2321384}
{"obj": {"type": "LogFloats", "path": ["monitoring", "16b42f7e", "memory"], "values": [{"value": 14.705020904541016, "step": null, "ts": 1718231062.1739507}]}, "version": 337, "at": 1718231062.23413}
{"obj": {"type": "LogFloats", "path": ["monitoring", "16b42f7e", "gpu_memory"], "values": [{"value": 7.0157470703125, "step": null, "ts": 1718231062.1739507}]}, "version": 338, "at": 1718231062.2363336}
{"obj": {"type": "LogFloats", "path": ["monitoring", "16b42f7e", "cpu"], "values": [{"value": 51.1, "step": null, "ts": 1718231062.4826956}]}, "version": 339, "at": 1718231062.53422}
{"obj": {"type": "LogFloats", "path": ["monitoring", "16b42f7e", "memory"], "values": [{"value": 14.725456237792969, "step": null, "ts": 1718231062.4826956}]}, "version": 340, "at": 1718231062.5380318}
{"obj": {"type": "LogFloats", "path": ["monitoring", "16b42f7e", "gpu_memory"], "values": [{"value": 7.0157470703125, "step": null, "ts": 1718231062.4826956}]}, "version": 341, "at": 1718231062.540528}
{"obj": {"type": "LogFloats", "path": ["monitoring", "16b42f7e", "cpu"], "values": [{"value": 49.0, "step": null, "ts": 1718231062.785048}]}, "version": 342, "at": 1718231062.8476489}
{"obj": {"type": "LogFloats", "path": ["monitoring", "16b42f7e", "memory"], "values": [{"value": 14.819103240966797, "step": null, "ts": 1718231062.785048}]}, "version": 343, "at": 1718231062.8507664}
{"obj": {"type": "LogFloats", "path": ["monitoring", "16b42f7e", "gpu_memory"], "values": [{"value": 7.0157470703125, "step": null, "ts": 1718231062.785048}]}, "version": 344, "at": 1718231062.8517509}
{"obj": {"type": "LogFloats", "path": ["monitoring", "16b42f7e", "cpu"], "values": [{"value": 57.1, "step": null, "ts": 1718231063.102936}]}, "version": 345, "at": 1718231063.1791377}
{"obj": {"type": "LogFloats", "path": ["monitoring", "16b42f7e", "memory"], "values": [{"value": 14.828742980957031, "step": null, "ts": 1718231063.102936}]}, "version": 346, "at": 1718231063.1820138}
{"obj": {"type": "LogFloats", "path": ["monitoring", "16b42f7e", "gpu_memory"], "values": [{"value": 7.0157470703125, "step": null, "ts": 1718231063.102936}]}, "version": 347, "at": 1718231063.183228}
{"obj": {"type": "LogFloats", "path": ["monitoring", "16b42f7e", "cpu"], "values": [{"value": 46.8, "step": null, "ts": 1718231063.489037}]}, "version": 348, "at": 1718231063.5339973}
{"obj": {"type": "LogFloats", "path": ["monitoring", "16b42f7e", "memory"], "values": [{"value": 14.852779388427734, "step": null, "ts": 1718231063.489037}]}, "version": 349, "at": 1718231063.5379674}
{"obj": {"type": "LogFloats", "path": ["monitoring", "16b42f7e", "gpu_memory"], "values": [{"value": 7.0157470703125, "step": null, "ts": 1718231063.489037}]}, "version": 350, "at": 1718231063.5409029}
{"obj": {"type": "LogFloats", "path": ["monitoring", "16b42f7e", "cpu"], "values": [{"value": 40.4, "step": null, "ts": 1718231063.7593043}]}, "version": 351, "at": 1718231063.7979672}
{"obj": {"type": "LogFloats", "path": ["monitoring", "16b42f7e", "memory"], "values": [{"value": 14.894874572753906, "step": null, "ts": 1718231063.7593043}]}, "version": 352, "at": 1718231063.798701}
{"obj": {"type": "LogFloats", "path": ["monitoring", "16b42f7e", "gpu_memory"], "values": [{"value": 7.0157470703125, "step": null, "ts": 1718231063.7593043}]}, "version": 353, "at": 1718231063.7991898}
{"obj": {"type": "LogFloats", "path": ["validation", "reconstruction"], "values": [{"value": 0.8677142977714538, "step": null, "ts": 1718231065.3385816}, {"value": 4.0, "step": null, "ts": 1718231065.3385816}]}, "version": 354, "at": 1718231065.3392563}
{"obj": {"type": "LogFloats", "path": ["validation", "kl"], "values": [{"value": 70.85723266601562, "step": null, "ts": 1718231065.342358}, {"value": 4.0, "step": null, "ts": 1718231065.342358}]}, "version": 355, "at": 1718231065.3430421}
{"obj": {"type": "LogFloats", "path": ["validation", "dip"], "values": [{"value": 0.0, "step": null, "ts": 1718231065.3449032}, {"value": 4.0, "step": null, "ts": 1718231065.3449032}]}, "version": 356, "at": 1718231065.345262}
{"obj": {"type": "LogFloats", "path": ["validation", "factor"], "values": [{"value": 0.0, "step": null, "ts": 1718231065.3466818}, {"value": 4.0, "step": null, "ts": 1718231065.3466818}]}, "version": 357, "at": 1718231065.3469875}
{"obj": {"type": "LogFloats", "path": ["validation", "latent_consistency"], "values": [{"value": 0.3760735750198364, "step": null, "ts": 1718231065.348218}, {"value": 4.0, "step": null, "ts": 1718231065.348218}]}, "version": 358, "at": 1718231065.348441}
{"obj": {"type": "LogFloats", "path": ["validation", "laplacian"], "values": [{"value": 0.0048106865957379345, "step": null, "ts": 1718231065.3496041}, {"value": 4.0, "step": null, "ts": 1718231065.3496041}]}, "version": 359, "at": 1718231065.3498275}
{"obj": {"type": "LogFloats", "path": ["validation", "age"], "values": [{"value": 3.2322027921676635, "step": null, "ts": 1718231065.3509219}, {"value": 4.0, "step": null, "ts": 1718231065.3509219}]}, "version": 360, "at": 1718231065.3512821}
{"obj": {"type": "LogFloats", "path": ["validation", "contrastive"], "values": [{"value": 7.165874481201172, "step": null, "ts": 1718231065.3525417}, {"value": 4.0, "step": null, "ts": 1718231065.3525417}]}, "version": 361, "at": 1718231065.3527675}
{"obj": {"type": "LogFloats", "path": ["validation", "tot"], "values": [{"value": 13.205641746520996, "step": null, "ts": 1718231065.3537989}, {"value": 4.0, "step": null, "ts": 1718231065.3537989}]}, "version": 362, "at": 1718231065.354022}
{"obj": {"type": "LogStrings", "path": ["monitoring", "16b42f7e", "stderr"], "values": [{"value": "\r  1%|\u2588                                                                                                                                                               | 4/600 [01:30<3:44:02, 22.55s/it]", "step": null, "ts": 1718231065.3648043}]}, "version": 363, "at": 1718231065.3651426}
{"obj": {"type": "LogFloats", "path": ["monitoring", "16b42f7e", "cpu"], "values": [{"value": 53.6, "step": null, "ts": 1718231065.425661}]}, "version": 364, "at": 1718231065.4849157}
{"obj": {"type": "LogFloats", "path": ["monitoring", "16b42f7e", "memory"], "values": [{"value": 14.675312042236328, "step": null, "ts": 1718231065.425661}]}, "version": 365, "at": 1718231065.4878516}
{"obj": {"type": "LogFloats", "path": ["monitoring", "16b42f7e", "gpu_memory"], "values": [{"value": 7.0157470703125, "step": null, "ts": 1718231065.425661}]}, "version": 366, "at": 1718231065.4887478}
{"obj": {"type": "LogFloats", "path": ["monitoring", "16b42f7e", "cpu"], "values": [{"value": 47.0, "step": null, "ts": 1718231065.8419979}]}, "version": 367, "at": 1718231065.9020197}
{"obj": {"type": "LogFloats", "path": ["monitoring", "16b42f7e", "memory"], "values": [{"value": 14.717979431152344, "step": null, "ts": 1718231065.8419979}]}, "version": 368, "at": 1718231065.9039447}
{"obj": {"type": "LogFloats", "path": ["monitoring", "16b42f7e", "gpu_memory"], "values": [{"value": 7.0157470703125, "step": null, "ts": 1718231065.8419979}]}, "version": 369, "at": 1718231065.9049256}
{"obj": {"type": "LogFloats", "path": ["monitoring", "16b42f7e", "cpu"], "values": [{"value": 54.7, "step": null, "ts": 1718231066.1288786}]}, "version": 370, "at": 1718231066.1845038}
{"obj": {"type": "LogFloats", "path": ["monitoring", "16b42f7e", "memory"], "values": [{"value": 14.845142364501953, "step": null, "ts": 1718231066.1288786}]}, "version": 371, "at": 1718231066.1864884}
{"obj": {"type": "LogFloats", "path": ["monitoring", "16b42f7e", "gpu_memory"], "values": [{"value": 7.0157470703125, "step": null, "ts": 1718231066.1288786}]}, "version": 372, "at": 1718231066.1879637}
{"obj": {"type": "LogFloats", "path": ["monitoring", "16b42f7e", "cpu"], "values": [{"value": 61.7, "step": null, "ts": 1718231066.4244113}]}, "version": 373, "at": 1718231066.4791229}
{"obj": {"type": "LogFloats", "path": ["monitoring", "16b42f7e", "memory"], "values": [{"value": 15.03421401977539, "step": null, "ts": 1718231066.4244113}]}, "version": 374, "at": 1718231066.481537}
{"obj": {"type": "LogFloats", "path": ["monitoring", "16b42f7e", "gpu_memory"], "values": [{"value": 7.0157470703125, "step": null, "ts": 1718231066.4244113}]}, "version": 375, "at": 1718231066.4823127}
{"obj": {"type": "LogFloats", "path": ["monitoring", "16b42f7e", "cpu"], "values": [{"value": 53.4, "step": null, "ts": 1718231066.7176993}]}, "version": 376, "at": 1718231066.757483}
{"obj": {"type": "LogFloats", "path": ["monitoring", "16b42f7e", "memory"], "values": [{"value": 15.03896713256836, "step": null, "ts": 1718231066.7176993}]}, "version": 377, "at": 1718231066.758206}
{"obj": {"type": "LogFloats", "path": ["monitoring", "16b42f7e", "gpu_memory"], "values": [{"value": 7.0157470703125, "step": null, "ts": 1718231066.7176993}]}, "version": 378, "at": 1718231066.758643}
{"obj": {"type": "LogFloats", "path": ["monitoring", "16b42f7e", "cpu"], "values": [{"value": 50.7, "step": null, "ts": 1718231067.001063}]}, "version": 379, "at": 1718231067.0544193}
{"obj": {"type": "LogFloats", "path": ["monitoring", "16b42f7e", "memory"], "values": [{"value": 14.915267944335938, "step": null, "ts": 1718231067.001063}]}, "version": 380, "at": 1718231067.0561}
{"obj": {"type": "LogFloats", "path": ["monitoring", "16b42f7e", "gpu"], "values": [{"value": 18.0, "step": null, "ts": 1718231067.001063}]}, "version": 381, "at": 1718231067.0584946}
{"obj": {"type": "LogFloats", "path": ["monitoring", "16b42f7e", "gpu_memory"], "values": [{"value": 7.0157470703125, "step": null, "ts": 1718231067.001063}]}, "version": 382, "at": 1718231067.059348}
{"obj": {"type": "LogFloats", "path": ["monitoring", "16b42f7e", "cpu"], "values": [{"value": 52.5, "step": null, "ts": 1718231067.3296356}]}, "version": 383, "at": 1718231067.4111602}
{"obj": {"type": "LogFloats", "path": ["monitoring", "16b42f7e", "memory"], "values": [{"value": 14.942745208740234, "step": null, "ts": 1718231067.3296356}]}, "version": 384, "at": 1718231067.412928}
{"obj": {"type": "LogFloats", "path": ["monitoring", "16b42f7e", "gpu"], "values": [{"value": 20.0, "step": null, "ts": 1718231067.3296356}]}, "version": 385, "at": 1718231067.4140553}
{"obj": {"type": "LogFloats", "path": ["monitoring", "16b42f7e", "gpu_memory"], "values": [{"value": 7.0157470703125, "step": null, "ts": 1718231067.3296356}]}, "version": 386, "at": 1718231067.4151096}
