{"obj": {"type": "AssignString", "path": ["sys", "name"], "value": "Untitled"}, "version": 1, "at": 1718294712.9311547}
{"obj": {"type": "AssignString", "path": ["sys", "description"], "value": ""}, "version": 2, "at": 1718294712.9316852}
{"obj": {"type": "AssignString", "path": ["monitoring", "f450d41b", "hostname"], "value": "Precision-7920-Tower-2"}, "version": 3, "at": 1718294712.931915}
{"obj": {"type": "AssignString", "path": ["sys", "hostname"], "value": "Precision-7920-Tower-2"}, "version": 4, "at": 1718294712.9321077}
{"obj": {"type": "AssignString", "path": ["monitoring", "f450d41b", "pid"], "value": "5514"}, "version": 5, "at": 1718294712.9323072}
{"obj": {"type": "AssignString", "path": ["monitoring", "f450d41b", "tid"], "value": "140380181160192"}, "version": 6, "at": 1718294712.932501}
{"obj": {"type": "AssignBool", "path": ["sys", "failed"], "value": false}, "version": 7, "at": 1718294712.9327388}
{"obj": {"type": "AssignString", "path": ["source_code", "entrypoint"], "value": "train.py"}, "version": 8, "at": 1718294712.9336212}
{"obj": {"type": "UploadFileSet", "path": ["source_code", "files"], "file_globs": ["/home/athena/3DVAE-AgeDisentangled_contrastive_loss/train.py"], "reset": "False"}, "version": 9, "at": 1718294712.9339225}
{"obj": {"type": "UploadFile", "path": ["source_code", "diff"], "ext": "patch", "file_path": null, "tmp_file_name": "source_code_diff-1718294713.209212-2024-06-13_14.05.13.209212.patch", "clean_after_upload": false}, "version": 10, "at": 1718294713.2105486}
{"obj": {"type": "LogStrings", "path": ["monitoring", "f450d41b", "stderr"], "values": [{"value": "\r  0%|                                                                                                                                                          | 0/73 [00:00<?, ?it/s]", "step": null, "ts": 1718294713.421721}]}, "version": 11, "at": 1718294713.42204}
{"obj": {"type": "LogFloats", "path": ["monitoring", "f450d41b", "cpu"], "values": [{"value": 87.5, "step": null, "ts": 1718294713.4048514}]}, "version": 12, "at": 1718294713.4302626}
{"obj": {"type": "LogFloats", "path": ["monitoring", "f450d41b", "memory"], "values": [{"value": 13.553382873535156, "step": null, "ts": 1718294713.4048514}]}, "version": 13, "at": 1718294713.4321566}
{"obj": {"type": "LogFloats", "path": ["monitoring", "f450d41b", "gpu_memory"], "values": [{"value": 7.2442626953125, "step": null, "ts": 1718294713.4048514}]}, "version": 14, "at": 1718294713.438774}
{"obj": {"type": "LogFloats", "path": ["monitoring", "f450d41b", "cpu"], "values": [{"value": 46.2, "step": null, "ts": 1718294713.7456634}]}, "version": 15, "at": 1718294713.7895522}
{"obj": {"type": "LogFloats", "path": ["monitoring", "f450d41b", "memory"], "values": [{"value": 13.571388244628906, "step": null, "ts": 1718294713.7456634}]}, "version": 16, "at": 1718294713.79143}
{"obj": {"type": "LogFloats", "path": ["monitoring", "f450d41b", "gpu_memory"], "values": [{"value": 7.2442626953125, "step": null, "ts": 1718294713.7456634}]}, "version": 17, "at": 1718294713.7922873}
{"obj": {"type": "LogFloats", "path": ["monitoring", "f450d41b", "cpu"], "values": [{"value": 50.4, "step": null, "ts": 1718294714.0648227}]}, "version": 18, "at": 1718294714.1290812}
{"obj": {"type": "LogFloats", "path": ["monitoring", "f450d41b", "memory"], "values": [{"value": 13.610408782958984, "step": null, "ts": 1718294714.0648227}]}, "version": 19, "at": 1718294714.131513}
{"obj": {"type": "LogFloats", "path": ["monitoring", "f450d41b", "gpu_memory"], "values": [{"value": 7.2442626953125, "step": null, "ts": 1718294714.0648227}]}, "version": 20, "at": 1718294714.132669}
{"obj": {"type": "LogFloats", "path": ["monitoring", "f450d41b", "cpu"], "values": [{"value": 61.1, "step": null, "ts": 1718294714.433092}]}, "version": 21, "at": 1718294714.4634387}
{"obj": {"type": "LogFloats", "path": ["monitoring", "f450d41b", "memory"], "values": [{"value": 13.634441375732422, "step": null, "ts": 1718294714.433092}]}, "version": 22, "at": 1718294714.4654431}
{"obj": {"type": "LogFloats", "path": ["monitoring", "f450d41b", "gpu"], "values": [{"value": 1.0, "step": null, "ts": 1718294714.433092}]}, "version": 23, "at": 1718294714.4660404}
{"obj": {"type": "LogFloats", "path": ["monitoring", "f450d41b", "gpu_memory"], "values": [{"value": 7.2442626953125, "step": null, "ts": 1718294714.433092}]}, "version": 24, "at": 1718294714.4664743}
{"obj": {"type": "LogFloats", "path": ["monitoring", "f450d41b", "cpu"], "values": [{"value": 92.7, "step": null, "ts": 1718294714.702655}]}, "version": 25, "at": 1718294714.7328353}
{"obj": {"type": "LogFloats", "path": ["monitoring", "f450d41b", "memory"], "values": [{"value": 13.676597595214844, "step": null, "ts": 1718294714.702655}]}, "version": 26, "at": 1718294714.7339208}
{"obj": {"type": "LogFloats", "path": ["monitoring", "f450d41b", "gpu"], "values": [{"value": 1.0, "step": null, "ts": 1718294714.702655}]}, "version": 27, "at": 1718294714.7344651}
{"obj": {"type": "LogFloats", "path": ["monitoring", "f450d41b", "gpu_memory"], "values": [{"value": 7.2442626953125, "step": null, "ts": 1718294714.702655}]}, "version": 28, "at": 1718294714.734934}
{"obj": {"type": "LogFloats", "path": ["monitoring", "f450d41b", "cpu"], "values": [{"value": 70.7, "step": null, "ts": 1718294714.974166}]}, "version": 29, "at": 1718294715.0243857}
{"obj": {"type": "LogFloats", "path": ["monitoring", "f450d41b", "memory"], "values": [{"value": 13.700176239013672, "step": null, "ts": 1718294714.974166}]}, "version": 30, "at": 1718294715.0254383}
{"obj": {"type": "LogFloats", "path": ["monitoring", "f450d41b", "gpu_memory"], "values": [{"value": 7.2442626953125, "step": null, "ts": 1718294714.974166}]}, "version": 31, "at": 1718294715.0259156}
{"obj": {"type": "LogFloats", "path": ["monitoring", "f450d41b", "cpu"], "values": [{"value": 55.3, "step": null, "ts": 1718294715.2884703}]}, "version": 32, "at": 1718294715.3598847}
{"obj": {"type": "LogFloats", "path": ["monitoring", "f450d41b", "memory"], "values": [{"value": 13.744678497314453, "step": null, "ts": 1718294715.2884703}]}, "version": 33, "at": 1718294715.3636274}
{"obj": {"type": "LogFloats", "path": ["monitoring", "f450d41b", "gpu_memory"], "values": [{"value": 7.2442626953125, "step": null, "ts": 1718294715.2884703}]}, "version": 34, "at": 1718294715.364542}
{"obj": {"type": "LogFloats", "path": ["monitoring", "f450d41b", "cpu"], "values": [{"value": 63.3, "step": null, "ts": 1718294715.625207}]}, "version": 35, "at": 1718294715.6623113}
{"obj": {"type": "LogFloats", "path": ["monitoring", "f450d41b", "memory"], "values": [{"value": 13.782081604003906, "step": null, "ts": 1718294715.625207}]}, "version": 36, "at": 1718294715.663947}
{"obj": {"type": "LogFloats", "path": ["monitoring", "f450d41b", "gpu_memory"], "values": [{"value": 7.2442626953125, "step": null, "ts": 1718294715.625207}]}, "version": 37, "at": 1718294715.6662984}
{"obj": {"type": "LogFloats", "path": ["monitoring", "f450d41b", "cpu"], "values": [{"value": 76.9, "step": null, "ts": 1718294715.8970163}]}, "version": 38, "at": 1718294715.9136615}
{"obj": {"type": "LogFloats", "path": ["monitoring", "f450d41b", "memory"], "values": [{"value": 13.80636978149414, "step": null, "ts": 1718294715.8970163}]}, "version": 39, "at": 1718294715.914626}
{"obj": {"type": "LogFloats", "path": ["monitoring", "f450d41b", "gpu"], "values": [{"value": 1.0, "step": null, "ts": 1718294715.8970163}]}, "version": 40, "at": 1718294715.9153795}
{"obj": {"type": "LogFloats", "path": ["monitoring", "f450d41b", "gpu_memory"], "values": [{"value": 7.2442626953125, "step": null, "ts": 1718294715.8970163}]}, "version": 41, "at": 1718294715.9158552}
{"obj": {"type": "LogStrings", "path": ["monitoring", "f450d41b", "stderr"], "values": [{"value": "\r  1%|\u2588\u2588                                                                                                                                                | 1/73 [00:02<03:14,  2.70s/it]", "step": null, "ts": 1718294716.129091}]}, "version": 42, "at": 1718294716.1294127}
{"obj": {"type": "LogStrings", "path": ["monitoring", "f450d41b", "stderr"], "values": [{"value": "\r  5%|\u2588\u2588\u2588\u2588\u2588\u2588\u2588\u2588                                                                                                                                          | 4/73 [00:02<00:37,  1.83it/s]", "step": null, "ts": 1718294716.2614257}]}, "version": 43, "at": 1718294716.2617521}
{"obj": {"type": "LogStrings", "path": ["monitoring", "f450d41b", "stderr"], "values": [{"value": "\r  8%|\u2588\u2588\u2588\u2588\u2588\u2588\u2588\u2588\u2588\u2588\u2588\u2588                                                                                                                                      | 6/73 [00:03<00:34,  1.96it/s]", "step": null, "ts": 1718294717.1843128}]}, "version": 44, "at": 1718294717.1845582}
{"obj": {"type": "LogStrings", "path": ["monitoring", "f450d41b", "stderr"], "values": [{"value": "\r 10%|\u2588\u2588\u2588\u2588\u2588\u2588\u2588\u2588\u2588\u2588\u2588\u2588\u2588\u2588                                                                                                                                    | 7/73 [00:04<00:33,  1.99it/s]", "step": null, "ts": 1718294717.659314}]}, "version": 45, "at": 1718294717.659528}
{"obj": {"type": "LogStrings", "path": ["monitoring", "f450d41b", "stderr"], "values": [{"value": "\r 11%|\u2588\u2588\u2588\u2588\u2588\u2588\u2588\u2588\u2588\u2588\u2588\u2588\u2588\u2588\u2588\u2588                                                                                                                                  | 8/73 [00:04<00:35,  1.83it/s]", "step": null, "ts": 1718294718.34302}]}, "version": 46, "at": 1718294718.3432946}
{"obj": {"type": "LogStrings", "path": ["monitoring", "f450d41b", "stderr"], "values": [{"value": "\r 18%|\u2588\u2588\u2588\u2588\u2588\u2588\u2588\u2588\u2588\u2588\u2588\u2588\u2588\u2588\u2588\u2588\u2588\u2588\u2588\u2588\u2588\u2588\u2588\u2588\u2588\u258a                                                                                                                       | 13/73 [00:05<00:12,  4.80it/s]", "step": null, "ts": 1718294718.4457295}]}, "version": 47, "at": 1718294718.445985}
{"obj": {"type": "LogStrings", "path": ["monitoring", "f450d41b", "stderr"], "values": [{"value": "\r 25%|\u2588\u2588\u2588\u2588\u2588\u2588\u2588\u2588\u2588\u2588\u2588\u2588\u2588\u2588\u2588\u2588\u2588\u2588\u2588\u2588\u2588\u2588\u2588\u2588\u2588\u2588\u2588\u2588\u2588\u2588\u2588\u2588\u2588\u2588\u2588\u258a                                                                                                             | 18/73 [00:05<00:06,  8.44it/s]", "step": null, "ts": 1718294718.54959}]}, "version": 48, "at": 1718294718.5498936}
{"obj": {"type": "LogStrings", "path": ["monitoring", "f450d41b", "stderr"], "values": [{"value": "\r 30%|\u2588\u2588\u2588\u2588\u2588\u2588\u2588\u2588\u2588\u2588\u2588\u2588\u2588\u2588\u2588\u2588\u2588\u2588\u2588\u2588\u2588\u2588\u2588\u2588\u2588\u2588\u2588\u2588\u2588\u2588\u2588\u2588\u2588\u2588\u2588\u2588\u2588\u2588\u2588\u2588\u2588\u2588\u2588\u258b                                                                                                     | 22/73 [00:05<00:04, 11.62it/s]", "step": null, "ts": 1718294718.6568942}]}, "version": 49, "at": 1718294718.6570914}
{"obj": {"type": "LogStrings", "path": ["monitoring", "f450d41b", "stderr"], "values": [{"value": "\r 36%|\u2588\u2588\u2588\u2588\u2588\u2588\u2588\u2588\u2588\u2588\u2588\u2588\u2588\u2588\u2588\u2588\u2588\u2588\u2588\u2588\u2588\u2588\u2588\u2588\u2588\u2588\u2588\u2588\u2588\u2588\u2588\u2588\u2588\u2588\u2588\u2588\u2588\u2588\u2588\u2588\u2588\u2588\u2588\u2588\u2588\u2588\u2588\u2588\u2588\u2588\u2588\u258b                                                                                             | 26/73 [00:05<00:03, 14.86it/s]", "step": null, "ts": 1718294718.7771652}]}, "version": 50, "at": 1718294718.7775078}
{"obj": {"type": "LogStrings", "path": ["monitoring", "f450d41b", "stderr"], "values": [{"value": "\r 41%|\u2588\u2588\u2588\u2588\u2588\u2588\u2588\u2588\u2588\u2588\u2588\u2588\u2588\u2588\u2588\u2588\u2588\u2588\u2588\u2588\u2588\u2588\u2588\u2588\u2588\u2588\u2588\u2588\u2588\u2588\u2588\u2588\u2588\u2588\u2588\u2588\u2588\u2588\u2588\u2588\u2588\u2588\u2588\u2588\u2588\u2588\u2588\u2588\u2588\u2588\u2588\u2588\u2588\u2588\u2588\u2588\u2588\u2588\u2588\u258c                                                                                     | 30/73 [00:05<00:02, 18.63it/s]", "step": null, "ts": 1718294718.8789575}]}, "version": 51, "at": 1718294718.8791916}
{"obj": {"type": "LogStrings", "path": ["monitoring", "f450d41b", "stderr"], "values": [{"value": "\r 47%|\u2588\u2588\u2588\u2588\u2588\u2588\u2588\u2588\u2588\u2588\u2588\u2588\u2588\u2588\u2588\u2588\u2588\u2588\u2588\u2588\u2588\u2588\u2588\u2588\u2588\u2588\u2588\u2588\u2588\u2588\u2588\u2588\u2588\u2588\u2588\u2588\u2588\u2588\u2588\u2588\u2588\u2588\u2588\u2588\u2588\u2588\u2588\u2588\u2588\u2588\u2588\u2588\u2588\u2588\u2588\u2588\u2588\u2588\u2588\u2588\u2588\u2588\u2588\u2588\u2588\u2588\u2588\u258c                                                                             | 34/73 [00:05<00:01, 22.35it/s]", "step": null, "ts": 1718294718.98113}]}, "version": 52, "at": 1718294718.9812927}
{"obj": {"type": "LogStrings", "path": ["monitoring", "f450d41b", "stderr"], "values": [{"value": "\r 52%|\u2588\u2588\u2588\u2588\u2588\u2588\u2588\u2588\u2588\u2588\u2588\u2588\u2588\u2588\u2588\u2588\u2588\u2588\u2588\u2588\u2588\u2588\u2588\u2588\u2588\u2588\u2588\u2588\u2588\u2588\u2588\u2588\u2588\u2588\u2588\u2588\u2588\u2588\u2588\u2588\u2588\u2588\u2588\u2588\u2588\u2588\u2588\u2588\u2588\u2588\u2588\u2588\u2588\u2588\u2588\u2588\u2588\u2588\u2588\u2588\u2588\u2588\u2588\u2588\u2588\u2588\u2588\u2588\u2588\u2588\u2588\u2588\u2588\u2588\u2588\u258d                                                                     | 38/73 [00:05<00:01, 25.08it/s]", "step": null, "ts": 1718294719.0974846}]}, "version": 53, "at": 1718294719.0977466}
{"obj": {"type": "LogStrings", "path": ["monitoring", "f450d41b", "stderr"], "values": [{"value": "\r 59%|\u2588\u2588\u2588\u2588\u2588\u2588\u2588\u2588\u2588\u2588\u2588\u2588\u2588\u2588\u2588\u2588\u2588\u2588\u2588\u2588\u2588\u2588\u2588\u2588\u2588\u2588\u2588\u2588\u2588\u2588\u2588\u2588\u2588\u2588\u2588\u2588\u2588\u2588\u2588\u2588\u2588\u2588\u2588\u2588\u2588\u2588\u2588\u2588\u2588\u2588\u2588\u2588\u2588\u2588\u2588\u2588\u2588\u2588\u2588\u2588\u2588\u2588\u2588\u2588\u2588\u2588\u2588\u2588\u2588\u2588\u2588\u2588\u2588\u2588\u2588\u2588\u2588\u2588\u2588\u2588\u2588\u2588\u2588\u2588\u2588\u258d                                                           | 43/73 [00:05<00:01, 29.37it/s]", "step": null, "ts": 1718294719.2141967}]}, "version": 54, "at": 1718294719.2144425}
