{"obj": {"type": "AssignString", "path": ["sys", "name"], "value": "Untitled"}, "version": 1, "at": 1718378312.347467}
{"obj": {"type": "AssignString", "path": ["sys", "description"], "value": ""}, "version": 2, "at": 1718378312.3480644}
{"obj": {"type": "AssignString", "path": ["monitoring", "ea6279f4", "hostname"], "value": "Precision-7920-Tower-2"}, "version": 3, "at": 1718378312.3489096}
{"obj": {"type": "AssignString", "path": ["sys", "hostname"], "value": "Precision-7920-Tower-2"}, "version": 4, "at": 1718378312.3491259}
{"obj": {"type": "AssignString", "path": ["monitoring", "ea6279f4", "pid"], "value": "16109"}, "version": 5, "at": 1718378312.3494904}
{"obj": {"type": "AssignString", "path": ["monitoring", "ea6279f4", "tid"], "value": "139916754047232"}, "version": 6, "at": 1718378312.349844}
{"obj": {"type": "AssignBool", "path": ["sys", "failed"], "value": false}, "version": 7, "at": 1718378312.3501344}
{"obj": {"type": "ClearStringLog", "path": ["monitoring", "ea6279f4", "stdout"]}, "version": 8, "at": 1718378312.3506622}
{"obj": {"type": "ClearStringLog", "path": ["monitoring", "ea6279f4", "stderr"]}, "version": 9, "at": 1718378312.3509097}
{"obj": {"type": "AssignString", "path": ["source_code", "entrypoint"], "value": "test.py"}, "version": 10, "at": 1718378312.351671}
{"obj": {"type": "UploadFileSet", "path": ["source_code", "files"], "file_globs": ["/home/athena/3DVAE-AgeDisentangled_contrastive_loss/test.py"], "reset": "False"}, "version": 11, "at": 1718378312.3520257}
{"obj": {"type": "UploadFile", "path": ["source_code", "diff"], "ext": "patch", "file_path": null, "tmp_file_name": "source_code_diff-1718378312.523542-2024-06-14_13.18.32.523542.patch", "clean_after_upload": false}, "version": 12, "at": 1718378312.5248911}
{"obj": {"type": "ConfigFloatSeries", "path": ["monitoring", "ea6279f4", "cpu"], "min": 0.0, "max": 100.0, "unit": "%"}, "version": 13, "at": 1718378312.6569293}
{"obj": {"type": "ClearFloatLog", "path": ["monitoring", "ea6279f4", "cpu"]}, "version": 14, "at": 1718378312.6575236}
{"obj": {"type": "ConfigFloatSeries", "path": ["monitoring", "ea6279f4", "memory"], "min": 0.0, "max": 31.03635025024414, "unit": "GB"}, "version": 15, "at": 1718378312.6585686}
{"obj": {"type": "ClearFloatLog", "path": ["monitoring", "ea6279f4", "memory"]}, "version": 16, "at": 1718378312.669096}
{"obj": {"type": "ConfigFloatSeries", "path": ["monitoring", "ea6279f4", "gpu"], "min": 0.0, "max": 100.0, "unit": "%"}, "version": 17, "at": 1718378312.6703994}
{"obj": {"type": "ClearFloatLog", "path": ["monitoring", "ea6279f4", "gpu"]}, "version": 18, "at": 1718378312.6713574}
{"obj": {"type": "ConfigFloatSeries", "path": ["monitoring", "ea6279f4", "gpu_memory"], "min": 0.0, "max": 15.89703369140625, "unit": "GB"}, "version": 19, "at": 1718378312.6723769}
{"obj": {"type": "ClearFloatLog", "path": ["monitoring", "ea6279f4", "gpu_memory"]}, "version": 20, "at": 1718378312.6726763}
{"obj": {"type": "LogFloats", "path": ["monitoring", "ea6279f4", "cpu"], "values": [{"value": 36.8, "step": null, "ts": 1718378312.6770957}]}, "version": 21, "at": 1718378313.1410592}
{"obj": {"type": "LogFloats", "path": ["monitoring", "ea6279f4", "memory"], "values": [{"value": 14.520469665527344, "step": null, "ts": 1718378312.6770957}]}, "version": 22, "at": 1718378313.1461127}
{"obj": {"type": "LogFloats", "path": ["monitoring", "ea6279f4", "gpu_memory"], "values": [{"value": 4.4649658203125, "step": null, "ts": 1718378312.6770957}]}, "version": 23, "at": 1718378313.1499946}
{"obj": {"type": "LogStrings", "path": ["monitoring", "ea6279f4", "stderr"], "values": [{"value": "\r  0%|                                                                                                                                                    | 0/73 [00:00<?, ?it/s]", "step": null, "ts": 1718378313.1691544}]}, "version": 24, "at": 1718378313.1695895}
{"obj": {"type": "LogFloats", "path": ["monitoring", "ea6279f4", "cpu"], "values": [{"value": 45.5, "step": null, "ts": 1718378313.4776642}]}, "version": 25, "at": 1718378313.534453}
{"obj": {"type": "LogFloats", "path": ["monitoring", "ea6279f4", "memory"], "values": [{"value": 14.554641723632812, "step": null, "ts": 1718378313.4776642}]}, "version": 26, "at": 1718378313.537164}
{"obj": {"type": "LogFloats", "path": ["monitoring", "ea6279f4", "gpu_memory"], "values": [{"value": 4.4649658203125, "step": null, "ts": 1718378313.4776642}]}, "version": 27, "at": 1718378313.5384235}
{"obj": {"type": "LogFloats", "path": ["monitoring", "ea6279f4", "cpu"], "values": [{"value": 43.1, "step": null, "ts": 1718378313.834916}]}, "version": 28, "at": 1718378313.856388}
{"obj": {"type": "LogFloats", "path": ["monitoring", "ea6279f4", "memory"], "values": [{"value": 14.594284057617188, "step": null, "ts": 1718378313.834916}]}, "version": 29, "at": 1718378313.8829367}
{"obj": {"type": "LogFloats", "path": ["monitoring", "ea6279f4", "gpu_memory"], "values": [{"value": 4.4649658203125, "step": null, "ts": 1718378313.834916}]}, "version": 30, "at": 1718378313.8864622}
{"obj": {"type": "LogFloats", "path": ["monitoring", "ea6279f4", "cpu"], "values": [{"value": 42.3, "step": null, "ts": 1718378314.1508648}]}, "version": 31, "at": 1718378314.1938875}
{"obj": {"type": "LogFloats", "path": ["monitoring", "ea6279f4", "memory"], "values": [{"value": 14.639068603515625, "step": null, "ts": 1718378314.1508648}]}, "version": 32, "at": 1718378314.1951537}
{"obj": {"type": "LogFloats", "path": ["monitoring", "ea6279f4", "gpu_memory"], "values": [{"value": 4.4649658203125, "step": null, "ts": 1718378314.1508648}]}, "version": 33, "at": 1718378314.196026}
{"obj": {"type": "LogFloats", "path": ["monitoring", "ea6279f4", "cpu"], "values": [{"value": 54.3, "step": null, "ts": 1718378314.4290707}]}, "version": 34, "at": 1718378314.4732788}
{"obj": {"type": "LogFloats", "path": ["monitoring", "ea6279f4", "memory"], "values": [{"value": 14.679946899414062, "step": null, "ts": 1718378314.4290707}]}, "version": 35, "at": 1718378314.4748852}
{"obj": {"type": "LogFloats", "path": ["monitoring", "ea6279f4", "gpu_memory"], "values": [{"value": 4.4649658203125, "step": null, "ts": 1718378314.4290707}]}, "version": 36, "at": 1718378314.4768796}
{"obj": {"type": "LogFloats", "path": ["monitoring", "ea6279f4", "cpu"], "values": [{"value": 44.9, "step": null, "ts": 1718378314.7926776}]}, "version": 37, "at": 1718378314.8114808}
{"obj": {"type": "LogFloats", "path": ["monitoring", "ea6279f4", "memory"], "values": [{"value": 14.720256805419922, "step": null, "ts": 1718378314.7926776}]}, "version": 38, "at": 1718378314.8155317}
{"obj": {"type": "LogFloats", "path": ["monitoring", "ea6279f4", "gpu_memory"], "values": [{"value": 4.4649658203125, "step": null, "ts": 1718378314.7926776}]}, "version": 39, "at": 1718378314.816546}
{"obj": {"type": "LogFloats", "path": ["monitoring", "ea6279f4", "cpu"], "values": [{"value": 52.3, "step": null, "ts": 1718378315.139011}]}, "version": 40, "at": 1718378315.2021434}
{"obj": {"type": "LogFloats", "path": ["monitoring", "ea6279f4", "memory"], "values": [{"value": 14.764705657958984, "step": null, "ts": 1718378315.139011}]}, "version": 41, "at": 1718378315.204403}
{"obj": {"type": "LogFloats", "path": ["monitoring", "ea6279f4", "gpu_memory"], "values": [{"value": 4.4649658203125, "step": null, "ts": 1718378315.139011}]}, "version": 42, "at": 1718378315.2056556}
{"obj": {"type": "LogFloats", "path": ["monitoring", "ea6279f4", "cpu"], "values": [{"value": 51.6, "step": null, "ts": 1718378315.455282}]}, "version": 43, "at": 1718378315.4982085}
{"obj": {"type": "LogFloats", "path": ["monitoring", "ea6279f4", "memory"], "values": [{"value": 14.803855895996094, "step": null, "ts": 1718378315.455282}]}, "version": 44, "at": 1718378315.4989147}
{"obj": {"type": "LogFloats", "path": ["monitoring", "ea6279f4", "gpu_memory"], "values": [{"value": 4.4649658203125, "step": null, "ts": 1718378315.455282}]}, "version": 45, "at": 1718378315.4993246}
{"obj": {"type": "LogFloats", "path": ["monitoring", "ea6279f4", "cpu"], "values": [{"value": 49.1, "step": null, "ts": 1718378315.7133741}]}, "version": 46, "at": 1718378315.7695959}
{"obj": {"type": "LogFloats", "path": ["monitoring", "ea6279f4", "memory"], "values": [{"value": 14.826786041259766, "step": null, "ts": 1718378315.7133741}]}, "version": 47, "at": 1718378315.7772367}
{"obj": {"type": "LogFloats", "path": ["monitoring", "ea6279f4", "gpu_memory"], "values": [{"value": 4.4649658203125, "step": null, "ts": 1718378315.7133741}]}, "version": 48, "at": 1718378315.7801027}
{"obj": {"type": "LogStrings", "path": ["monitoring", "ea6279f4", "stderr"], "values": [{"value": "\r  1%|\u2588\u2589                                                                                                                                          | 1/73 [00:03<04:02,  3.37s/it]", "step": null, "ts": 1718378316.541085}]}, "version": 49, "at": 1718378316.5414443}
{"obj": {"type": "LogStrings", "path": ["monitoring", "ea6279f4", "stderr"], "values": [{"value": "\r  5%|\u2588\u2588\u2588\u2588\u2588\u2588\u2588\u258b                                                                                                                                    | 4/73 [00:03<00:45,  1.50it/s]", "step": null, "ts": 1718378316.6442165}]}, "version": 50, "at": 1718378316.6443732}
{"obj": {"type": "LogStrings", "path": ["monitoring", "ea6279f4", "stderr"], "values": [{"value": "\r 10%|\u2588\u2588\u2588\u2588\u2588\u2588\u2588\u2588\u2588\u2588\u2588\u2588\u2588\u258d                                                                                                                              | 7/73 [00:03<00:21,  3.06it/s]", "step": null, "ts": 1718378316.7472358}]}, "version": 51, "at": 1718378316.7474048}
{"obj": {"type": "LogStrings", "path": ["monitoring", "ea6279f4", "stderr"], "values": [{"value": "\r 22%|\u2588\u2588\u2588\u2588\u2588\u2588\u2588\u2588\u2588\u2588\u2588\u2588\u2588\u2588\u2588\u2588\u2588\u2588\u2588\u2588\u2588\u2588\u2588\u2588\u2588\u2588\u2588\u2588\u2588\u2588\u258d                                                                                                            | 16/73 [00:03<00:06,  9.34it/s]", "step": null, "ts": 1718378316.8507736}]}, "version": 52, "at": 1718378316.8509476}
{"obj": {"type": "LogStrings", "path": ["monitoring", "ea6279f4", "stderr"], "values": [{"value": "\r 33%|\u2588\u2588\u2588\u2588\u2588\u2588\u2588\u2588\u2588\u2588\u2588\u2588\u2588\u2588\u2588\u2588\u2588\u2588\u2588\u2588\u2588\u2588\u2588\u2588\u2588\u2588\u2588\u2588\u2588\u2588\u2588\u2588\u2588\u2588\u2588\u2588\u2588\u2588\u2588\u2588\u2588\u2588\u2588\u2588\u2588\u258b                                                                                             | 24/73 [00:03<00:03, 15.82it/s]", "step": null, "ts": 1718378316.960371}]}, "version": 53, "at": 1718378316.9605587}
{"obj": {"type": "LogStrings", "path": ["monitoring", "ea6279f4", "stderr"], "values": [{"value": "\r 41%|\u2588\u2588\u2588\u2588\u2588\u2588\u2588\u2588\u2588\u2588\u2588\u2588\u2588\u2588\u2588\u2588\u2588\u2588\u2588\u2588\u2588\u2588\u2588\u2588\u2588\u2588\u2588\u2588\u2588\u2588\u2588\u2588\u2588\u2588\u2588\u2588\u2588\u2588\u2588\u2588\u2588\u2588\u2588\u2588\u2588\u2588\u2588\u2588\u2588\u2588\u2588\u2588\u2588\u2588\u2588\u2588\u2588                                                                                  | 30/73 [00:03<00:02, 20.07it/s]", "step": null, "ts": 1718378317.100657}]}, "version": 54, "at": 1718378317.100848}
{"obj": {"type": "LogStrings", "path": ["monitoring", "ea6279f4", "stderr"], "values": [{"value": "\r 51%|\u2588\u2588\u2588\u2588\u2588\u2588\u2588\u2588\u2588\u2588\u2588\u2588\u2588\u2588\u2588\u2588\u2588\u2588\u2588\u2588\u2588\u2588\u2588\u2588\u2588\u2588\u2588\u2588\u2588\u2588\u2588\u2588\u2588\u2588\u2588\u2588\u2588\u2588\u2588\u2588\u2588\u2588\u2588\u2588\u2588\u2588\u2588\u2588\u2588\u2588\u2588\u2588\u2588\u2588\u2588\u2588\u2588\u2588\u2588\u2588\u2588\u2588\u2588\u2588\u2588\u2588\u2588\u2588\u2588\u2588\u258d                                                                    | 37/73 [00:04<00:01, 26.18it/s]", "step": null, "ts": 1718378317.2231748}]}, "version": 55, "at": 1718378317.223416}
{"obj": {"type": "LogStrings", "path": ["monitoring", "ea6279f4", "stderr"], "values": [{"value": "\r 59%|\u2588\u2588\u2588\u2588\u2588\u2588\u2588\u2588\u2588\u2588\u2588\u2588\u2588\u2588\u2588\u2588\u2588\u2588\u2588\u2588\u2588\u2588\u2588\u2588\u2588\u2588\u2588\u2588\u2588\u2588\u2588\u2588\u2588\u2588\u2588\u2588\u2588\u2588\u2588\u2588\u2588\u2588\u2588\u2588\u2588\u2588\u2588\u2588\u2588\u2588\u2588\u2588\u2588\u2588\u2588\u2588\u2588\u2588\u2588\u2588\u2588\u2588\u2588\u2588\u2588\u2588\u2588\u2588\u2588\u2588\u2588\u2588\u2588\u2588\u2588\u2588\u2588\u2588\u2588\u2588\u2588\u2589                                                         | 43/73 [00:04<00:01, 28.75it/s]", "step": null, "ts": 1718378317.384779}]}, "version": 56, "at": 1718378317.3850107}
{"obj": {"type": "LogStrings", "path": ["monitoring", "ea6279f4", "stderr"], "values": [{"value": "\r 66%|\u2588\u2588\u2588\u2588\u2588\u2588\u2588\u2588\u2588\u2588\u2588\u2588\u2588\u2588\u2588\u2588\u2588\u2588\u2588\u2588\u2588\u2588\u2588\u2588\u2588\u2588\u2588\u2588\u2588\u2588\u2588\u2588\u2588\u2588\u2588\u2588\u2588\u2588\u2588\u2588\u2588\u2588\u2588\u2588\u2588\u2588\u2588\u2588\u2588\u2588\u2588\u2588\u2588\u2588\u2588\u2588\u2588\u2588\u2588\u2588\u2588\u2588\u2588\u2588\u2588\u2588\u2588\u2588\u2588\u2588\u2588\u2588\u2588\u2588\u2588\u2588\u2588\u2588\u2588\u2588\u2588\u2588\u2588\u2588\u2588\u2588\u2588\u2588\u2588\u2588\u2588\u258d                                               | 48/73 [00:04<00:00, 31.82it/s]", "step": null, "ts": 1718378317.4940715}]}, "version": 57, "at": 1718378317.494241}
{"obj": {"type": "LogStrings", "path": ["monitoring", "ea6279f4", "stderr"], "values": [{"value": "\r 75%|\u2588\u2588\u2588\u2588\u2588\u2588\u2588\u2588\u2588\u2588\u2588\u2588\u2588\u2588\u2588\u2588\u2588\u2588\u2588\u2588\u2588\u2588\u2588\u2588\u2588\u2588\u2588\u2588\u2588\u2588\u2588\u2588\u2588\u2588\u2588\u2588\u2588\u2588\u2588\u2588\u2588\u2588\u2588\u2588\u2588\u2588\u2588\u2588\u2588\u2588\u2588\u2588\u2588\u2588\u2588\u2588\u2588\u2588\u2588\u2588\u2588\u2588\u2588\u2588\u2588\u2588\u2588\u2588\u2588\u2588\u2588\u2588\u2588\u2588\u2588\u2588\u2588\u2588\u2588\u2588\u2588\u2588\u2588\u2588\u2588\u2588\u2588\u2588\u2588\u2588\u2588\u2588\u2588\u2588\u2588\u2588\u2588\u2588\u2588\u2588\u2588\u2588\u2588\u2588\u258b                                  | 55/73 [00:04<00:00, 38.77it/s]", "step": null, "ts": 1718378317.6022122}]}, "version": 58, "at": 1718378317.602373}
{"obj": {"type": "LogStrings", "path": ["monitoring", "ea6279f4", "stderr"], "values": [{"value": "\r 84%|\u2588\u2588\u2588\u2588\u2588\u2588\u2588\u2588\u2588\u2588\u2588\u2588\u2588\u2588\u2588\u2588\u2588\u2588\u2588\u2588\u2588\u2588\u2588\u2588\u2588\u2588\u2588\u2588\u2588\u2588\u2588\u2588\u2588\u2588\u2588\u2588\u2588\u2588\u2588\u2588\u2588\u2588\u2588\u2588\u2588\u2588\u2588\u2588\u2588\u2588\u2588\u2588\u2588\u2588\u2588\u2588\u2588\u2588\u2588\u2588\u2588\u2588\u2588\u2588\u2588\u2588\u2588\u2588\u2588\u2588\u2588\u2588\u2588\u2588\u2588\u2588\u2588\u2588\u2588\u2588\u2588\u2588\u2588\u2588\u2588\u2588\u2588\u2588\u2588\u2588\u2588\u2588\u2588\u2588\u2588\u2588\u2588\u2588\u2588\u2588\u2588\u2588\u2588\u2588\u2588\u2588\u2588\u2588\u2588\u2588\u2588\u2588\u2588\u2588\u2588\u2588\u258f                      | 61/73 [00:04<00:00, 42.79it/s]", "step": null, "ts": 1718378317.7074013}]}, "version": 59, "at": 1718378317.70762}
{"obj": {"type": "LogStrings", "path": ["monitoring", "ea6279f4", "stderr"], "values": [{"value": "\r 95%|\u2588\u2588\u2588\u2588\u2588\u2588\u2588\u2588\u2588\u2588\u2588\u2588\u2588\u2588\u2588\u2588\u2588\u2588\u2588\u2588\u2588\u2588\u2588\u2588\u2588\u2588\u2588\u2588\u2588\u2588\u2588\u2588\u2588\u2588\u2588\u2588\u2588\u2588\u2588\u2588\u2588\u2588\u2588\u2588\u2588\u2588\u2588\u2588\u2588\u2588\u2588\u2588\u2588\u2588\u2588\u2588\u2588\u2588\u2588\u2588\u2588\u2588\u2588\u2588\u2588\u2588\u2588\u2588\u2588\u2588\u2588\u2588\u2588\u2588\u2588\u2588\u2588\u2588\u2588\u2588\u2588\u2588\u2588\u2588\u2588\u2588\u2588\u2588\u2588\u2588\u2588\u2588\u2588\u2588\u2588\u2588\u2588\u2588\u2588\u2588\u2588\u2588\u2588\u2588\u2588\u2588\u2588\u2588\u2588\u2588\u2588\u2588\u2588\u2588\u2588\u2588\u2588\u2588\u2588\u2588\u2588\u2588\u2588\u2588\u2588\u2588\u2588\u2588\u2588\u2588\u2588\u258d       | 69/73 [00:04<00:00, 49.45it/s]", "step": null, "ts": 1718378317.8244772}]}, "version": 60, "at": 1718378317.8246658}
{"obj": {"type": "LogStrings", "path": ["monitoring", "ea6279f4", "stderr"], "values": [{"value": "", "step": null, "ts": 1718378318.7452736}]}, "version": 61, "at": 1718378318.7454824}
{"obj": {"type": "LogStrings", "path": ["monitoring", "ea6279f4", "stderr"], "values": [{"value": "\r100%|\u2588\u2588\u2588\u2588\u2588\u2588\u2588\u2588\u2588\u2588\u2588\u2588\u2588\u2588\u2588\u2588\u2588\u2588\u2588\u2588\u2588\u2588\u2588\u2588\u2588\u2588\u2588\u2588\u2588\u2588\u2588\u2588\u2588\u2588\u2588\u2588\u2588\u2588\u2588\u2588\u2588\u2588\u2588\u2588\u2588\u2588\u2588\u2588\u2588\u2588\u2588\u2588\u2588\u2588\u2588\u2588\u2588\u2588\u2588\u2588\u2588\u2588\u2588\u2588\u2588\u2588\u2588\u2588\u2588\u2588\u2588\u2588\u2588\u2588\u2588\u2588\u2588\u2588\u2588\u2588\u2588\u2588\u2588\u2588\u2588\u2588\u2588\u2588\u2588\u2588\u2588\u2588\u2588\u2588\u2588\u2588\u2588\u2588\u2588\u2588\u2588\u2588\u2588\u2588\u2588\u2588\u2588\u2588\u2588\u2588\u2588\u2588\u2588\u2588\u2588\u2588\u2588\u2588\u2588\u2588\u2588\u2588\u2588\u2588\u2588\u2588\u2588\u2588\u2588\u2588\u2588\u2588\u2588\u2588\u2588\u2588\u2588\u2588\u2588| 73/73 [00:05<00:00, 13.10it/s]", "step": null, "ts": 1718378318.7493818}]}, "version": 62, "at": 1718378318.7495646}
{"obj": {"type": "LogStrings", "path": ["monitoring", "ea6279f4", "stderr"], "values": [{"value": "\n", "step": null, "ts": 1718378318.7501223}]}, "version": 63, "at": 1718378318.750262}
{"obj": {"type": "LogStrings", "path": ["monitoring", "ea6279f4", "stderr"], "values": [{"value": "\r  0%|                                                                                                                                                     | 0/5 [00:00<?, ?it/s]", "step": null, "ts": 1718378318.762006}]}, "version": 64, "at": 1718378318.7621791}
{"obj": {"type": "LogFloats", "path": ["monitoring", "ea6279f4", "cpu"], "values": [{"value": 66.1, "step": null, "ts": 1718378318.8064995}]}, "version": 65, "at": 1718378318.8717268}
{"obj": {"type": "LogFloats", "path": ["monitoring", "ea6279f4", "memory"], "values": [{"value": 14.776729583740234, "step": null, "ts": 1718378318.8064995}]}, "version": 66, "at": 1718378318.87452}
{"obj": {"type": "LogFloats", "path": ["monitoring", "ea6279f4", "gpu_memory"], "values": [{"value": 4.5899658203125, "step": null, "ts": 1718378318.8064995}]}, "version": 67, "at": 1718378318.8759003}
{"obj": {"type": "LogFloats", "path": ["monitoring", "ea6279f4", "cpu"], "values": [{"value": 50.7, "step": null, "ts": 1718378319.1432452}]}, "version": 68, "at": 1718378319.1896462}
{"obj": {"type": "LogFloats", "path": ["monitoring", "ea6279f4", "memory"], "values": [{"value": 14.818794250488281, "step": null, "ts": 1718378319.1432452}]}, "version": 69, "at": 1718378319.1910074}
{"obj": {"type": "LogFloats", "path": ["monitoring", "ea6279f4", "gpu_memory"], "values": [{"value": 4.5899658203125, "step": null, "ts": 1718378319.1432452}]}, "version": 70, "at": 1718378319.1930985}
{"obj": {"type": "LogFloats", "path": ["monitoring", "ea6279f4", "cpu"], "values": [{"value": 44.7, "step": null, "ts": 1718378319.4357026}]}, "version": 71, "at": 1718378319.4992917}
{"obj": {"type": "LogFloats", "path": ["monitoring", "ea6279f4", "memory"], "values": [{"value": 14.859603881835938, "step": null, "ts": 1718378319.4357026}]}, "version": 72, "at": 1718378319.501472}
{"obj": {"type": "LogFloats", "path": ["monitoring", "ea6279f4", "gpu_memory"], "values": [{"value": 4.5899658203125, "step": null, "ts": 1718378319.4357026}]}, "version": 73, "at": 1718378319.5042922}
{"obj": {"type": "LogFloats", "path": ["monitoring", "ea6279f4", "cpu"], "values": [{"value": 46.8, "step": null, "ts": 1718378319.7609868}]}, "version": 74, "at": 1718378319.8314347}
{"obj": {"type": "LogFloats", "path": ["monitoring", "ea6279f4", "memory"], "values": [{"value": 14.902229309082031, "step": null, "ts": 1718378319.7609868}]}, "version": 75, "at": 1718378319.8331833}
{"obj": {"type": "LogFloats", "path": ["monitoring", "ea6279f4", "gpu_memory"], "values": [{"value": 4.5899658203125, "step": null, "ts": 1718378319.7609868}]}, "version": 76, "at": 1718378319.8345547}
{"obj": {"type": "LogFloats", "path": ["monitoring", "ea6279f4", "cpu"], "values": [{"value": 44.2, "step": null, "ts": 1718378320.0929563}]}, "version": 77, "at": 1718378320.1707408}
{"obj": {"type": "LogFloats", "path": ["monitoring", "ea6279f4", "memory"], "values": [{"value": 14.924724578857422, "step": null, "ts": 1718378320.0929563}]}, "version": 78, "at": 1718378320.1725278}
{"obj": {"type": "LogFloats", "path": ["monitoring", "ea6279f4", "gpu_memory"], "values": [{"value": 4.5899658203125, "step": null, "ts": 1718378320.0929563}]}, "version": 79, "at": 1718378320.1733541}
{"obj": {"type": "LogFloats", "path": ["monitoring", "ea6279f4", "cpu"], "values": [{"value": 69.2, "step": null, "ts": 1718378320.4111385}]}, "version": 80, "at": 1718378320.473516}
{"obj": {"type": "LogFloats", "path": ["monitoring", "ea6279f4", "memory"], "values": [{"value": 14.968132019042969, "step": null, "ts": 1718378320.4111385}]}, "version": 81, "at": 1718378320.477215}
{"obj": {"type": "LogFloats", "path": ["monitoring", "ea6279f4", "gpu_memory"], "values": [{"value": 4.5899658203125, "step": null, "ts": 1718378320.4111385}]}, "version": 82, "at": 1718378320.4790041}
{"obj": {"type": "LogFloats", "path": ["monitoring", "ea6279f4", "cpu"], "values": [{"value": 71.1, "step": null, "ts": 1718378320.706538}]}, "version": 83, "at": 1718378320.7542408}
{"obj": {"type": "LogFloats", "path": ["monitoring", "ea6279f4", "memory"], "values": [{"value": 15.009418487548828, "step": null, "ts": 1718378320.706538}]}, "version": 84, "at": 1718378320.75666}
{"obj": {"type": "LogFloats", "path": ["monitoring", "ea6279f4", "gpu_memory"], "values": [{"value": 4.5899658203125, "step": null, "ts": 1718378320.706538}]}, "version": 85, "at": 1718378320.7573695}
{"obj": {"type": "LogFloats", "path": ["monitoring", "ea6279f4", "cpu"], "values": [{"value": 47.6, "step": null, "ts": 1718378320.9901152}]}, "version": 86, "at": 1718378321.0523124}
{"obj": {"type": "LogFloats", "path": ["monitoring", "ea6279f4", "memory"], "values": [{"value": 15.070053100585938, "step": null, "ts": 1718378320.9901152}]}, "version": 87, "at": 1718378321.0607765}
{"obj": {"type": "LogFloats", "path": ["monitoring", "ea6279f4", "gpu"], "values": [{"value": 6.0, "step": null, "ts": 1718378320.9901152}]}, "version": 88, "at": 1718378321.061841}
{"obj": {"type": "LogFloats", "path": ["monitoring", "ea6279f4", "gpu_memory"], "values": [{"value": 4.5899658203125, "step": null, "ts": 1718378320.9901152}]}, "version": 89, "at": 1718378321.062333}
{"obj": {"type": "LogStrings", "path": ["monitoring", "ea6279f4", "stderr"], "values": [{"value": "\r 20%|\u2588\u2588\u2588\u2588\u2588\u2588\u2588\u2588\u2588\u2588\u2588\u2588\u2588\u2588\u2588\u2588\u2588\u2588\u2588\u2588\u2588\u2588\u2588\u2588\u2588\u2588\u2588\u2588\u258f                                                                                                                | 1/5 [00:02<00:09,  2.37s/it]", "step": null, "ts": 1718378321.140488}]}, "version": 90, "at": 1718378321.1407926}
{"obj": {"type": "LogStrings", "path": ["monitoring", "ea6279f4", "stderr"], "values": [{"value": "", "step": null, "ts": 1718378322.6837249}]}, "version": 91, "at": 1718378322.683985}
{"obj": {"type": "LogStrings", "path": ["monitoring", "ea6279f4", "stderr"], "values": [{"value": "\r100%|\u2588\u2588\u2588\u2588\u2588\u2588\u2588\u2588\u2588\u2588\u2588\u2588\u2588\u2588\u2588\u2588\u2588\u2588\u2588\u2588\u2588\u2588\u2588\u2588\u2588\u2588\u2588\u2588\u2588\u2588\u2588\u2588\u2588\u2588\u2588\u2588\u2588\u2588\u2588\u2588\u2588\u2588\u2588\u2588\u2588\u2588\u2588\u2588\u2588\u2588\u2588\u2588\u2588\u2588\u2588\u2588\u2588\u2588\u2588\u2588\u2588\u2588\u2588\u2588\u2588\u2588\u2588\u2588\u2588\u2588\u2588\u2588\u2588\u2588\u2588\u2588\u2588\u2588\u2588\u2588\u2588\u2588\u2588\u2588\u2588\u2588\u2588\u2588\u2588\u2588\u2588\u2588\u2588\u2588\u2588\u2588\u2588\u2588\u2588\u2588\u2588\u2588\u2588\u2588\u2588\u2588\u2588\u2588\u2588\u2588\u2588\u2588\u2588\u2588\u2588\u2588\u2588\u2588\u2588\u2588\u2588\u2588\u2588\u2588\u2588\u2588\u2588\u2588\u2588\u2588\u2588\u2588\u2588\u2588\u2588\u2588\u2588\u2588\u2588\u2588\u2588| 5/5 [00:03<00:00,  1.28it/s]", "step": null, "ts": 1718378322.6887078}]}, "version": 92, "at": 1718378322.6889136}
{"obj": {"type": "LogStrings", "path": ["monitoring", "ea6279f4", "stderr"], "values": [{"value": "\n", "step": null, "ts": 1718378322.6896589}]}, "version": 93, "at": 1718378322.6898093}
{"obj": {"type": "LogStrings", "path": ["monitoring", "ea6279f4", "stderr"], "values": [{"value": "\r  0%|                                                                                                                                                     | 0/6 [00:00<?, ?it/s]", "step": null, "ts": 1718378322.6992273}]}, "version": 94, "at": 1718378322.6994314}
{"obj": {"type": "LogFloats", "path": ["monitoring", "ea6279f4", "cpu"], "values": [{"value": 54.4, "step": null, "ts": 1718378322.7460582}]}, "version": 95, "at": 1718378322.7898006}
{"obj": {"type": "LogFloats", "path": ["monitoring", "ea6279f4", "memory"], "values": [{"value": 14.843509674072266, "step": null, "ts": 1718378322.7460582}]}, "version": 96, "at": 1718378322.793113}
{"obj": {"type": "LogFloats", "path": ["monitoring", "ea6279f4", "gpu_memory"], "values": [{"value": 4.5899658203125, "step": null, "ts": 1718378322.7460582}]}, "version": 97, "at": 1718378322.7945735}
{"obj": {"type": "LogFloats", "path": ["monitoring", "ea6279f4", "cpu"], "values": [{"value": 45.3, "step": null, "ts": 1718378323.0353243}]}, "version": 98, "at": 1718378323.0783832}
{"obj": {"type": "LogFloats", "path": ["monitoring", "ea6279f4", "memory"], "values": [{"value": 14.883068084716797, "step": null, "ts": 1718378323.0353243}]}, "version": 99, "at": 1718378323.0820444}
{"obj": {"type": "LogFloats", "path": ["monitoring", "ea6279f4", "gpu_memory"], "values": [{"value": 4.5899658203125, "step": null, "ts": 1718378323.0353243}]}, "version": 100, "at": 1718378323.0849946}
{"obj": {"type": "LogFloats", "path": ["monitoring", "ea6279f4", "cpu"], "values": [{"value": 56.3, "step": null, "ts": 1718378323.328321}]}, "version": 101, "at": 1718378323.3725314}
{"obj": {"type": "LogFloats", "path": ["monitoring", "ea6279f4", "memory"], "values": [{"value": 14.932010650634766, "step": null, "ts": 1718378323.328321}]}, "version": 102, "at": 1718378323.3740036}
{"obj": {"type": "LogFloats", "path": ["monitoring", "ea6279f4", "gpu_memory"], "values": [{"value": 4.5899658203125, "step": null, "ts": 1718378323.328321}]}, "version": 103, "at": 1718378323.3747885}
{"obj": {"type": "LogFloats", "path": ["monitoring", "ea6279f4", "cpu"], "values": [{"value": 51.4, "step": null, "ts": 1718378323.632201}]}, "version": 104, "at": 1718378323.6950939}
{"obj": {"type": "LogFloats", "path": ["monitoring", "ea6279f4", "memory"], "values": [{"value": 14.965576171875, "step": null, "ts": 1718378323.632201}]}, "version": 105, "at": 1718378323.6967885}
{"obj": {"type": "LogFloats", "path": ["monitoring", "ea6279f4", "gpu_memory"], "values": [{"value": 4.5899658203125, "step": null, "ts": 1718378323.632201}]}, "version": 106, "at": 1718378323.6985874}
{"obj": {"type": "LogFloats", "path": ["monitoring", "ea6279f4", "cpu"], "values": [{"value": 52.9, "step": null, "ts": 1718378323.895801}]}, "version": 107, "at": 1718378323.9582407}
{"obj": {"type": "LogFloats", "path": ["monitoring", "ea6279f4", "memory"], "values": [{"value": 15.021514892578125, "step": null, "ts": 1718378323.895801}]}, "version": 108, "at": 1718378323.9608917}
{"obj": {"type": "LogFloats", "path": ["monitoring", "ea6279f4", "gpu_memory"], "values": [{"value": 4.5899658203125, "step": null, "ts": 1718378323.895801}]}, "version": 109, "at": 1718378323.961794}
{"obj": {"type": "LogFloats", "path": ["monitoring", "ea6279f4", "cpu"], "values": [{"value": 55.2, "step": null, "ts": 1718378324.1746178}]}, "version": 110, "at": 1718378324.2395687}
{"obj": {"type": "LogFloats", "path": ["monitoring", "ea6279f4", "memory"], "values": [{"value": 15.063194274902344, "step": null, "ts": 1718378324.1746178}]}, "version": 111, "at": 1718378324.2414062}
{"obj": {"type": "LogFloats", "path": ["monitoring", "ea6279f4", "gpu_memory"], "values": [{"value": 4.5899658203125, "step": null, "ts": 1718378324.1746178}]}, "version": 112, "at": 1718378324.242274}
{"obj": {"type": "LogFloats", "path": ["monitoring", "ea6279f4", "cpu"], "values": [{"value": 52.2, "step": null, "ts": 1718378324.468673}]}, "version": 113, "at": 1718378324.5180728}
{"obj": {"type": "LogFloats", "path": ["monitoring", "ea6279f4", "memory"], "values": [{"value": 15.102088928222656, "step": null, "ts": 1718378324.468673}]}, "version": 114, "at": 1718378324.5197184}
{"obj": {"type": "LogFloats", "path": ["monitoring", "ea6279f4", "gpu_memory"], "values": [{"value": 4.5899658203125, "step": null, "ts": 1718378324.468673}]}, "version": 115, "at": 1718378324.5225892}
