{"obj": {"type": "AssignString", "path": ["sys", "name"], "value": "Untitled"}, "version": 1, "at": 1718215080.2536604}
{"obj": {"type": "AssignString", "path": ["sys", "description"], "value": ""}, "version": 2, "at": 1718215080.2552087}
{"obj": {"type": "AssignString", "path": ["monitoring", "a65829f9", "hostname"], "value": "Precision-7920-Tower-2"}, "version": 3, "at": 1718215080.2575214}
{"obj": {"type": "AssignString", "path": ["sys", "hostname"], "value": "Precision-7920-Tower-2"}, "version": 4, "at": 1718215080.2581632}
{"obj": {"type": "AssignString", "path": ["monitoring", "a65829f9", "pid"], "value": "17351"}, "version": 5, "at": 1718215080.2598574}
{"obj": {"type": "AssignString", "path": ["monitoring", "a65829f9", "tid"], "value": "140703528841472"}, "version": 6, "at": 1718215080.2609477}
{"obj": {"type": "AssignBool", "path": ["sys", "failed"], "value": false}, "version": 7, "at": 1718215080.2618113}
{"obj": {"type": "ClearStringLog", "path": ["monitoring", "a65829f9", "stdout"]}, "version": 8, "at": 1718215080.2631419}
{"obj": {"type": "ClearStringLog", "path": ["monitoring", "a65829f9", "stderr"]}, "version": 9, "at": 1718215080.2638495}
{"obj": {"type": "AssignString", "path": ["source_code", "entrypoint"], "value": "test.py"}, "version": 10, "at": 1718215080.265413}
{"obj": {"type": "UploadFileSet", "path": ["source_code", "files"], "file_globs": ["/home/athena/3DVAE-AgeDisentangled_contrastive_loss/test.py"], "reset": "False"}, "version": 11, "at": 1718215080.266154}
{"obj": {"type": "UploadFile", "path": ["source_code", "diff"], "ext": "patch", "file_path": null, "tmp_file_name": "source_code_diff-1718215080.540005-2024-06-12_15.58.00.540005.patch", "clean_after_upload": false}, "version": 12, "at": 1718215080.541614}
{"obj": {"type": "ConfigFloatSeries", "path": ["monitoring", "a65829f9", "cpu"], "min": 0.0, "max": 100.0, "unit": "%"}, "version": 13, "at": 1718215080.849817}
{"obj": {"type": "ClearFloatLog", "path": ["monitoring", "a65829f9", "cpu"]}, "version": 14, "at": 1718215080.8538027}
{"obj": {"type": "ConfigFloatSeries", "path": ["monitoring", "a65829f9", "memory"], "min": 0.0, "max": 31.03635025024414, "unit": "GB"}, "version": 15, "at": 1718215080.8548918}
{"obj": {"type": "ClearFloatLog", "path": ["monitoring", "a65829f9", "memory"]}, "version": 16, "at": 1718215080.8552017}
{"obj": {"type": "ConfigFloatSeries", "path": ["monitoring", "a65829f9", "gpu"], "min": 0.0, "max": 100.0, "unit": "%"}, "version": 17, "at": 1718215080.855925}
{"obj": {"type": "ClearFloatLog", "path": ["monitoring", "a65829f9", "gpu"]}, "version": 18, "at": 1718215080.8561316}
{"obj": {"type": "ConfigFloatSeries", "path": ["monitoring", "a65829f9", "gpu_memory"], "min": 0.0, "max": 15.89703369140625, "unit": "GB"}, "version": 19, "at": 1718215080.8567395}
{"obj": {"type": "ClearFloatLog", "path": ["monitoring", "a65829f9", "gpu_memory"]}, "version": 20, "at": 1718215080.8569238}
{"obj": {"type": "LogFloats", "path": ["monitoring", "a65829f9", "cpu"], "values": [{"value": 36.0, "step": null, "ts": 1718215080.8603013}]}, "version": 21, "at": 1718215080.8969493}
{"obj": {"type": "LogStrings", "path": ["monitoring", "a65829f9", "stderr"], "values": [{"value": "\r  0%|                                                                                                                                                                           | 0/73 [00:00<?, ?it/s]", "step": null, "ts": 1718215080.9013133}]}, "version": 22, "at": 1718215080.9017394}
{"obj": {"type": "LogFloats", "path": ["monitoring", "a65829f9", "memory"], "values": [{"value": 15.713851928710938, "step": null, "ts": 1718215080.8603013}]}, "version": 23, "at": 1718215080.9039783}
{"obj": {"type": "LogFloats", "path": ["monitoring", "a65829f9", "gpu_memory"], "values": [{"value": 4.4649658203125, "step": null, "ts": 1718215080.8603013}]}, "version": 24, "at": 1718215080.9129102}
{"obj": {"type": "LogFloats", "path": ["monitoring", "a65829f9", "cpu"], "values": [{"value": 43.8, "step": null, "ts": 1718215081.3380413}]}, "version": 25, "at": 1718215081.3937}
{"obj": {"type": "LogFloats", "path": ["monitoring", "a65829f9", "memory"], "values": [{"value": 15.753253936767578, "step": null, "ts": 1718215081.3380413}]}, "version": 26, "at": 1718215081.39511}
{"obj": {"type": "LogFloats", "path": ["monitoring", "a65829f9", "gpu_memory"], "values": [{"value": 4.4649658203125, "step": null, "ts": 1718215081.3380413}]}, "version": 27, "at": 1718215081.396086}
{"obj": {"type": "LogFloats", "path": ["monitoring", "a65829f9", "cpu"], "values": [{"value": 49.2, "step": null, "ts": 1718215081.7177963}]}, "version": 28, "at": 1718215081.7599094}
{"obj": {"type": "LogFloats", "path": ["monitoring", "a65829f9", "memory"], "values": [{"value": 15.794784545898438, "step": null, "ts": 1718215081.7177963}]}, "version": 29, "at": 1718215081.7625487}
{"obj": {"type": "LogFloats", "path": ["monitoring", "a65829f9", "gpu_memory"], "values": [{"value": 4.4649658203125, "step": null, "ts": 1718215081.7177963}]}, "version": 30, "at": 1718215081.7637374}
{"obj": {"type": "LogFloats", "path": ["monitoring", "a65829f9", "cpu"], "values": [{"value": 45.0, "step": null, "ts": 1718215082.0632668}]}, "version": 31, "at": 1718215082.1083744}
{"obj": {"type": "LogFloats", "path": ["monitoring", "a65829f9", "memory"], "values": [{"value": 15.815757751464844, "step": null, "ts": 1718215082.0632668}]}, "version": 32, "at": 1718215082.113275}
{"obj": {"type": "LogFloats", "path": ["monitoring", "a65829f9", "gpu_memory"], "values": [{"value": 4.4649658203125, "step": null, "ts": 1718215082.0632668}]}, "version": 33, "at": 1718215082.1145391}
{"obj": {"type": "LogFloats", "path": ["monitoring", "a65829f9", "cpu"], "values": [{"value": 47.9, "step": null, "ts": 1718215082.3723357}]}, "version": 34, "at": 1718215082.4216092}
{"obj": {"type": "LogFloats", "path": ["monitoring", "a65829f9", "memory"], "values": [{"value": 15.857322692871094, "step": null, "ts": 1718215082.3723357}]}, "version": 35, "at": 1718215082.4232745}
{"obj": {"type": "LogFloats", "path": ["monitoring", "a65829f9", "gpu_memory"], "values": [{"value": 4.4649658203125, "step": null, "ts": 1718215082.3723357}]}, "version": 36, "at": 1718215082.4244144}
{"obj": {"type": "LogFloats", "path": ["monitoring", "a65829f9", "cpu"], "values": [{"value": 43.7, "step": null, "ts": 1718215082.7630205}]}, "version": 37, "at": 1718215082.8257027}
{"obj": {"type": "LogFloats", "path": ["monitoring", "a65829f9", "memory"], "values": [{"value": 15.897712707519531, "step": null, "ts": 1718215082.7630205}]}, "version": 38, "at": 1718215082.8289888}
{"obj": {"type": "LogFloats", "path": ["monitoring", "a65829f9", "gpu_memory"], "values": [{"value": 4.4649658203125, "step": null, "ts": 1718215082.7630205}]}, "version": 39, "at": 1718215082.8298416}
{"obj": {"type": "LogFloats", "path": ["monitoring", "a65829f9", "cpu"], "values": [{"value": 53.9, "step": null, "ts": 1718215083.0942545}]}, "version": 40, "at": 1718215083.1512644}
{"obj": {"type": "LogFloats", "path": ["monitoring", "a65829f9", "memory"], "values": [{"value": 15.957832336425781, "step": null, "ts": 1718215083.0942545}]}, "version": 41, "at": 1718215083.152925}
{"obj": {"type": "LogFloats", "path": ["monitoring", "a65829f9", "gpu"], "values": [{"value": 7.0, "step": null, "ts": 1718215083.0942545}]}, "version": 42, "at": 1718215083.1534407}
{"obj": {"type": "LogFloats", "path": ["monitoring", "a65829f9", "gpu_memory"], "values": [{"value": 4.4649658203125, "step": null, "ts": 1718215083.0942545}]}, "version": 43, "at": 1718215083.1538835}
{"obj": {"type": "LogFloats", "path": ["monitoring", "a65829f9", "cpu"], "values": [{"value": 48.0, "step": null, "ts": 1718215083.4766598}]}, "version": 44, "at": 1718215083.5471308}
{"obj": {"type": "LogFloats", "path": ["monitoring", "a65829f9", "memory"], "values": [{"value": 15.979576110839844, "step": null, "ts": 1718215083.4766598}]}, "version": 45, "at": 1718215083.5518498}
{"obj": {"type": "LogFloats", "path": ["monitoring", "a65829f9", "gpu_memory"], "values": [{"value": 4.4649658203125, "step": null, "ts": 1718215083.4766598}]}, "version": 46, "at": 1718215083.5531447}
{"obj": {"type": "LogFloats", "path": ["monitoring", "a65829f9", "cpu"], "values": [{"value": 47.4, "step": null, "ts": 1718215083.8225849}]}, "version": 47, "at": 1718215083.9155302}
{"obj": {"type": "LogFloats", "path": ["monitoring", "a65829f9", "memory"], "values": [{"value": 16.02557373046875, "step": null, "ts": 1718215083.8225849}]}, "version": 48, "at": 1718215083.9239936}
{"obj": {"type": "LogFloats", "path": ["monitoring", "a65829f9", "gpu_memory"], "values": [{"value": 4.4649658203125, "step": null, "ts": 1718215083.8225849}]}, "version": 49, "at": 1718215083.9270093}
{"obj": {"type": "LogStrings", "path": ["monitoring", "a65829f9", "stderr"], "values": [{"value": "\r  1%|\u2588\u2588\u258f                                                                                                                                                                | 1/73 [00:03<04:42,  3.92s/it]", "step": null, "ts": 1718215084.8168156}]}, "version": 50, "at": 1718215084.8174088}
{"obj": {"type": "LogStrings", "path": ["monitoring", "a65829f9", "stderr"], "values": [{"value": "\r  7%|\u2588\u2588\u2588\u2588\u2588\u2588\u2588\u2588\u2588\u2588\u2588\u258f                                                                                                                                                       | 5/73 [00:04<00:41,  1.65it/s]", "step": null, "ts": 1718215084.9185216}]}, "version": 51, "at": 1718215084.9188743}
{"obj": {"type": "LogStrings", "path": ["monitoring", "a65829f9", "stderr"], "values": [{"value": "\r 11%|\u2588\u2588\u2588\u2588\u2588\u2588\u2588\u2588\u2588\u2588\u2588\u2588\u2588\u2588\u2588\u2588\u2588\u258a                                                                                                                                                 | 8/73 [00:04<00:26,  2.47it/s]", "step": null, "ts": 1718215085.4780385}]}, "version": 52, "at": 1718215085.478381}
{"obj": {"type": "LogStrings", "path": ["monitoring", "a65829f9", "stderr"], "values": [{"value": "\r 23%|\u2588\u2588\u2588\u2588\u2588\u2588\u2588\u2588\u2588\u2588\u2588\u2588\u2588\u2588\u2588\u2588\u2588\u2588\u2588\u2588\u2588\u2588\u2588\u2588\u2588\u2588\u2588\u2588\u2588\u2588\u2588\u2588\u2588\u2588\u2588\u2588\u2588\u258b                                                                                                                            | 17/73 [00:04<00:07,  7.10it/s]", "step": null, "ts": 1718215085.5826795}]}, "version": 53, "at": 1718215085.5830052}
{"obj": {"type": "LogStrings", "path": ["monitoring", "a65829f9", "stderr"], "values": [{"value": "\r 36%|\u2588\u2588\u2588\u2588\u2588\u2588\u2588\u2588\u2588\u2588\u2588\u2588\u2588\u2588\u2588\u2588\u2588\u2588\u2588\u2588\u2588\u2588\u2588\u2588\u2588\u2588\u2588\u2588\u2588\u2588\u2588\u2588\u2588\u2588\u2588\u2588\u2588\u2588\u2588\u2588\u2588\u2588\u2588\u2588\u2588\u2588\u2588\u2588\u2588\u2588\u2588\u2588\u2588\u2588\u2588\u2588\u2588\u258b                                                                                                        | 26/73 [00:04<00:03, 12.84it/s]", "step": null, "ts": 1718215085.6898417}]}, "version": 54, "at": 1718215085.6903365}
{"obj": {"type": "LogStrings", "path": ["monitoring", "a65829f9", "stderr"], "values": [{"value": "\r 44%|\u2588\u2588\u2588\u2588\u2588\u2588\u2588\u2588\u2588\u2588\u2588\u2588\u2588\u2588\u2588\u2588\u2588\u2588\u2588\u2588\u2588\u2588\u2588\u2588\u2588\u2588\u2588\u2588\u2588\u2588\u2588\u2588\u2588\u2588\u2588\u2588\u2588\u2588\u2588\u2588\u2588\u2588\u2588\u2588\u2588\u2588\u2588\u2588\u2588\u2588\u2588\u2588\u2588\u2588\u2588\u2588\u2588\u2588\u2588\u2588\u2588\u2588\u2588\u2588\u2588\u2588\u2588\u2588\u2588\u2588\u2588                                                                                           | 32/73 [00:04<00:02, 16.76it/s]", "step": null, "ts": 1718215085.815264}]}, "version": 55, "at": 1718215085.815555}
{"obj": {"type": "LogStrings", "path": ["monitoring", "a65829f9", "stderr"], "values": [{"value": "\r 53%|\u2588\u2588\u2588\u2588\u2588\u2588\u2588\u2588\u2588\u2588\u2588\u2588\u2588\u2588\u2588\u2588\u2588\u2588\u2588\u2588\u2588\u2588\u2588\u2588\u2588\u2588\u2588\u2588\u2588\u2588\u2588\u2588\u2588\u2588\u2588\u2588\u2588\u2588\u2588\u2588\u2588\u2588\u2588\u2588\u2588\u2588\u2588\u2588\u2588\u2588\u2588\u2588\u2588\u2588\u2588\u2588\u2588\u2588\u2588\u2588\u2588\u2588\u2588\u2588\u2588\u2588\u2588\u2588\u2588\u2588\u2588\u2588\u2588\u2588\u2588\u2588\u2588\u2588\u2588\u2588\u2588\u2588\u2588\u2588\u2588\u2588\u258c                                                                           | 39/73 [00:05<00:01, 22.49it/s]", "step": null, "ts": 1718215085.9261165}]}, "version": 56, "at": 1718215085.9279199}
{"obj": {"type": "LogStrings", "path": ["monitoring", "a65829f9", "stderr"], "values": [{"value": "\r 63%|\u2588\u2588\u2588\u2588\u2588\u2588\u2588\u2588\u2588\u2588\u2588\u2588\u2588\u2588\u2588\u2588\u2588\u2588\u2588\u2588\u2588\u2588\u2588\u2588\u2588\u2588\u2588\u2588\u2588\u2588\u2588\u2588\u2588\u2588\u2588\u2588\u2588\u2588\u2588\u2588\u2588\u2588\u2588\u2588\u2588\u2588\u2588\u2588\u2588\u2588\u2588\u2588\u2588\u2588\u2588\u2588\u2588\u2588\u2588\u2588\u2588\u2588\u2588\u2588\u2588\u2588\u2588\u2588\u2588\u2588\u2588\u2588\u2588\u2588\u2588\u2588\u2588\u2588\u2588\u2588\u2588\u2588\u2588\u2588\u2588\u2588\u2588\u2588\u2588\u2588\u2588\u2588\u2588\u2588\u2588\u2588\u2588\u2588\u2588\u2588\u2588\u2588                                                            | 46/73 [00:05<00:00, 28.84it/s]", "step": null, "ts": 1718215086.0279136}]}, "version": 57, "at": 1718215086.028203}
{"obj": {"type": "LogStrings", "path": ["monitoring", "a65829f9", "stderr"], "values": [{"value": "\r 74%|\u2588\u2588\u2588\u2588\u2588\u2588\u2588\u2588\u2588\u2588\u2588\u2588\u2588\u2588\u2588\u2588\u2588\u2588\u2588\u2588\u2588\u2588\u2588\u2588\u2588\u2588\u2588\u2588\u2588\u2588\u2588\u2588\u2588\u2588\u2588\u2588\u2588\u2588\u2588\u2588\u2588\u2588\u2588\u2588\u2588\u2588\u2588\u2588\u2588\u2588\u2588\u2588\u2588\u2588\u2588\u2588\u2588\u2588\u2588\u2588\u2588\u2588\u2588\u2588\u2588\u2588\u2588\u2588\u2588\u2588\u2588\u2588\u2588\u2588\u2588\u2588\u2588\u2588\u2588\u2588\u2588\u2588\u2588\u2588\u2588\u2588\u2588\u2588\u2588\u2588\u2588\u2588\u2588\u2588\u2588\u2588\u2588\u2588\u2588\u2588\u2588\u2588\u2588\u2588\u2588\u2588\u2588\u2588\u2588\u2588\u2588\u2588\u2588\u2588\u2588\u2588\u2588\u2588\u2588\u258a                                          | 54/73 [00:05<00:00, 36.57it/s]", "step": null, "ts": 1718215086.1391363}]}, "version": 58, "at": 1718215086.1393847}
{"obj": {"type": "LogStrings", "path": ["monitoring", "a65829f9", "stderr"], "values": [{"value": "\r 84%|\u2588\u2588\u2588\u2588\u2588\u2588\u2588\u2588\u2588\u2588\u2588\u2588\u2588\u2588\u2588\u2588\u2588\u2588\u2588\u2588\u2588\u2588\u2588\u2588\u2588\u2588\u2588\u2588\u2588\u2588\u2588\u2588\u2588\u2588\u2588\u2588\u2588\u2588\u2588\u2588\u2588\u2588\u2588\u2588\u2588\u2588\u2588\u2588\u2588\u2588\u2588\u2588\u2588\u2588\u2588\u2588\u2588\u2588\u2588\u2588\u2588\u2588\u2588\u2588\u2588\u2588\u2588\u2588\u2588\u2588\u2588\u2588\u2588\u2588\u2588\u2588\u2588\u2588\u2588\u2588\u2588\u2588\u2588\u2588\u2588\u2588\u2588\u2588\u2588\u2588\u2588\u2588\u2588\u2588\u2588\u2588\u2588\u2588\u2588\u2588\u2588\u2588\u2588\u2588\u2588\u2588\u2588\u2588\u2588\u2588\u2588\u2588\u2588\u2588\u2588\u2588\u2588\u2588\u2588\u2588\u2588\u2588\u2588\u2588\u2588\u2588\u2588\u2588\u2588\u2588\u2588\u2588\u2588\u2588\u2588\u258e                          | 61/73 [00:05<00:00, 42.49it/s]", "step": null, "ts": 1718215086.2425523}]}, "version": 59, "at": 1718215086.2431042}
{"obj": {"type": "LogStrings", "path": ["monitoring", "a65829f9", "stderr"], "values": [{"value": "\r 93%|\u2588\u2588\u2588\u2588\u2588\u2588\u2588\u2588\u2588\u2588\u2588\u2588\u2588\u2588\u2588\u2588\u2588\u2588\u2588\u2588\u2588\u2588\u2588\u2588\u2588\u2588\u2588\u2588\u2588\u2588\u2588\u2588\u2588\u2588\u2588\u2588\u2588\u2588\u2588\u2588\u2588\u2588\u2588\u2588\u2588\u2588\u2588\u2588\u2588\u2588\u2588\u2588\u2588\u2588\u2588\u2588\u2588\u2588\u2588\u2588\u2588\u2588\u2588\u2588\u2588\u2588\u2588\u2588\u2588\u2588\u2588\u2588\u2588\u2588\u2588\u2588\u2588\u2588\u2588\u2588\u2588\u2588\u2588\u2588\u2588\u2588\u2588\u2588\u2588\u2588\u2588\u2588\u2588\u2588\u2588\u2588\u2588\u2588\u2588\u2588\u2588\u2588\u2588\u2588\u2588\u2588\u2588\u2588\u2588\u2588\u2588\u2588\u2588\u2588\u2588\u2588\u2588\u2588\u2588\u2588\u2588\u2588\u2588\u2588\u2588\u2588\u2588\u2588\u2588\u2588\u2588\u2588\u2588\u2588\u2588\u2588\u2588\u2588\u2588\u2588\u2588\u2588\u2588\u2588\u2588\u2588\u2588\u2588\u2588\u2588\u2589           | 68/73 [00:05<00:00, 48.11it/s]", "step": null, "ts": 1718215086.3435397}]}, "version": 60, "at": 1718215086.343915}
{"obj": {"type": "LogStrings", "path": ["monitoring", "a65829f9", "stderr"], "values": [{"value": "", "step": null, "ts": 1718215087.2411072}]}, "version": 61, "at": 1718215087.2419765}
{"obj": {"type": "LogStrings", "path": ["monitoring", "a65829f9", "stderr"], "values": [{"value": "\r100%|\u2588\u2588\u2588\u2588\u2588\u2588\u2588\u2588\u2588\u2588\u2588\u2588\u2588\u2588\u2588\u2588\u2588\u2588\u2588\u2588\u2588\u2588\u2588\u2588\u2588\u2588\u2588\u2588\u2588\u2588\u2588\u2588\u2588\u2588\u2588\u2588\u2588\u2588\u2588\u2588\u2588\u2588\u2588\u2588\u2588\u2588\u2588\u2588\u2588\u2588\u2588\u2588\u2588\u2588\u2588\u2588\u2588\u2588\u2588\u2588\u2588\u2588\u2588\u2588\u2588\u2588\u2588\u2588\u2588\u2588\u2588\u2588\u2588\u2588\u2588\u2588\u2588\u2588\u2588\u2588\u2588\u2588\u2588\u2588\u2588\u2588\u2588\u2588\u2588\u2588\u2588\u2588\u2588\u2588\u2588\u2588\u2588\u2588\u2588\u2588\u2588\u2588\u2588\u2588\u2588\u2588\u2588\u2588\u2588\u2588\u2588\u2588\u2588\u2588\u2588\u2588\u2588\u2588\u2588\u2588\u2588\u2588\u2588\u2588\u2588\u2588\u2588\u2588\u2588\u2588\u2588\u2588\u2588\u2588\u2588\u2588\u2588\u2588\u2588\u2588\u2588\u2588\u2588\u2588\u2588\u2588\u2588\u2588\u2588\u2588\u2588\u2588\u2588\u2588\u2588\u2588\u2588\u2588\u2588\u2588\u2588\u2588| 73/73 [00:06<00:00, 11.53it/s]", "step": null, "ts": 1718215087.2455986}]}, "version": 62, "at": 1718215087.2459152}
{"obj": {"type": "LogStrings", "path": ["monitoring", "a65829f9", "stderr"], "values": [{"value": "\n", "step": null, "ts": 1718215087.2473133}]}, "version": 63, "at": 1718215087.2475882}
{"obj": {"type": "LogStrings", "path": ["monitoring", "a65829f9", "stderr"], "values": [{"value": "\r  0%|                                                                                                                                                                            | 0/6 [00:00<?, ?it/s]", "step": null, "ts": 1718215087.259044}]}, "version": 64, "at": 1718215087.2594163}
{"obj": {"type": "LogFloats", "path": ["monitoring", "a65829f9", "cpu"], "values": [{"value": 47.7, "step": null, "ts": 1718215087.3242078}]}, "version": 65, "at": 1718215087.387796}
{"obj": {"type": "LogFloats", "path": ["monitoring", "a65829f9", "memory"], "values": [{"value": 16.021053314208984, "step": null, "ts": 1718215087.3242078}]}, "version": 66, "at": 1718215087.3899071}
{"obj": {"type": "LogFloats", "path": ["monitoring", "a65829f9", "gpu_memory"], "values": [{"value": 4.5899658203125, "step": null, "ts": 1718215087.3242078}]}, "version": 67, "at": 1718215087.3923054}
{"obj": {"type": "LogFloats", "path": ["monitoring", "a65829f9", "cpu"], "values": [{"value": 47.7, "step": null, "ts": 1718215087.6574497}]}, "version": 68, "at": 1718215087.7111855}
{"obj": {"type": "LogFloats", "path": ["monitoring", "a65829f9", "memory"], "values": [{"value": 16.062496185302734, "step": null, "ts": 1718215087.6574497}]}, "version": 69, "at": 1718215087.7129443}
{"obj": {"type": "LogFloats", "path": ["monitoring", "a65829f9", "gpu_memory"], "values": [{"value": 4.5899658203125, "step": null, "ts": 1718215087.6574497}]}, "version": 70, "at": 1718215087.7139716}
{"obj": {"type": "LogFloats", "path": ["monitoring", "a65829f9", "cpu"], "values": [{"value": 45.9, "step": null, "ts": 1718215087.9231312}]}, "version": 71, "at": 1718215087.9955826}
{"obj": {"type": "LogFloats", "path": ["monitoring", "a65829f9", "memory"], "values": [{"value": 16.081096649169922, "step": null, "ts": 1718215087.9231312}]}, "version": 72, "at": 1718215087.9971254}
{"obj": {"type": "LogFloats", "path": ["monitoring", "a65829f9", "gpu_memory"], "values": [{"value": 4.5899658203125, "step": null, "ts": 1718215087.9231312}]}, "version": 73, "at": 1718215087.9980896}
{"obj": {"type": "LogFloats", "path": ["monitoring", "a65829f9", "cpu"], "values": [{"value": 46.3, "step": null, "ts": 1718215088.2692888}]}, "version": 74, "at": 1718215088.3012726}
{"obj": {"type": "LogFloats", "path": ["monitoring", "a65829f9", "memory"], "values": [{"value": 16.122711181640625, "step": null, "ts": 1718215088.2692888}]}, "version": 75, "at": 1718215088.302683}
{"obj": {"type": "LogFloats", "path": ["monitoring", "a65829f9", "gpu_memory"], "values": [{"value": 4.5899658203125, "step": null, "ts": 1718215088.2692888}]}, "version": 76, "at": 1718215088.3031738}
{"obj": {"type": "LogFloats", "path": ["monitoring", "a65829f9", "cpu"], "values": [{"value": 48.9, "step": null, "ts": 1718215088.5780241}]}, "version": 77, "at": 1718215088.599281}
{"obj": {"type": "LogFloats", "path": ["monitoring", "a65829f9", "memory"], "values": [{"value": 16.162841796875, "step": null, "ts": 1718215088.5780241}]}, "version": 78, "at": 1718215088.6013718}
{"obj": {"type": "LogFloats", "path": ["monitoring", "a65829f9", "gpu_memory"], "values": [{"value": 4.5899658203125, "step": null, "ts": 1718215088.5780241}]}, "version": 79, "at": 1718215088.602286}
{"obj": {"type": "LogFloats", "path": ["monitoring", "a65829f9", "cpu"], "values": [{"value": 53.1, "step": null, "ts": 1718215088.899107}]}, "version": 80, "at": 1718215088.9564586}
{"obj": {"type": "LogFloats", "path": ["monitoring", "a65829f9", "memory"], "values": [{"value": 16.22606658935547, "step": null, "ts": 1718215088.899107}]}, "version": 81, "at": 1718215088.9583008}
{"obj": {"type": "LogFloats", "path": ["monitoring", "a65829f9", "gpu_memory"], "values": [{"value": 4.5899658203125, "step": null, "ts": 1718215088.899107}]}, "version": 82, "at": 1718215088.9591746}
{"obj": {"type": "LogFloats", "path": ["monitoring", "a65829f9", "cpu"], "values": [{"value": 60.3, "step": null, "ts": 1718215089.2158098}]}, "version": 83, "at": 1718215089.2728362}
{"obj": {"type": "LogFloats", "path": ["monitoring", "a65829f9", "memory"], "values": [{"value": 16.245452880859375, "step": null, "ts": 1718215089.2158098}]}, "version": 84, "at": 1718215089.2761204}
{"obj": {"type": "LogFloats", "path": ["monitoring", "a65829f9", "gpu_memory"], "values": [{"value": 4.5899658203125, "step": null, "ts": 1718215089.2158098}]}, "version": 85, "at": 1718215089.279704}
{"obj": {"type": "LogFloats", "path": ["monitoring", "a65829f9", "cpu"], "values": [{"value": 45.3, "step": null, "ts": 1718215089.5465925}]}, "version": 86, "at": 1718215089.5897515}
{"obj": {"type": "LogFloats", "path": ["monitoring", "a65829f9", "memory"], "values": [{"value": 16.28479766845703, "step": null, "ts": 1718215089.5465925}]}, "version": 87, "at": 1718215089.5909371}
{"obj": {"type": "LogFloats", "path": ["monitoring", "a65829f9", "gpu_memory"], "values": [{"value": 4.5899658203125, "step": null, "ts": 1718215089.5465925}]}, "version": 88, "at": 1718215089.593241}
{"obj": {"type": "LogStrings", "path": ["monitoring", "a65829f9", "stderr"], "values": [{"value": "\r 17%|\u2588\u2588\u2588\u2588\u2588\u2588\u2588\u2588\u2588\u2588\u2588\u2588\u2588\u2588\u2588\u2588\u2588\u2588\u2588\u2588\u2588\u2588\u2588\u2588\u2588\u2588\u2588\u258e                                                                                                                                        | 1/6 [00:02<00:12,  2.42s/it]", "step": null, "ts": 1718215089.6816719}]}, "version": 89, "at": 1718215089.6823776}
{"obj": {"type": "LogStrings", "path": ["monitoring", "a65829f9", "stderr"], "values": [{"value": "\r 83%|\u2588\u2588\u2588\u2588\u2588\u2588\u2588\u2588\u2588\u2588\u2588\u2588\u2588\u2588\u2588\u2588\u2588\u2588\u2588\u2588\u2588\u2588\u2588\u2588\u2588\u2588\u2588\u2588\u2588\u2588\u2588\u2588\u2588\u2588\u2588\u2588\u2588\u2588\u2588\u2588\u2588\u2588\u2588\u2588\u2588\u2588\u2588\u2588\u2588\u2588\u2588\u2588\u2588\u2588\u2588\u2588\u2588\u2588\u2588\u2588\u2588\u2588\u2588\u2588\u2588\u2588\u2588\u2588\u2588\u2588\u2588\u2588\u2588\u2588\u2588\u2588\u2588\u2588\u2588\u2588\u2588\u2588\u2588\u2588\u2588\u2588\u2588\u2588\u2588\u2588\u2588\u2588\u2588\u2588\u2588\u2588\u2588\u2588\u2588\u2588\u2588\u2588\u2588\u2588\u2588\u2588\u2588\u2588\u2588\u2588\u2588\u2588\u2588\u2588\u2588\u2588\u2588\u2588\u2588\u2588\u2588\u2588\u2588\u2588\u2588\u2588\u2588\u2588\u2588\u2588\u2588\u2588\u2588\u2588\u2588\u2588\u258b                           | 5/6 [00:02<00:00,  2.61it/s]", "step": null, "ts": 1718215089.788641}]}, "version": 90, "at": 1718215089.7890391}
{"obj": {"type": "LogStrings", "path": ["monitoring", "a65829f9", "stderr"], "values": [{"value": "", "step": null, "ts": 1718215091.4284356}]}, "version": 91, "at": 1718215091.4293375}
{"obj": {"type": "LogStrings", "path": ["monitoring", "a65829f9", "stderr"], "values": [{"value": "\r100%|\u2588\u2588\u2588\u2588\u2588\u2588\u2588\u2588\u2588\u2588\u2588\u2588\u2588\u2588\u2588\u2588\u2588\u2588\u2588\u2588\u2588\u2588\u2588\u2588\u2588\u2588\u2588\u2588\u2588\u2588\u2588\u2588\u2588\u2588\u2588\u2588\u2588\u2588\u2588\u2588\u2588\u2588\u2588\u2588\u2588\u2588\u2588\u2588\u2588\u2588\u2588\u2588\u2588\u2588\u2588\u2588\u2588\u2588\u2588\u2588\u2588\u2588\u2588\u2588\u2588\u2588\u2588\u2588\u2588\u2588\u2588\u2588\u2588\u2588\u2588\u2588\u2588\u2588\u2588\u2588\u2588\u2588\u2588\u2588\u2588\u2588\u2588\u2588\u2588\u2588\u2588\u2588\u2588\u2588\u2588\u2588\u2588\u2588\u2588\u2588\u2588\u2588\u2588\u2588\u2588\u2588\u2588\u2588\u2588\u2588\u2588\u2588\u2588\u2588\u2588\u2588\u2588\u2588\u2588\u2588\u2588\u2588\u2588\u2588\u2588\u2588\u2588\u2588\u2588\u2588\u2588\u2588\u2588\u2588\u2588\u2588\u2588\u2588\u2588\u2588\u2588\u2588\u2588\u2588\u2588\u2588\u2588\u2588\u2588\u2588\u2588\u2588\u2588\u2588\u2588\u2588\u2588\u2588\u2588\u2588\u2588\u2588\u2588\u2588| 6/6 [00:04<00:00,  1.44it/s]", "step": null, "ts": 1718215091.43095}]}, "version": 92, "at": 1718215091.4311614}
{"obj": {"type": "LogStrings", "path": ["monitoring", "a65829f9", "stderr"], "values": [{"value": "\n", "step": null, "ts": 1718215091.4320037}]}, "version": 93, "at": 1718215091.432152}
{"obj": {"type": "LogStrings", "path": ["monitoring", "a65829f9", "stderr"], "values": [{"value": "/home/athena/3DVAE-AgeDisentangled_contrastive_loss/test.py:1528: UserWarning: To copy construct from a tensor, it is recommended to use sourceTensor.clone().detach() or sourceTensor.clone().detach().requires_grad_(True), rather than torch.tensor(sourceTensor).\n  y_train_tensor = torch.tensor(train_ages, dtype=torch.float32).view(-1, 1)\n", "step": null, "ts": 1718215091.45378}]}, "version": 94, "at": 1718215091.4541557}
{"obj": {"type": "LogStrings", "path": ["monitoring", "a65829f9", "stderr"], "values": [{"value": "/home/athena/3DVAE-AgeDisentangled_contrastive_loss/test.py:1530: UserWarning: To copy construct from a tensor, it is recommended to use sourceTensor.clone().detach() or sourceTensor.clone().detach().requires_grad_(True), rather than torch.tensor(sourceTensor).\n  y_val_tensor = torch.tensor(val_ages, dtype=torch.float32).view(-1, 1)\n", "step": null, "ts": 1718215091.4626973}]}, "version": 95, "at": 1718215091.4630349}
{"obj": {"type": "LogStrings", "path": ["monitoring", "a65829f9", "stdout"], "values": [{"value": "Epoch 1/300, Loss: 4.2650", "step": null, "ts": 1718215091.570311}]}, "version": 96, "at": 1718215091.5705984}
{"obj": {"type": "LogFloats", "path": ["test", "MLP_loss"], "values": [{"value": 4.264956951141357, "step": null, "ts": 1718215091.5719228}]}, "version": 97, "at": 1718215091.572183}
{"obj": {"type": "LogStrings", "path": ["monitoring", "a65829f9", "stdout"], "values": [{"value": "\n", "step": null, "ts": 1718215091.5727057}]}, "version": 98, "at": 1718215091.5729105}
{"obj": {"type": "LogFloats", "path": ["test", "MLP_loss"], "values": [{"value": 37.32966232299805, "step": null, "ts": 1718215091.6757493}]}, "version": 99, "at": 1718215091.67609}
{"obj": {"type": "LogFloats", "path": ["test", "MLP_loss"], "values": [{"value": 18.008474349975586, "step": null, "ts": 1718215091.7461643}]}, "version": 100, "at": 1718215091.746478}
{"obj": {"type": "LogFloats", "path": ["test", "MLP_loss"], "values": [{"value": 38.35292053222656, "step": null, "ts": 1718215091.932878}]}, "version": 101, "at": 1718215091.9332132}
{"obj": {"type": "LogFloats", "path": ["test", "MLP_loss"], "values": [{"value": 41.5599250793457, "step": null, "ts": 1718215091.9996595}]}, "version": 102, "at": 1718215092.0000038}
{"obj": {"type": "LogFloats", "path": ["test", "MLP_loss"], "values": [{"value": 24.529924392700195, "step": null, "ts": 1718215092.1074}]}, "version": 103, "at": 1718215092.1077254}
{"obj": {"type": "LogFloats", "path": ["test", "MLP_loss"], "values": [{"value": 26.41185760498047, "step": null, "ts": 1718215092.3167372}]}, "version": 104, "at": 1718215092.3170223}
{"obj": {"type": "LogFloats", "path": ["test", "MLP_loss"], "values": [{"value": 8.964254379272461, "step": null, "ts": 1718215092.3704858}]}, "version": 105, "at": 1718215092.3707736}
{"obj": {"type": "LogFloats", "path": ["test", "MLP_loss"], "values": [{"value": 25.736858367919922, "step": null, "ts": 1718215092.4424264}]}, "version": 106, "at": 1718215092.4426832}
{"obj": {"type": "LogFloats", "path": ["test", "MLP_loss"], "values": [{"value": 17.280351638793945, "step": null, "ts": 1718215092.6158276}]}, "version": 107, "at": 1718215092.616159}
{"obj": {"type": "LogStrings", "path": ["monitoring", "a65829f9", "stdout"], "values": [{"value": "Epoch 11/300, Loss: 9.9786", "step": null, "ts": 1718215092.6809855}]}, "version": 108, "at": 1718215092.6812153}
{"obj": {"type": "LogFloats", "path": ["test", "MLP_loss"], "values": [{"value": 9.978610038757324, "step": null, "ts": 1718215092.68221}]}, "version": 109, "at": 1718215092.6824646}
{"obj": {"type": "LogStrings", "path": ["monitoring", "a65829f9", "stdout"], "values": [{"value": "\n", "step": null, "ts": 1718215092.68297}]}, "version": 110, "at": 1718215092.6831026}
{"obj": {"type": "LogFloats", "path": ["test", "MLP_loss"], "values": [{"value": 3.365119218826294, "step": null, "ts": 1718215092.890896}]}, "version": 111, "at": 1718215092.8912432}
{"obj": {"type": "LogFloats", "path": ["test", "MLP_loss"], "values": [{"value": 9.227014541625977, "step": null, "ts": 1718215092.9563255}]}, "version": 112, "at": 1718215092.9566426}
{"obj": {"type": "LogFloats", "path": ["test", "MLP_loss"], "values": [{"value": 47.058006286621094, "step": null, "ts": 1718215093.068729}]}, "version": 113, "at": 1718215093.0690148}
{"obj": {"type": "LogFloats", "path": ["test", "MLP_loss"], "values": [{"value": 9.667645454406738, "step": null, "ts": 1718215093.234689}]}, "version": 114, "at": 1718215093.2350218}
{"obj": {"type": "LogFloats", "path": ["test", "MLP_loss"], "values": [{"value": 2.9082672595977783, "step": null, "ts": 1718215093.301087}]}, "version": 115, "at": 1718215093.3013709}
{"obj": {"type": "LogFloats", "path": ["test", "MLP_loss"], "values": [{"value": 3.7297074794769287, "step": null, "ts": 1718215093.4827943}]}, "version": 116, "at": 1718215093.483112}
{"obj": {"type": "LogFloats", "path": ["test", "MLP_loss"], "values": [{"value": 4.488199234008789, "step": null, "ts": 1718215094.0840404}]}, "version": 117, "at": 1718215094.0843847}
{"obj": {"type": "LogFloats", "path": ["test", "MLP_loss"], "values": [{"value": 16.586811065673828, "step": null, "ts": 1718215094.2840412}]}, "version": 118, "at": 1718215094.2845798}
{"obj": {"type": "LogFloats", "path": ["test", "MLP_loss"], "values": [{"value": 6.065703392028809, "step": null, "ts": 1718215094.3872924}]}, "version": 119, "at": 1718215094.3877428}
{"obj": {"type": "LogFloats", "path": ["test", "MLP_loss"], "values": [{"value": 3.779278039932251, "step": null, "ts": 1718215094.4559212}]}, "version": 120, "at": 1718215094.456281}
{"obj": {"type": "LogStrings", "path": ["monitoring", "a65829f9", "stdout"], "values": [{"value": "Epoch 21/300, Loss: 3.7793", "step": null, "ts": 1718215094.4580426}]}, "version": 121, "at": 1718215094.4583924}
{"obj": {"type": "LogStrings", "path": ["monitoring", "a65829f9", "stdout"], "values": [{"value": "\n", "step": null, "ts": 1718215094.4620547}]}, "version": 122, "at": 1718215094.4622557}
{"obj": {"type": "LogFloats", "path": ["test", "MLP_loss"], "values": [{"value": 4.416773796081543, "step": null, "ts": 1718215094.5237365}]}, "version": 123, "at": 1718215094.5240731}
{"obj": {"type": "LogFloats", "path": ["test", "MLP_loss"], "values": [{"value": 6.057766914367676, "step": null, "ts": 1718215094.602687}]}, "version": 124, "at": 1718215094.6029727}
{"obj": {"type": "LogFloats", "path": ["test", "MLP_loss"], "values": [{"value": 3.700467586517334, "step": null, "ts": 1718215094.8565266}]}, "version": 125, "at": 1718215094.8568745}
{"obj": {"type": "LogFloats", "path": ["test", "MLP_loss"], "values": [{"value": 1.0771610736846924, "step": null, "ts": 1718215094.9374707}]}, "version": 126, "at": 1718215094.9377098}
{"obj": {"type": "LogFloats", "path": ["test", "MLP_loss"], "values": [{"value": 5.411891937255859, "step": null, "ts": 1718215094.9801812}]}, "version": 127, "at": 1718215094.9804049}
{"obj": {"type": "LogFloats", "path": ["test", "MLP_loss"], "values": [{"value": 1.4243178367614746, "step": null, "ts": 1718215095.2248366}]}, "version": 128, "at": 1718215095.2252042}
{"obj": {"type": "LogFloats", "path": ["test", "MLP_loss"], "values": [{"value": 4.891999244689941, "step": null, "ts": 1718215095.2925787}]}, "version": 129, "at": 1718215095.2928672}
{"obj": {"type": "LogFloats", "path": ["test", "MLP_loss"], "values": [{"value": 8.044730186462402, "step": null, "ts": 1718215095.5811832}]}, "version": 130, "at": 1718215095.5819218}
{"obj": {"type": "LogFloats", "path": ["test", "MLP_loss"], "values": [{"value": 2.610530138015747, "step": null, "ts": 1718215095.6273057}]}, "version": 131, "at": 1718215095.627542}
{"obj": {"type": "LogStrings", "path": ["monitoring", "a65829f9", "stdout"], "values": [{"value": "Epoch 31/300, Loss: 4.0207", "step": null, "ts": 1718215095.6835732}]}, "version": 132, "at": 1718215095.6838152}
{"obj": {"type": "LogStrings", "path": ["monitoring", "a65829f9", "stdout"], "values": [{"value": "\n", "step": null, "ts": 1718215095.6845975}]}, "version": 133, "at": 1718215095.6848023}
{"obj": {"type": "LogFloats", "path": ["test", "MLP_loss"], "values": [{"value": 4.020699977874756, "step": null, "ts": 1718215095.6852162}]}, "version": 134, "at": 1718215095.6853812}
{"obj": {"type": "LogFloats", "path": ["test", "MLP_loss"], "values": [{"value": 0.6261839270591736, "step": null, "ts": 1718215095.9517372}]}, "version": 135, "at": 1718215095.9520133}
{"obj": {"type": "LogFloats", "path": ["test", "MLP_loss"], "values": [{"value": 0.8244545459747314, "step": null, "ts": 1718215096.258896}]}, "version": 136, "at": 1718215096.2591672}
{"obj": {"type": "LogFloats", "path": ["test", "MLP_loss"], "values": [{"value": 0.5193080306053162, "step": null, "ts": 1718215096.3104174}]}, "version": 137, "at": 1718215096.310643}
{"obj": {"type": "LogFloats", "path": ["test", "MLP_loss"], "values": [{"value": 0.0960957258939743, "step": null, "ts": 1718215096.5934925}]}, "version": 138, "at": 1718215096.5937686}
{"obj": {"type": "LogFloats", "path": ["test", "MLP_loss"], "values": [{"value": 0.520365834236145, "step": null, "ts": 1718215096.814015}]}, "version": 139, "at": 1718215096.8142388}
{"obj": {"type": "LogFloats", "path": ["test", "MLP_loss"], "values": [{"value": 0.8911712169647217, "step": null, "ts": 1718215096.857889}]}, "version": 140, "at": 1718215096.8581192}
{"obj": {"type": "LogFloats", "path": ["test", "MLP_loss"], "values": [{"value": 0.15931585431098938, "step": null, "ts": 1718215096.9010885}]}, "version": 141, "at": 1718215096.9013038}
{"obj": {"type": "LogFloats", "path": ["test", "MLP_loss"], "values": [{"value": 0.543859601020813, "step": null, "ts": 1718215096.9427872}]}, "version": 142, "at": 1718215096.942999}
{"obj": {"type": "LogFloats", "path": ["test", "MLP_loss"], "values": [{"value": 0.7043375968933105, "step": null, "ts": 1718215096.9852483}]}, "version": 143, "at": 1718215096.9854777}
{"obj": {"type": "LogStrings", "path": ["monitoring", "a65829f9", "stdout"], "values": [{"value": "Epoch 41/300, Loss: 0.2363", "step": null, "ts": 1718215097.0468695}]}, "version": 144, "at": 1718215097.04713}
{"obj": {"type": "LogFloats", "path": ["test", "MLP_loss"], "values": [{"value": 0.23626744747161865, "step": null, "ts": 1718215097.0595434}]}, "version": 145, "at": 1718215097.0597768}
{"obj": {"type": "LogStrings", "path": ["monitoring", "a65829f9", "stdout"], "values": [{"value": "\n", "step": null, "ts": 1718215097.0610764}]}, "version": 146, "at": 1718215097.0613477}
{"obj": {"type": "LogFloats", "path": ["test", "MLP_loss"], "values": [{"value": 0.4761967062950134, "step": null, "ts": 1718215097.1616945}]}, "version": 147, "at": 1718215097.162169}
{"obj": {"type": "LogFloats", "path": ["test", "MLP_loss"], "values": [{"value": 0.07896693795919418, "step": null, "ts": 1718215097.2107804}]}, "version": 148, "at": 1718215097.2110417}
{"obj": {"type": "LogFloats", "path": ["test", "MLP_loss"], "values": [{"value": 0.08575782179832458, "step": null, "ts": 1718215097.4247808}]}, "version": 149, "at": 1718215097.4250445}
{"obj": {"type": "LogFloats", "path": ["test", "MLP_loss"], "values": [{"value": 0.07436400651931763, "step": null, "ts": 1718215097.4741898}]}, "version": 150, "at": 1718215097.474454}
{"obj": {"type": "LogFloats", "path": ["test", "MLP_loss"], "values": [{"value": 0.12235820293426514, "step": null, "ts": 1718215097.5231698}]}, "version": 151, "at": 1718215097.5233884}
{"obj": {"type": "LogFloats", "path": ["test", "MLP_loss"], "values": [{"value": 0.09346344321966171, "step": null, "ts": 1718215097.6058543}]}, "version": 152, "at": 1718215097.606126}
{"obj": {"type": "LogFloats", "path": ["test", "MLP_loss"], "values": [{"value": 0.11432310193777084, "step": null, "ts": 1718215097.8881814}]}, "version": 153, "at": 1718215097.888444}
{"obj": {"type": "LogFloats", "path": ["test", "MLP_loss"], "values": [{"value": 0.09634637832641602, "step": null, "ts": 1718215098.1894393}]}, "version": 154, "at": 1718215098.1897008}
{"obj": {"type": "LogFloats", "path": ["test", "MLP_loss"], "values": [{"value": 0.05911438912153244, "step": null, "ts": 1718215098.2404907}]}, "version": 155, "at": 1718215098.2407515}
{"obj": {"type": "LogStrings", "path": ["monitoring", "a65829f9", "stdout"], "values": [{"value": "Epoch 51/300, Loss: 0.0808", "step": null, "ts": 1718215098.2921243}]}, "version": 156, "at": 1718215098.292577}
{"obj": {"type": "LogFloats", "path": ["test", "MLP_loss"], "values": [{"value": 0.08079975098371506, "step": null, "ts": 1718215098.2945426}]}, "version": 157, "at": 1718215098.2948136}
{"obj": {"type": "LogStrings", "path": ["monitoring", "a65829f9", "stdout"], "values": [{"value": "\n", "step": null, "ts": 1718215098.2955244}]}, "version": 158, "at": 1718215098.295887}
{"obj": {"type": "LogFloats", "path": ["test", "MLP_loss"], "values": [{"value": 0.0022900323383510113, "step": null, "ts": 1718215098.3464558}]}, "version": 159, "at": 1718215098.3467383}
{"obj": {"type": "LogFloats", "path": ["test", "MLP_loss"], "values": [{"value": 0.22950325906276703, "step": null, "ts": 1718215098.5846612}]}, "version": 160, "at": 1718215098.5848942}
{"obj": {"type": "LogFloats", "path": ["test", "MLP_loss"], "values": [{"value": 0.0033348677679896355, "step": null, "ts": 1718215098.689433}]}, "version": 161, "at": 1718215098.6897082}
{"obj": {"type": "LogFloats", "path": ["test", "MLP_loss"], "values": [{"value": 0.03090818226337433, "step": null, "ts": 1718215098.745561}]}, "version": 162, "at": 1718215098.7458196}
{"obj": {"type": "LogFloats", "path": ["test", "MLP_loss"], "values": [{"value": 0.023577293381094933, "step": null, "ts": 1718215098.9451776}]}, "version": 163, "at": 1718215098.9454343}
{"obj": {"type": "LogFloats", "path": ["test", "MLP_loss"], "values": [{"value": 0.05732012167572975, "step": null, "ts": 1718215098.9939497}]}, "version": 164, "at": 1718215098.9942157}
{"obj": {"type": "LogFloats", "path": ["test", "MLP_loss"], "values": [{"value": 0.02877892181277275, "step": null, "ts": 1718215099.0438187}]}, "version": 165, "at": 1718215099.044055}
{"obj": {"type": "LogFloats", "path": ["test", "MLP_loss"], "values": [{"value": 0.21180185675621033, "step": null, "ts": 1718215099.2713137}]}, "version": 166, "at": 1718215099.2716599}
{"obj": {"type": "LogFloats", "path": ["test", "MLP_loss"], "values": [{"value": 0.03582948446273804, "step": null, "ts": 1718215099.3400981}]}, "version": 167, "at": 1718215099.340433}
{"obj": {"type": "LogStrings", "path": ["monitoring", "a65829f9", "stdout"], "values": [{"value": "Epoch 61/300, Loss: 0.0084", "step": null, "ts": 1718215099.555145}]}, "version": 168, "at": 1718215099.5554082}
{"obj": {"type": "LogFloats", "path": ["test", "MLP_loss"], "values": [{"value": 0.008395761251449585, "step": null, "ts": 1718215099.557166}]}, "version": 169, "at": 1718215099.5574594}
{"obj": {"type": "LogStrings", "path": ["monitoring", "a65829f9", "stdout"], "values": [{"value": "\n", "step": null, "ts": 1718215099.5581243}]}, "version": 170, "at": 1718215099.5583704}
{"obj": {"type": "LogFloats", "path": ["monitoring", "a65829f9", "cpu"], "values": [{"value": 86.6, "step": null, "ts": 1718215099.5958261}]}, "version": 171, "at": 1718215099.600208}
{"obj": {"type": "LogFloats", "path": ["monitoring", "a65829f9", "memory"], "values": [{"value": 16.237979888916016, "step": null, "ts": 1718215099.5958261}]}, "version": 172, "at": 1718215099.6012297}
{"obj": {"type": "LogFloats", "path": ["monitoring", "a65829f9", "gpu_memory"], "values": [{"value": 4.5899658203125, "step": null, "ts": 1718215099.5958261}]}, "version": 173, "at": 1718215099.6020103}
{"obj": {"type": "LogFloats", "path": ["test", "MLP_loss"], "values": [{"value": 0.01539308950304985, "step": null, "ts": 1718215099.6434884}]}, "version": 174, "at": 1718215099.643778}
{"obj": {"type": "LogFloats", "path": ["test", "MLP_loss"], "values": [{"value": 0.19443564116954803, "step": null, "ts": 1718215099.7090962}]}, "version": 175, "at": 1718215099.70942}
{"obj": {"type": "LogFloats", "path": ["test", "MLP_loss"], "values": [{"value": 0.0026389919221401215, "step": null, "ts": 1718215100.054497}]}, "version": 176, "at": 1718215100.055036}
{"obj": {"type": "LogFloats", "path": ["test", "MLP_loss"], "values": [{"value": 0.002526258584111929, "step": null, "ts": 1718215100.1713912}]}, "version": 177, "at": 1718215100.1717026}
{"obj": {"type": "LogFloats", "path": ["test", "MLP_loss"], "values": [{"value": 0.009646479040384293, "step": null, "ts": 1718215100.3733516}]}, "version": 178, "at": 1718215100.373564}
{"obj": {"type": "LogFloats", "path": ["test", "MLP_loss"], "values": [{"value": 0.004147314000874758, "step": null, "ts": 1718215100.421003}]}, "version": 179, "at": 1718215100.4211934}
{"obj": {"type": "LogFloats", "path": ["test", "MLP_loss"], "values": [{"value": 0.000291434524115175, "step": null, "ts": 1718215100.6407638}]}, "version": 180, "at": 1718215100.6409767}
{"obj": {"type": "LogFloats", "path": ["test", "MLP_loss"], "values": [{"value": 0.00044529224396683276, "step": null, "ts": 1718215100.720959}]}, "version": 181, "at": 1718215100.7211835}
{"obj": {"type": "LogFloats", "path": ["test", "MLP_loss"], "values": [{"value": 0.0009839122649282217, "step": null, "ts": 1718215100.7659912}]}, "version": 182, "at": 1718215100.7662196}
{"obj": {"type": "LogStrings", "path": ["monitoring", "a65829f9", "stdout"], "values": [{"value": "Epoch 71/300, Loss: 0.0008", "step": null, "ts": 1718215100.8102639}]}, "version": 183, "at": 1718215100.810498}
{"obj": {"type": "LogFloats", "path": ["test", "MLP_loss"], "values": [{"value": 0.0007775658159516752, "step": null, "ts": 1718215100.8115742}]}, "version": 184, "at": 1718215100.8118339}
{"obj": {"type": "LogStrings", "path": ["monitoring", "a65829f9", "stdout"], "values": [{"value": "\n", "step": null, "ts": 1718215100.8123279}]}, "version": 185, "at": 1718215100.8124905}
{"obj": {"type": "LogFloats", "path": ["test", "MLP_loss"], "values": [{"value": 0.0005818555364385247, "step": null, "ts": 1718215100.9123316}]}, "version": 186, "at": 1718215100.9126046}
{"obj": {"type": "LogFloats", "path": ["test", "MLP_loss"], "values": [{"value": 0.002916609635576606, "step": null, "ts": 1718215101.1803114}]}, "version": 187, "at": 1718215101.181003}
{"obj": {"type": "LogFloats", "path": ["test", "MLP_loss"], "values": [{"value": 0.0005104687297716737, "step": null, "ts": 1718215101.2238793}]}, "version": 188, "at": 1718215101.2240815}
{"obj": {"type": "LogFloats", "path": ["test", "MLP_loss"], "values": [{"value": 0.0008813985041342676, "step": null, "ts": 1718215101.535359}]}, "version": 189, "at": 1718215101.5355618}
{"obj": {"type": "LogFloats", "path": ["test", "MLP_loss"], "values": [{"value": 0.00028982601361349225, "step": null, "ts": 1718215101.6800556}]}, "version": 190, "at": 1718215101.6803577}
{"obj": {"type": "LogFloats", "path": ["test", "MLP_loss"], "values": [{"value": 0.0006891677621752024, "step": null, "ts": 1718215101.7242339}]}, "version": 191, "at": 1718215101.724423}
{"obj": {"type": "LogFloats", "path": ["test", "MLP_loss"], "values": [{"value": 0.001119338907301426, "step": null, "ts": 1718215101.766258}]}, "version": 192, "at": 1718215101.7664638}
{"obj": {"type": "LogFloats", "path": ["test", "MLP_loss"], "values": [{"value": 0.0008463987032882869, "step": null, "ts": 1718215101.8072283}]}, "version": 193, "at": 1718215101.8074214}
{"obj": {"type": "LogFloats", "path": ["test", "MLP_loss"], "values": [{"value": 0.0008799668867141008, "step": null, "ts": 1718215101.8532033}]}, "version": 194, "at": 1718215101.853391}
{"obj": {"type": "LogStrings", "path": ["monitoring", "a65829f9", "stdout"], "values": [{"value": "Epoch 81/300, Loss: 0.0202", "step": null, "ts": 1718215101.8958619}]}, "version": 195, "at": 1718215101.896103}
{"obj": {"type": "LogFloats", "path": ["test", "MLP_loss"], "values": [{"value": 0.02022295631468296, "step": null, "ts": 1718215101.8969626}]}, "version": 196, "at": 1718215101.8971627}
{"obj": {"type": "LogStrings", "path": ["monitoring", "a65829f9", "stdout"], "values": [{"value": "\n", "step": null, "ts": 1718215101.8975852}]}, "version": 197, "at": 1718215101.8977468}
{"obj": {"type": "LogFloats", "path": ["test", "MLP_loss"], "values": [{"value": 0.0015866043977439404, "step": null, "ts": 1718215101.9407263}]}, "version": 198, "at": 1718215101.9409518}
{"obj": {"type": "LogFloats", "path": ["test", "MLP_loss"], "values": [{"value": 0.0013175175990909338, "step": null, "ts": 1718215101.9840775}]}, "version": 199, "at": 1718215101.9842706}
{"obj": {"type": "LogFloats", "path": ["test", "MLP_loss"], "values": [{"value": 0.0013305741595104337, "step": null, "ts": 1718215102.0273895}]}, "version": 200, "at": 1718215102.0276098}
{"obj": {"type": "LogFloats", "path": ["test", "MLP_loss"], "values": [{"value": 0.008597396314144135, "step": null, "ts": 1718215102.1252537}]}, "version": 201, "at": 1718215102.1255589}
{"obj": {"type": "LogFloats", "path": ["test", "MLP_loss"], "values": [{"value": 0.0005052005290053785, "step": null, "ts": 1718215102.3454218}]}, "version": 202, "at": 1718215102.3456569}
{"obj": {"type": "LogFloats", "path": ["test", "MLP_loss"], "values": [{"value": 0.00466574914753437, "step": null, "ts": 1718215102.3929484}]}, "version": 203, "at": 1718215102.3931475}
{"obj": {"type": "LogFloats", "path": ["test", "MLP_loss"], "values": [{"value": 0.0013144721742719412, "step": null, "ts": 1718215102.438147}]}, "version": 204, "at": 1718215102.4383614}
{"obj": {"type": "LogFloats", "path": ["test", "MLP_loss"], "values": [{"value": 8.106105087790638e-05, "step": null, "ts": 1718215102.4823425}]}, "version": 205, "at": 1718215102.482532}
{"obj": {"type": "LogFloats", "path": ["test", "MLP_loss"], "values": [{"value": 0.0031513841822743416, "step": null, "ts": 1718215102.5393007}]}, "version": 206, "at": 1718215102.5395322}
{"obj": {"type": "LogFloats", "path": ["test", "MLP_loss"], "values": [{"value": 0.00342012126930058, "step": null, "ts": 1718215102.5926921}]}, "version": 207, "at": 1718215102.5930765}
{"obj": {"type": "LogStrings", "path": ["monitoring", "a65829f9", "stdout"], "values": [{"value": "Epoch 91/300, Loss: 0.0034", "step": null, "ts": 1718215102.5946937}]}, "version": 208, "at": 1718215102.595052}
{"obj": {"type": "LogStrings", "path": ["monitoring", "a65829f9", "stdout"], "values": [{"value": "\n", "step": null, "ts": 1718215102.5963752}]}, "version": 209, "at": 1718215102.59666}
{"obj": {"type": "LogFloats", "path": ["test", "MLP_loss"], "values": [{"value": 0.0003328383027110249, "step": null, "ts": 1718215102.6837778}]}, "version": 210, "at": 1718215102.6840844}
{"obj": {"type": "LogFloats", "path": ["test", "MLP_loss"], "values": [{"value": 0.00042896176455542445, "step": null, "ts": 1718215102.7657983}]}, "version": 211, "at": 1718215102.7671783}
{"obj": {"type": "LogFloats", "path": ["test", "MLP_loss"], "values": [{"value": 0.0022583166137337685, "step": null, "ts": 1718215102.838304}]}, "version": 212, "at": 1718215102.8386483}
{"obj": {"type": "LogFloats", "path": ["test", "MLP_loss"], "values": [{"value": 0.0003029431391041726, "step": null, "ts": 1718215102.9122193}]}, "version": 213, "at": 1718215102.912642}
{"obj": {"type": "LogFloats", "path": ["test", "MLP_loss"], "values": [{"value": 0.0006665711989626288, "step": null, "ts": 1718215102.9866922}]}, "version": 214, "at": 1718215102.9874473}
{"obj": {"type": "LogFloats", "path": ["test", "MLP_loss"], "values": [{"value": 0.024031205102801323, "step": null, "ts": 1718215103.0626516}]}, "version": 215, "at": 1718215103.0630996}
{"obj": {"type": "LogFloats", "path": ["test", "MLP_loss"], "values": [{"value": 0.0006076516001485288, "step": null, "ts": 1718215103.152476}]}, "version": 216, "at": 1718215103.1528118}
{"obj": {"type": "LogFloats", "path": ["test", "MLP_loss"], "values": [{"value": 0.02638818696141243, "step": null, "ts": 1718215103.239714}]}, "version": 217, "at": 1718215103.2399974}
{"obj": {"type": "LogFloats", "path": ["test", "MLP_loss"], "values": [{"value": 0.001665571704506874, "step": null, "ts": 1718215103.6048481}]}, "version": 218, "at": 1718215103.6051137}
{"obj": {"type": "LogStrings", "path": ["monitoring", "a65829f9", "stdout"], "values": [{"value": "Epoch 101/300, Loss: 0.0008", "step": null, "ts": 1718215103.658195}]}, "version": 219, "at": 1718215103.6586325}
{"obj": {"type": "LogFloats", "path": ["test", "MLP_loss"], "values": [{"value": 0.0008192708482965827, "step": null, "ts": 1718215103.6602068}]}, "version": 220, "at": 1718215103.6605346}
{"obj": {"type": "LogStrings", "path": ["monitoring", "a65829f9", "stdout"], "values": [{"value": "\n", "step": null, "ts": 1718215103.661271}]}, "version": 221, "at": 1718215103.6614726}
{"obj": {"type": "LogFloats", "path": ["test", "MLP_loss"], "values": [{"value": 0.0003350864280946553, "step": null, "ts": 1718215103.7853036}]}, "version": 222, "at": 1718215103.785819}
{"obj": {"type": "LogFloats", "path": ["test", "MLP_loss"], "values": [{"value": 0.001149408402852714, "step": null, "ts": 1718215103.929853}]}, "version": 223, "at": 1718215103.9302979}
{"obj": {"type": "LogFloats", "path": ["test", "MLP_loss"], "values": [{"value": 0.0008826572448015213, "step": null, "ts": 1718215104.1394603}]}, "version": 224, "at": 1718215104.1397028}
{"obj": {"type": "LogFloats", "path": ["test", "MLP_loss"], "values": [{"value": 0.006220937706530094, "step": null, "ts": 1718215104.182848}]}, "version": 225, "at": 1718215104.1830795}
{"obj": {"type": "LogFloats", "path": ["test", "MLP_loss"], "values": [{"value": 0.0005536341341212392, "step": null, "ts": 1718215104.2725227}]}, "version": 226, "at": 1718215104.272887}
{"obj": {"type": "LogFloats", "path": ["test", "MLP_loss"], "values": [{"value": 0.00024125674099195749, "step": null, "ts": 1718215104.3772523}]}, "version": 227, "at": 1718215104.3775244}
{"obj": {"type": "LogFloats", "path": ["test", "MLP_loss"], "values": [{"value": 0.000214289320865646, "step": null, "ts": 1718215104.4587123}]}, "version": 228, "at": 1718215104.4589374}
{"obj": {"type": "LogFloats", "path": ["test", "MLP_loss"], "values": [{"value": 0.00017965928418561816, "step": null, "ts": 1718215104.6460018}]}, "version": 229, "at": 1718215104.6462545}
{"obj": {"type": "LogFloats", "path": ["test", "MLP_loss"], "values": [{"value": 7.269570778589696e-05, "step": null, "ts": 1718215104.6889422}]}, "version": 230, "at": 1718215104.6891594}
{"obj": {"type": "LogFloats", "path": ["test", "MLP_loss"], "values": [{"value": 0.00022040640760678798, "step": null, "ts": 1718215104.7379262}]}, "version": 231, "at": 1718215104.7383106}
{"obj": {"type": "LogStrings", "path": ["monitoring", "a65829f9", "stdout"], "values": [{"value": "Epoch 111/300, Loss: 0.0002", "step": null, "ts": 1718215104.7393887}]}, "version": 232, "at": 1718215104.7395875}
{"obj": {"type": "LogStrings", "path": ["monitoring", "a65829f9", "stdout"], "values": [{"value": "\n", "step": null, "ts": 1718215104.7404337}]}, "version": 233, "at": 1718215104.740561}
{"obj": {"type": "LogFloats", "path": ["test", "MLP_loss"], "values": [{"value": 5.1761409849859774e-05, "step": null, "ts": 1718215104.9227977}]}, "version": 234, "at": 1718215104.9230497}
{"obj": {"type": "LogFloats", "path": ["test", "MLP_loss"], "values": [{"value": 0.0002360870421398431, "step": null, "ts": 1718215104.9745696}]}, "version": 235, "at": 1718215104.9747882}
{"obj": {"type": "LogFloats", "path": ["test", "MLP_loss"], "values": [{"value": 0.000944657891523093, "step": null, "ts": 1718215105.023653}]}, "version": 236, "at": 1718215105.023882}
{"obj": {"type": "LogFloats", "path": ["test", "MLP_loss"], "values": [{"value": 0.00010185890278080478, "step": null, "ts": 1718215105.0734384}]}, "version": 237, "at": 1718215105.0736644}
{"obj": {"type": "LogFloats", "path": ["test", "MLP_loss"], "values": [{"value": 3.928000751329819e-06, "step": null, "ts": 1718215105.1240418}]}, "version": 238, "at": 1718215105.1242592}
{"obj": {"type": "LogFloats", "path": ["test", "MLP_loss"], "values": [{"value": 4.813959458260797e-05, "step": null, "ts": 1718215105.1750464}]}, "version": 239, "at": 1718215105.175305}
{"obj": {"type": "LogFloats", "path": ["test", "MLP_loss"], "values": [{"value": 0.0001625247678020969, "step": null, "ts": 1718215105.3813906}]}, "version": 240, "at": 1718215105.3815842}
{"obj": {"type": "LogFloats", "path": ["test", "MLP_loss"], "values": [{"value": 7.232424104586244e-05, "step": null, "ts": 1718215105.425638}]}, "version": 241, "at": 1718215105.4258552}
{"obj": {"type": "LogFloats", "path": ["test", "MLP_loss"], "values": [{"value": 3.189431663486175e-05, "step": null, "ts": 1718215105.4687166}]}, "version": 242, "at": 1718215105.4689572}
{"obj": {"type": "LogStrings", "path": ["monitoring", "a65829f9", "stdout"], "values": [{"value": "Epoch 121/300, Loss: 0.0002", "step": null, "ts": 1718215105.5120046}]}, "version": 243, "at": 1718215105.5121772}
{"obj": {"type": "LogFloats", "path": ["test", "MLP_loss"], "values": [{"value": 0.0001574302586959675, "step": null, "ts": 1718215105.512915}]}, "version": 244, "at": 1718215105.513064}
{"obj": {"type": "LogStrings", "path": ["monitoring", "a65829f9", "stdout"], "values": [{"value": "\n", "step": null, "ts": 1718215105.5134296}]}, "version": 245, "at": 1718215105.513551}
{"obj": {"type": "LogFloats", "path": ["test", "MLP_loss"], "values": [{"value": 3.22726191370748e-05, "step": null, "ts": 1718215105.5662873}]}, "version": 246, "at": 1718215105.5665612}
{"obj": {"type": "LogFloats", "path": ["test", "MLP_loss"], "values": [{"value": 2.932089591922704e-05, "step": null, "ts": 1718215105.6148634}]}, "version": 247, "at": 1718215105.615172}
{"obj": {"type": "LogFloats", "path": ["test", "MLP_loss"], "values": [{"value": 0.00014624741743318737, "step": null, "ts": 1718215105.6609597}]}, "version": 248, "at": 1718215105.661162}
{"obj": {"type": "LogFloats", "path": ["test", "MLP_loss"], "values": [{"value": 8.351993164978921e-05, "step": null, "ts": 1718215105.705606}]}, "version": 249, "at": 1718215105.705827}
{"obj": {"type": "LogFloats", "path": ["test", "MLP_loss"], "values": [{"value": 0.00024349743034690619, "step": null, "ts": 1718215105.7523801}]}, "version": 250, "at": 1718215105.7525868}
{"obj": {"type": "LogFloats", "path": ["test", "MLP_loss"], "values": [{"value": 0.00015353222261182964, "step": null, "ts": 1718215105.797181}]}, "version": 251, "at": 1718215105.7973576}
{"obj": {"type": "LogFloats", "path": ["test", "MLP_loss"], "values": [{"value": 4.783617259818129e-05, "step": null, "ts": 1718215105.8438306}]}, "version": 252, "at": 1718215105.8440495}
{"obj": {"type": "LogFloats", "path": ["test", "MLP_loss"], "values": [{"value": 4.223702126182616e-05, "step": null, "ts": 1718215105.8980963}]}, "version": 253, "at": 1718215105.8983903}
{"obj": {"type": "LogFloats", "path": ["test", "MLP_loss"], "values": [{"value": 0.00019028724636882544, "step": null, "ts": 1718215105.9461045}]}, "version": 254, "at": 1718215105.9464521}
{"obj": {"type": "LogStrings", "path": ["monitoring", "a65829f9", "stdout"], "values": [{"value": "Epoch 131/300, Loss: 0.0002", "step": null, "ts": 1718215105.9947665}]}, "version": 255, "at": 1718215105.994989}
{"obj": {"type": "LogFloats", "path": ["test", "MLP_loss"], "values": [{"value": 0.0002453067572787404, "step": null, "ts": 1718215105.995996}]}, "version": 256, "at": 1718215105.9961581}
{"obj": {"type": "LogStrings", "path": ["monitoring", "a65829f9", "stdout"], "values": [{"value": "\n", "step": null, "ts": 1718215105.9965558}]}, "version": 257, "at": 1718215105.9967215}
{"obj": {"type": "LogFloats", "path": ["test", "MLP_loss"], "values": [{"value": 0.00014352645666804165, "step": null, "ts": 1718215106.0460494}]}, "version": 258, "at": 1718215106.0462346}
{"obj": {"type": "LogFloats", "path": ["test", "MLP_loss"], "values": [{"value": 0.0001926213299157098, "step": null, "ts": 1718215106.1035504}]}, "version": 259, "at": 1718215106.1038942}
{"obj": {"type": "LogFloats", "path": ["test", "MLP_loss"], "values": [{"value": 0.0019084886880591512, "step": null, "ts": 1718215106.1629317}]}, "version": 260, "at": 1718215106.1633747}
{"obj": {"type": "LogFloats", "path": ["test", "MLP_loss"], "values": [{"value": 0.00032578056561760604, "step": null, "ts": 1718215106.2197754}]}, "version": 261, "at": 1718215106.2200027}
{"obj": {"type": "LogFloats", "path": ["test", "MLP_loss"], "values": [{"value": 0.00016232594498433173, "step": null, "ts": 1718215106.2655244}]}, "version": 262, "at": 1718215106.265736}
{"obj": {"type": "LogFloats", "path": ["test", "MLP_loss"], "values": [{"value": 0.00048006209544837475, "step": null, "ts": 1718215106.3094454}]}, "version": 263, "at": 1718215106.3096325}
{"obj": {"type": "LogFloats", "path": ["test", "MLP_loss"], "values": [{"value": 3.41183067575912e-06, "step": null, "ts": 1718215106.3610256}]}, "version": 264, "at": 1718215106.3612306}
{"obj": {"type": "LogFloats", "path": ["test", "MLP_loss"], "values": [{"value": 6.027639756212011e-05, "step": null, "ts": 1718215106.4059918}]}, "version": 265, "at": 1718215106.4061704}
{"obj": {"type": "LogFloats", "path": ["test", "MLP_loss"], "values": [{"value": 6.749346357537434e-05, "step": null, "ts": 1718215106.4517393}]}, "version": 266, "at": 1718215106.4519432}
{"obj": {"type": "LogStrings", "path": ["monitoring", "a65829f9", "stdout"], "values": [{"value": "Epoch 141/300, Loss: 0.0037", "step": null, "ts": 1718215106.4960074}]}, "version": 267, "at": 1718215106.4961994}
{"obj": {"type": "LogStrings", "path": ["monitoring", "a65829f9", "stdout"], "values": [{"value": "\n", "step": null, "ts": 1718215106.496924}]}, "version": 268, "at": 1718215106.4970496}
{"obj": {"type": "LogFloats", "path": ["test", "MLP_loss"], "values": [{"value": 0.003745605004951358, "step": null, "ts": 1718215106.497458}]}, "version": 269, "at": 1718215106.4975975}
{"obj": {"type": "LogFloats", "path": ["test", "MLP_loss"], "values": [{"value": 4.834535866393708e-05, "step": null, "ts": 1718215106.5422447}]}, "version": 270, "at": 1718215106.5424962}
{"obj": {"type": "LogFloats", "path": ["test", "MLP_loss"], "values": [{"value": 0.00021078274585306644, "step": null, "ts": 1718215106.5976515}]}, "version": 271, "at": 1718215106.597865}
{"obj": {"type": "LogFloats", "path": ["test", "MLP_loss"], "values": [{"value": 8.957913087215275e-05, "step": null, "ts": 1718215106.6484504}]}, "version": 272, "at": 1718215106.64862}
{"obj": {"type": "LogFloats", "path": ["test", "MLP_loss"], "values": [{"value": 4.899131090496667e-05, "step": null, "ts": 1718215106.6921892}]}, "version": 273, "at": 1718215106.6923528}
{"obj": {"type": "LogFloats", "path": ["test", "MLP_loss"], "values": [{"value": 7.751686644041911e-05, "step": null, "ts": 1718215106.7353485}]}, "version": 274, "at": 1718215106.7355244}
{"obj": {"type": "LogFloats", "path": ["test", "MLP_loss"], "values": [{"value": 2.8711476261378266e-05, "step": null, "ts": 1718215106.7799037}]}, "version": 275, "at": 1718215106.7800803}
{"obj": {"type": "LogFloats", "path": ["test", "MLP_loss"], "values": [{"value": 7.90701960795559e-06, "step": null, "ts": 1718215106.8227215}]}, "version": 276, "at": 1718215106.8228939}
{"obj": {"type": "LogFloats", "path": ["test", "MLP_loss"], "values": [{"value": 1.987687028304208e-05, "step": null, "ts": 1718215106.8683615}]}, "version": 277, "at": 1718215106.8685396}
{"obj": {"type": "LogFloats", "path": ["test", "MLP_loss"], "values": [{"value": 2.3049145966069773e-05, "step": null, "ts": 1718215106.9128733}]}, "version": 278, "at": 1718215106.9130673}
{"obj": {"type": "LogStrings", "path": ["monitoring", "a65829f9", "stdout"], "values": [{"value": "Epoch 151/300, Loss: 0.0002", "step": null, "ts": 1718215107.01008}]}, "version": 279, "at": 1718215107.010242}
{"obj": {"type": "LogFloats", "path": ["test", "MLP_loss"], "values": [{"value": 0.0002205092168878764, "step": null, "ts": 1718215107.0109918}]}, "version": 280, "at": 1718215107.011164}
{"obj": {"type": "LogStrings", "path": ["monitoring", "a65829f9", "stdout"], "values": [{"value": "\n", "step": null, "ts": 1718215107.0115318}]}, "version": 281, "at": 1718215107.0116544}
{"obj": {"type": "LogFloats", "path": ["test", "MLP_loss"], "values": [{"value": 0.00037723066634498537, "step": null, "ts": 1718215107.0623941}]}, "version": 282, "at": 1718215107.0626073}
{"obj": {"type": "LogFloats", "path": ["test", "MLP_loss"], "values": [{"value": 0.00037035916466265917, "step": null, "ts": 1718215107.1204636}]}, "version": 283, "at": 1718215107.12071}
{"obj": {"type": "LogFloats", "path": ["test", "MLP_loss"], "values": [{"value": 0.00044279260328039527, "step": null, "ts": 1718215107.178489}]}, "version": 284, "at": 1718215107.1787007}
{"obj": {"type": "LogFloats", "path": ["test", "MLP_loss"], "values": [{"value": 0.0009144321084022522, "step": null, "ts": 1718215107.2333443}]}, "version": 285, "at": 1718215107.2335463}
{"obj": {"type": "LogFloats", "path": ["test", "MLP_loss"], "values": [{"value": 8.834461186779663e-05, "step": null, "ts": 1718215107.2843661}]}, "version": 286, "at": 1718215107.2845685}
{"obj": {"type": "LogFloats", "path": ["test", "MLP_loss"], "values": [{"value": 0.00027512016822583973, "step": null, "ts": 1718215107.3410017}]}, "version": 287, "at": 1718215107.3412392}
{"obj": {"type": "LogFloats", "path": ["test", "MLP_loss"], "values": [{"value": 0.00023707677610218525, "step": null, "ts": 1718215107.388985}]}, "version": 288, "at": 1718215107.3891895}
{"obj": {"type": "LogFloats", "path": ["test", "MLP_loss"], "values": [{"value": 5.083058567834087e-05, "step": null, "ts": 1718215107.4582736}]}, "version": 289, "at": 1718215107.4584775}
{"obj": {"type": "LogFloats", "path": ["test", "MLP_loss"], "values": [{"value": 0.00025884940987452865, "step": null, "ts": 1718215107.5842652}]}, "version": 290, "at": 1718215107.5845065}
{"obj": {"type": "LogStrings", "path": ["monitoring", "a65829f9", "stdout"], "values": [{"value": "Epoch 161/300, Loss: 0.0002", "step": null, "ts": 1718215107.8042111}]}, "version": 291, "at": 1718215107.8047373}
{"obj": {"type": "LogStrings", "path": ["monitoring", "a65829f9", "stdout"], "values": [{"value": "\n", "step": null, "ts": 1718215107.805944}]}, "version": 292, "at": 1718215107.8061345}
{"obj": {"type": "LogFloats", "path": ["test", "MLP_loss"], "values": [{"value": 0.0001545950653962791, "step": null, "ts": 1718215107.8067796}]}, "version": 293, "at": 1718215107.8069782}
{"obj": {"type": "LogFloats", "path": ["test", "MLP_loss"], "values": [{"value": 0.0003182521613780409, "step": null, "ts": 1718215107.8880029}]}, "version": 294, "at": 1718215107.8883717}
{"obj": {"type": "LogFloats", "path": ["test", "MLP_loss"], "values": [{"value": 0.0002796512853819877, "step": null, "ts": 1718215107.9679942}]}, "version": 295, "at": 1718215107.968232}
{"obj": {"type": "LogFloats", "path": ["test", "MLP_loss"], "values": [{"value": 6.740185926901177e-05, "step": null, "ts": 1718215108.2172427}]}, "version": 296, "at": 1718215108.217917}
{"obj": {"type": "LogFloats", "path": ["test", "MLP_loss"], "values": [{"value": 0.000508503639139235, "step": null, "ts": 1718215108.2889879}]}, "version": 297, "at": 1718215108.2892401}
{"obj": {"type": "LogFloats", "path": ["test", "MLP_loss"], "values": [{"value": 0.0004265833995305002, "step": null, "ts": 1718215108.3506474}]}, "version": 298, "at": 1718215108.3508961}
{"obj": {"type": "LogFloats", "path": ["test", "MLP_loss"], "values": [{"value": 0.00019568175775930285, "step": null, "ts": 1718215108.6476316}]}, "version": 299, "at": 1718215108.6478877}
{"obj": {"type": "LogFloats", "path": ["test", "MLP_loss"], "values": [{"value": 0.0025258155073970556, "step": null, "ts": 1718215108.6957755}]}, "version": 300, "at": 1718215108.6959746}
{"obj": {"type": "LogFloats", "path": ["test", "MLP_loss"], "values": [{"value": 0.0006621579523198307, "step": null, "ts": 1718215108.7408395}]}, "version": 301, "at": 1718215108.7410293}
{"obj": {"type": "LogFloats", "path": ["test", "MLP_loss"], "values": [{"value": 0.0008485752041451633, "step": null, "ts": 1718215108.7846818}]}, "version": 302, "at": 1718215108.7848656}
{"obj": {"type": "LogStrings", "path": ["monitoring", "a65829f9", "stdout"], "values": [{"value": "Epoch 171/300, Loss: 0.0007", "step": null, "ts": 1718215108.8301528}]}, "version": 303, "at": 1718215108.8303363}
{"obj": {"type": "LogFloats", "path": ["test", "MLP_loss"], "values": [{"value": 0.0007254548836499453, "step": null, "ts": 1718215108.8312788}]}, "version": 304, "at": 1718215108.831428}
{"obj": {"type": "LogStrings", "path": ["monitoring", "a65829f9", "stdout"], "values": [{"value": "\n", "step": null, "ts": 1718215108.8318005}]}, "version": 305, "at": 1718215108.831918}
{"obj": {"type": "LogFloats", "path": ["test", "MLP_loss"], "values": [{"value": 0.0007542881648987532, "step": null, "ts": 1718215108.8814263}]}, "version": 306, "at": 1718215108.8817267}
{"obj": {"type": "LogFloats", "path": ["test", "MLP_loss"], "values": [{"value": 0.0002777589834295213, "step": null, "ts": 1718215108.9284894}]}, "version": 307, "at": 1718215108.928818}
{"obj": {"type": "LogFloats", "path": ["test", "MLP_loss"], "values": [{"value": 0.0033389488235116005, "step": null, "ts": 1718215108.9758325}]}, "version": 308, "at": 1718215108.9760225}
{"obj": {"type": "LogFloats", "path": ["test", "MLP_loss"], "values": [{"value": 0.003175123827531934, "step": null, "ts": 1718215109.0193682}]}, "version": 309, "at": 1718215109.0195603}
{"obj": {"type": "LogFloats", "path": ["test", "MLP_loss"], "values": [{"value": 0.011984778568148613, "step": null, "ts": 1718215109.062687}]}, "version": 310, "at": 1718215109.0628698}
{"obj": {"type": "LogFloats", "path": ["test", "MLP_loss"], "values": [{"value": 0.002465647179633379, "step": null, "ts": 1718215109.1081676}]}, "version": 311, "at": 1718215109.1083534}
{"obj": {"type": "LogFloats", "path": ["test", "MLP_loss"], "values": [{"value": 0.0019092990551143885, "step": null, "ts": 1718215109.1506467}]}, "version": 312, "at": 1718215109.150822}
{"obj": {"type": "LogFloats", "path": ["test", "MLP_loss"], "values": [{"value": 0.0022997059859335423, "step": null, "ts": 1718215109.1984897}]}, "version": 313, "at": 1718215109.19867}
{"obj": {"type": "LogFloats", "path": ["test", "MLP_loss"], "values": [{"value": 0.03796866163611412, "step": null, "ts": 1718215109.2499194}]}, "version": 314, "at": 1718215109.2501123}
{"obj": {"type": "LogFloats", "path": ["test", "MLP_loss"], "values": [{"value": 0.020622866228222847, "step": null, "ts": 1718215109.3022985}]}, "version": 315, "at": 1718215109.3025255}
{"obj": {"type": "LogStrings", "path": ["monitoring", "a65829f9", "stdout"], "values": [{"value": "Epoch 181/300, Loss: 0.0206", "step": null, "ts": 1718215109.3035307}]}, "version": 316, "at": 1718215109.3036904}
{"obj": {"type": "LogStrings", "path": ["monitoring", "a65829f9", "stdout"], "values": [{"value": "\n", "step": null, "ts": 1718215109.3045132}]}, "version": 317, "at": 1718215109.3046405}
{"obj": {"type": "LogFloats", "path": ["test", "MLP_loss"], "values": [{"value": 0.08519329875707626, "step": null, "ts": 1718215109.3757358}]}, "version": 318, "at": 1718215109.3759975}
{"obj": {"type": "LogFloats", "path": ["test", "MLP_loss"], "values": [{"value": 0.05173531919717789, "step": null, "ts": 1718215109.440452}]}, "version": 319, "at": 1718215109.440711}
{"obj": {"type": "LogFloats", "path": ["test", "MLP_loss"], "values": [{"value": 0.028361553326249123, "step": null, "ts": 1718215109.5051892}]}, "version": 320, "at": 1718215109.5054512}
{"obj": {"type": "LogFloats", "path": ["test", "MLP_loss"], "values": [{"value": 0.05235186219215393, "step": null, "ts": 1718215109.5697823}]}, "version": 321, "at": 1718215109.5700464}
{"obj": {"type": "LogFloats", "path": ["monitoring", "a65829f9", "cpu"], "values": [{"value": 89.8, "step": null, "ts": 1718215109.602867}]}, "version": 322, "at": 1718215109.606416}
{"obj": {"type": "LogFloats", "path": ["monitoring", "a65829f9", "memory"], "values": [{"value": 16.012413024902344, "step": null, "ts": 1718215109.602867}]}, "version": 323, "at": 1718215109.6074176}
{"obj": {"type": "LogFloats", "path": ["monitoring", "a65829f9", "gpu_memory"], "values": [{"value": 4.5899658203125, "step": null, "ts": 1718215109.602867}]}, "version": 324, "at": 1718215109.6079583}
{"obj": {"type": "LogFloats", "path": ["test", "MLP_loss"], "values": [{"value": 0.18385185301303864, "step": null, "ts": 1718215109.6399777}]}, "version": 325, "at": 1718215109.6402514}
{"obj": {"type": "LogFloats", "path": ["test", "MLP_loss"], "values": [{"value": 1.0601565837860107, "step": null, "ts": 1718215109.703549}]}, "version": 326, "at": 1718215109.7038121}
{"obj": {"type": "LogFloats", "path": ["test", "MLP_loss"], "values": [{"value": 1.092145323753357, "step": null, "ts": 1718215109.7948904}]}, "version": 327, "at": 1718215109.7952917}
{"obj": {"type": "LogFloats", "path": ["test", "MLP_loss"], "values": [{"value": 0.5350878238677979, "step": null, "ts": 1718215109.8663492}]}, "version": 328, "at": 1718215109.8666306}
{"obj": {"type": "LogFloats", "path": ["test", "MLP_loss"], "values": [{"value": 0.2938559949398041, "step": null, "ts": 1718215109.9312003}]}, "version": 329, "at": 1718215109.9314742}
{"obj": {"type": "LogStrings", "path": ["monitoring", "a65829f9", "stdout"], "values": [{"value": "Epoch 191/300, Loss: 0.1444", "step": null, "ts": 1718215109.995479}]}, "version": 330, "at": 1718215109.9957368}
{"obj": {"type": "LogFloats", "path": ["test", "MLP_loss"], "values": [{"value": 0.14443884789943695, "step": null, "ts": 1718215109.9968462}]}, "version": 331, "at": 1718215109.9970655}
{"obj": {"type": "LogStrings", "path": ["monitoring", "a65829f9", "stdout"], "values": [{"value": "\n", "step": null, "ts": 1718215109.9975553}]}, "version": 332, "at": 1718215109.9977403}
{"obj": {"type": "LogFloats", "path": ["test", "MLP_loss"], "values": [{"value": 0.08880546689033508, "step": null, "ts": 1718215110.0937538}]}, "version": 333, "at": 1718215110.0939455}
{"obj": {"type": "LogFloats", "path": ["test", "MLP_loss"], "values": [{"value": 0.14196208119392395, "step": null, "ts": 1718215110.1977456}]}, "version": 334, "at": 1718215110.1979783}
{"obj": {"type": "LogFloats", "path": ["test", "MLP_loss"], "values": [{"value": 0.06780081987380981, "step": null, "ts": 1718215110.2627773}]}, "version": 335, "at": 1718215110.263026}
{"obj": {"type": "LogFloats", "path": ["test", "MLP_loss"], "values": [{"value": 0.067746601998806, "step": null, "ts": 1718215110.3269591}]}, "version": 336, "at": 1718215110.327232}
{"obj": {"type": "LogFloats", "path": ["test", "MLP_loss"], "values": [{"value": 0.020377142354846, "step": null, "ts": 1718215110.448981}]}, "version": 337, "at": 1718215110.4492383}
{"obj": {"type": "LogFloats", "path": ["test", "MLP_loss"], "values": [{"value": 0.024068009108304977, "step": null, "ts": 1718215110.5179296}]}, "version": 338, "at": 1718215110.5181985}
{"obj": {"type": "LogFloats", "path": ["test", "MLP_loss"], "values": [{"value": 0.03594411909580231, "step": null, "ts": 1718215110.5837183}]}, "version": 339, "at": 1718215110.5839925}
{"obj": {"type": "LogFloats", "path": ["test", "MLP_loss"], "values": [{"value": 0.005198995117098093, "step": null, "ts": 1718215110.6536093}]}, "version": 340, "at": 1718215110.6538606}
{"obj": {"type": "LogFloats", "path": ["test", "MLP_loss"], "values": [{"value": 0.0971117839217186, "step": null, "ts": 1718215110.7191465}]}, "version": 341, "at": 1718215110.7194169}
{"obj": {"type": "LogStrings", "path": ["monitoring", "a65829f9", "stdout"], "values": [{"value": "Epoch 201/300, Loss: 0.0043", "step": null, "ts": 1718215110.7851374}]}, "version": 342, "at": 1718215110.7853613}
{"obj": {"type": "LogFloats", "path": ["test", "MLP_loss"], "values": [{"value": 0.00429179985076189, "step": null, "ts": 1718215110.7864735}]}, "version": 343, "at": 1718215110.7866747}
{"obj": {"type": "LogStrings", "path": ["monitoring", "a65829f9", "stdout"], "values": [{"value": "\n", "step": null, "ts": 1718215110.787153}]}, "version": 344, "at": 1718215110.7873328}
{"obj": {"type": "LogFloats", "path": ["test", "MLP_loss"], "values": [{"value": 0.007019171491265297, "step": null, "ts": 1718215110.851258}]}, "version": 345, "at": 1718215110.85152}
{"obj": {"type": "LogFloats", "path": ["test", "MLP_loss"], "values": [{"value": 0.007450564298778772, "step": null, "ts": 1718215110.9181747}]}, "version": 346, "at": 1718215110.9184358}
{"obj": {"type": "LogFloats", "path": ["test", "MLP_loss"], "values": [{"value": 0.011465653777122498, "step": null, "ts": 1718215110.9820573}]}, "version": 347, "at": 1718215110.9823694}
{"obj": {"type": "LogFloats", "path": ["test", "MLP_loss"], "values": [{"value": 0.008018901571631432, "step": null, "ts": 1718215111.0486126}]}, "version": 348, "at": 1718215111.0488806}
{"obj": {"type": "LogFloats", "path": ["test", "MLP_loss"], "values": [{"value": 0.014357988722622395, "step": null, "ts": 1718215111.1129334}]}, "version": 349, "at": 1718215111.113192}
{"obj": {"type": "LogFloats", "path": ["test", "MLP_loss"], "values": [{"value": 0.006046768743544817, "step": null, "ts": 1718215111.176541}]}, "version": 350, "at": 1718215111.1768413}
{"obj": {"type": "LogFloats", "path": ["test", "MLP_loss"], "values": [{"value": 0.047270532697439194, "step": null, "ts": 1718215111.2473152}]}, "version": 351, "at": 1718215111.2476318}
{"obj": {"type": "LogFloats", "path": ["test", "MLP_loss"], "values": [{"value": 0.004281866829842329, "step": null, "ts": 1718215111.3114216}]}, "version": 352, "at": 1718215111.3116696}
{"obj": {"type": "LogFloats", "path": ["test", "MLP_loss"], "values": [{"value": 0.013953747227787971, "step": null, "ts": 1718215111.3739772}]}, "version": 353, "at": 1718215111.3742597}
{"obj": {"type": "LogFloats", "path": ["test", "MLP_loss"], "values": [{"value": 0.0937936082482338, "step": null, "ts": 1718215111.437483}]}, "version": 354, "at": 1718215111.4378092}
{"obj": {"type": "LogStrings", "path": ["monitoring", "a65829f9", "stdout"], "values": [{"value": "Epoch 211/300, Loss: 0.0938", "step": null, "ts": 1718215111.4388044}]}, "version": 355, "at": 1718215111.4389997}
{"obj": {"type": "LogStrings", "path": ["monitoring", "a65829f9", "stdout"], "values": [{"value": "\n", "step": null, "ts": 1718215111.4398928}]}, "version": 356, "at": 1718215111.4400494}
{"obj": {"type": "LogFloats", "path": ["test", "MLP_loss"], "values": [{"value": 0.05886728689074516, "step": null, "ts": 1718215111.488597}]}, "version": 357, "at": 1718215111.4888115}
{"obj": {"type": "LogFloats", "path": ["test", "MLP_loss"], "values": [{"value": 0.029579926282167435, "step": null, "ts": 1718215111.5385191}]}, "version": 358, "at": 1718215111.538742}
{"obj": {"type": "LogFloats", "path": ["test", "MLP_loss"], "values": [{"value": 0.10826501250267029, "step": null, "ts": 1718215111.595714}]}, "version": 359, "at": 1718215111.596091}
{"obj": {"type": "LogFloats", "path": ["test", "MLP_loss"], "values": [{"value": 0.03154221922159195, "step": null, "ts": 1718215111.645401}]}, "version": 360, "at": 1718215111.645617}
{"obj": {"type": "LogFloats", "path": ["test", "MLP_loss"], "values": [{"value": 0.014649031683802605, "step": null, "ts": 1718215111.6940756}]}, "version": 361, "at": 1718215111.69429}
{"obj": {"type": "LogFloats", "path": ["test", "MLP_loss"], "values": [{"value": 0.017082270234823227, "step": null, "ts": 1718215111.7444494}]}, "version": 362, "at": 1718215111.7446609}
{"obj": {"type": "LogFloats", "path": ["test", "MLP_loss"], "values": [{"value": 0.029322728514671326, "step": null, "ts": 1718215111.794837}]}, "version": 363, "at": 1718215111.7950542}
{"obj": {"type": "LogFloats", "path": ["test", "MLP_loss"], "values": [{"value": 0.019201217219233513, "step": null, "ts": 1718215111.8555663}]}, "version": 364, "at": 1718215111.8559086}
{"obj": {"type": "LogFloats", "path": ["test", "MLP_loss"], "values": [{"value": 0.01527473982423544, "step": null, "ts": 1718215111.9061148}]}, "version": 365, "at": 1718215111.9063535}
{"obj": {"type": "LogStrings", "path": ["monitoring", "a65829f9", "stdout"], "values": [{"value": "Epoch 221/300, Loss: 0.0064", "step": null, "ts": 1718215112.0604122}]}, "version": 366, "at": 1718215112.0606441}
{"obj": {"type": "LogStrings", "path": ["monitoring", "a65829f9", "stdout"], "values": [{"value": "\n", "step": null, "ts": 1718215112.0617545}]}, "version": 367, "at": 1718215112.061942}
{"obj": {"type": "LogFloats", "path": ["test", "MLP_loss"], "values": [{"value": 0.006386169698089361, "step": null, "ts": 1718215112.0625095}]}, "version": 368, "at": 1718215112.062708}
{"obj": {"type": "LogFloats", "path": ["test", "MLP_loss"], "values": [{"value": 0.004493045620620251, "step": null, "ts": 1718215112.1297297}]}, "version": 369, "at": 1718215112.1299942}
{"obj": {"type": "LogFloats", "path": ["test", "MLP_loss"], "values": [{"value": 0.011634246446192265, "step": null, "ts": 1718215112.1943269}]}, "version": 370, "at": 1718215112.1945992}
{"obj": {"type": "LogFloats", "path": ["test", "MLP_loss"], "values": [{"value": 0.003812932875007391, "step": null, "ts": 1718215112.2456279}]}, "version": 371, "at": 1718215112.2459044}
{"obj": {"type": "LogFloats", "path": ["test", "MLP_loss"], "values": [{"value": 0.0009448549244552851, "step": null, "ts": 1718215112.2949655}]}, "version": 372, "at": 1718215112.2952375}
{"obj": {"type": "LogFloats", "path": ["test", "MLP_loss"], "values": [{"value": 0.0003163253713864833, "step": null, "ts": 1718215112.3442225}]}, "version": 373, "at": 1718215112.3444414}
{"obj": {"type": "LogFloats", "path": ["test", "MLP_loss"], "values": [{"value": 0.007282427046447992, "step": null, "ts": 1718215112.3941975}]}, "version": 374, "at": 1718215112.3944273}
{"obj": {"type": "LogFloats", "path": ["test", "MLP_loss"], "values": [{"value": 0.0064757284708321095, "step": null, "ts": 1718215112.4444716}]}, "version": 375, "at": 1718215112.4447072}
{"obj": {"type": "LogFloats", "path": ["test", "MLP_loss"], "values": [{"value": 0.011621757410466671, "step": null, "ts": 1718215112.4953969}]}, "version": 376, "at": 1718215112.4956086}
{"obj": {"type": "LogFloats", "path": ["test", "MLP_loss"], "values": [{"value": 0.007761658169329166, "step": null, "ts": 1718215112.5453598}]}, "version": 377, "at": 1718215112.5455716}
{"obj": {"type": "LogStrings", "path": ["monitoring", "a65829f9", "stdout"], "values": [{"value": "Epoch 231/300, Loss: 0.0005", "step": null, "ts": 1718215112.5960057}]}, "version": 378, "at": 1718215112.5961792}
{"obj": {"type": "LogFloats", "path": ["test", "MLP_loss"], "values": [{"value": 0.00046503570047207177, "step": null, "ts": 1718215112.5969365}]}, "version": 379, "at": 1718215112.5971012}
{"obj": {"type": "LogStrings", "path": ["monitoring", "a65829f9", "stdout"], "values": [{"value": "\n", "step": null, "ts": 1718215112.59746}]}, "version": 380, "at": 1718215112.597575}
{"obj": {"type": "LogFloats", "path": ["test", "MLP_loss"], "values": [{"value": 0.003992690239101648, "step": null, "ts": 1718215112.6460128}]}, "version": 381, "at": 1718215112.64621}
{"obj": {"type": "LogFloats", "path": ["test", "MLP_loss"], "values": [{"value": 0.00040636619087308645, "step": null, "ts": 1718215112.6962354}]}, "version": 382, "at": 1718215112.6964424}
{"obj": {"type": "LogFloats", "path": ["test", "MLP_loss"], "values": [{"value": 0.0023194286040961742, "step": null, "ts": 1718215112.746828}]}, "version": 383, "at": 1718215112.747043}
{"obj": {"type": "LogFloats", "path": ["test", "MLP_loss"], "values": [{"value": 0.0019974112510681152, "step": null, "ts": 1718215112.7977335}]}, "version": 384, "at": 1718215112.7979484}
{"obj": {"type": "LogFloats", "path": ["test", "MLP_loss"], "values": [{"value": 0.002299407497048378, "step": null, "ts": 1718215112.848007}]}, "version": 385, "at": 1718215112.8482242}
{"obj": {"type": "LogFloats", "path": ["test", "MLP_loss"], "values": [{"value": 0.0006326220463961363, "step": null, "ts": 1718215112.8979173}]}, "version": 386, "at": 1718215112.8981273}
{"obj": {"type": "LogFloats", "path": ["test", "MLP_loss"], "values": [{"value": 0.004899216815829277, "step": null, "ts": 1718215112.948109}]}, "version": 387, "at": 1718215112.948326}
{"obj": {"type": "LogFloats", "path": ["test", "MLP_loss"], "values": [{"value": 0.0009886522311717272, "step": null, "ts": 1718215112.999084}]}, "version": 388, "at": 1718215112.9992886}
{"obj": {"type": "LogFloats", "path": ["test", "MLP_loss"], "values": [{"value": 0.00018123698828276247, "step": null, "ts": 1718215113.0493093}]}, "version": 389, "at": 1718215113.0495205}
{"obj": {"type": "LogFloats", "path": ["test", "MLP_loss"], "values": [{"value": 0.0009202477522194386, "step": null, "ts": 1718215113.0996692}]}, "version": 390, "at": 1718215113.0998693}
{"obj": {"type": "LogStrings", "path": ["monitoring", "a65829f9", "stdout"], "values": [{"value": "Epoch 241/300, Loss: 0.0009", "step": null, "ts": 1718215113.1006172}]}, "version": 391, "at": 1718215113.1007528}
{"obj": {"type": "LogStrings", "path": ["monitoring", "a65829f9", "stdout"], "values": [{"value": "\n", "step": null, "ts": 1718215113.101384}]}, "version": 392, "at": 1718215113.1014855}
{"obj": {"type": "LogFloats", "path": ["test", "MLP_loss"], "values": [{"value": 0.0031271784100681543, "step": null, "ts": 1718215113.1497061}]}, "version": 393, "at": 1718215113.149936}
{"obj": {"type": "LogFloats", "path": ["test", "MLP_loss"], "values": [{"value": 0.0018997897859662771, "step": null, "ts": 1718215113.2002494}]}, "version": 394, "at": 1718215113.2004602}
{"obj": {"type": "LogFloats", "path": ["test", "MLP_loss"], "values": [{"value": 0.0011548860929906368, "step": null, "ts": 1718215113.2504237}]}, "version": 395, "at": 1718215113.2506437}
{"obj": {"type": "LogFloats", "path": ["test", "MLP_loss"], "values": [{"value": 0.007381333038210869, "step": null, "ts": 1718215113.3006177}]}, "version": 396, "at": 1718215113.3008385}
{"obj": {"type": "LogFloats", "path": ["test", "MLP_loss"], "values": [{"value": 0.0008270989055745304, "step": null, "ts": 1718215113.3512285}]}, "version": 397, "at": 1718215113.3514347}
{"obj": {"type": "LogFloats", "path": ["test", "MLP_loss"], "values": [{"value": 0.011034560389816761, "step": null, "ts": 1718215113.4017901}]}, "version": 398, "at": 1718215113.4019814}
{"obj": {"type": "LogFloats", "path": ["test", "MLP_loss"], "values": [{"value": 0.0037382435984909534, "step": null, "ts": 1718215113.451623}]}, "version": 399, "at": 1718215113.4518259}
{"obj": {"type": "LogFloats", "path": ["test", "MLP_loss"], "values": [{"value": 0.01627523824572563, "step": null, "ts": 1718215113.5022597}]}, "version": 400, "at": 1718215113.502453}
{"obj": {"type": "LogFloats", "path": ["test", "MLP_loss"], "values": [{"value": 0.005552344024181366, "step": null, "ts": 1718215113.5521483}]}, "version": 401, "at": 1718215113.5523622}
{"obj": {"type": "LogStrings", "path": ["monitoring", "a65829f9", "stdout"], "values": [{"value": "Epoch 251/300, Loss: 0.0003", "step": null, "ts": 1718215113.6860347}]}, "version": 402, "at": 1718215113.6862333}
{"obj": {"type": "LogStrings", "path": ["monitoring", "a65829f9", "stdout"], "values": [{"value": "\n", "step": null, "ts": 1718215113.6880996}]}, "version": 403, "at": 1718215113.6882524}
{"obj": {"type": "LogFloats", "path": ["test", "MLP_loss"], "values": [{"value": 0.00025237473892048, "step": null, "ts": 1718215113.6887007}]}, "version": 404, "at": 1718215113.6888475}
{"obj": {"type": "LogFloats", "path": ["test", "MLP_loss"], "values": [{"value": 0.00017376107280142605, "step": null, "ts": 1718215114.1840963}]}, "version": 405, "at": 1718215114.1843195}
{"obj": {"type": "LogFloats", "path": ["test", "MLP_loss"], "values": [{"value": 0.0008447785512544215, "step": null, "ts": 1718215114.237827}]}, "version": 406, "at": 1718215114.23805}
{"obj": {"type": "LogFloats", "path": ["test", "MLP_loss"], "values": [{"value": 0.002660515485331416, "step": null, "ts": 1718215114.2881787}]}, "version": 407, "at": 1718215114.288397}
{"obj": {"type": "LogFloats", "path": ["test", "MLP_loss"], "values": [{"value": 0.0313604474067688, "step": null, "ts": 1718215114.492931}]}, "version": 408, "at": 1718215114.49325}
{"obj": {"type": "LogFloats", "path": ["test", "MLP_loss"], "values": [{"value": 0.06255660951137543, "step": null, "ts": 1718215114.555907}]}, "version": 409, "at": 1718215114.556163}
{"obj": {"type": "LogFloats", "path": ["test", "MLP_loss"], "values": [{"value": 0.007325676269829273, "step": null, "ts": 1718215114.6189246}]}, "version": 410, "at": 1718215114.6191962}
{"obj": {"type": "LogFloats", "path": ["test", "MLP_loss"], "values": [{"value": 0.024583496153354645, "step": null, "ts": 1718215114.7207098}]}, "version": 411, "at": 1718215114.7209704}
{"obj": {"type": "LogFloats", "path": ["test", "MLP_loss"], "values": [{"value": 0.047825608402490616, "step": null, "ts": 1718215114.8710113}]}, "version": 412, "at": 1718215114.8712797}
{"obj": {"type": "LogFloats", "path": ["test", "MLP_loss"], "values": [{"value": 0.03310772776603699, "step": null, "ts": 1718215114.9347064}]}, "version": 413, "at": 1718215114.934951}
{"obj": {"type": "LogStrings", "path": ["monitoring", "a65829f9", "stdout"], "values": [{"value": "Epoch 261/300, Loss: 0.0530", "step": null, "ts": 1718215114.9983613}]}, "version": 414, "at": 1718215114.9985914}
{"obj": {"type": "LogStrings", "path": ["monitoring", "a65829f9", "stdout"], "values": [{"value": "\n", "step": null, "ts": 1718215114.9996734}]}, "version": 415, "at": 1718215114.9998784}
{"obj": {"type": "LogFloats", "path": ["test", "MLP_loss"], "values": [{"value": 0.05298081040382385, "step": null, "ts": 1718215115.0004678}]}, "version": 416, "at": 1718215115.0006235}
{"obj": {"type": "LogFloats", "path": ["test", "MLP_loss"], "values": [{"value": 0.011409231461584568, "step": null, "ts": 1718215115.0493946}]}, "version": 417, "at": 1718215115.049604}
{"obj": {"type": "LogFloats", "path": ["test", "MLP_loss"], "values": [{"value": 0.07103931158781052, "step": null, "ts": 1718215115.0976875}]}, "version": 418, "at": 1718215115.097908}
{"obj": {"type": "LogFloats", "path": ["test", "MLP_loss"], "values": [{"value": 0.11189232766628265, "step": null, "ts": 1718215115.148075}]}, "version": 419, "at": 1718215115.148307}
{"obj": {"type": "LogFloats", "path": ["test", "MLP_loss"], "values": [{"value": 0.013371005654335022, "step": null, "ts": 1718215115.1980908}]}, "version": 420, "at": 1718215115.198295}
{"obj": {"type": "LogFloats", "path": ["test", "MLP_loss"], "values": [{"value": 0.05376977473497391, "step": null, "ts": 1718215115.248214}]}, "version": 421, "at": 1718215115.2484267}
{"obj": {"type": "LogFloats", "path": ["test", "MLP_loss"], "values": [{"value": 0.038146793842315674, "step": null, "ts": 1718215115.2986393}]}, "version": 422, "at": 1718215115.2988527}
{"obj": {"type": "LogFloats", "path": ["test", "MLP_loss"], "values": [{"value": 0.01350263599306345, "step": null, "ts": 1718215115.3491445}]}, "version": 423, "at": 1718215115.3493578}
{"obj": {"type": "LogFloats", "path": ["test", "MLP_loss"], "values": [{"value": 0.06640350818634033, "step": null, "ts": 1718215115.3991652}]}, "version": 424, "at": 1718215115.3993695}
{"obj": {"type": "LogFloats", "path": ["test", "MLP_loss"], "values": [{"value": 0.03835289925336838, "step": null, "ts": 1718215115.449333}]}, "version": 425, "at": 1718215115.449531}
{"obj": {"type": "LogStrings", "path": ["monitoring", "a65829f9", "stdout"], "values": [{"value": "Epoch 271/300, Loss: 0.0825", "step": null, "ts": 1718215115.5563018}]}, "version": 426, "at": 1718215115.5565038}
{"obj": {"type": "LogFloats", "path": ["test", "MLP_loss"], "values": [{"value": 0.08247052878141403, "step": null, "ts": 1718215115.5575294}]}, "version": 427, "at": 1718215115.557757}
{"obj": {"type": "LogStrings", "path": ["monitoring", "a65829f9", "stdout"], "values": [{"value": "\n", "step": null, "ts": 1718215115.55823}]}, "version": 428, "at": 1718215115.5583978}
{"obj": {"type": "LogFloats", "path": ["test", "MLP_loss"], "values": [{"value": 0.034461021423339844, "step": null, "ts": 1718215115.6071496}]}, "version": 429, "at": 1718215115.6073503}
{"obj": {"type": "LogFloats", "path": ["test", "MLP_loss"], "values": [{"value": 0.7050482034683228, "step": null, "ts": 1718215115.661319}]}, "version": 430, "at": 1718215115.6615353}
{"obj": {"type": "LogFloats", "path": ["test", "MLP_loss"], "values": [{"value": 0.009056108072400093, "step": null, "ts": 1718215115.7119389}]}, "version": 431, "at": 1718215115.7121892}
{"obj": {"type": "LogFloats", "path": ["test", "MLP_loss"], "values": [{"value": 0.10419581830501556, "step": null, "ts": 1718215115.761802}]}, "version": 432, "at": 1718215115.7620351}
{"obj": {"type": "LogFloats", "path": ["test", "MLP_loss"], "values": [{"value": 0.14048779010772705, "step": null, "ts": 1718215115.8125453}]}, "version": 433, "at": 1718215115.8127964}
{"obj": {"type": "LogFloats", "path": ["test", "MLP_loss"], "values": [{"value": 0.29700207710266113, "step": null, "ts": 1718215115.862363}]}, "version": 434, "at": 1718215115.862578}
{"obj": {"type": "LogFloats", "path": ["test", "MLP_loss"], "values": [{"value": 0.3452798128128052, "step": null, "ts": 1718215115.911838}]}, "version": 435, "at": 1718215115.9120512}
{"obj": {"type": "LogFloats", "path": ["test", "MLP_loss"], "values": [{"value": 0.651857316493988, "step": null, "ts": 1718215115.9591331}]}, "version": 436, "at": 1718215115.9593349}
{"obj": {"type": "LogFloats", "path": ["test", "MLP_loss"], "values": [{"value": 0.2610054016113281, "step": null, "ts": 1718215116.0086377}]}, "version": 437, "at": 1718215116.0088446}
{"obj": {"type": "LogStrings", "path": ["monitoring", "a65829f9", "stdout"], "values": [{"value": "Epoch 281/300, Loss: 0.1198", "step": null, "ts": 1718215116.1932058}]}, "version": 438, "at": 1718215116.193367}
{"obj": {"type": "LogStrings", "path": ["monitoring", "a65829f9", "stdout"], "values": [{"value": "\n", "step": null, "ts": 1718215116.1939936}]}, "version": 439, "at": 1718215116.1941025}
{"obj": {"type": "LogFloats", "path": ["test", "MLP_loss"], "values": [{"value": 0.11976060271263123, "step": null, "ts": 1718215116.194458}]}, "version": 440, "at": 1718215116.1945944}
{"obj": {"type": "LogFloats", "path": ["test", "MLP_loss"], "values": [{"value": 0.01910186931490898, "step": null, "ts": 1718215116.3657594}]}, "version": 441, "at": 1718215116.3661268}
{"obj": {"type": "LogFloats", "path": ["test", "MLP_loss"], "values": [{"value": 0.05295217037200928, "step": null, "ts": 1718215116.6453967}]}, "version": 442, "at": 1718215116.6457388}
{"obj": {"type": "LogFloats", "path": ["test", "MLP_loss"], "values": [{"value": 0.1584489345550537, "step": null, "ts": 1718215116.8706224}]}, "version": 443, "at": 1718215116.8709526}
{"obj": {"type": "LogFloats", "path": ["test", "MLP_loss"], "values": [{"value": 0.026143139228224754, "step": null, "ts": 1718215116.9898522}]}, "version": 444, "at": 1718215116.9901083}
{"obj": {"type": "LogFloats", "path": ["test", "MLP_loss"], "values": [{"value": 0.03166928142309189, "step": null, "ts": 1718215117.3387074}]}, "version": 445, "at": 1718215117.3389566}
{"obj": {"type": "LogFloats", "path": ["test", "MLP_loss"], "values": [{"value": 0.04446505755186081, "step": null, "ts": 1718215117.387957}]}, "version": 446, "at": 1718215117.3881743}
{"obj": {"type": "LogFloats", "path": ["test", "MLP_loss"], "values": [{"value": 0.029593944549560547, "step": null, "ts": 1718215117.6060977}]}, "version": 447, "at": 1718215117.6063592}
{"obj": {"type": "LogFloats", "path": ["test", "MLP_loss"], "values": [{"value": 0.005184552166610956, "step": null, "ts": 1718215117.6571176}]}, "version": 448, "at": 1718215117.6573627}
{"obj": {"type": "LogFloats", "path": ["test", "MLP_loss"], "values": [{"value": 0.02208739146590233, "step": null, "ts": 1718215117.7063332}]}, "version": 449, "at": 1718215117.7065787}
{"obj": {"type": "LogStrings", "path": ["monitoring", "a65829f9", "stdout"], "values": [{"value": "Epoch 291/300, Loss: 0.0133", "step": null, "ts": 1718215117.922511}]}, "version": 450, "at": 1718215117.922756}
{"obj": {"type": "LogFloats", "path": ["test", "MLP_loss"], "values": [{"value": 0.01334161777049303, "step": null, "ts": 1718215117.9238474}]}, "version": 451, "at": 1718215117.9240634}
{"obj": {"type": "LogStrings", "path": ["monitoring", "a65829f9", "stdout"], "values": [{"value": "\n", "step": null, "ts": 1718215117.9245534}]}, "version": 452, "at": 1718215117.9247158}
{"obj": {"type": "LogFloats", "path": ["test", "MLP_loss"], "values": [{"value": 0.0037044412456452847, "step": null, "ts": 1718215118.0340292}]}, "version": 453, "at": 1718215118.0342634}
{"obj": {"type": "LogFloats", "path": ["test", "MLP_loss"], "values": [{"value": 0.0028846131172031164, "step": null, "ts": 1718215118.177868}]}, "version": 454, "at": 1718215118.1781824}
{"obj": {"type": "LogFloats", "path": ["test", "MLP_loss"], "values": [{"value": 0.0015400382690131664, "step": null, "ts": 1718215118.2430942}]}, "version": 455, "at": 1718215118.2433774}
{"obj": {"type": "LogFloats", "path": ["test", "MLP_loss"], "values": [{"value": 0.0037426194176077843, "step": null, "ts": 1718215118.3434334}]}, "version": 456, "at": 1718215118.3437066}
{"obj": {"type": "LogFloats", "path": ["test", "MLP_loss"], "values": [{"value": 0.0037872258108109236, "step": null, "ts": 1718215118.6476352}]}, "version": 457, "at": 1718215118.6478777}
{"obj": {"type": "LogFloats", "path": ["test", "MLP_loss"], "values": [{"value": 0.030596131458878517, "step": null, "ts": 1718215118.6966531}]}, "version": 458, "at": 1718215118.6968906}
{"obj": {"type": "LogFloats", "path": ["test", "MLP_loss"], "values": [{"value": 0.007861549034714699, "step": null, "ts": 1718215118.977812}]}, "version": 459, "at": 1718215118.9780717}
{"obj": {"type": "LogFloats", "path": ["test", "MLP_loss"], "values": [{"value": 0.0057920655235648155, "step": null, "ts": 1718215119.2294703}]}, "version": 460, "at": 1718215119.2296782}
{"obj": {"type": "LogFloats", "path": ["test", "MLP_loss"], "values": [{"value": 0.005176154896616936, "step": null, "ts": 1718215119.3964977}]}, "version": 461, "at": 1718215119.396833}
{"obj": {"type": "LogFloats", "path": ["monitoring", "a65829f9", "cpu"], "values": [{"value": 89.8, "step": null, "ts": 1718215119.6087413}]}, "version": 462, "at": 1718215119.611545}
{"obj": {"type": "LogFloats", "path": ["monitoring", "a65829f9", "memory"], "values": [{"value": 15.669097900390625, "step": null, "ts": 1718215119.6087413}]}, "version": 463, "at": 1718215119.6125205}
{"obj": {"type": "LogFloats", "path": ["monitoring", "a65829f9", "gpu_memory"], "values": [{"value": 4.5899658203125, "step": null, "ts": 1718215119.6087413}]}, "version": 464, "at": 1718215119.6132588}
