{"obj": {"type": "AssignString", "path": ["sys", "name"], "value": "Untitled"}, "version": 1, "at": 1718232851.7887228}
{"obj": {"type": "AssignString", "path": ["sys", "description"], "value": ""}, "version": 2, "at": 1718232851.7892659}
{"obj": {"type": "AssignString", "path": ["monitoring", "6b5fdb4e", "hostname"], "value": "Precision-7920-Tower-2"}, "version": 3, "at": 1718232851.7900681}
{"obj": {"type": "AssignString", "path": ["sys", "hostname"], "value": "Precision-7920-Tower-2"}, "version": 4, "at": 1718232851.7902768}
{"obj": {"type": "AssignString", "path": ["monitoring", "6b5fdb4e", "pid"], "value": "19856"}, "version": 5, "at": 1718232851.7906425}
{"obj": {"type": "AssignString", "path": ["monitoring", "6b5fdb4e", "tid"], "value": "140229453615360"}, "version": 6, "at": 1718232851.7910006}
{"obj": {"type": "AssignBool", "path": ["sys", "failed"], "value": false}, "version": 7, "at": 1718232851.7913191}
{"obj": {"type": "ClearStringLog", "path": ["monitoring", "6b5fdb4e", "stdout"]}, "version": 8, "at": 1718232851.7918591}
{"obj": {"type": "ClearStringLog", "path": ["monitoring", "6b5fdb4e", "stderr"]}, "version": 9, "at": 1718232851.7921057}
{"obj": {"type": "AssignString", "path": ["source_code", "entrypoint"], "value": "train.py"}, "version": 10, "at": 1718232851.7929413}
{"obj": {"type": "UploadFileSet", "path": ["source_code", "files"], "file_globs": ["/home/athena/3DVAE-AgeDisentangled_contrastive_loss/train.py"], "reset": "False"}, "version": 11, "at": 1718232851.7933354}
{"obj": {"type": "UploadFile", "path": ["source_code", "diff"], "ext": "patch", "file_path": null, "tmp_file_name": "source_code_diff-1718232851.895587-2024-06-12_20.54.11.895587.patch", "clean_after_upload": false}, "version": 12, "at": 1718232851.8967485}
{"obj": {"type": "ConfigFloatSeries", "path": ["monitoring", "6b5fdb4e", "cpu"], "min": 0.0, "max": 100.0, "unit": "%"}, "version": 13, "at": 1718232852.139318}
{"obj": {"type": "ClearFloatLog", "path": ["monitoring", "6b5fdb4e", "cpu"]}, "version": 14, "at": 1718232852.1399689}
{"obj": {"type": "ConfigFloatSeries", "path": ["monitoring", "6b5fdb4e", "memory"], "min": 0.0, "max": 31.03635025024414, "unit": "GB"}, "version": 15, "at": 1718232852.141056}
{"obj": {"type": "ClearFloatLog", "path": ["monitoring", "6b5fdb4e", "memory"]}, "version": 16, "at": 1718232852.1413798}
{"obj": {"type": "ConfigFloatSeries", "path": ["monitoring", "6b5fdb4e", "gpu"], "min": 0.0, "max": 100.0, "unit": "%"}, "version": 17, "at": 1718232852.142358}
{"obj": {"type": "ClearFloatLog", "path": ["monitoring", "6b5fdb4e", "gpu"]}, "version": 18, "at": 1718232852.1427135}
{"obj": {"type": "ConfigFloatSeries", "path": ["monitoring", "6b5fdb4e", "gpu_memory"], "min": 0.0, "max": 15.89703369140625, "unit": "GB"}, "version": 19, "at": 1718232852.1436894}
{"obj": {"type": "ClearFloatLog", "path": ["monitoring", "6b5fdb4e", "gpu_memory"]}, "version": 20, "at": 1718232852.1439936}
{"obj": {"type": "LogFloats", "path": ["monitoring", "6b5fdb4e", "cpu"], "values": [{"value": 43.8, "step": null, "ts": 1718232852.1500058}]}, "version": 21, "at": 1718232852.185998}
{"obj": {"type": "LogFloats", "path": ["monitoring", "6b5fdb4e", "memory"], "values": [{"value": 12.819816589355469, "step": null, "ts": 1718232852.1500058}]}, "version": 22, "at": 1718232852.1890385}
{"obj": {"type": "LogFloats", "path": ["monitoring", "6b5fdb4e", "gpu_memory"], "values": [{"value": 3.7921142578125, "step": null, "ts": 1718232852.1500058}]}, "version": 23, "at": 1718232852.1903195}
{"obj": {"type": "LogFloats", "path": ["monitoring", "6b5fdb4e", "cpu"], "values": [{"value": 44.3, "step": null, "ts": 1718232862.196216}]}, "version": 24, "at": 1718232862.28958}
{"obj": {"type": "LogFloats", "path": ["monitoring", "6b5fdb4e", "memory"], "values": [{"value": 13.06912612915039, "step": null, "ts": 1718232862.196216}]}, "version": 25, "at": 1718232862.337249}
{"obj": {"type": "LogFloats", "path": ["monitoring", "6b5fdb4e", "gpu_memory"], "values": [{"value": 3.7921142578125, "step": null, "ts": 1718232862.196216}]}, "version": 26, "at": 1718232862.3592963}
{"obj": {"type": "LogFloats", "path": ["monitoring", "6b5fdb4e", "cpu"], "values": [{"value": 42.9, "step": null, "ts": 1718232871.536471}]}, "version": 27, "at": 1718232871.574263}
{"obj": {"type": "LogFloats", "path": ["monitoring", "6b5fdb4e", "memory"], "values": [{"value": 14.310474395751953, "step": null, "ts": 1718232871.536471}]}, "version": 28, "at": 1718232871.5763195}
{"obj": {"type": "LogFloats", "path": ["monitoring", "6b5fdb4e", "gpu_memory"], "values": [{"value": 4.3145751953125, "step": null, "ts": 1718232871.536471}]}, "version": 29, "at": 1718232871.5771701}
{"obj": {"type": "LogFloats", "path": ["monitoring", "6b5fdb4e", "cpu"], "values": [{"value": 46.2, "step": null, "ts": 1718232871.7287936}]}, "version": 30, "at": 1718232871.7681446}
{"obj": {"type": "LogFloats", "path": ["monitoring", "6b5fdb4e", "memory"], "values": [{"value": 14.327804565429688, "step": null, "ts": 1718232871.7287936}]}, "version": 31, "at": 1718232871.7696278}
{"obj": {"type": "LogFloats", "path": ["monitoring", "6b5fdb4e", "gpu_memory"], "values": [{"value": 4.3145751953125, "step": null, "ts": 1718232871.7287936}]}, "version": 32, "at": 1718232871.7712905}
{"obj": {"type": "LogFloats", "path": ["monitoring", "6b5fdb4e", "cpu"], "values": [{"value": 47.0, "step": null, "ts": 1718232872.0681803}]}, "version": 33, "at": 1718232872.1596212}
{"obj": {"type": "LogFloats", "path": ["monitoring", "6b5fdb4e", "memory"], "values": [{"value": 14.34619140625, "step": null, "ts": 1718232872.0681803}]}, "version": 34, "at": 1718232872.1647012}
{"obj": {"type": "LogFloats", "path": ["monitoring", "6b5fdb4e", "gpu_memory"], "values": [{"value": 4.3145751953125, "step": null, "ts": 1718232872.0681803}]}, "version": 35, "at": 1718232872.1681807}
{"obj": {"type": "LogFloats", "path": ["monitoring", "6b5fdb4e", "cpu"], "values": [{"value": 44.4, "step": null, "ts": 1718232872.4611976}]}, "version": 36, "at": 1718232872.5456557}
{"obj": {"type": "LogFloats", "path": ["monitoring", "6b5fdb4e", "memory"], "values": [{"value": 14.386165618896484, "step": null, "ts": 1718232872.4611976}]}, "version": 37, "at": 1718232872.549097}
{"obj": {"type": "LogFloats", "path": ["monitoring", "6b5fdb4e", "gpu_memory"], "values": [{"value": 4.3145751953125, "step": null, "ts": 1718232872.4611976}]}, "version": 38, "at": 1718232872.550386}
{"obj": {"type": "LogFloats", "path": ["monitoring", "6b5fdb4e", "cpu"], "values": [{"value": 47.6, "step": null, "ts": 1718232873.067559}]}, "version": 39, "at": 1718232873.1204093}
{"obj": {"type": "LogFloats", "path": ["monitoring", "6b5fdb4e", "memory"], "values": [{"value": 14.448081970214844, "step": null, "ts": 1718232873.067559}]}, "version": 40, "at": 1718232873.1250186}
{"obj": {"type": "LogFloats", "path": ["monitoring", "6b5fdb4e", "gpu_memory"], "values": [{"value": 4.3145751953125, "step": null, "ts": 1718232873.067559}]}, "version": 41, "at": 1718232873.1286438}
{"obj": {"type": "LogFloats", "path": ["monitoring", "6b5fdb4e", "cpu"], "values": [{"value": 42.4, "step": null, "ts": 1718232873.4029462}]}, "version": 42, "at": 1718232873.4959128}
{"obj": {"type": "LogFloats", "path": ["monitoring", "6b5fdb4e", "memory"], "values": [{"value": 14.480659484863281, "step": null, "ts": 1718232873.4029462}]}, "version": 43, "at": 1718232873.4981463}
{"obj": {"type": "LogFloats", "path": ["monitoring", "6b5fdb4e", "gpu_memory"], "values": [{"value": 4.3145751953125, "step": null, "ts": 1718232873.4029462}]}, "version": 44, "at": 1718232873.4993641}
{"obj": {"type": "LogFloats", "path": ["monitoring", "6b5fdb4e", "cpu"], "values": [{"value": 50.1, "step": null, "ts": 1718232873.772078}]}, "version": 45, "at": 1718232873.8583577}
{"obj": {"type": "LogFloats", "path": ["monitoring", "6b5fdb4e", "memory"], "values": [{"value": 14.526477813720703, "step": null, "ts": 1718232873.772078}]}, "version": 46, "at": 1718232873.8611274}
{"obj": {"type": "LogFloats", "path": ["monitoring", "6b5fdb4e", "gpu_memory"], "values": [{"value": 4.3145751953125, "step": null, "ts": 1718232873.772078}]}, "version": 47, "at": 1718232873.8622928}
{"obj": {"type": "LogFloats", "path": ["monitoring", "6b5fdb4e", "cpu"], "values": [{"value": 47.7, "step": null, "ts": 1718232874.146639}]}, "version": 48, "at": 1718232874.1978898}
{"obj": {"type": "LogFloats", "path": ["monitoring", "6b5fdb4e", "memory"], "values": [{"value": 14.55804443359375, "step": null, "ts": 1718232874.146639}]}, "version": 49, "at": 1718232874.2056093}
{"obj": {"type": "LogFloats", "path": ["monitoring", "6b5fdb4e", "gpu_memory"], "values": [{"value": 4.3145751953125, "step": null, "ts": 1718232874.146639}]}, "version": 50, "at": 1718232874.2113457}
{"obj": {"type": "LogFloats", "path": ["monitoring", "6b5fdb4e", "cpu"], "values": [{"value": 45.8, "step": null, "ts": 1718232876.9318705}]}, "version": 51, "at": 1718232877.000839}
{"obj": {"type": "LogFloats", "path": ["monitoring", "6b5fdb4e", "memory"], "values": [{"value": 14.382816314697266, "step": null, "ts": 1718232876.9318705}]}, "version": 52, "at": 1718232877.0022492}
{"obj": {"type": "LogFloats", "path": ["monitoring", "6b5fdb4e", "gpu_memory"], "values": [{"value": 4.3145751953125, "step": null, "ts": 1718232876.9318705}]}, "version": 53, "at": 1718232877.0028863}
{"obj": {"type": "LogFloats", "path": ["monitoring", "6b5fdb4e", "cpu"], "values": [{"value": 45.0, "step": null, "ts": 1718232877.287929}]}, "version": 54, "at": 1718232877.3296874}
{"obj": {"type": "LogFloats", "path": ["monitoring", "6b5fdb4e", "memory"], "values": [{"value": 14.425189971923828, "step": null, "ts": 1718232877.287929}]}, "version": 55, "at": 1718232877.331522}
{"obj": {"type": "LogFloats", "path": ["monitoring", "6b5fdb4e", "gpu_memory"], "values": [{"value": 4.3145751953125, "step": null, "ts": 1718232877.287929}]}, "version": 56, "at": 1718232877.3323185}
{"obj": {"type": "LogFloats", "path": ["monitoring", "6b5fdb4e", "cpu"], "values": [{"value": 49.4, "step": null, "ts": 1718232877.6281726}]}, "version": 57, "at": 1718232877.6930025}
{"obj": {"type": "LogFloats", "path": ["monitoring", "6b5fdb4e", "memory"], "values": [{"value": 14.466796875, "step": null, "ts": 1718232877.6281726}]}, "version": 58, "at": 1718232877.6964943}
{"obj": {"type": "LogFloats", "path": ["monitoring", "6b5fdb4e", "gpu_memory"], "values": [{"value": 4.3145751953125, "step": null, "ts": 1718232877.6281726}]}, "version": 59, "at": 1718232877.6977768}
{"obj": {"type": "LogFloats", "path": ["monitoring", "6b5fdb4e", "cpu"], "values": [{"value": 52.0, "step": null, "ts": 1718232877.9424167}]}, "version": 60, "at": 1718232877.9863956}
{"obj": {"type": "LogFloats", "path": ["monitoring", "6b5fdb4e", "memory"], "values": [{"value": 14.485183715820312, "step": null, "ts": 1718232877.9424167}]}, "version": 61, "at": 1718232877.9927137}
{"obj": {"type": "LogFloats", "path": ["monitoring", "6b5fdb4e", "gpu_memory"], "values": [{"value": 4.3145751953125, "step": null, "ts": 1718232877.9424167}]}, "version": 62, "at": 1718232877.9940438}
{"obj": {"type": "LogFloats", "path": ["monitoring", "6b5fdb4e", "cpu"], "values": [{"value": 53.7, "step": null, "ts": 1718232878.234453}]}, "version": 63, "at": 1718232878.2785032}
{"obj": {"type": "LogFloats", "path": ["monitoring", "6b5fdb4e", "memory"], "values": [{"value": 14.529335021972656, "step": null, "ts": 1718232878.234453}]}, "version": 64, "at": 1718232878.280655}
{"obj": {"type": "LogFloats", "path": ["monitoring", "6b5fdb4e", "gpu_memory"], "values": [{"value": 4.3145751953125, "step": null, "ts": 1718232878.234453}]}, "version": 65, "at": 1718232878.281709}
{"obj": {"type": "LogFloats", "path": ["monitoring", "6b5fdb4e", "cpu"], "values": [{"value": 45.6, "step": null, "ts": 1718232878.5803843}]}, "version": 66, "at": 1718232878.6226552}
{"obj": {"type": "LogFloats", "path": ["monitoring", "6b5fdb4e", "memory"], "values": [{"value": 14.572036743164062, "step": null, "ts": 1718232878.5803843}]}, "version": 67, "at": 1718232878.6261363}
{"obj": {"type": "LogFloats", "path": ["monitoring", "6b5fdb4e", "gpu_memory"], "values": [{"value": 4.3145751953125, "step": null, "ts": 1718232878.5803843}]}, "version": 68, "at": 1718232878.6273785}
{"obj": {"type": "LogFloats", "path": ["monitoring", "6b5fdb4e", "cpu"], "values": [{"value": 53.3, "step": null, "ts": 1718232878.8834896}]}, "version": 69, "at": 1718232878.9454708}
{"obj": {"type": "LogFloats", "path": ["monitoring", "6b5fdb4e", "memory"], "values": [{"value": 14.595325469970703, "step": null, "ts": 1718232878.8834896}]}, "version": 70, "at": 1718232878.9473798}
{"obj": {"type": "LogFloats", "path": ["monitoring", "6b5fdb4e", "gpu_memory"], "values": [{"value": 4.3145751953125, "step": null, "ts": 1718232878.8834896}]}, "version": 71, "at": 1718232878.9500751}
{"obj": {"type": "LogFloats", "path": ["monitoring", "6b5fdb4e", "cpu"], "values": [{"value": 41.0, "step": null, "ts": 1718232879.1943145}]}, "version": 72, "at": 1718232879.2003}
{"obj": {"type": "LogFloats", "path": ["monitoring", "6b5fdb4e", "memory"], "values": [{"value": 14.627616882324219, "step": null, "ts": 1718232879.1943145}]}, "version": 73, "at": 1718232879.2016084}
{"obj": {"type": "LogFloats", "path": ["monitoring", "6b5fdb4e", "gpu_memory"], "values": [{"value": 4.3145751953125, "step": null, "ts": 1718232879.1943145}]}, "version": 74, "at": 1718232879.2023928}
{"obj": {"type": "LogStrings", "path": ["monitoring", "6b5fdb4e", "stderr"], "values": [{"value": "\r  0%|                                                                                                                                                                          | 0/600 [00:00<?, ?it/s]", "step": null, "ts": 1718232881.0231767}]}, "version": 75, "at": 1718232881.0235403}
{"obj": {"type": "LogFloats", "path": ["monitoring", "6b5fdb4e", "cpu"], "values": [{"value": 51.7, "step": null, "ts": 1718232881.0764575}]}, "version": 76, "at": 1718232881.1416082}
{"obj": {"type": "LogFloats", "path": ["monitoring", "6b5fdb4e", "memory"], "values": [{"value": 14.443931579589844, "step": null, "ts": 1718232881.0764575}]}, "version": 77, "at": 1718232881.1446824}
{"obj": {"type": "LogFloats", "path": ["monitoring", "6b5fdb4e", "gpu"], "values": [{"value": 7.0, "step": null, "ts": 1718232881.0764575}]}, "version": 78, "at": 1718232881.145233}
{"obj": {"type": "LogFloats", "path": ["monitoring", "6b5fdb4e", "gpu_memory"], "values": [{"value": 4.3145751953125, "step": null, "ts": 1718232881.0764575}]}, "version": 79, "at": 1718232881.146577}
{"obj": {"type": "LogFloats", "path": ["monitoring", "6b5fdb4e", "cpu"], "values": [{"value": 59.2, "step": null, "ts": 1718232881.3801684}]}, "version": 80, "at": 1718232881.4199731}
{"obj": {"type": "LogFloats", "path": ["monitoring", "6b5fdb4e", "memory"], "values": [{"value": 14.483333587646484, "step": null, "ts": 1718232881.3801684}]}, "version": 81, "at": 1718232881.4215312}
{"obj": {"type": "LogFloats", "path": ["monitoring", "6b5fdb4e", "gpu_memory"], "values": [{"value": 4.3145751953125, "step": null, "ts": 1718232881.3801684}]}, "version": 82, "at": 1718232881.4220474}
{"obj": {"type": "LogFloats", "path": ["monitoring", "6b5fdb4e", "cpu"], "values": [{"value": 60.2, "step": null, "ts": 1718232881.6532598}]}, "version": 83, "at": 1718232881.688437}
{"obj": {"type": "LogFloats", "path": ["monitoring", "6b5fdb4e", "memory"], "values": [{"value": 14.505496978759766, "step": null, "ts": 1718232881.6532598}]}, "version": 84, "at": 1718232881.6915119}
{"obj": {"type": "LogFloats", "path": ["monitoring", "6b5fdb4e", "gpu_memory"], "values": [{"value": 4.3145751953125, "step": null, "ts": 1718232881.6532598}]}, "version": 85, "at": 1718232881.6934345}
{"obj": {"type": "LogFloats", "path": ["monitoring", "6b5fdb4e", "cpu"], "values": [{"value": 47.1, "step": null, "ts": 1718232881.9677174}]}, "version": 86, "at": 1718232882.0368223}
{"obj": {"type": "LogFloats", "path": ["monitoring", "6b5fdb4e", "memory"], "values": [{"value": 14.614574432373047, "step": null, "ts": 1718232881.9677174}]}, "version": 87, "at": 1718232882.038777}
{"obj": {"type": "LogFloats", "path": ["monitoring", "6b5fdb4e", "gpu_memory"], "values": [{"value": 4.3145751953125, "step": null, "ts": 1718232881.9677174}]}, "version": 88, "at": 1718232882.0399797}
{"obj": {"type": "LogFloats", "path": ["monitoring", "6b5fdb4e", "cpu"], "values": [{"value": 53.1, "step": null, "ts": 1718232882.2992423}]}, "version": 89, "at": 1718232882.3554504}
{"obj": {"type": "LogFloats", "path": ["monitoring", "6b5fdb4e", "memory"], "values": [{"value": 14.60196304321289, "step": null, "ts": 1718232882.2992423}]}, "version": 90, "at": 1718232882.3578267}
{"obj": {"type": "LogFloats", "path": ["monitoring", "6b5fdb4e", "gpu_memory"], "values": [{"value": 4.3145751953125, "step": null, "ts": 1718232882.2992423}]}, "version": 91, "at": 1718232882.3603957}
{"obj": {"type": "LogFloats", "path": ["monitoring", "6b5fdb4e", "cpu"], "values": [{"value": 58.2, "step": null, "ts": 1718232882.6366234}]}, "version": 92, "at": 1718232882.688466}
{"obj": {"type": "LogFloats", "path": ["monitoring", "6b5fdb4e", "memory"], "values": [{"value": 14.700660705566406, "step": null, "ts": 1718232882.6366234}]}, "version": 93, "at": 1718232882.6904576}
{"obj": {"type": "LogFloats", "path": ["monitoring", "6b5fdb4e", "gpu_memory"], "values": [{"value": 4.3145751953125, "step": null, "ts": 1718232882.6366234}]}, "version": 94, "at": 1718232882.6911354}
{"obj": {"type": "LogFloats", "path": ["monitoring", "6b5fdb4e", "cpu"], "values": [{"value": 57.2, "step": null, "ts": 1718232882.9823077}]}, "version": 95, "at": 1718232883.0301533}
{"obj": {"type": "LogFloats", "path": ["monitoring", "6b5fdb4e", "memory"], "values": [{"value": 14.68503189086914, "step": null, "ts": 1718232882.9823077}]}, "version": 96, "at": 1718232883.0330672}
{"obj": {"type": "LogFloats", "path": ["monitoring", "6b5fdb4e", "gpu_memory"], "values": [{"value": 4.3145751953125, "step": null, "ts": 1718232882.9823077}]}, "version": 97, "at": 1718232883.034234}
{"obj": {"type": "LogFloats", "path": ["monitoring", "6b5fdb4e", "cpu"], "values": [{"value": 54.0, "step": null, "ts": 1718232883.325801}]}, "version": 98, "at": 1718232883.4232783}
{"obj": {"type": "LogFloats", "path": ["monitoring", "6b5fdb4e", "memory"], "values": [{"value": 14.750484466552734, "step": null, "ts": 1718232883.325801}]}, "version": 99, "at": 1718232883.4333801}
{"obj": {"type": "LogFloats", "path": ["monitoring", "6b5fdb4e", "gpu_memory"], "values": [{"value": 4.3145751953125, "step": null, "ts": 1718232883.325801}]}, "version": 100, "at": 1718232883.4381633}
{"obj": {"type": "LogFloats", "path": ["monitoring", "6b5fdb4e", "cpu"], "values": [{"value": 46.0, "step": null, "ts": 1718232893.443892}]}, "version": 101, "at": 1718232893.449483}
{"obj": {"type": "LogFloats", "path": ["monitoring", "6b5fdb4e", "memory"], "values": [{"value": 15.366008758544922, "step": null, "ts": 1718232893.443892}]}, "version": 102, "at": 1718232893.4512806}
{"obj": {"type": "LogFloats", "path": ["monitoring", "6b5fdb4e", "gpu"], "values": [{"value": 61.0, "step": null, "ts": 1718232893.443892}]}, "version": 103, "at": 1718232893.4525099}
{"obj": {"type": "LogFloats", "path": ["monitoring", "6b5fdb4e", "gpu_memory"], "values": [{"value": 7.0157470703125, "step": null, "ts": 1718232893.443892}]}, "version": 104, "at": 1718232893.4536295}
{"obj": {"type": "LogFloats", "path": ["train", "reconstruction"], "values": [{"value": 1.1687628732968682, "step": null, "ts": 1718232900.0646532}]}, "version": 105, "at": 1718232900.0653608}
{"obj": {"type": "LogFloats", "path": ["train", "kl"], "values": [{"value": 235.614003795467, "step": null, "ts": 1718232900.0678833}]}, "version": 106, "at": 1718232900.0681906}
{"obj": {"type": "LogFloats", "path": ["train", "dip"], "values": [{"value": 0.0, "step": null, "ts": 1718232900.0696285}]}, "version": 107, "at": 1718232900.0698977}
{"obj": {"type": "LogFloats", "path": ["train", "factor"], "values": [{"value": 0.0, "step": null, "ts": 1718232900.0711048}]}, "version": 108, "at": 1718232900.0713232}
{"obj": {"type": "LogFloats", "path": ["train", "latent_consistency"], "values": [{"value": 7.849562730691204, "step": null, "ts": 1718232900.0724437}]}, "version": 109, "at": 1718232900.0726564}
{"obj": {"type": "LogFloats", "path": ["train", "laplacian"], "values": [{"value": 0.28041408262024187, "step": null, "ts": 1718232900.0739295}]}, "version": 110, "at": 1718232900.074152}
{"obj": {"type": "LogFloats", "path": ["train", "age"], "values": [{"value": 8.709875726536529, "step": null, "ts": 1718232900.0753329}]}, "version": 111, "at": 1718232900.0755525}
{"obj": {"type": "LogFloats", "path": ["train", "contrastive"], "values": [{"value": 10.2528206681552, "step": null, "ts": 1718232900.076659}]}, "version": 112, "at": 1718232900.076871}
{"obj": {"type": "LogFloats", "path": ["train", "tot"], "values": [{"value": 60.89914993390645, "step": null, "ts": 1718232900.078002}]}, "version": 113, "at": 1718232900.0782175}
{"obj": {"type": "LogFloats", "path": ["monitoring", "6b5fdb4e", "cpu"], "values": [{"value": 38.5, "step": null, "ts": 1718232900.1418204}]}, "version": 114, "at": 1718232900.2119117}
{"obj": {"type": "LogFloats", "path": ["monitoring", "6b5fdb4e", "memory"], "values": [{"value": 14.892032623291016, "step": null, "ts": 1718232900.1418204}]}, "version": 115, "at": 1718232900.2157505}
{"obj": {"type": "LogFloats", "path": ["monitoring", "6b5fdb4e", "gpu_memory"], "values": [{"value": 7.0157470703125, "step": null, "ts": 1718232900.1418204}]}, "version": 116, "at": 1718232900.2168832}
{"obj": {"type": "LogFloats", "path": ["monitoring", "6b5fdb4e", "cpu"], "values": [{"value": 39.7, "step": null, "ts": 1718232900.4875932}]}, "version": 117, "at": 1718232900.5344574}
{"obj": {"type": "LogFloats", "path": ["monitoring", "6b5fdb4e", "memory"], "values": [{"value": 14.927078247070312, "step": null, "ts": 1718232900.4875932}]}, "version": 118, "at": 1718232900.5369582}
{"obj": {"type": "LogFloats", "path": ["monitoring", "6b5fdb4e", "gpu_memory"], "values": [{"value": 7.0157470703125, "step": null, "ts": 1718232900.4875932}]}, "version": 119, "at": 1718232900.5381289}
{"obj": {"type": "LogFloats", "path": ["monitoring", "6b5fdb4e", "cpu"], "values": [{"value": 47.2, "step": null, "ts": 1718232900.8002784}]}, "version": 120, "at": 1718232900.8561013}
{"obj": {"type": "LogFloats", "path": ["monitoring", "6b5fdb4e", "memory"], "values": [{"value": 14.966766357421875, "step": null, "ts": 1718232900.8002784}]}, "version": 121, "at": 1718232900.8586771}
{"obj": {"type": "LogFloats", "path": ["monitoring", "6b5fdb4e", "gpu_memory"], "values": [{"value": 7.0157470703125, "step": null, "ts": 1718232900.8002784}]}, "version": 122, "at": 1718232900.8618395}
{"obj": {"type": "LogFloats", "path": ["monitoring", "6b5fdb4e", "cpu"], "values": [{"value": 45.7, "step": null, "ts": 1718232901.105173}]}, "version": 123, "at": 1718232901.1627192}
{"obj": {"type": "LogFloats", "path": ["monitoring", "6b5fdb4e", "memory"], "values": [{"value": 14.991573333740234, "step": null, "ts": 1718232901.105173}]}, "version": 124, "at": 1718232901.1661923}
{"obj": {"type": "LogFloats", "path": ["monitoring", "6b5fdb4e", "gpu_memory"], "values": [{"value": 7.0157470703125, "step": null, "ts": 1718232901.105173}]}, "version": 125, "at": 1718232901.1673546}
{"obj": {"type": "LogFloats", "path": ["monitoring", "6b5fdb4e", "cpu"], "values": [{"value": 43.4, "step": null, "ts": 1718232901.3695393}]}, "version": 126, "at": 1718232901.432342}
{"obj": {"type": "LogFloats", "path": ["monitoring", "6b5fdb4e", "memory"], "values": [{"value": 15.033428192138672, "step": null, "ts": 1718232901.3695393}]}, "version": 127, "at": 1718232901.4334044}
{"obj": {"type": "LogFloats", "path": ["monitoring", "6b5fdb4e", "gpu_memory"], "values": [{"value": 7.0157470703125, "step": null, "ts": 1718232901.3695393}]}, "version": 128, "at": 1718232901.43415}
{"obj": {"type": "LogFloats", "path": ["monitoring", "6b5fdb4e", "cpu"], "values": [{"value": 45.1, "step": null, "ts": 1718232901.7062893}]}, "version": 129, "at": 1718232901.7668881}
{"obj": {"type": "LogFloats", "path": ["monitoring", "6b5fdb4e", "memory"], "values": [{"value": 15.072525024414062, "step": null, "ts": 1718232901.7062893}]}, "version": 130, "at": 1718232901.7696812}
{"obj": {"type": "LogFloats", "path": ["monitoring", "6b5fdb4e", "gpu_memory"], "values": [{"value": 7.0157470703125, "step": null, "ts": 1718232901.7062893}]}, "version": 131, "at": 1718232901.7707815}
{"obj": {"type": "LogFloats", "path": ["monitoring", "6b5fdb4e", "cpu"], "values": [{"value": 45.0, "step": null, "ts": 1718232901.997597}]}, "version": 132, "at": 1718232902.0547976}
{"obj": {"type": "LogFloats", "path": ["monitoring", "6b5fdb4e", "memory"], "values": [{"value": 15.112369537353516, "step": null, "ts": 1718232901.997597}]}, "version": 133, "at": 1718232902.058996}
{"obj": {"type": "LogFloats", "path": ["monitoring", "6b5fdb4e", "gpu_memory"], "values": [{"value": 7.0157470703125, "step": null, "ts": 1718232901.997597}]}, "version": 134, "at": 1718232902.0602603}
{"obj": {"type": "LogFloats", "path": ["monitoring", "6b5fdb4e", "cpu"], "values": [{"value": 48.5, "step": null, "ts": 1718232902.2865484}]}, "version": 135, "at": 1718232902.349282}
{"obj": {"type": "LogFloats", "path": ["monitoring", "6b5fdb4e", "memory"], "values": [{"value": 15.137195587158203, "step": null, "ts": 1718232902.2865484}]}, "version": 136, "at": 1718232902.3524222}
{"obj": {"type": "LogFloats", "path": ["monitoring", "6b5fdb4e", "gpu_memory"], "values": [{"value": 7.0157470703125, "step": null, "ts": 1718232902.2865484}]}, "version": 137, "at": 1718232902.354729}
{"obj": {"type": "LogFloats", "path": ["validation", "reconstruction"], "values": [{"value": 0.8551386952400207, "step": null, "ts": 1718232903.9032748}]}, "version": 138, "at": 1718232903.9037187}
{"obj": {"type": "LogFloats", "path": ["validation", "kl"], "values": [{"value": 81.9135757446289, "step": null, "ts": 1718232903.906477}]}, "version": 139, "at": 1718232903.9070513}
{"obj": {"type": "LogFloats", "path": ["validation", "dip"], "values": [{"value": 0.0, "step": null, "ts": 1718232903.9096448}]}, "version": 140, "at": 1718232903.9102123}
{"obj": {"type": "LogFloats", "path": ["validation", "factor"], "values": [{"value": 0.0, "step": null, "ts": 1718232903.9118848}]}, "version": 141, "at": 1718232903.9121985}
{"obj": {"type": "LogFloats", "path": ["validation", "latent_consistency"], "values": [{"value": 0.6271625578403472, "step": null, "ts": 1718232903.9136002}]}, "version": 142, "at": 1718232903.9138212}
{"obj": {"type": "LogFloats", "path": ["validation", "laplacian"], "values": [{"value": 0.05768087580800056, "step": null, "ts": 1718232903.9149997}]}, "version": 143, "at": 1718232903.9152505}
{"obj": {"type": "LogFloats", "path": ["validation", "age"], "values": [{"value": 4.491595268249512, "step": null, "ts": 1718232903.9164283}]}, "version": 144, "at": 1718232903.916646}
{"obj": {"type": "LogFloats", "path": ["validation", "contrastive"], "values": [{"value": 8.250217998027802, "step": null, "ts": 1718232903.9177778}]}, "version": 145, "at": 1718232903.9179919}
{"obj": {"type": "LogFloats", "path": ["validation", "tot"], "values": [{"value": 17.062125873565673, "step": null, "ts": 1718232903.919167}]}, "version": 146, "at": 1718232903.9193852}
{"obj": {"type": "LogStrings", "path": ["monitoring", "6b5fdb4e", "stderr"], "values": [{"value": "\r  0%|\u258e                                                                                                                                                               | 1/600 [00:22<3:48:38, 22.90s/it]", "step": null, "ts": 1718232903.930734}]}, "version": 147, "at": 1718232903.9310071}
{"obj": {"type": "LogFloats", "path": ["monitoring", "6b5fdb4e", "cpu"], "values": [{"value": 42.7, "step": null, "ts": 1718232903.9865277}]}, "version": 148, "at": 1718232904.049424}
{"obj": {"type": "LogFloats", "path": ["monitoring", "6b5fdb4e", "memory"], "values": [{"value": 14.903491973876953, "step": null, "ts": 1718232903.9865277}]}, "version": 149, "at": 1718232904.0507002}
{"obj": {"type": "LogFloats", "path": ["monitoring", "6b5fdb4e", "gpu_memory"], "values": [{"value": 7.0157470703125, "step": null, "ts": 1718232903.9865277}]}, "version": 150, "at": 1718232904.0523353}
{"obj": {"type": "LogFloats", "path": ["monitoring", "6b5fdb4e", "cpu"], "values": [{"value": 39.6, "step": null, "ts": 1718232904.316048}]}, "version": 151, "at": 1718232904.373912}
{"obj": {"type": "LogFloats", "path": ["monitoring", "6b5fdb4e", "memory"], "values": [{"value": 14.943405151367188, "step": null, "ts": 1718232904.316048}]}, "version": 152, "at": 1718232904.3761218}
{"obj": {"type": "LogFloats", "path": ["monitoring", "6b5fdb4e", "gpu_memory"], "values": [{"value": 7.0157470703125, "step": null, "ts": 1718232904.316048}]}, "version": 153, "at": 1718232904.377056}
{"obj": {"type": "LogFloats", "path": ["monitoring", "6b5fdb4e", "cpu"], "values": [{"value": 43.9, "step": null, "ts": 1718232904.6121857}]}, "version": 154, "at": 1718232904.6713388}
{"obj": {"type": "LogFloats", "path": ["monitoring", "6b5fdb4e", "memory"], "values": [{"value": 14.964923858642578, "step": null, "ts": 1718232904.6121857}]}, "version": 155, "at": 1718232904.6728244}
{"obj": {"type": "LogFloats", "path": ["monitoring", "6b5fdb4e", "gpu_memory"], "values": [{"value": 7.0157470703125, "step": null, "ts": 1718232904.6121857}]}, "version": 156, "at": 1718232904.6737068}
{"obj": {"type": "LogFloats", "path": ["monitoring", "6b5fdb4e", "cpu"], "values": [{"value": 44.0, "step": null, "ts": 1718232904.9215088}]}, "version": 157, "at": 1718232904.9907646}
{"obj": {"type": "LogFloats", "path": ["monitoring", "6b5fdb4e", "memory"], "values": [{"value": 15.007362365722656, "step": null, "ts": 1718232904.9215088}]}, "version": 158, "at": 1718232904.993019}
{"obj": {"type": "LogFloats", "path": ["monitoring", "6b5fdb4e", "gpu_memory"], "values": [{"value": 7.0157470703125, "step": null, "ts": 1718232904.9215088}]}, "version": 159, "at": 1718232904.9939382}
{"obj": {"type": "LogFloats", "path": ["monitoring", "6b5fdb4e", "cpu"], "values": [{"value": 44.5, "step": null, "ts": 1718232905.2385361}]}, "version": 160, "at": 1718232905.2962859}
{"obj": {"type": "LogFloats", "path": ["monitoring", "6b5fdb4e", "memory"], "values": [{"value": 15.0487060546875, "step": null, "ts": 1718232905.2385361}]}, "version": 161, "at": 1718232905.2980404}
{"obj": {"type": "LogFloats", "path": ["monitoring", "6b5fdb4e", "gpu_memory"], "values": [{"value": 7.0157470703125, "step": null, "ts": 1718232905.2385361}]}, "version": 162, "at": 1718232905.2988148}
{"obj": {"type": "LogFloats", "path": ["monitoring", "6b5fdb4e", "cpu"], "values": [{"value": 47.2, "step": null, "ts": 1718232905.6080227}]}, "version": 163, "at": 1718232905.6584218}
{"obj": {"type": "LogFloats", "path": ["monitoring", "6b5fdb4e", "memory"], "values": [{"value": 15.090751647949219, "step": null, "ts": 1718232905.6080227}]}, "version": 164, "at": 1718232905.6601431}
{"obj": {"type": "LogFloats", "path": ["monitoring", "6b5fdb4e", "gpu_memory"], "values": [{"value": 7.0157470703125, "step": null, "ts": 1718232905.6080227}]}, "version": 165, "at": 1718232905.6618176}
{"obj": {"type": "LogFloats", "path": ["monitoring", "6b5fdb4e", "cpu"], "values": [{"value": 46.4, "step": null, "ts": 1718232905.8968084}]}, "version": 166, "at": 1718232905.9702914}
{"obj": {"type": "LogFloats", "path": ["monitoring", "6b5fdb4e", "memory"], "values": [{"value": 15.11248779296875, "step": null, "ts": 1718232905.8968084}]}, "version": 167, "at": 1718232905.9721475}
{"obj": {"type": "LogFloats", "path": ["monitoring", "6b5fdb4e", "gpu_memory"], "values": [{"value": 7.0157470703125, "step": null, "ts": 1718232905.8968084}]}, "version": 168, "at": 1718232905.9730113}
{"obj": {"type": "LogFloats", "path": ["monitoring", "6b5fdb4e", "cpu"], "values": [{"value": 45.7, "step": null, "ts": 1718232906.2128208}]}, "version": 169, "at": 1718232906.2724104}
{"obj": {"type": "LogFloats", "path": ["monitoring", "6b5fdb4e", "memory"], "values": [{"value": 15.152374267578125, "step": null, "ts": 1718232906.2128208}]}, "version": 170, "at": 1718232906.2759283}
{"obj": {"type": "LogFloats", "path": ["monitoring", "6b5fdb4e", "gpu_memory"], "values": [{"value": 7.0157470703125, "step": null, "ts": 1718232906.2128208}]}, "version": 171, "at": 1718232906.2864797}
{"obj": {"type": "LogFloats", "path": ["monitoring", "6b5fdb4e", "cpu"], "values": [{"value": 40.0, "step": null, "ts": 1718232916.2923439}]}, "version": 172, "at": 1718232916.296513}
{"obj": {"type": "LogFloats", "path": ["monitoring", "6b5fdb4e", "memory"], "values": [{"value": 15.40060806274414, "step": null, "ts": 1718232916.2923439}]}, "version": 173, "at": 1718232916.2977326}
{"obj": {"type": "LogFloats", "path": ["monitoring", "6b5fdb4e", "gpu"], "values": [{"value": 67.0, "step": null, "ts": 1718232916.2923439}]}, "version": 174, "at": 1718232916.2984731}
{"obj": {"type": "LogFloats", "path": ["monitoring", "6b5fdb4e", "gpu_memory"], "values": [{"value": 7.0157470703125, "step": null, "ts": 1718232916.2923439}]}, "version": 175, "at": 1718232916.2992287}
{"obj": {"type": "LogFloats", "path": ["train", "reconstruction"], "values": [{"value": 1.011612932567727, "step": null, "ts": 1718232921.6843495}]}, "version": 176, "at": 1718232921.685172}
{"obj": {"type": "LogFloats", "path": ["train", "kl"], "values": [{"value": 79.46532920941915, "step": null, "ts": 1718232921.687217}]}, "version": 177, "at": 1718232921.6875386}
{"obj": {"type": "LogFloats", "path": ["train", "dip"], "values": [{"value": 0.0, "step": null, "ts": 1718232921.6887488}]}, "version": 178, "at": 1718232921.68895}
{"obj": {"type": "LogFloats", "path": ["train", "factor"], "values": [{"value": 0.0, "step": null, "ts": 1718232921.69005}]}, "version": 179, "at": 1718232921.6902468}
{"obj": {"type": "LogFloats", "path": ["train", "latent_consistency"], "values": [{"value": 0.41021939948813557, "step": null, "ts": 1718232921.6913066}]}, "version": 180, "at": 1718232921.6915014}
{"obj": {"type": "LogFloats", "path": ["train", "laplacian"], "values": [{"value": 0.058056518639603705, "step": null, "ts": 1718232921.6924837}]}, "version": 181, "at": 1718232921.6926754}
{"obj": {"type": "LogFloats", "path": ["train", "age"], "values": [{"value": 7.2524022562046575, "step": null, "ts": 1718232921.693766}]}, "version": 182, "at": 1718232921.6939652}
{"obj": {"type": "LogFloats", "path": ["train", "contrastive"], "values": [{"value": 10.097933305452948, "step": null, "ts": 1718232921.6949282}]}, "version": 183, "at": 1718232921.6951404}
{"obj": {"type": "LogFloats", "path": ["train", "tot"], "values": [{"value": 20.743060686816907, "step": null, "ts": 1718232921.6962075}]}, "version": 184, "at": 1718232921.6964045}
{"obj": {"type": "LogFloats", "path": ["monitoring", "6b5fdb4e", "cpu"], "values": [{"value": 38.8, "step": null, "ts": 1718232921.7562053}]}, "version": 185, "at": 1718232921.816096}
{"obj": {"type": "LogFloats", "path": ["monitoring", "6b5fdb4e", "memory"], "values": [{"value": 14.944808959960938, "step": null, "ts": 1718232921.7562053}]}, "version": 186, "at": 1718232921.8179417}
{"obj": {"type": "LogFloats", "path": ["monitoring", "6b5fdb4e", "gpu_memory"], "values": [{"value": 7.0157470703125, "step": null, "ts": 1718232921.7562053}]}, "version": 187, "at": 1718232921.818727}
{"obj": {"type": "LogFloats", "path": ["monitoring", "6b5fdb4e", "cpu"], "values": [{"value": 39.8, "step": null, "ts": 1718232922.0982277}]}, "version": 188, "at": 1718232922.1332953}
{"obj": {"type": "LogFloats", "path": ["monitoring", "6b5fdb4e", "memory"], "values": [{"value": 14.957157135009766, "step": null, "ts": 1718232922.0982277}]}, "version": 189, "at": 1718232922.135905}
{"obj": {"type": "LogFloats", "path": ["monitoring", "6b5fdb4e", "gpu_memory"], "values": [{"value": 7.0157470703125, "step": null, "ts": 1718232922.0982277}]}, "version": 190, "at": 1718232922.136945}
{"obj": {"type": "LogFloats", "path": ["monitoring", "6b5fdb4e", "cpu"], "values": [{"value": 46.1, "step": null, "ts": 1718232922.4310186}]}, "version": 191, "at": 1718232922.5229805}
{"obj": {"type": "LogFloats", "path": ["monitoring", "6b5fdb4e", "memory"], "values": [{"value": 14.995613098144531, "step": null, "ts": 1718232922.4310186}]}, "version": 192, "at": 1718232922.525362}
{"obj": {"type": "LogFloats", "path": ["monitoring", "6b5fdb4e", "gpu_memory"], "values": [{"value": 7.0157470703125, "step": null, "ts": 1718232922.4310186}]}, "version": 193, "at": 1718232922.526223}
{"obj": {"type": "LogFloats", "path": ["monitoring", "6b5fdb4e", "cpu"], "values": [{"value": 46.6, "step": null, "ts": 1718232922.7672067}]}, "version": 194, "at": 1718232922.8131907}
{"obj": {"type": "LogFloats", "path": ["monitoring", "6b5fdb4e", "memory"], "values": [{"value": 15.076107025146484, "step": null, "ts": 1718232922.7672067}]}, "version": 195, "at": 1718232922.8143609}
{"obj": {"type": "LogFloats", "path": ["monitoring", "6b5fdb4e", "gpu_memory"], "values": [{"value": 7.0157470703125, "step": null, "ts": 1718232922.7672067}]}, "version": 196, "at": 1718232922.8155596}
{"obj": {"type": "LogFloats", "path": ["monitoring", "6b5fdb4e", "cpu"], "values": [{"value": 48.2, "step": null, "ts": 1718232923.0787318}]}, "version": 197, "at": 1718232923.1250274}
{"obj": {"type": "LogFloats", "path": ["monitoring", "6b5fdb4e", "memory"], "values": [{"value": 15.12381362915039, "step": null, "ts": 1718232923.0787318}]}, "version": 198, "at": 1718232923.1268406}
{"obj": {"type": "LogFloats", "path": ["monitoring", "6b5fdb4e", "gpu_memory"], "values": [{"value": 7.0157470703125, "step": null, "ts": 1718232923.0787318}]}, "version": 199, "at": 1718232923.1276038}
{"obj": {"type": "LogFloats", "path": ["monitoring", "6b5fdb4e", "cpu"], "values": [{"value": 40.7, "step": null, "ts": 1718232923.3783796}]}, "version": 200, "at": 1718232923.4252434}
{"obj": {"type": "LogFloats", "path": ["monitoring", "6b5fdb4e", "memory"], "values": [{"value": 15.16390609741211, "step": null, "ts": 1718232923.3783796}]}, "version": 201, "at": 1718232923.4269884}
{"obj": {"type": "LogFloats", "path": ["monitoring", "6b5fdb4e", "gpu_memory"], "values": [{"value": 7.0157470703125, "step": null, "ts": 1718232923.3783796}]}, "version": 202, "at": 1718232923.4280267}
{"obj": {"type": "LogFloats", "path": ["monitoring", "6b5fdb4e", "cpu"], "values": [{"value": 39.8, "step": null, "ts": 1718232923.6650429}]}, "version": 203, "at": 1718232923.7014794}
{"obj": {"type": "LogFloats", "path": ["monitoring", "6b5fdb4e", "memory"], "values": [{"value": 15.200382232666016, "step": null, "ts": 1718232923.6650429}]}, "version": 204, "at": 1718232923.7023282}
{"obj": {"type": "LogFloats", "path": ["monitoring", "6b5fdb4e", "gpu_memory"], "values": [{"value": 7.0157470703125, "step": null, "ts": 1718232923.6650429}]}, "version": 205, "at": 1718232923.7027872}
{"obj": {"type": "LogFloats", "path": ["monitoring", "6b5fdb4e", "cpu"], "values": [{"value": 51.3, "step": null, "ts": 1718232924.001587}]}, "version": 206, "at": 1718232924.0902507}
{"obj": {"type": "LogFloats", "path": ["monitoring", "6b5fdb4e", "memory"], "values": [{"value": 15.257404327392578, "step": null, "ts": 1718232924.001587}]}, "version": 207, "at": 1718232924.0967486}
{"obj": {"type": "LogFloats", "path": ["monitoring", "6b5fdb4e", "gpu_memory"], "values": [{"value": 7.0157470703125, "step": null, "ts": 1718232924.001587}]}, "version": 208, "at": 1718232924.1035068}
{"obj": {"type": "LogFloats", "path": ["validation", "reconstruction"], "values": [{"value": 0.8592458128929138, "step": null, "ts": 1718232925.844801}]}, "version": 209, "at": 1718232925.8450944}
{"obj": {"type": "LogFloats", "path": ["validation", "kl"], "values": [{"value": 74.57247619628906, "step": null, "ts": 1718232925.8464532}]}, "version": 210, "at": 1718232925.846644}
{"obj": {"type": "LogFloats", "path": ["validation", "dip"], "values": [{"value": 0.0, "step": null, "ts": 1718232925.8476932}]}, "version": 211, "at": 1718232925.8478909}
{"obj": {"type": "LogFloats", "path": ["validation", "factor"], "values": [{"value": 0.0, "step": null, "ts": 1718232925.8487875}]}, "version": 212, "at": 1718232925.8489733}
{"obj": {"type": "LogFloats", "path": ["validation", "latent_consistency"], "values": [{"value": 0.3870895683765411, "step": null, "ts": 1718232925.8498797}]}, "version": 213, "at": 1718232925.8500466}
{"obj": {"type": "LogFloats", "path": ["validation", "laplacian"], "values": [{"value": 0.014991538226604461, "step": null, "ts": 1718232925.850904}]}, "version": 214, "at": 1718232925.8510835}
{"obj": {"type": "LogFloats", "path": ["validation", "age"], "values": [{"value": 1.653787899017334, "step": null, "ts": 1718232925.8518918}]}, "version": 215, "at": 1718232925.8520505}
{"obj": {"type": "LogFloats", "path": ["validation", "contrastive"], "values": [{"value": 7.191188812255859, "step": null, "ts": 1718232925.852871}]}, "version": 216, "at": 1718232925.8530312}
{"obj": {"type": "LogFloats", "path": ["validation", "tot"], "values": [{"value": 11.75191421508789, "step": null, "ts": 1718232925.8539374}]}, "version": 217, "at": 1718232925.8540957}
{"obj": {"type": "LogStrings", "path": ["monitoring", "6b5fdb4e", "stderr"], "values": [{"value": "\r  0%|\u258c                                                                                                                                                               | 2/600 [00:44<3:42:34, 22.33s/it]", "step": null, "ts": 1718232925.864664}]}, "version": 218, "at": 1718232925.8650217}
{"obj": {"type": "LogFloats", "path": ["monitoring", "6b5fdb4e", "cpu"], "values": [{"value": 44.4, "step": null, "ts": 1718232925.9247582}]}, "version": 219, "at": 1718232925.9794443}
{"obj": {"type": "LogFloats", "path": ["monitoring", "6b5fdb4e", "memory"], "values": [{"value": 15.0291748046875, "step": null, "ts": 1718232925.9247582}]}, "version": 220, "at": 1718232925.9805057}
{"obj": {"type": "LogFloats", "path": ["monitoring", "6b5fdb4e", "gpu_memory"], "values": [{"value": 7.0157470703125, "step": null, "ts": 1718232925.9247582}]}, "version": 221, "at": 1718232925.9812407}
{"obj": {"type": "LogFloats", "path": ["monitoring", "6b5fdb4e", "cpu"], "values": [{"value": 41.6, "step": null, "ts": 1718232926.3336458}]}, "version": 222, "at": 1718232926.3800051}
{"obj": {"type": "LogFloats", "path": ["monitoring", "6b5fdb4e", "memory"], "values": [{"value": 15.063465118408203, "step": null, "ts": 1718232926.3336458}]}, "version": 223, "at": 1718232926.3874633}
{"obj": {"type": "LogFloats", "path": ["monitoring", "6b5fdb4e", "gpu_memory"], "values": [{"value": 7.0157470703125, "step": null, "ts": 1718232926.3336458}]}, "version": 224, "at": 1718232926.3895383}
{"obj": {"type": "LogFloats", "path": ["monitoring", "6b5fdb4e", "cpu"], "values": [{"value": 45.7, "step": null, "ts": 1718232926.63031}]}, "version": 225, "at": 1718232926.6922164}
{"obj": {"type": "LogFloats", "path": ["monitoring", "6b5fdb4e", "memory"], "values": [{"value": 15.101791381835938, "step": null, "ts": 1718232926.63031}]}, "version": 226, "at": 1718232926.6935854}
{"obj": {"type": "LogFloats", "path": ["monitoring", "6b5fdb4e", "gpu_memory"], "values": [{"value": 7.0157470703125, "step": null, "ts": 1718232926.63031}]}, "version": 227, "at": 1718232926.6944726}
{"obj": {"type": "LogFloats", "path": ["monitoring", "6b5fdb4e", "cpu"], "values": [{"value": 46.7, "step": null, "ts": 1718232926.9152334}]}, "version": 228, "at": 1718232926.9797974}
{"obj": {"type": "LogFloats", "path": ["monitoring", "6b5fdb4e", "memory"], "values": [{"value": 15.130008697509766, "step": null, "ts": 1718232926.9152334}]}, "version": 229, "at": 1718232926.9815907}
{"obj": {"type": "LogFloats", "path": ["monitoring", "6b5fdb4e", "gpu_memory"], "values": [{"value": 7.0157470703125, "step": null, "ts": 1718232926.9152334}]}, "version": 230, "at": 1718232926.982679}
{"obj": {"type": "LogFloats", "path": ["monitoring", "6b5fdb4e", "cpu"], "values": [{"value": 46.4, "step": null, "ts": 1718232927.2225118}]}, "version": 231, "at": 1718232927.2913027}
{"obj": {"type": "LogFloats", "path": ["monitoring", "6b5fdb4e", "memory"], "values": [{"value": 15.169925689697266, "step": null, "ts": 1718232927.2225118}]}, "version": 232, "at": 1718232927.2937276}
{"obj": {"type": "LogFloats", "path": ["monitoring", "6b5fdb4e", "gpu_memory"], "values": [{"value": 7.0157470703125, "step": null, "ts": 1718232927.2225118}]}, "version": 233, "at": 1718232927.2948635}
{"obj": {"type": "LogFloats", "path": ["monitoring", "6b5fdb4e", "cpu"], "values": [{"value": 47.5, "step": null, "ts": 1718232927.5473952}]}, "version": 234, "at": 1718232927.5920875}
{"obj": {"type": "LogFloats", "path": ["monitoring", "6b5fdb4e", "memory"], "values": [{"value": 15.211219787597656, "step": null, "ts": 1718232927.5473952}]}, "version": 235, "at": 1718232927.5946329}
{"obj": {"type": "LogFloats", "path": ["monitoring", "6b5fdb4e", "gpu_memory"], "values": [{"value": 7.0157470703125, "step": null, "ts": 1718232927.5473952}]}, "version": 236, "at": 1718232927.595787}
{"obj": {"type": "LogFloats", "path": ["monitoring", "6b5fdb4e", "cpu"], "values": [{"value": 39.9, "step": null, "ts": 1718232927.8329554}]}, "version": 237, "at": 1718232927.907537}
{"obj": {"type": "LogFloats", "path": ["monitoring", "6b5fdb4e", "memory"], "values": [{"value": 15.25296401977539, "step": null, "ts": 1718232927.8329554}]}, "version": 238, "at": 1718232927.90881}
{"obj": {"type": "LogFloats", "path": ["monitoring", "6b5fdb4e", "gpu_memory"], "values": [{"value": 7.0157470703125, "step": null, "ts": 1718232927.8329554}]}, "version": 239, "at": 1718232927.9092176}
{"obj": {"type": "LogFloats", "path": ["monitoring", "6b5fdb4e", "cpu"], "values": [{"value": 47.3, "step": null, "ts": 1718232928.1317835}]}, "version": 240, "at": 1718232928.1924024}
{"obj": {"type": "LogFloats", "path": ["monitoring", "6b5fdb4e", "memory"], "values": [{"value": 15.293472290039062, "step": null, "ts": 1718232928.1317835}]}, "version": 241, "at": 1718232928.1952949}
{"obj": {"type": "LogFloats", "path": ["monitoring", "6b5fdb4e", "gpu_memory"], "values": [{"value": 7.0157470703125, "step": null, "ts": 1718232928.1317835}]}, "version": 242, "at": 1718232928.1978402}
{"obj": {"type": "LogFloats", "path": ["monitoring", "6b5fdb4e", "cpu"], "values": [{"value": 40.3, "step": null, "ts": 1718232938.2038295}]}, "version": 243, "at": 1718232938.2081707}
{"obj": {"type": "LogFloats", "path": ["monitoring", "6b5fdb4e", "memory"], "values": [{"value": 15.606006622314453, "step": null, "ts": 1718232938.2038295}]}, "version": 244, "at": 1718232938.2091622}
{"obj": {"type": "LogFloats", "path": ["monitoring", "6b5fdb4e", "gpu"], "values": [{"value": 53.0, "step": null, "ts": 1718232938.2038295}]}, "version": 245, "at": 1718232938.209826}
{"obj": {"type": "LogFloats", "path": ["monitoring", "6b5fdb4e", "gpu_memory"], "values": [{"value": 7.0157470703125, "step": null, "ts": 1718232938.2038295}]}, "version": 246, "at": 1718232938.210396}
{"obj": {"type": "LogFloats", "path": ["train", "reconstruction"], "values": [{"value": 1.0052588753504297, "step": null, "ts": 1718232943.6462727}]}, "version": 247, "at": 1718232943.6468875}
{"obj": {"type": "LogFloats", "path": ["train", "kl"], "values": [{"value": 72.69015074429447, "step": null, "ts": 1718232943.6488595}]}, "version": 248, "at": 1718232943.649168}
{"obj": {"type": "LogFloats", "path": ["train", "dip"], "values": [{"value": 0.0, "step": null, "ts": 1718232943.6505225}]}, "version": 249, "at": 1718232943.650804}
{"obj": {"type": "LogFloats", "path": ["train", "factor"], "values": [{"value": 0.0, "step": null, "ts": 1718232943.6520944}]}, "version": 250, "at": 1718232943.6523752}
{"obj": {"type": "LogFloats", "path": ["train", "latent_consistency"], "values": [{"value": 0.3457559318575141, "step": null, "ts": 1718232943.6533632}]}, "version": 251, "at": 1718232943.6535676}
{"obj": {"type": "LogFloats", "path": ["train", "laplacian"], "values": [{"value": 0.025020484774284167, "step": null, "ts": 1718232943.6547225}]}, "version": 252, "at": 1718232943.6549313}
{"obj": {"type": "LogFloats", "path": ["train", "age"], "values": [{"value": 3.4044042667501593, "step": null, "ts": 1718232943.656031}]}, "version": 253, "at": 1718232943.6562388}
{"obj": {"type": "LogFloats", "path": ["train", "contrastive"], "values": [{"value": 10.359501423901074, "step": null, "ts": 1718232943.6572554}]}, "version": 254, "at": 1718232943.6574588}
{"obj": {"type": "LogFloats", "path": ["train", "tot"], "values": [{"value": 16.659391651414847, "step": null, "ts": 1718232943.6584647}]}, "version": 255, "at": 1718232943.658675}
{"obj": {"type": "LogFloats", "path": ["monitoring", "6b5fdb4e", "cpu"], "values": [{"value": 38.8, "step": null, "ts": 1718232943.7235873}]}, "version": 256, "at": 1718232943.7920313}
{"obj": {"type": "LogFloats", "path": ["monitoring", "6b5fdb4e", "memory"], "values": [{"value": 15.132926940917969, "step": null, "ts": 1718232943.7235873}]}, "version": 257, "at": 1718232943.79301}
{"obj": {"type": "LogFloats", "path": ["monitoring", "6b5fdb4e", "gpu_memory"], "values": [{"value": 7.0157470703125, "step": null, "ts": 1718232943.7235873}]}, "version": 258, "at": 1718232943.7946367}
{"obj": {"type": "LogFloats", "path": ["monitoring", "6b5fdb4e", "cpu"], "values": [{"value": 40.3, "step": null, "ts": 1718232944.0948796}]}, "version": 259, "at": 1718232944.1552298}
{"obj": {"type": "LogFloats", "path": ["monitoring", "6b5fdb4e", "memory"], "values": [{"value": 15.17062759399414, "step": null, "ts": 1718232944.0948796}]}, "version": 260, "at": 1718232944.1573293}
{"obj": {"type": "LogFloats", "path": ["monitoring", "6b5fdb4e", "gpu_memory"], "values": [{"value": 7.0157470703125, "step": null, "ts": 1718232944.0948796}]}, "version": 261, "at": 1718232944.159627}
{"obj": {"type": "LogFloats", "path": ["monitoring", "6b5fdb4e", "cpu"], "values": [{"value": 44.3, "step": null, "ts": 1718232944.427192}]}, "version": 262, "at": 1718232944.4598622}
{"obj": {"type": "LogFloats", "path": ["monitoring", "6b5fdb4e", "memory"], "values": [{"value": 15.2147216796875, "step": null, "ts": 1718232944.427192}]}, "version": 263, "at": 1718232944.4616497}
{"obj": {"type": "LogFloats", "path": ["monitoring", "6b5fdb4e", "gpu_memory"], "values": [{"value": 7.0157470703125, "step": null, "ts": 1718232944.427192}]}, "version": 264, "at": 1718232944.462348}
{"obj": {"type": "LogFloats", "path": ["monitoring", "6b5fdb4e", "cpu"], "values": [{"value": 43.7, "step": null, "ts": 1718232944.7333667}]}, "version": 265, "at": 1718232944.8076124}
{"obj": {"type": "LogFloats", "path": ["monitoring", "6b5fdb4e", "memory"], "values": [{"value": 15.251708984375, "step": null, "ts": 1718232944.7333667}]}, "version": 266, "at": 1718232944.8106534}
{"obj": {"type": "LogFloats", "path": ["monitoring", "6b5fdb4e", "gpu_memory"], "values": [{"value": 7.0157470703125, "step": null, "ts": 1718232944.7333667}]}, "version": 267, "at": 1718232944.8114507}
{"obj": {"type": "LogFloats", "path": ["monitoring", "6b5fdb4e", "cpu"], "values": [{"value": 46.0, "step": null, "ts": 1718232945.0902703}]}, "version": 268, "at": 1718232945.1270208}
{"obj": {"type": "LogFloats", "path": ["monitoring", "6b5fdb4e", "memory"], "values": [{"value": 15.28049087524414, "step": null, "ts": 1718232945.0902703}]}, "version": 269, "at": 1718232945.12881}
{"obj": {"type": "LogFloats", "path": ["monitoring", "6b5fdb4e", "gpu_memory"], "values": [{"value": 7.0157470703125, "step": null, "ts": 1718232945.0902703}]}, "version": 270, "at": 1718232945.1313705}
{"obj": {"type": "LogFloats", "path": ["monitoring", "6b5fdb4e", "cpu"], "values": [{"value": 40.3, "step": null, "ts": 1718232945.3907297}]}, "version": 271, "at": 1718232945.4599829}
{"obj": {"type": "LogFloats", "path": ["monitoring", "6b5fdb4e", "memory"], "values": [{"value": 15.32381820678711, "step": null, "ts": 1718232945.3907297}]}, "version": 272, "at": 1718232945.4618816}
{"obj": {"type": "LogFloats", "path": ["monitoring", "6b5fdb4e", "gpu_memory"], "values": [{"value": 7.0157470703125, "step": null, "ts": 1718232945.3907297}]}, "version": 273, "at": 1718232945.4638805}
{"obj": {"type": "LogFloats", "path": ["monitoring", "6b5fdb4e", "cpu"], "values": [{"value": 45.0, "step": null, "ts": 1718232945.6959972}]}, "version": 274, "at": 1718232945.750659}
{"obj": {"type": "LogFloats", "path": ["monitoring", "6b5fdb4e", "memory"], "values": [{"value": 15.366226196289062, "step": null, "ts": 1718232945.6959972}]}, "version": 275, "at": 1718232945.7541118}
{"obj": {"type": "LogFloats", "path": ["monitoring", "6b5fdb4e", "gpu_memory"], "values": [{"value": 7.0157470703125, "step": null, "ts": 1718232945.6959972}]}, "version": 276, "at": 1718232945.7564425}
{"obj": {"type": "LogFloats", "path": ["monitoring", "6b5fdb4e", "cpu"], "values": [{"value": 45.8, "step": null, "ts": 1718232945.9981284}]}, "version": 277, "at": 1718232946.076716}
{"obj": {"type": "LogFloats", "path": ["monitoring", "6b5fdb4e", "memory"], "values": [{"value": 15.385906219482422, "step": null, "ts": 1718232945.9981284}]}, "version": 278, "at": 1718232946.0835032}
{"obj": {"type": "LogFloats", "path": ["monitoring", "6b5fdb4e", "gpu_memory"], "values": [{"value": 7.0157470703125, "step": null, "ts": 1718232945.9981284}]}, "version": 279, "at": 1718232946.0888681}
{"obj": {"type": "LogFloats", "path": ["validation", "reconstruction"], "values": [{"value": 0.8488847017288208, "step": null, "ts": 1718232947.8137517}]}, "version": 280, "at": 1718232947.8141563}
{"obj": {"type": "LogFloats", "path": ["validation", "kl"], "values": [{"value": 67.310986328125, "step": null, "ts": 1718232947.8161047}]}, "version": 281, "at": 1718232947.8164032}
{"obj": {"type": "LogFloats", "path": ["validation", "dip"], "values": [{"value": 0.0, "step": null, "ts": 1718232947.8178957}]}, "version": 282, "at": 1718232947.8181841}
{"obj": {"type": "LogFloats", "path": ["validation", "factor"], "values": [{"value": 0.0, "step": null, "ts": 1718232947.8196168}]}, "version": 283, "at": 1718232947.8199022}
{"obj": {"type": "LogFloats", "path": ["validation", "latent_consistency"], "values": [{"value": 0.33882187604904174, "step": null, "ts": 1718232947.821156}]}, "version": 284, "at": 1718232947.8213944}
{"obj": {"type": "LogFloats", "path": ["validation", "laplacian"], "values": [{"value": 0.008701426722109318, "step": null, "ts": 1718232947.822671}]}, "version": 285, "at": 1718232947.8229024}
{"obj": {"type": "LogFloats", "path": ["validation", "age"], "values": [{"value": 2.221636915206909, "step": null, "ts": 1718232947.8243086}]}, "version": 286, "at": 1718232947.8245492}
{"obj": {"type": "LogFloats", "path": ["validation", "contrastive"], "values": [{"value": 9.342063236236573, "step": null, "ts": 1718232947.8258748}]}, "version": 287, "at": 1718232947.8261127}
{"obj": {"type": "LogFloats", "path": ["validation", "tot"], "values": [{"value": 14.183856582641601, "step": null, "ts": 1718232947.8274717}]}, "version": 288, "at": 1718232947.8277104}
{"obj": {"type": "LogStrings", "path": ["monitoring", "6b5fdb4e", "stderr"], "values": [{"value": "\r  0%|\u258a                                                                                                                                                               | 3/600 [01:06<3:40:34, 22.17s/it]", "step": null, "ts": 1718232947.8391507}]}, "version": 289, "at": 1718232947.839499}
{"obj": {"type": "LogFloats", "path": ["monitoring", "6b5fdb4e", "cpu"], "values": [{"value": 43.6, "step": null, "ts": 1718232947.9312868}]}, "version": 290, "at": 1718232947.9649372}
{"obj": {"type": "LogFloats", "path": ["monitoring", "6b5fdb4e", "memory"], "values": [{"value": 15.145526885986328, "step": null, "ts": 1718232947.9312868}]}, "version": 291, "at": 1718232947.9666655}
{"obj": {"type": "LogFloats", "path": ["monitoring", "6b5fdb4e", "gpu_memory"], "values": [{"value": 7.0157470703125, "step": null, "ts": 1718232947.9312868}]}, "version": 292, "at": 1718232947.9674253}
{"obj": {"type": "LogFloats", "path": ["monitoring", "6b5fdb4e", "cpu"], "values": [{"value": 39.4, "step": null, "ts": 1718232948.264241}]}, "version": 293, "at": 1718232948.3044322}
{"obj": {"type": "LogFloats", "path": ["monitoring", "6b5fdb4e", "memory"], "values": [{"value": 15.187030792236328, "step": null, "ts": 1718232948.264241}]}, "version": 294, "at": 1718232948.3053238}
{"obj": {"type": "LogFloats", "path": ["monitoring", "6b5fdb4e", "gpu_memory"], "values": [{"value": 7.0157470703125, "step": null, "ts": 1718232948.264241}]}, "version": 295, "at": 1718232948.3059945}
{"obj": {"type": "LogFloats", "path": ["monitoring", "6b5fdb4e", "cpu"], "values": [{"value": 45.9, "step": null, "ts": 1718232948.5624118}]}, "version": 296, "at": 1718232948.606574}
{"obj": {"type": "LogFloats", "path": ["monitoring", "6b5fdb4e", "memory"], "values": [{"value": 15.215396881103516, "step": null, "ts": 1718232948.5624118}]}, "version": 297, "at": 1718232948.6088557}
{"obj": {"type": "LogFloats", "path": ["monitoring", "6b5fdb4e", "gpu_memory"], "values": [{"value": 7.0157470703125, "step": null, "ts": 1718232948.5624118}]}, "version": 298, "at": 1718232948.6116645}
{"obj": {"type": "LogFloats", "path": ["monitoring", "6b5fdb4e", "cpu"], "values": [{"value": 40.5, "step": null, "ts": 1718232948.852346}]}, "version": 299, "at": 1718232948.901223}
{"obj": {"type": "LogFloats", "path": ["monitoring", "6b5fdb4e", "memory"], "values": [{"value": 15.250141143798828, "step": null, "ts": 1718232948.852346}]}, "version": 300, "at": 1718232948.904523}
{"obj": {"type": "LogFloats", "path": ["monitoring", "6b5fdb4e", "gpu_memory"], "values": [{"value": 7.0157470703125, "step": null, "ts": 1718232948.852346}]}, "version": 301, "at": 1718232948.908826}
