{"obj": {"type": "AssignString", "path": ["sys", "name"], "value": "Untitled"}, "version": 1, "at": 1718378743.5726953}
{"obj": {"type": "AssignString", "path": ["sys", "description"], "value": ""}, "version": 2, "at": 1718378743.5734308}
{"obj": {"type": "AssignString", "path": ["monitoring", "b33378fc", "hostname"], "value": "Precision-7920-Tower-2"}, "version": 3, "at": 1718378743.5744042}
{"obj": {"type": "AssignString", "path": ["sys", "hostname"], "value": "Precision-7920-Tower-2"}, "version": 4, "at": 1718378743.5746539}
{"obj": {"type": "AssignString", "path": ["monitoring", "b33378fc", "pid"], "value": "30671"}, "version": 5, "at": 1718378743.57512}
{"obj": {"type": "AssignString", "path": ["monitoring", "b33378fc", "tid"], "value": "140044478980352"}, "version": 6, "at": 1718378743.5755634}
{"obj": {"type": "AssignBool", "path": ["sys", "failed"], "value": false}, "version": 7, "at": 1718378743.5758812}
{"obj": {"type": "ClearStringLog", "path": ["monitoring", "b33378fc", "stdout"]}, "version": 8, "at": 1718378743.5764987}
{"obj": {"type": "ClearStringLog", "path": ["monitoring", "b33378fc", "stderr"]}, "version": 9, "at": 1718378743.5767934}
{"obj": {"type": "AssignString", "path": ["source_code", "entrypoint"], "value": "test.py"}, "version": 10, "at": 1718378743.5776844}
{"obj": {"type": "UploadFileSet", "path": ["source_code", "files"], "file_globs": ["/home/athena/3DVAE-AgeDisentangled_contrastive_loss/test.py"], "reset": "False"}, "version": 11, "at": 1718378743.5780802}
{"obj": {"type": "UploadFile", "path": ["source_code", "diff"], "ext": "patch", "file_path": null, "tmp_file_name": "source_code_diff-1718378743.839942-2024-06-14_13.25.43.839942.patch", "clean_after_upload": false}, "version": 12, "at": 1718378743.8414528}
{"obj": {"type": "ConfigFloatSeries", "path": ["monitoring", "b33378fc", "cpu"], "min": 0.0, "max": 100.0, "unit": "%"}, "version": 13, "at": 1718378744.0593765}
{"obj": {"type": "ClearFloatLog", "path": ["monitoring", "b33378fc", "cpu"]}, "version": 14, "at": 1718378744.0600417}
{"obj": {"type": "ConfigFloatSeries", "path": ["monitoring", "b33378fc", "memory"], "min": 0.0, "max": 31.03635025024414, "unit": "GB"}, "version": 15, "at": 1718378744.060617}
{"obj": {"type": "ClearFloatLog", "path": ["monitoring", "b33378fc", "memory"]}, "version": 16, "at": 1718378744.0607336}
{"obj": {"type": "ConfigFloatSeries", "path": ["monitoring", "b33378fc", "gpu"], "min": 0.0, "max": 100.0, "unit": "%"}, "version": 17, "at": 1718378744.0610712}
{"obj": {"type": "ClearFloatLog", "path": ["monitoring", "b33378fc", "gpu"]}, "version": 18, "at": 1718378744.0611827}
{"obj": {"type": "ConfigFloatSeries", "path": ["monitoring", "b33378fc", "gpu_memory"], "min": 0.0, "max": 15.89703369140625, "unit": "GB"}, "version": 19, "at": 1718378744.0614927}
{"obj": {"type": "ClearFloatLog", "path": ["monitoring", "b33378fc", "gpu_memory"]}, "version": 20, "at": 1718378744.0615907}
{"obj": {"type": "LogFloats", "path": ["monitoring", "b33378fc", "cpu"], "values": [{"value": 62.6, "step": null, "ts": 1718378744.0644417}]}, "version": 21, "at": 1718378744.4976785}
{"obj": {"type": "LogFloats", "path": ["monitoring", "b33378fc", "memory"], "values": [{"value": 14.743598937988281, "step": null, "ts": 1718378744.0644417}]}, "version": 22, "at": 1718378744.5036714}
{"obj": {"type": "LogFloats", "path": ["monitoring", "b33378fc", "gpu"], "values": [{"value": 6.0, "step": null, "ts": 1718378744.0644417}]}, "version": 23, "at": 1718378744.5127797}
{"obj": {"type": "LogStrings", "path": ["monitoring", "b33378fc", "stderr"], "values": [{"value": "\r  0%|                                                                                                                                                    | 0/73 [00:00<?, ?it/s]", "step": null, "ts": 1718378744.5181642}]}, "version": 24, "at": 1718378744.5185754}
{"obj": {"type": "LogFloats", "path": ["monitoring", "b33378fc", "gpu_memory"], "values": [{"value": 4.4649658203125, "step": null, "ts": 1718378744.0644417}]}, "version": 25, "at": 1718378744.5326211}
{"obj": {"type": "LogFloats", "path": ["monitoring", "b33378fc", "cpu"], "values": [{"value": 53.2, "step": null, "ts": 1718378744.8564243}]}, "version": 26, "at": 1718378744.9427013}
{"obj": {"type": "LogFloats", "path": ["monitoring", "b33378fc", "memory"], "values": [{"value": 14.814327239990234, "step": null, "ts": 1718378744.8564243}]}, "version": 27, "at": 1718378744.9449136}
{"obj": {"type": "LogFloats", "path": ["monitoring", "b33378fc", "gpu_memory"], "values": [{"value": 4.4649658203125, "step": null, "ts": 1718378744.8564243}]}, "version": 28, "at": 1718378744.9471467}
{"obj": {"type": "LogFloats", "path": ["monitoring", "b33378fc", "cpu"], "values": [{"value": 68.8, "step": null, "ts": 1718378745.277956}]}, "version": 29, "at": 1718378745.3245618}
{"obj": {"type": "LogFloats", "path": ["monitoring", "b33378fc", "memory"], "values": [{"value": 14.806564331054688, "step": null, "ts": 1718378745.277956}]}, "version": 30, "at": 1718378745.3270555}
{"obj": {"type": "LogFloats", "path": ["monitoring", "b33378fc", "gpu_memory"], "values": [{"value": 4.4649658203125, "step": null, "ts": 1718378745.277956}]}, "version": 31, "at": 1718378745.3285682}
{"obj": {"type": "LogFloats", "path": ["monitoring", "b33378fc", "cpu"], "values": [{"value": 56.6, "step": null, "ts": 1718378745.5712085}]}, "version": 32, "at": 1718378745.633122}
{"obj": {"type": "LogFloats", "path": ["monitoring", "b33378fc", "memory"], "values": [{"value": 14.877677917480469, "step": null, "ts": 1718378745.5712085}]}, "version": 33, "at": 1718378745.6343818}
{"obj": {"type": "LogFloats", "path": ["monitoring", "b33378fc", "gpu"], "values": [{"value": 6.0, "step": null, "ts": 1718378745.5712085}]}, "version": 34, "at": 1718378745.6352189}
{"obj": {"type": "LogFloats", "path": ["monitoring", "b33378fc", "gpu_memory"], "values": [{"value": 4.4649658203125, "step": null, "ts": 1718378745.5712085}]}, "version": 35, "at": 1718378745.636018}
{"obj": {"type": "LogFloats", "path": ["monitoring", "b33378fc", "cpu"], "values": [{"value": 54.7, "step": null, "ts": 1718378745.9546049}]}, "version": 36, "at": 1718378745.9941778}
{"obj": {"type": "LogFloats", "path": ["monitoring", "b33378fc", "memory"], "values": [{"value": 15.095634460449219, "step": null, "ts": 1718378745.9546049}]}, "version": 37, "at": 1718378745.9952836}
{"obj": {"type": "LogFloats", "path": ["monitoring", "b33378fc", "gpu_memory"], "values": [{"value": 4.4649658203125, "step": null, "ts": 1718378745.9546049}]}, "version": 38, "at": 1718378745.9962122}
{"obj": {"type": "LogFloats", "path": ["monitoring", "b33378fc", "cpu"], "values": [{"value": 52.8, "step": null, "ts": 1718378746.3797805}]}, "version": 39, "at": 1718378746.4880064}
{"obj": {"type": "LogFloats", "path": ["monitoring", "b33378fc", "memory"], "values": [{"value": 14.99856948852539, "step": null, "ts": 1718378746.3797805}]}, "version": 40, "at": 1718378746.4919538}
{"obj": {"type": "LogFloats", "path": ["monitoring", "b33378fc", "gpu_memory"], "values": [{"value": 4.4649658203125, "step": null, "ts": 1718378746.3797805}]}, "version": 41, "at": 1718378746.4937658}
{"obj": {"type": "LogFloats", "path": ["monitoring", "b33378fc", "cpu"], "values": [{"value": 53.7, "step": null, "ts": 1718378746.7366154}]}, "version": 42, "at": 1718378746.8033798}
{"obj": {"type": "LogFloats", "path": ["monitoring", "b33378fc", "memory"], "values": [{"value": 15.182388305664062, "step": null, "ts": 1718378746.7366154}]}, "version": 43, "at": 1718378746.806185}
{"obj": {"type": "LogFloats", "path": ["monitoring", "b33378fc", "gpu_memory"], "values": [{"value": 4.4649658203125, "step": null, "ts": 1718378746.7366154}]}, "version": 44, "at": 1718378746.808638}
{"obj": {"type": "LogFloats", "path": ["monitoring", "b33378fc", "cpu"], "values": [{"value": 49.5, "step": null, "ts": 1718378747.0623128}]}, "version": 45, "at": 1718378747.132169}
{"obj": {"type": "LogFloats", "path": ["monitoring", "b33378fc", "memory"], "values": [{"value": 15.23996353149414, "step": null, "ts": 1718378747.0623128}]}, "version": 46, "at": 1718378747.1479938}
{"obj": {"type": "LogFloats", "path": ["monitoring", "b33378fc", "gpu_memory"], "values": [{"value": 4.4649658203125, "step": null, "ts": 1718378747.0623128}]}, "version": 47, "at": 1718378747.1487823}
{"obj": {"type": "LogFloats", "path": ["monitoring", "b33378fc", "cpu"], "values": [{"value": 44.4, "step": null, "ts": 1718378747.4531395}]}, "version": 48, "at": 1718378747.5172071}
{"obj": {"type": "LogFloats", "path": ["monitoring", "b33378fc", "memory"], "values": [{"value": 15.358089447021484, "step": null, "ts": 1718378747.4531395}]}, "version": 49, "at": 1718378747.5201275}
{"obj": {"type": "LogFloats", "path": ["monitoring", "b33378fc", "gpu_memory"], "values": [{"value": 4.4649658203125, "step": null, "ts": 1718378747.4531395}]}, "version": 50, "at": 1718378747.522396}
{"obj": {"type": "LogStrings", "path": ["monitoring", "b33378fc", "stderr"], "values": [{"value": "\r  1%|\u2588\u2589                                                                                                                                          | 1/73 [00:04<04:51,  4.05s/it]", "step": null, "ts": 1718378748.572415}]}, "version": 51, "at": 1718378748.5737736}
{"obj": {"type": "LogStrings", "path": ["monitoring", "b33378fc", "stderr"], "values": [{"value": "\r  5%|\u2588\u2588\u2588\u2588\u2588\u2588\u2588\u258b                                                                                                                                    | 4/73 [00:04<00:56,  1.22it/s]", "step": null, "ts": 1718378748.7685225}]}, "version": 52, "at": 1718378748.7689867}
{"obj": {"type": "LogStrings", "path": ["monitoring", "b33378fc", "stderr"], "values": [{"value": "\r 15%|\u2588\u2588\u2588\u2588\u2588\u2588\u2588\u2588\u2588\u2588\u2588\u2588\u2588\u2588\u2588\u2588\u2588\u2588\u2588\u2588\u2589                                                                                                                      | 11/73 [00:04<00:14,  4.30it/s]", "step": null, "ts": 1718378748.874347}]}, "version": 53, "at": 1718378748.874701}
{"obj": {"type": "LogStrings", "path": ["monitoring", "b33378fc", "stderr"], "values": [{"value": "\r 25%|\u2588\u2588\u2588\u2588\u2588\u2588\u2588\u2588\u2588\u2588\u2588\u2588\u2588\u2588\u2588\u2588\u2588\u2588\u2588\u2588\u2588\u2588\u2588\u2588\u2588\u2588\u2588\u2588\u2588\u2588\u2588\u2588\u2588\u2588\u258e                                                                                                        | 18/73 [00:04<00:06,  8.22it/s]", "step": null, "ts": 1718378748.9810367}]}, "version": 54, "at": 1718378748.9813533}
{"obj": {"type": "LogStrings", "path": ["monitoring", "b33378fc", "stderr"], "values": [{"value": "\r 32%|\u2588\u2588\u2588\u2588\u2588\u2588\u2588\u2588\u2588\u2588\u2588\u2588\u2588\u2588\u2588\u2588\u2588\u2588\u2588\u2588\u2588\u2588\u2588\u2588\u2588\u2588\u2588\u2588\u2588\u2588\u2588\u2588\u2588\u2588\u2588\u2588\u2588\u2588\u2588\u2588\u2588\u2588\u2588\u258a                                                                                               | 23/73 [00:04<00:04, 11.50it/s]", "step": null, "ts": 1718378749.084912}]}, "version": 55, "at": 1718378749.085541}
{"obj": {"type": "LogStrings", "path": ["monitoring", "b33378fc", "stderr"], "values": [{"value": "\r 40%|\u2588\u2588\u2588\u2588\u2588\u2588\u2588\u2588\u2588\u2588\u2588\u2588\u2588\u2588\u2588\u2588\u2588\u2588\u2588\u2588\u2588\u2588\u2588\u2588\u2588\u2588\u2588\u2588\u2588\u2588\u2588\u2588\u2588\u2588\u2588\u2588\u2588\u2588\u2588\u2588\u2588\u2588\u2588\u2588\u2588\u2588\u2588\u2588\u2588\u2588\u2588\u2588\u2588\u2588\u2588\u258f                                                                                   | 29/73 [00:04<00:02, 16.13it/s]", "step": null, "ts": 1718378749.2010114}]}, "version": 56, "at": 1718378749.2013023}
{"obj": {"type": "LogStrings", "path": ["monitoring", "b33378fc", "stderr"], "values": [{"value": "\r 48%|\u2588\u2588\u2588\u2588\u2588\u2588\u2588\u2588\u2588\u2588\u2588\u2588\u2588\u2588\u2588\u2588\u2588\u2588\u2588\u2588\u2588\u2588\u2588\u2588\u2588\u2588\u2588\u2588\u2588\u2588\u2588\u2588\u2588\u2588\u2588\u2588\u2588\u2588\u2588\u2588\u2588\u2588\u2588\u2588\u2588\u2588\u2588\u2588\u2588\u2588\u2588\u2588\u2588\u2588\u2588\u2588\u2588\u2588\u2588\u2588\u2588\u2588\u2588\u2588\u2588\u2588\u258b                                                                        | 35/73 [00:04<00:01, 21.08it/s]", "step": null, "ts": 1718378749.3199291}]}, "version": 57, "at": 1718378749.3205984}
{"obj": {"type": "LogStrings", "path": ["monitoring", "b33378fc", "stderr"], "values": [{"value": "\r 58%|\u2588\u2588\u2588\u2588\u2588\u2588\u2588\u2588\u2588\u2588\u2588\u2588\u2588\u2588\u2588\u2588\u2588\u2588\u2588\u2588\u2588\u2588\u2588\u2588\u2588\u2588\u2588\u2588\u2588\u2588\u2588\u2588\u2588\u2588\u2588\u2588\u2588\u2588\u2588\u2588\u2588\u2588\u2588\u2588\u2588\u2588\u2588\u2588\u2588\u2588\u2588\u2588\u2588\u2588\u2588\u2588\u2588\u2588\u2588\u2588\u2588\u2588\u2588\u2588\u2588\u2588\u2588\u2588\u2588\u2588\u2588\u2588\u2588\u2588\u2588\u2588\u2588\u2588\u2588\u2589                                                           | 42/73 [00:04<00:01, 27.99it/s]", "step": null, "ts": 1718378749.4276526}]}, "version": 58, "at": 1718378749.4279757}
{"obj": {"type": "LogStrings", "path": ["monitoring", "b33378fc", "stderr"], "values": [{"value": "\r 66%|\u2588\u2588\u2588\u2588\u2588\u2588\u2588\u2588\u2588\u2588\u2588\u2588\u2588\u2588\u2588\u2588\u2588\u2588\u2588\u2588\u2588\u2588\u2588\u2588\u2588\u2588\u2588\u2588\u2588\u2588\u2588\u2588\u2588\u2588\u2588\u2588\u2588\u2588\u2588\u2588\u2588\u2588\u2588\u2588\u2588\u2588\u2588\u2588\u2588\u2588\u2588\u2588\u2588\u2588\u2588\u2588\u2588\u2588\u2588\u2588\u2588\u2588\u2588\u2588\u2588\u2588\u2588\u2588\u2588\u2588\u2588\u2588\u2588\u2588\u2588\u2588\u2588\u2588\u2588\u2588\u2588\u2588\u2588\u2588\u2588\u2588\u2588\u2588\u2588\u2588\u2588\u258d                                               | 48/73 [00:05<00:00, 29.43it/s]", "step": null, "ts": 1718378749.6067321}]}, "version": 59, "at": 1718378749.6069705}
{"obj": {"type": "LogStrings", "path": ["monitoring", "b33378fc", "stderr"], "values": [{"value": "\r 74%|\u2588\u2588\u2588\u2588\u2588\u2588\u2588\u2588\u2588\u2588\u2588\u2588\u2588\u2588\u2588\u2588\u2588\u2588\u2588\u2588\u2588\u2588\u2588\u2588\u2588\u2588\u2588\u2588\u2588\u2588\u2588\u2588\u2588\u2588\u2588\u2588\u2588\u2588\u2588\u2588\u2588\u2588\u2588\u2588\u2588\u2588\u2588\u2588\u2588\u2588\u2588\u2588\u2588\u2588\u2588\u2588\u2588\u2588\u2588\u2588\u2588\u2588\u2588\u2588\u2588\u2588\u2588\u2588\u2588\u2588\u2588\u2588\u2588\u2588\u2588\u2588\u2588\u2588\u2588\u2588\u2588\u2588\u2588\u2588\u2588\u2588\u2588\u2588\u2588\u2588\u2588\u2588\u2588\u2588\u2588\u2588\u2588\u2588\u2588\u2588\u2588\u2588\u258a                                    | 54/73 [00:05<00:00, 34.59it/s]", "step": null, "ts": 1718378749.711679}]}, "version": 60, "at": 1718378749.7119298}
{"obj": {"type": "LogStrings", "path": ["monitoring", "b33378fc", "stderr"], "values": [{"value": "\r 84%|\u2588\u2588\u2588\u2588\u2588\u2588\u2588\u2588\u2588\u2588\u2588\u2588\u2588\u2588\u2588\u2588\u2588\u2588\u2588\u2588\u2588\u2588\u2588\u2588\u2588\u2588\u2588\u2588\u2588\u2588\u2588\u2588\u2588\u2588\u2588\u2588\u2588\u2588\u2588\u2588\u2588\u2588\u2588\u2588\u2588\u2588\u2588\u2588\u2588\u2588\u2588\u2588\u2588\u2588\u2588\u2588\u2588\u2588\u2588\u2588\u2588\u2588\u2588\u2588\u2588\u2588\u2588\u2588\u2588\u2588\u2588\u2588\u2588\u2588\u2588\u2588\u2588\u2588\u2588\u2588\u2588\u2588\u2588\u2588\u2588\u2588\u2588\u2588\u2588\u2588\u2588\u2588\u2588\u2588\u2588\u2588\u2588\u2588\u2588\u2588\u2588\u2588\u2588\u2588\u2588\u2588\u2588\u2588\u2588\u2588\u2588\u2588\u2588\u2588\u2588\u2588\u258f                      | 61/73 [00:05<00:00, 41.31it/s]", "step": null, "ts": 1718378749.815827}]}, "version": 61, "at": 1718378749.8160324}
{"obj": {"type": "LogStrings", "path": ["monitoring", "b33378fc", "stderr"], "values": [{"value": "\r 93%|\u2588\u2588\u2588\u2588\u2588\u2588\u2588\u2588\u2588\u2588\u2588\u2588\u2588\u2588\u2588\u2588\u2588\u2588\u2588\u2588\u2588\u2588\u2588\u2588\u2588\u2588\u2588\u2588\u2588\u2588\u2588\u2588\u2588\u2588\u2588\u2588\u2588\u2588\u2588\u2588\u2588\u2588\u2588\u2588\u2588\u2588\u2588\u2588\u2588\u2588\u2588\u2588\u2588\u2588\u2588\u2588\u2588\u2588\u2588\u2588\u2588\u2588\u2588\u2588\u2588\u2588\u2588\u2588\u2588\u2588\u2588\u2588\u2588\u2588\u2588\u2588\u2588\u2588\u2588\u2588\u2588\u2588\u2588\u2588\u2588\u2588\u2588\u2588\u2588\u2588\u2588\u2588\u2588\u2588\u2588\u2588\u2588\u2588\u2588\u2588\u2588\u2588\u2588\u2588\u2588\u2588\u2588\u2588\u2588\u2588\u2588\u2588\u2588\u2588\u2588\u2588\u2588\u2588\u2588\u2588\u2588\u2588\u2588\u2588\u2588\u2588\u2588\u2588\u2588\u258d         | 68/73 [00:05<00:00, 46.24it/s]", "step": null, "ts": 1718378749.9311929}]}, "version": 62, "at": 1718378749.9315047}
{"obj": {"type": "LogStrings", "path": ["monitoring", "b33378fc", "stderr"], "values": [{"value": "", "step": null, "ts": 1718378750.8799245}]}, "version": 63, "at": 1718378750.8801773}
{"obj": {"type": "LogStrings", "path": ["monitoring", "b33378fc", "stderr"], "values": [{"value": "\r100%|\u2588\u2588\u2588\u2588\u2588\u2588\u2588\u2588\u2588\u2588\u2588\u2588\u2588\u2588\u2588\u2588\u2588\u2588\u2588\u2588\u2588\u2588\u2588\u2588\u2588\u2588\u2588\u2588\u2588\u2588\u2588\u2588\u2588\u2588\u2588\u2588\u2588\u2588\u2588\u2588\u2588\u2588\u2588\u2588\u2588\u2588\u2588\u2588\u2588\u2588\u2588\u2588\u2588\u2588\u2588\u2588\u2588\u2588\u2588\u2588\u2588\u2588\u2588\u2588\u2588\u2588\u2588\u2588\u2588\u2588\u2588\u2588\u2588\u2588\u2588\u2588\u2588\u2588\u2588\u2588\u2588\u2588\u2588\u2588\u2588\u2588\u2588\u2588\u2588\u2588\u2588\u2588\u2588\u2588\u2588\u2588\u2588\u2588\u2588\u2588\u2588\u2588\u2588\u2588\u2588\u2588\u2588\u2588\u2588\u2588\u2588\u2588\u2588\u2588\u2588\u2588\u2588\u2588\u2588\u2588\u2588\u2588\u2588\u2588\u2588\u2588\u2588\u2588\u2588\u2588\u2588\u2588\u2588\u2588\u2588\u2588\u2588\u2588\u2588| 73/73 [00:06<00:00, 11.48it/s]", "step": null, "ts": 1718378750.883488}]}, "version": 64, "at": 1718378750.8839276}
{"obj": {"type": "LogStrings", "path": ["monitoring", "b33378fc", "stderr"], "values": [{"value": "\n", "step": null, "ts": 1718378750.885368}]}, "version": 65, "at": 1718378750.8856266}
{"obj": {"type": "LogStrings", "path": ["monitoring", "b33378fc", "stderr"], "values": [{"value": "\r  0%|                                                                                                                                                     | 0/5 [00:00<?, ?it/s]", "step": null, "ts": 1718378750.9118013}]}, "version": 66, "at": 1718378750.9123976}
{"obj": {"type": "LogFloats", "path": ["monitoring", "b33378fc", "cpu"], "values": [{"value": 60.1, "step": null, "ts": 1718378751.092426}]}, "version": 67, "at": 1718378751.1487963}
{"obj": {"type": "LogFloats", "path": ["monitoring", "b33378fc", "memory"], "values": [{"value": 15.347850799560547, "step": null, "ts": 1718378751.092426}]}, "version": 68, "at": 1718378751.1518426}
{"obj": {"type": "LogFloats", "path": ["monitoring", "b33378fc", "gpu"], "values": [{"value": 6.0, "step": null, "ts": 1718378751.092426}]}, "version": 69, "at": 1718378751.1539574}
{"obj": {"type": "LogFloats", "path": ["monitoring", "b33378fc", "gpu_memory"], "values": [{"value": 4.5899658203125, "step": null, "ts": 1718378751.092426}]}, "version": 70, "at": 1718378751.1551828}
{"obj": {"type": "LogFloats", "path": ["monitoring", "b33378fc", "cpu"], "values": [{"value": 53.4, "step": null, "ts": 1718378751.4371815}]}, "version": 71, "at": 1718378751.4765794}
{"obj": {"type": "LogFloats", "path": ["monitoring", "b33378fc", "memory"], "values": [{"value": 15.439155578613281, "step": null, "ts": 1718378751.4371815}]}, "version": 72, "at": 1718378751.4794786}
{"obj": {"type": "LogFloats", "path": ["monitoring", "b33378fc", "gpu_memory"], "values": [{"value": 4.5899658203125, "step": null, "ts": 1718378751.4371815}]}, "version": 73, "at": 1718378751.4802687}
{"obj": {"type": "LogFloats", "path": ["monitoring", "b33378fc", "cpu"], "values": [{"value": 49.6, "step": null, "ts": 1718378751.793375}]}, "version": 74, "at": 1718378751.820292}
{"obj": {"type": "LogFloats", "path": ["monitoring", "b33378fc", "memory"], "values": [{"value": 14.771587371826172, "step": null, "ts": 1718378751.793375}]}, "version": 75, "at": 1718378751.8251894}
{"obj": {"type": "LogFloats", "path": ["monitoring", "b33378fc", "gpu_memory"], "values": [{"value": 4.5899658203125, "step": null, "ts": 1718378751.793375}]}, "version": 76, "at": 1718378751.826514}
{"obj": {"type": "LogFloats", "path": ["monitoring", "b33378fc", "cpu"], "values": [{"value": 52.7, "step": null, "ts": 1718378752.080657}]}, "version": 77, "at": 1718378752.1319013}
{"obj": {"type": "LogFloats", "path": ["monitoring", "b33378fc", "memory"], "values": [{"value": 14.834815979003906, "step": null, "ts": 1718378752.080657}]}, "version": 78, "at": 1718378752.1340964}
{"obj": {"type": "LogFloats", "path": ["monitoring", "b33378fc", "gpu_memory"], "values": [{"value": 4.5899658203125, "step": null, "ts": 1718378752.080657}]}, "version": 79, "at": 1718378752.1365356}
{"obj": {"type": "LogFloats", "path": ["monitoring", "b33378fc", "cpu"], "values": [{"value": 58.8, "step": null, "ts": 1718378752.4133806}]}, "version": 80, "at": 1718378752.4528584}
{"obj": {"type": "LogFloats", "path": ["monitoring", "b33378fc", "memory"], "values": [{"value": 14.876163482666016, "step": null, "ts": 1718378752.4133806}]}, "version": 81, "at": 1718378752.4542663}
{"obj": {"type": "LogFloats", "path": ["monitoring", "b33378fc", "gpu_memory"], "values": [{"value": 4.5899658203125, "step": null, "ts": 1718378752.4133806}]}, "version": 82, "at": 1718378752.4546921}
{"obj": {"type": "LogFloats", "path": ["monitoring", "b33378fc", "cpu"], "values": [{"value": 51.3, "step": null, "ts": 1718378752.724372}]}, "version": 83, "at": 1718378752.7682054}
{"obj": {"type": "LogFloats", "path": ["monitoring", "b33378fc", "memory"], "values": [{"value": 14.935272216796875, "step": null, "ts": 1718378752.724372}]}, "version": 84, "at": 1718378752.7698107}
{"obj": {"type": "LogFloats", "path": ["monitoring", "b33378fc", "gpu"], "values": [{"value": 6.0, "step": null, "ts": 1718378752.724372}]}, "version": 85, "at": 1718378752.7724926}
{"obj": {"type": "LogFloats", "path": ["monitoring", "b33378fc", "gpu_memory"], "values": [{"value": 4.5899658203125, "step": null, "ts": 1718378752.724372}]}, "version": 86, "at": 1718378752.773229}
{"obj": {"type": "LogFloats", "path": ["monitoring", "b33378fc", "cpu"], "values": [{"value": 63.2, "step": null, "ts": 1718378753.096155}]}, "version": 87, "at": 1718378753.1630797}
{"obj": {"type": "LogFloats", "path": ["monitoring", "b33378fc", "memory"], "values": [{"value": 14.98641586303711, "step": null, "ts": 1718378753.096155}]}, "version": 88, "at": 1718378753.1644163}
{"obj": {"type": "LogFloats", "path": ["monitoring", "b33378fc", "gpu_memory"], "values": [{"value": 4.5899658203125, "step": null, "ts": 1718378753.096155}]}, "version": 89, "at": 1718378753.1648314}
{"obj": {"type": "LogFloats", "path": ["monitoring", "b33378fc", "cpu"], "values": [{"value": 61.6, "step": null, "ts": 1718378753.4798548}]}, "version": 90, "at": 1718378753.533359}
{"obj": {"type": "LogFloats", "path": ["monitoring", "b33378fc", "memory"], "values": [{"value": 15.079986572265625, "step": null, "ts": 1718378753.4798548}]}, "version": 91, "at": 1718378753.5397117}
{"obj": {"type": "LogFloats", "path": ["monitoring", "b33378fc", "gpu_memory"], "values": [{"value": 4.5899658203125, "step": null, "ts": 1718378753.4798548}]}, "version": 92, "at": 1718378753.5426106}
{"obj": {"type": "LogStrings", "path": ["monitoring", "b33378fc", "stderr"], "values": [{"value": "\r 20%|\u2588\u2588\u2588\u2588\u2588\u2588\u2588\u2588\u2588\u2588\u2588\u2588\u2588\u2588\u2588\u2588\u2588\u2588\u2588\u2588\u2588\u2588\u2588\u2588\u2588\u2588\u2588\u2588\u258f                                                                                                                | 1/5 [00:02<00:10,  2.74s/it]", "step": null, "ts": 1718378753.6518068}]}, "version": 93, "at": 1718378753.65213}
{"obj": {"type": "LogStrings", "path": ["monitoring", "b33378fc", "stderr"], "values": [{"value": "\r100%|\u2588\u2588\u2588\u2588\u2588\u2588\u2588\u2588\u2588\u2588\u2588\u2588\u2588\u2588\u2588\u2588\u2588\u2588\u2588\u2588\u2588\u2588\u2588\u2588\u2588\u2588\u2588\u2588\u2588\u2588\u2588\u2588\u2588\u2588\u2588\u2588\u2588\u2588\u2588\u2588\u2588\u2588\u2588\u2588\u2588\u2588\u2588\u2588\u2588\u2588\u2588\u2588\u2588\u2588\u2588\u2588\u2588\u2588\u2588\u2588\u2588\u2588\u2588\u2588\u2588\u2588\u2588\u2588\u2588\u2588\u2588\u2588\u2588\u2588\u2588\u2588\u2588\u2588\u2588\u2588\u2588\u2588\u2588\u2588\u2588\u2588\u2588\u2588\u2588\u2588\u2588\u2588\u2588\u2588\u2588\u2588\u2588\u2588\u2588\u2588\u2588\u2588\u2588\u2588\u2588\u2588\u2588\u2588\u2588\u2588\u2588\u2588\u2588\u2588\u2588\u2588\u2588\u2588\u2588\u2588\u2588\u2588\u2588\u2588\u2588\u2588\u2588\u2588\u2588\u2588\u2588\u2588\u2588\u2588\u2588\u2588\u2588\u2588\u2588\u2588\u2588| 5/5 [00:02<00:00,  2.31it/s]", "step": null, "ts": 1718378753.769636}]}, "version": 94, "at": 1718378753.7698338}
{"obj": {"type": "LogStrings", "path": ["monitoring", "b33378fc", "stderr"], "values": [{"value": "", "step": null, "ts": 1718378754.7633395}]}, "version": 95, "at": 1718378754.7635362}
{"obj": {"type": "LogStrings", "path": ["monitoring", "b33378fc", "stderr"], "values": [{"value": "\r100%|\u2588\u2588\u2588\u2588\u2588\u2588\u2588\u2588\u2588\u2588\u2588\u2588\u2588\u2588\u2588\u2588\u2588\u2588\u2588\u2588\u2588\u2588\u2588\u2588\u2588\u2588\u2588\u2588\u2588\u2588\u2588\u2588\u2588\u2588\u2588\u2588\u2588\u2588\u2588\u2588\u2588\u2588\u2588\u2588\u2588\u2588\u2588\u2588\u2588\u2588\u2588\u2588\u2588\u2588\u2588\u2588\u2588\u2588\u2588\u2588\u2588\u2588\u2588\u2588\u2588\u2588\u2588\u2588\u2588\u2588\u2588\u2588\u2588\u2588\u2588\u2588\u2588\u2588\u2588\u2588\u2588\u2588\u2588\u2588\u2588\u2588\u2588\u2588\u2588\u2588\u2588\u2588\u2588\u2588\u2588\u2588\u2588\u2588\u2588\u2588\u2588\u2588\u2588\u2588\u2588\u2588\u2588\u2588\u2588\u2588\u2588\u2588\u2588\u2588\u2588\u2588\u2588\u2588\u2588\u2588\u2588\u2588\u2588\u2588\u2588\u2588\u2588\u2588\u2588\u2588\u2588\u2588\u2588\u2588\u2588\u2588\u2588\u2588\u2588\u2588\u2588| 5/5 [00:03<00:00,  1.30it/s]", "step": null, "ts": 1718378754.765619}]}, "version": 96, "at": 1718378754.7657454}
{"obj": {"type": "LogStrings", "path": ["monitoring", "b33378fc", "stderr"], "values": [{"value": "\n", "step": null, "ts": 1718378754.7662175}]}, "version": 97, "at": 1718378754.7663217}
{"obj": {"type": "LogStrings", "path": ["monitoring", "b33378fc", "stderr"], "values": [{"value": "\r  0%|                                                                                                                                                     | 0/6 [00:00<?, ?it/s]", "step": null, "ts": 1718378754.7755184}]}, "version": 98, "at": 1718378754.775744}
{"obj": {"type": "LogFloats", "path": ["monitoring", "b33378fc", "cpu"], "values": [{"value": 61.3, "step": null, "ts": 1718378754.8707564}]}, "version": 99, "at": 1718378754.9244127}
{"obj": {"type": "LogFloats", "path": ["monitoring", "b33378fc", "memory"], "values": [{"value": 14.81832504272461, "step": null, "ts": 1718378754.8707564}]}, "version": 100, "at": 1718378754.9268687}
{"obj": {"type": "LogFloats", "path": ["monitoring", "b33378fc", "gpu_memory"], "values": [{"value": 4.5899658203125, "step": null, "ts": 1718378754.8707564}]}, "version": 101, "at": 1718378754.9290605}
{"obj": {"type": "LogFloats", "path": ["monitoring", "b33378fc", "cpu"], "values": [{"value": 44.5, "step": null, "ts": 1718378755.2579894}]}, "version": 102, "at": 1718378755.2888591}
{"obj": {"type": "LogFloats", "path": ["monitoring", "b33378fc", "memory"], "values": [{"value": 14.85626220703125, "step": null, "ts": 1718378755.2579894}]}, "version": 103, "at": 1718378755.290709}
{"obj": {"type": "LogFloats", "path": ["monitoring", "b33378fc", "gpu_memory"], "values": [{"value": 4.5899658203125, "step": null, "ts": 1718378755.2579894}]}, "version": 104, "at": 1718378755.2916367}
{"obj": {"type": "LogFloats", "path": ["monitoring", "b33378fc", "cpu"], "values": [{"value": 40.4, "step": null, "ts": 1718378755.573572}]}, "version": 105, "at": 1718378755.6386673}
{"obj": {"type": "LogFloats", "path": ["monitoring", "b33378fc", "memory"], "values": [{"value": 14.89559555053711, "step": null, "ts": 1718378755.573572}]}, "version": 106, "at": 1718378755.6449804}
{"obj": {"type": "LogFloats", "path": ["monitoring", "b33378fc", "gpu_memory"], "values": [{"value": 4.5899658203125, "step": null, "ts": 1718378755.573572}]}, "version": 107, "at": 1718378755.6475534}
{"obj": {"type": "LogFloats", "path": ["monitoring", "b33378fc", "cpu"], "values": [{"value": 50.2, "step": null, "ts": 1718378755.8875978}]}, "version": 108, "at": 1718378755.9526827}
{"obj": {"type": "LogFloats", "path": ["monitoring", "b33378fc", "memory"], "values": [{"value": 14.938713073730469, "step": null, "ts": 1718378755.8875978}]}, "version": 109, "at": 1718378755.9545393}
{"obj": {"type": "LogFloats", "path": ["monitoring", "b33378fc", "gpu_memory"], "values": [{"value": 4.5899658203125, "step": null, "ts": 1718378755.8875978}]}, "version": 110, "at": 1718378755.955397}
{"obj": {"type": "LogFloats", "path": ["monitoring", "b33378fc", "cpu"], "values": [{"value": 60.4, "step": null, "ts": 1718378756.2520645}]}, "version": 111, "at": 1718378756.2825902}
{"obj": {"type": "LogFloats", "path": ["monitoring", "b33378fc", "memory"], "values": [{"value": 14.939472198486328, "step": null, "ts": 1718378756.2520645}]}, "version": 112, "at": 1718378756.2842758}
{"obj": {"type": "LogFloats", "path": ["monitoring", "b33378fc", "gpu_memory"], "values": [{"value": 4.5899658203125, "step": null, "ts": 1718378756.2520645}]}, "version": 113, "at": 1718378756.2864518}
{"obj": {"type": "LogFloats", "path": ["monitoring", "b33378fc", "cpu"], "values": [{"value": 47.8, "step": null, "ts": 1718378756.5962052}]}, "version": 114, "at": 1718378756.6543632}
{"obj": {"type": "LogFloats", "path": ["monitoring", "b33378fc", "memory"], "values": [{"value": 14.979866027832031, "step": null, "ts": 1718378756.5962052}]}, "version": 115, "at": 1718378756.6563895}
{"obj": {"type": "LogFloats", "path": ["monitoring", "b33378fc", "gpu_memory"], "values": [{"value": 4.5899658203125, "step": null, "ts": 1718378756.5962052}]}, "version": 116, "at": 1718378756.6586797}
{"obj": {"type": "LogFloats", "path": ["monitoring", "b33378fc", "cpu"], "values": [{"value": 56.4, "step": null, "ts": 1718378756.9422503}]}, "version": 117, "at": 1718378756.9870176}
{"obj": {"type": "LogFloats", "path": ["monitoring", "b33378fc", "memory"], "values": [{"value": 15.028728485107422, "step": null, "ts": 1718378756.9422503}]}, "version": 118, "at": 1718378756.9893591}
{"obj": {"type": "LogFloats", "path": ["monitoring", "b33378fc", "gpu_memory"], "values": [{"value": 4.5899658203125, "step": null, "ts": 1718378756.9422503}]}, "version": 119, "at": 1718378756.992147}
