{"obj": {"type": "AssignString", "path": ["sys", "name"], "value": "Untitled"}, "version": 1, "at": 1718188568.369635}
{"obj": {"type": "AssignString", "path": ["sys", "description"], "value": ""}, "version": 2, "at": 1718188568.372714}
{"obj": {"type": "AssignString", "path": ["monitoring", "6235e623", "hostname"], "value": "Precision-7920-Tower-2"}, "version": 3, "at": 1718188568.3749094}
{"obj": {"type": "AssignString", "path": ["sys", "hostname"], "value": "Precision-7920-Tower-2"}, "version": 4, "at": 1718188568.3767142}
{"obj": {"type": "AssignString", "path": ["monitoring", "6235e623", "pid"], "value": "18416"}, "version": 5, "at": 1718188568.3780048}
{"obj": {"type": "AssignString", "path": ["monitoring", "6235e623", "tid"], "value": "140364702793984"}, "version": 6, "at": 1718188568.3788805}
{"obj": {"type": "AssignBool", "path": ["sys", "failed"], "value": false}, "version": 7, "at": 1718188568.3794928}
{"obj": {"type": "ClearStringLog", "path": ["monitoring", "6235e623", "stdout"]}, "version": 8, "at": 1718188568.3807223}
{"obj": {"type": "ClearStringLog", "path": ["monitoring", "6235e623", "stderr"]}, "version": 9, "at": 1718188568.3811846}
{"obj": {"type": "AssignString", "path": ["source_code", "entrypoint"], "value": "test.py"}, "version": 10, "at": 1718188568.3828435}
{"obj": {"type": "UploadFileSet", "path": ["source_code", "files"], "file_globs": ["/home/athena/3DVAE-AgeDisentangled_contrastive_loss/test.py"], "reset": "False"}, "version": 11, "at": 1718188568.3835335}
{"obj": {"type": "UploadFile", "path": ["source_code", "diff"], "ext": "patch", "file_path": null, "tmp_file_name": "source_code_diff-1718188568.630035-2024-06-12_08.36.08.630035.patch", "clean_after_upload": false}, "version": 12, "at": 1718188568.6314635}
{"obj": {"type": "ConfigFloatSeries", "path": ["monitoring", "6235e623", "cpu"], "min": 0.0, "max": 100.0, "unit": "%"}, "version": 13, "at": 1718188568.8781478}
{"obj": {"type": "ClearFloatLog", "path": ["monitoring", "6235e623", "cpu"]}, "version": 14, "at": 1718188568.8953762}
{"obj": {"type": "ConfigFloatSeries", "path": ["monitoring", "6235e623", "memory"], "min": 0.0, "max": 31.03635025024414, "unit": "GB"}, "version": 15, "at": 1718188568.8999853}
{"obj": {"type": "ClearFloatLog", "path": ["monitoring", "6235e623", "memory"]}, "version": 16, "at": 1718188568.9002342}
{"obj": {"type": "ConfigFloatSeries", "path": ["monitoring", "6235e623", "gpu"], "min": 0.0, "max": 100.0, "unit": "%"}, "version": 17, "at": 1718188568.900759}
{"obj": {"type": "ClearFloatLog", "path": ["monitoring", "6235e623", "gpu"]}, "version": 18, "at": 1718188568.9011455}
{"obj": {"type": "ConfigFloatSeries", "path": ["monitoring", "6235e623", "gpu_memory"], "min": 0.0, "max": 15.89703369140625, "unit": "GB"}, "version": 19, "at": 1718188568.9016547}
{"obj": {"type": "ClearFloatLog", "path": ["monitoring", "6235e623", "gpu_memory"]}, "version": 20, "at": 1718188568.9018173}
{"obj": {"type": "LogFloats", "path": ["monitoring", "6235e623", "cpu"], "values": [{"value": 53.3, "step": null, "ts": 1718188568.9036202}]}, "version": 21, "at": 1718188568.9187975}
{"obj": {"type": "LogFloats", "path": ["monitoring", "6235e623", "memory"], "values": [{"value": 15.275306701660156, "step": null, "ts": 1718188568.9036202}]}, "version": 22, "at": 1718188568.9219453}
{"obj": {"type": "LogStrings", "path": ["monitoring", "6235e623", "stderr"], "values": [{"value": "\r  0%|                                                                                                                                                          | 0/73 [00:00<?, ?it/s]", "step": null, "ts": 1718188568.929612}]}, "version": 23, "at": 1718188568.9298234}
{"obj": {"type": "LogFloats", "path": ["monitoring", "6235e623", "gpu_memory"], "values": [{"value": 4.4649658203125, "step": null, "ts": 1718188568.9036202}]}, "version": 24, "at": 1718188568.93543}
{"obj": {"type": "LogFloats", "path": ["monitoring", "6235e623", "cpu"], "values": [{"value": 47.8, "step": null, "ts": 1718188569.2171893}]}, "version": 25, "at": 1718188569.2907472}
{"obj": {"type": "LogFloats", "path": ["monitoring", "6235e623", "memory"], "values": [{"value": 15.294303894042969, "step": null, "ts": 1718188569.2171893}]}, "version": 26, "at": 1718188569.293416}
{"obj": {"type": "LogFloats", "path": ["monitoring", "6235e623", "gpu_memory"], "values": [{"value": 4.4649658203125, "step": null, "ts": 1718188569.2171893}]}, "version": 27, "at": 1718188569.2967627}
{"obj": {"type": "LogFloats", "path": ["monitoring", "6235e623", "cpu"], "values": [{"value": 50.4, "step": null, "ts": 1718188569.654162}]}, "version": 28, "at": 1718188569.708596}
{"obj": {"type": "LogFloats", "path": ["monitoring", "6235e623", "memory"], "values": [{"value": 15.35018539428711, "step": null, "ts": 1718188569.654162}]}, "version": 29, "at": 1718188569.7120445}
{"obj": {"type": "LogFloats", "path": ["monitoring", "6235e623", "gpu_memory"], "values": [{"value": 4.4649658203125, "step": null, "ts": 1718188569.654162}]}, "version": 30, "at": 1718188569.713613}
{"obj": {"type": "LogFloats", "path": ["monitoring", "6235e623", "cpu"], "values": [{"value": 43.9, "step": null, "ts": 1718188569.9549322}]}, "version": 31, "at": 1718188570.0076811}
{"obj": {"type": "LogFloats", "path": ["monitoring", "6235e623", "memory"], "values": [{"value": 15.387435913085938, "step": null, "ts": 1718188569.9549322}]}, "version": 32, "at": 1718188570.010673}
{"obj": {"type": "LogFloats", "path": ["monitoring", "6235e623", "gpu_memory"], "values": [{"value": 4.4649658203125, "step": null, "ts": 1718188569.9549322}]}, "version": 33, "at": 1718188570.0118446}
{"obj": {"type": "LogFloats", "path": ["monitoring", "6235e623", "cpu"], "values": [{"value": 49.7, "step": null, "ts": 1718188570.2145731}]}, "version": 34, "at": 1718188570.2662141}
{"obj": {"type": "LogFloats", "path": ["monitoring", "6235e623", "memory"], "values": [{"value": 15.427688598632812, "step": null, "ts": 1718188570.2145731}]}, "version": 35, "at": 1718188570.2679603}
{"obj": {"type": "LogFloats", "path": ["monitoring", "6235e623", "gpu"], "values": [{"value": 7.0, "step": null, "ts": 1718188570.2145731}]}, "version": 36, "at": 1718188570.2694774}
{"obj": {"type": "LogFloats", "path": ["monitoring", "6235e623", "gpu_memory"], "values": [{"value": 4.4649658203125, "step": null, "ts": 1718188570.2145731}]}, "version": 37, "at": 1718188570.270604}
{"obj": {"type": "LogFloats", "path": ["monitoring", "6235e623", "cpu"], "values": [{"value": 41.2, "step": null, "ts": 1718188570.608476}]}, "version": 38, "at": 1718188570.6397989}
{"obj": {"type": "LogFloats", "path": ["monitoring", "6235e623", "memory"], "values": [{"value": 15.470767974853516, "step": null, "ts": 1718188570.608476}]}, "version": 39, "at": 1718188570.6429765}
{"obj": {"type": "LogFloats", "path": ["monitoring", "6235e623", "gpu_memory"], "values": [{"value": 4.4649658203125, "step": null, "ts": 1718188570.608476}]}, "version": 40, "at": 1718188570.6437738}
{"obj": {"type": "LogFloats", "path": ["monitoring", "6235e623", "cpu"], "values": [{"value": 54.5, "step": null, "ts": 1718188570.9245872}]}, "version": 41, "at": 1718188570.9633155}
{"obj": {"type": "LogFloats", "path": ["monitoring", "6235e623", "memory"], "values": [{"value": 15.504714965820312, "step": null, "ts": 1718188570.9245872}]}, "version": 42, "at": 1718188570.965787}
{"obj": {"type": "LogFloats", "path": ["monitoring", "6235e623", "gpu_memory"], "values": [{"value": 4.4649658203125, "step": null, "ts": 1718188570.9245872}]}, "version": 43, "at": 1718188570.9674237}
{"obj": {"type": "LogFloats", "path": ["monitoring", "6235e623", "cpu"], "values": [{"value": 56.5, "step": null, "ts": 1718188571.2177458}]}, "version": 44, "at": 1718188571.252461}
{"obj": {"type": "LogFloats", "path": ["monitoring", "6235e623", "memory"], "values": [{"value": 15.554431915283203, "step": null, "ts": 1718188571.2177458}]}, "version": 45, "at": 1718188571.2550082}
{"obj": {"type": "LogFloats", "path": ["monitoring", "6235e623", "gpu_memory"], "values": [{"value": 4.4649658203125, "step": null, "ts": 1718188571.2177458}]}, "version": 46, "at": 1718188571.2555084}
{"obj": {"type": "LogFloats", "path": ["monitoring", "6235e623", "cpu"], "values": [{"value": 62.9, "step": null, "ts": 1718188571.5322475}]}, "version": 47, "at": 1718188571.5364964}
{"obj": {"type": "LogFloats", "path": ["monitoring", "6235e623", "memory"], "values": [{"value": 15.580764770507812, "step": null, "ts": 1718188571.5322475}]}, "version": 48, "at": 1718188571.537967}
{"obj": {"type": "LogFloats", "path": ["monitoring", "6235e623", "gpu_memory"], "values": [{"value": 4.4649658203125, "step": null, "ts": 1718188571.5322475}]}, "version": 49, "at": 1718188571.5384724}
{"obj": {"type": "LogStrings", "path": ["monitoring", "6235e623", "stderr"], "values": [{"value": "\r  1%|\u2588\u2588                                                                                                                                                | 1/73 [00:03<04:12,  3.50s/it]", "step": null, "ts": 1718188572.4357302}]}, "version": 50, "at": 1718188572.4360468}
{"obj": {"type": "LogStrings", "path": ["monitoring", "6235e623", "stderr"], "values": [{"value": "\r  7%|\u2588\u2588\u2588\u2588\u2588\u2588\u2588\u2588\u2588\u2588                                                                                                                                        | 5/73 [00:03<00:36,  1.84it/s]", "step": null, "ts": 1718188572.536661}]}, "version": 51, "at": 1718188572.536879}
{"obj": {"type": "LogStrings", "path": ["monitoring", "6235e623", "stderr"], "values": [{"value": "\r 11%|\u2588\u2588\u2588\u2588\u2588\u2588\u2588\u2588\u2588\u2588\u2588\u2588\u2588\u2588\u2588\u2588                                                                                                                                  | 8/73 [00:04<00:28,  2.29it/s]", "step": null, "ts": 1718188573.5017054}]}, "version": 52, "at": 1718188573.5021024}
{"obj": {"type": "LogStrings", "path": ["monitoring", "6235e623", "stderr"], "values": [{"value": "\r 23%|\u2588\u2588\u2588\u2588\u2588\u2588\u2588\u2588\u2588\u2588\u2588\u2588\u2588\u2588\u2588\u2588\u2588\u2588\u2588\u2588\u2588\u2588\u2588\u2588\u2588\u2588\u2588\u2588\u2588\u2588\u2588\u2588\u2588\u258a                                                                                                               | 17/73 [00:04<00:08,  6.61it/s]", "step": null, "ts": 1718188573.6008909}]}, "version": 53, "at": 1718188573.6011658}
{"obj": {"type": "LogStrings", "path": ["monitoring", "6235e623", "stderr"], "values": [{"value": "\r 36%|\u2588\u2588\u2588\u2588\u2588\u2588\u2588\u2588\u2588\u2588\u2588\u2588\u2588\u2588\u2588\u2588\u2588\u2588\u2588\u2588\u2588\u2588\u2588\u2588\u2588\u2588\u2588\u2588\u2588\u2588\u2588\u2588\u2588\u2588\u2588\u2588\u2588\u2588\u2588\u2588\u2588\u2588\u2588\u2588\u2588\u2588\u2588\u2588\u2588\u2588\u2588\u258b                                                                                             | 26/73 [00:04<00:03, 12.07it/s]", "step": null, "ts": 1718188573.7055142}]}, "version": 54, "at": 1718188573.7057302}
{"obj": {"type": "LogStrings", "path": ["monitoring", "6235e623", "stderr"], "values": [{"value": "\r 47%|\u2588\u2588\u2588\u2588\u2588\u2588\u2588\u2588\u2588\u2588\u2588\u2588\u2588\u2588\u2588\u2588\u2588\u2588\u2588\u2588\u2588\u2588\u2588\u2588\u2588\u2588\u2588\u2588\u2588\u2588\u2588\u2588\u2588\u2588\u2588\u2588\u2588\u2588\u2588\u2588\u2588\u2588\u2588\u2588\u2588\u2588\u2588\u2588\u2588\u2588\u2588\u2588\u2588\u2588\u2588\u2588\u2588\u2588\u2588\u2588\u2588\u2588\u2588\u2588\u2588\u2588\u2588\u258c                                                                             | 34/73 [00:04<00:02, 17.72it/s]", "step": null, "ts": 1718188573.817014}]}, "version": 55, "at": 1718188573.8173592}
{"obj": {"type": "LogStrings", "path": ["monitoring", "6235e623", "stderr"], "values": [{"value": "\r 56%|\u2588\u2588\u2588\u2588\u2588\u2588\u2588\u2588\u2588\u2588\u2588\u2588\u2588\u2588\u2588\u2588\u2588\u2588\u2588\u2588\u2588\u2588\u2588\u2588\u2588\u2588\u2588\u2588\u2588\u2588\u2588\u2588\u2588\u2588\u2588\u2588\u2588\u2588\u2588\u2588\u2588\u2588\u2588\u2588\u2588\u2588\u2588\u2588\u2588\u2588\u2588\u2588\u2588\u2588\u2588\u2588\u2588\u2588\u2588\u2588\u2588\u2588\u2588\u2588\u2588\u2588\u2588\u2588\u2588\u2588\u2588\u2588\u2588\u2588\u2588\u2588\u2588\u2588\u2588\u2588\u2588\u258d                                                               | 41/73 [00:04<00:01, 23.15it/s]", "step": null, "ts": 1718188573.9258678}]}, "version": 56, "at": 1718188573.9261398}
{"obj": {"type": "LogStrings", "path": ["monitoring", "6235e623", "stderr"], "values": [{"value": "\r 67%|\u2588\u2588\u2588\u2588\u2588\u2588\u2588\u2588\u2588\u2588\u2588\u2588\u2588\u2588\u2588\u2588\u2588\u2588\u2588\u2588\u2588\u2588\u2588\u2588\u2588\u2588\u2588\u2588\u2588\u2588\u2588\u2588\u2588\u2588\u2588\u2588\u2588\u2588\u2588\u2588\u2588\u2588\u2588\u2588\u2588\u2588\u2588\u2588\u2588\u2588\u2588\u2588\u2588\u2588\u2588\u2588\u2588\u2588\u2588\u2588\u2588\u2588\u2588\u2588\u2588\u2588\u2588\u2588\u2588\u2588\u2588\u2588\u2588\u2588\u2588\u2588\u2588\u2588\u2588\u2588\u2588\u2588\u2588\u2588\u2588\u2588\u2588\u2588\u2588\u2588\u2588\u2588\u2588\u2588\u2588\u2588\u2588\u258e                                               | 49/73 [00:05<00:00, 30.39it/s]", "step": null, "ts": 1718188574.0343723}]}, "version": 57, "at": 1718188574.0348663}
{"obj": {"type": "LogStrings", "path": ["monitoring", "6235e623", "stderr"], "values": [{"value": "\r 77%|\u2588\u2588\u2588\u2588\u2588\u2588\u2588\u2588\u2588\u2588\u2588\u2588\u2588\u2588\u2588\u2588\u2588\u2588\u2588\u2588\u2588\u2588\u2588\u2588\u2588\u2588\u2588\u2588\u2588\u2588\u2588\u2588\u2588\u2588\u2588\u2588\u2588\u2588\u2588\u2588\u2588\u2588\u2588\u2588\u2588\u2588\u2588\u2588\u2588\u2588\u2588\u2588\u2588\u2588\u2588\u2588\u2588\u2588\u2588\u2588\u2588\u2588\u2588\u2588\u2588\u2588\u2588\u2588\u2588\u2588\u2588\u2588\u2588\u2588\u2588\u2588\u2588\u2588\u2588\u2588\u2588\u2588\u2588\u2588\u2588\u2588\u2588\u2588\u2588\u2588\u2588\u2588\u2588\u2588\u2588\u2588\u2588\u2588\u2588\u2588\u2588\u2588\u2588\u2588\u2588\u2588\u2588\u2588\u2588\u2588\u2588\u258f                                 | 56/73 [00:05<00:00, 35.78it/s]", "step": null, "ts": 1718188574.1491702}]}, "version": 58, "at": 1718188574.1493907}
{"obj": {"type": "LogStrings", "path": ["monitoring", "6235e623", "stderr"], "values": [{"value": "\r 86%|\u2588\u2588\u2588\u2588\u2588\u2588\u2588\u2588\u2588\u2588\u2588\u2588\u2588\u2588\u2588\u2588\u2588\u2588\u2588\u2588\u2588\u2588\u2588\u2588\u2588\u2588\u2588\u2588\u2588\u2588\u2588\u2588\u2588\u2588\u2588\u2588\u2588\u2588\u2588\u2588\u2588\u2588\u2588\u2588\u2588\u2588\u2588\u2588\u2588\u2588\u2588\u2588\u2588\u2588\u2588\u2588\u2588\u2588\u2588\u2588\u2588\u2588\u2588\u2588\u2588\u2588\u2588\u2588\u2588\u2588\u2588\u2588\u2588\u2588\u2588\u2588\u2588\u2588\u2588\u2588\u2588\u2588\u2588\u2588\u2588\u2588\u2588\u2588\u2588\u2588\u2588\u2588\u2588\u2588\u2588\u2588\u2588\u2588\u2588\u2588\u2588\u2588\u2588\u2588\u2588\u2588\u2588\u2588\u2588\u2588\u2588\u2588\u2588\u2588\u2588\u2588\u2588\u2588\u2588\u2588\u2588\u2588\u2588\u2588\u2588\u258f                   | 63/73 [00:05<00:00, 41.82it/s]", "step": null, "ts": 1718188574.250502}]}, "version": 59, "at": 1718188574.2507074}
{"obj": {"type": "LogStrings", "path": ["monitoring", "6235e623", "stderr"], "values": [{"value": "\r 96%|\u2588\u2588\u2588\u2588\u2588\u2588\u2588\u2588\u2588\u2588\u2588\u2588\u2588\u2588\u2588\u2588\u2588\u2588\u2588\u2588\u2588\u2588\u2588\u2588\u2588\u2588\u2588\u2588\u2588\u2588\u2588\u2588\u2588\u2588\u2588\u2588\u2588\u2588\u2588\u2588\u2588\u2588\u2588\u2588\u2588\u2588\u2588\u2588\u2588\u2588\u2588\u2588\u2588\u2588\u2588\u2588\u2588\u2588\u2588\u2588\u2588\u2588\u2588\u2588\u2588\u2588\u2588\u2588\u2588\u2588\u2588\u2588\u2588\u2588\u2588\u2588\u2588\u2588\u2588\u2588\u2588\u2588\u2588\u2588\u2588\u2588\u2588\u2588\u2588\u2588\u2588\u2588\u2588\u2588\u2588\u2588\u2588\u2588\u2588\u2588\u2588\u2588\u2588\u2588\u2588\u2588\u2588\u2588\u2588\u2588\u2588\u2588\u2588\u2588\u2588\u2588\u2588\u2588\u2588\u2588\u2588\u2588\u2588\u2588\u2588\u2588\u2588\u2588\u2588\u2588\u2588\u2588\u2588\u2588\u2588\u2588\u2588\u2588\u2588      | 70/73 [00:05<00:00, 47.13it/s]", "step": null, "ts": 1718188574.3582528}]}, "version": 60, "at": 1718188574.3584914}
{"obj": {"type": "LogStrings", "path": ["monitoring", "6235e623", "stderr"], "values": [{"value": "", "step": null, "ts": 1718188575.244102}]}, "version": 61, "at": 1718188575.2444875}
{"obj": {"type": "LogStrings", "path": ["monitoring", "6235e623", "stderr"], "values": [{"value": "\r100%|\u2588\u2588\u2588\u2588\u2588\u2588\u2588\u2588\u2588\u2588\u2588\u2588\u2588\u2588\u2588\u2588\u2588\u2588\u2588\u2588\u2588\u2588\u2588\u2588\u2588\u2588\u2588\u2588\u2588\u2588\u2588\u2588\u2588\u2588\u2588\u2588\u2588\u2588\u2588\u2588\u2588\u2588\u2588\u2588\u2588\u2588\u2588\u2588\u2588\u2588\u2588\u2588\u2588\u2588\u2588\u2588\u2588\u2588\u2588\u2588\u2588\u2588\u2588\u2588\u2588\u2588\u2588\u2588\u2588\u2588\u2588\u2588\u2588\u2588\u2588\u2588\u2588\u2588\u2588\u2588\u2588\u2588\u2588\u2588\u2588\u2588\u2588\u2588\u2588\u2588\u2588\u2588\u2588\u2588\u2588\u2588\u2588\u2588\u2588\u2588\u2588\u2588\u2588\u2588\u2588\u2588\u2588\u2588\u2588\u2588\u2588\u2588\u2588\u2588\u2588\u2588\u2588\u2588\u2588\u2588\u2588\u2588\u2588\u2588\u2588\u2588\u2588\u2588\u2588\u2588\u2588\u2588\u2588\u2588\u2588\u2588\u2588\u2588\u2588\u2588\u2588\u2588\u2588\u2588\u2588| 73/73 [00:06<00:00, 11.57it/s]", "step": null, "ts": 1718188575.2457108}]}, "version": 62, "at": 1718188575.245976}
{"obj": {"type": "LogStrings", "path": ["monitoring", "6235e623", "stderr"], "values": [{"value": "\n", "step": null, "ts": 1718188575.2468727}]}, "version": 63, "at": 1718188575.2471113}
{"obj": {"type": "LogStrings", "path": ["monitoring", "6235e623", "stderr"], "values": [{"value": "\r  0%|                                                                                                                                                           | 0/6 [00:00<?, ?it/s]", "step": null, "ts": 1718188575.257894}]}, "version": 64, "at": 1718188575.258196}
